#
# There is insufficient memory for the Java Runtime Environment to continue.
# Native memory allocation (malloc) failed to allocate 65552 bytes for Chunk::new
# Possible reasons:
#   The system is out of physical RAM or swap space
#   The process is running with CompressedOops enabled, and the Java Heap may be blocking the growth of the native heap
# Possible solutions:
#   Reduce memory load on the system
#   Increase physical memory or swap space
#   Check if swap backing store is full
#   Decrease Java heap size (-Xmx/-Xms)
#   Decrease number of Java threads
#   Decrease Java thread stack sizes (-Xss)
#   Set larger code cache with -XX:ReservedCodeCacheSize=
#   JVM is running with Unscaled Compressed Oops mode in which the Java heap is
#     placed in the first 4GB address space. The Java Heap base address is the
#     maximum limit for the native heap growth. Please use -XX:HeapBaseMinAddress
#     to set the Java Heap base and to place the Java Heap above 4GB virtual address.
# This output file may be truncated or incomplete.
#
#  Out of Memory Error (./src/hotspot/share/memory/arena.cpp:197), pid=10264, tid=19116
#
# JRE version: OpenJDK Runtime Environment (11.0.10) (build 11.0.10+0-b96-7249189)
# Java VM: OpenJDK 64-Bit Server VM (11.0.10+0-b96-7249189, mixed mode, tiered, compressed oops, g1 gc, windows-amd64)
# No core dump will be written. Minidumps are not enabled by default on client versions of Windows
#

---------------  S U M M A R Y ------------

Command Line: --add-opens=java.base/java.util=ALL-UNNAMED --add-opens=java.base/java.lang=ALL-UNNAMED --add-opens=java.base/java.lang.invoke=ALL-UNNAMED --add-opens=java.base/java.util=ALL-UNNAMED --add-opens=java.prefs/java.util.prefs=ALL-UNNAMED --add-opens=java.prefs/java.util.prefs=ALL-UNNAMED --add-opens=java.base/java.nio.charset=ALL-UNNAMED --add-opens=java.base/java.net=ALL-UNNAMED --add-opens=java.base/java.util.concurrent.atomic=ALL-UNNAMED -Xmx2048m -Dfile.encoding=UTF-8 -Duser.country=RU -Duser.language=ru -Duser.variant org.gradle.launcher.daemon.bootstrap.GradleDaemon 7.0.2

Host: Intel(R) Core(TM) i5-6200U CPU @ 2.30GHz, 4 cores, 11G,  Windows 10 , 64 bit Build 19041 (10.0.19041.1348)
Time: Thu Dec  9 19:43:26 2021 RTZ 2 (зима) elapsed time: 37.202221 seconds (0d 0h 0m 37s)

---------------  T H R E A D  ---------------

Current thread (0x0000013cd9496000):  JavaThread "C2 CompilerThread0" daemon [_thread_in_native, id=19116, stack(0x0000002784900000,0x0000002784a00000)]


Current CompileTask:
C2:  37202 15903 %     4       com.android.tools.r8.internal.U6::a @ 3180 (4191 bytes)

Stack: [0x0000002784900000,0x0000002784a00000]
Native frames: (J=compiled Java code, j=interpreted, Vv=VM code, C=native code)
V  [jvm.dll+0x5ecfaa]
V  [jvm.dll+0x722bd5]
V  [jvm.dll+0x72412d]
V  [jvm.dll+0x7247e3]
V  [jvm.dll+0x242928]
V  [jvm.dll+0xbc4fc]
V  [jvm.dll+0xbca0c]
V  [jvm.dll+0x4f4e34]
V  [jvm.dll+0x4f74ce]
V  [jvm.dll+0x4f5f2d]
V  [jvm.dll+0x4f566f]
V  [jvm.dll+0x4f5636]
V  [jvm.dll+0x4f5683]
V  [jvm.dll+0x4f5683]
V  [jvm.dll+0x4f5636]
V  [jvm.dll+0x4f5683]
V  [jvm.dll+0x4f5683]
V  [jvm.dll+0x4f5683]
V  [jvm.dll+0x4f5636]
V  [jvm.dll+0x506586]
V  [jvm.dll+0x203253]
V  [jvm.dll+0x1fd07c]
V  [jvm.dll+0x1fa77f]
V  [jvm.dll+0x18354c]
V  [jvm.dll+0x208ee7]
V  [jvm.dll+0x207731]
V  [jvm.dll+0x6eb1cf]
V  [jvm.dll+0x6e3d45]
V  [jvm.dll+0x5ebe96]
C  [ucrtbase.dll+0x21bb2]
C  [KERNEL32.DLL+0x17034]
C  [ntdll.dll+0x52651]


---------------  P R O C E S S  ---------------

Threads class SMR info:
_java_thread_list=0x0000013cdcf67820, length=60, elements={
0x0000013cbf052800, 0x0000013cd9481800, 0x0000013cd948b000, 0x0000013cd8c7c800,
0x0000013cd8c7d800, 0x0000013cd9491800, 0x0000013cd9496000, 0x0000013cd949c800,
0x0000013cd94ea800, 0x0000013cd9647800, 0x0000013cd9649800, 0x0000013cd9645000,
0x0000013cd9648000, 0x0000013cd9649000, 0x0000013cd964a800, 0x0000013cd964b800,
0x0000013cd9645800, 0x0000013cd9646800, 0x0000013cdc64b800, 0x0000013cdc64e000,
0x0000013cdc648000, 0x0000013cdc64e800, 0x0000013cdc649000, 0x0000013cdc64a800,
0x0000013cdc64f800, 0x0000013cdc64a000, 0x0000013cdc651000, 0x0000013cdc650800,
0x0000013cdc652000, 0x0000013cdc64c800, 0x0000013cdc64d000, 0x0000013cdc656000,
0x0000013cdc655000, 0x0000013cdf0c8000, 0x0000013cdf0cd000, 0x0000013cdf0c9800,
0x0000013cdf0ca800, 0x0000013cdf0cb800, 0x0000013cdf0cc000, 0x0000013cdf0c7000,
0x0000013cdf0ce000, 0x0000013cdf0ce800, 0x0000013cdf0d2000, 0x0000013cdf0d0000,
0x0000013cdf0d4800, 0x0000013cdf0cf800, 0x0000013cdf0d6000, 0x0000013cdf0d1000,
0x0000013cdef2b000, 0x0000013cdef28800, 0x0000013cdef27000, 0x0000013cdef2b800,
0x0000013cdef2d800, 0x0000013cdef29800, 0x0000013cdef27800, 0x0000013cdef2e000,
0x0000013cdef32000, 0x0000013cdef2c800, 0x0000013cdef33000, 0x0000013cdef2f000
}

Java Threads: ( => current thread )
  0x0000013cbf052800 JavaThread "main" [_thread_blocked, id=3424, stack(0x0000002783d00000,0x0000002783e00000)]
  0x0000013cd9481800 JavaThread "Reference Handler" daemon [_thread_blocked, id=11140, stack(0x0000002784400000,0x0000002784500000)]
  0x0000013cd948b000 JavaThread "Finalizer" daemon [_thread_blocked, id=11956, stack(0x0000002784500000,0x0000002784600000)]
  0x0000013cd8c7c800 JavaThread "Signal Dispatcher" daemon [_thread_blocked, id=16228, stack(0x0000002784600000,0x0000002784700000)]
  0x0000013cd8c7d800 JavaThread "Attach Listener" daemon [_thread_blocked, id=3188, stack(0x0000002784700000,0x0000002784800000)]
  0x0000013cd9491800 JavaThread "Service Thread" daemon [_thread_blocked, id=13544, stack(0x0000002784800000,0x0000002784900000)]
=>0x0000013cd9496000 JavaThread "C2 CompilerThread0" daemon [_thread_in_native, id=19116, stack(0x0000002784900000,0x0000002784a00000)]
  0x0000013cd949c800 JavaThread "C1 CompilerThread0" daemon [_thread_in_native, id=13392, stack(0x0000002784a00000,0x0000002784b00000)]
  0x0000013cd94ea800 JavaThread "Sweeper thread" daemon [_thread_blocked, id=18216, stack(0x0000002784b00000,0x0000002784c00000)]
  0x0000013cd9647800 JavaThread "Common-Cleaner" daemon [_thread_blocked, id=1984, stack(0x0000002784c00000,0x0000002784d00000)]
  0x0000013cd9649800 JavaThread "Daemon health stats" [_thread_blocked, id=7428, stack(0x0000002785200000,0x0000002785300000)]
  0x0000013cd9645000 JavaThread "Incoming local TCP Connector on port 54724" [_thread_in_native, id=5780, stack(0x0000002784e00000,0x0000002784f00000)]
  0x0000013cd9648000 JavaThread "Daemon periodic checks" [_thread_blocked, id=17888, stack(0x0000002785300000,0x0000002785400000)]
  0x0000013cd9649000 JavaThread "Daemon" [_thread_blocked, id=19408, stack(0x0000002785400000,0x0000002785500000)]
  0x0000013cd964a800 JavaThread "Handler for socket connection from /127.0.0.1:54724 to /127.0.0.1:54725" [_thread_in_native, id=10272, stack(0x0000002785500000,0x0000002785600000)]
  0x0000013cd964b800 JavaThread "Cancel handler" [_thread_blocked, id=11260, stack(0x0000002785700000,0x0000002785800000)]
  0x0000013cd9645800 JavaThread "Daemon worker" [_thread_blocked, id=9088, stack(0x0000002785800000,0x0000002785900000)]
  0x0000013cd9646800 JavaThread "Asynchronous log dispatcher for DefaultDaemonConnection: socket connection from /127.0.0.1:54724 to /127.0.0.1:54725" [_thread_blocked, id=364, stack(0x0000002785900000,0x0000002785a00000)]
  0x0000013cdc64b800 JavaThread "Stdin handler" [_thread_blocked, id=16588, stack(0x0000002785a00000,0x0000002785b00000)]
  0x0000013cdc64e000 JavaThread "Daemon client event forwarder" [_thread_blocked, id=9804, stack(0x0000002785b00000,0x0000002785c00000)]
  0x0000013cdc648000 JavaThread "Cache worker for file hash cache (C:\Users\tukta\Documents\GitHub\material-components-android-examples\MaterialThemeBuilder\.gradle\caches\7.0.2\fileHashes)" [_thread_blocked, id=7124, stack(0x0000002785c00000,0x0000002785d00000)]
  0x0000013cdc64e800 JavaThread "File lock request listener" [_thread_in_native, id=14460, stack(0x0000002785d00000,0x0000002785e00000)]
  0x0000013cdc649000 JavaThread "Cache worker for journal cache (C:\Users\tukta\Documents\GitHub\material-components-android-examples\MaterialThemeBuilder\.gradle\caches\journal-1)" [_thread_blocked, id=14728, stack(0x0000002785e00000,0x0000002785f00000)]
  0x0000013cdc64a800 JavaThread "Cache worker for file hash cache (C:\Users\tukta\AndroidStudioProjects\FocusTasks\.gradle\7.0.2\fileHashes)" [_thread_blocked, id=16096, stack(0x0000002785f00000,0x0000002786000000)]
  0x0000013cdc64f800 JavaThread "File watcher server" daemon [_thread_in_native, id=8148, stack(0x0000002786000000,0x0000002786100000)]
  0x0000013cdc64a000 JavaThread "File watcher consumer" daemon [_thread_blocked, id=10296, stack(0x0000002786100000,0x0000002786200000)]
  0x0000013cdc651000 JavaThread "Cache worker for checksums cache (C:\Users\tukta\AndroidStudioProjects\FocusTasks\.gradle\checksums)" [_thread_blocked, id=15544, stack(0x0000002786200000,0x0000002786300000)]
  0x0000013cdc650800 JavaThread "Cache worker for cache directory md-supplier (C:\Users\tukta\Documents\GitHub\material-components-android-examples\MaterialThemeBuilder\.gradle\caches\7.0.2\md-supplier)" [_thread_blocked, id=15916, stack(0x0000002786300000,0x0000002786400000)]
  0x0000013cdc652000 JavaThread "Cache worker for cache directory md-rule (C:\Users\tukta\Documents\GitHub\material-components-android-examples\MaterialThemeBuilder\.gradle\caches\7.0.2\md-rule)" [_thread_blocked, id=8228, stack(0x0000002786400000,0x0000002786500000)]
  0x0000013cdc64c800 JavaThread "Cache worker for execution history cache (C:\Users\tukta\Documents\GitHub\material-components-android-examples\MaterialThemeBuilder\.gradle\caches\7.0.2\executionHistory)" [_thread_blocked, id=5956, stack(0x0000002786500000,0x0000002786600000)]
  0x0000013cdc64d000 JavaThread "jar transforms" [_thread_blocked, id=15196, stack(0x0000002786600000,0x0000002786700000)]
  0x0000013cdc656000 JavaThread "jar transforms Thread 2" [_thread_blocked, id=8264, stack(0x0000002786700000,0x0000002786800000)]
  0x0000013cdc655000 JavaThread "Cache worker for file content cache (C:\Users\tukta\Documents\GitHub\material-components-android-examples\MaterialThemeBuilder\.gradle\caches\7.0.2\fileContent)" [_thread_blocked, id=16716, stack(0x0000002786800000,0x0000002786900000)]
  0x0000013cdf0c8000 JavaThread "Cache worker for dependencies-accessors (C:\Users\tukta\AndroidStudioProjects\FocusTasks\.gradle\7.0.2\dependencies-accessors)" [_thread_blocked, id=7600, stack(0x0000002786900000,0x0000002786a00000)]
  0x0000013cdf0cd000 JavaThread "jar transforms Thread 3" [_thread_blocked, id=15656, stack(0x0000002786a00000,0x0000002786b00000)]
  0x0000013cdf0c9800 JavaThread "Cache worker for Build Output Cleanup Cache (C:\Users\tukta\AndroidStudioProjects\FocusTasks\.gradle\buildOutputCleanup)" [_thread_blocked, id=15660, stack(0x0000002786b00000,0x0000002786c00000)]
  0x0000013cdf0ca800 JavaThread "Build operations" [_thread_blocked, id=11524, stack(0x0000002786c00000,0x0000002786d00000)]
  0x0000013cdf0cb800 JavaThread "Build operations Thread 2" [_thread_blocked, id=9948, stack(0x0000002786d00000,0x0000002786e00000)]
  0x0000013cdf0cc000 JavaThread "Build operations Thread 3" [_thread_blocked, id=13420, stack(0x0000002786e00000,0x0000002786f00000)]
  0x0000013cdf0c7000 JavaThread "Build operations Thread 4" [_thread_blocked, id=6032, stack(0x0000002786f00000,0x0000002787000000)]
  0x0000013cdf0ce000 JavaThread "jar transforms Thread 4" [_thread_blocked, id=15432, stack(0x0000002787000000,0x0000002787100000)]
  0x0000013cdf0ce800 JavaThread "Memory manager" [_thread_blocked, id=2224, stack(0x0000002787200000,0x0000002787300000)]
  0x0000013cdf0d2000 JavaThread "build event listener" [_thread_blocked, id=17088, stack(0x0000002787300000,0x0000002787400000)]
  0x0000013cdf0d0000 JavaThread "Execution worker for ':'" [_thread_blocked, id=6016, stack(0x0000002787400000,0x0000002787500000)]
  0x0000013cdf0d4800 JavaThread "Execution worker for ':' Thread 2" [_thread_blocked, id=16440, stack(0x0000002787500000,0x0000002787600000)]
  0x0000013cdf0cf800 JavaThread "Execution worker for ':' Thread 3" [_thread_blocked, id=17712, stack(0x0000002787600000,0x0000002787700000)]
  0x0000013cdf0d6000 JavaThread "Cache worker for execution history cache (C:\Users\tukta\AndroidStudioProjects\FocusTasks\.gradle\7.0.2\executionHistory)" [_thread_blocked, id=3712, stack(0x0000002787700000,0x0000002787800000)]
  0x0000013cdf0d1000 JavaThread "RMI Scheduler(0)" daemon [_thread_blocked, id=16124, stack(0x0000002787800000,0x0000002787900000)]
  0x0000013cdef2b000 JavaThread "RMI GC Daemon" daemon [_thread_blocked, id=7540, stack(0x0000002787a00000,0x0000002787b00000)]
  0x0000013cdef28800 JavaThread "RMI TCP Accept-0" daemon [_thread_in_native, id=18188, stack(0x0000002787b00000,0x0000002787c00000)]
  0x0000013cdef27000 JavaThread "RMI Reaper" [_thread_blocked, id=13768, stack(0x0000002787c00000,0x0000002787d00000)]
  0x0000013cdef2b800 JavaThread "RMI TCP Connection(1)-127.0.0.1" daemon [_thread_in_native, id=18632, stack(0x0000002787d00000,0x0000002787e00000)]
  0x0000013cdef2d800 JavaThread "Cache worker for Java compile cache (C:\Users\tukta\Documents\GitHub\material-components-android-examples\MaterialThemeBuilder\.gradle\caches\7.0.2\javaCompile)" [_thread_blocked, id=18384, stack(0x0000002787900000,0x0000002787a00000)]
  0x0000013cdef29800 JavaThread "Cache worker for Java compile cache (C:\Users\tukta\AndroidStudioProjects\FocusTasks\.gradle\7.0.2\javaCompile)" [_thread_blocked, id=15716, stack(0x0000002787e00000,0x0000002787f00000)]
  0x0000013cdef27800 JavaThread "WorkerExecutor Queue" [_thread_blocked, id=17172, stack(0x0000002787f00000,0x0000002788000000)]
  0x0000013cdef2e000 JavaThread "WorkerExecutor Queue Thread 2" [_thread_in_vm, id=11316, stack(0x0000002785600000,0x0000002785700000)]
  0x0000013cdef32000 JavaThread "WorkerExecutor Queue Thread 3" [_thread_in_vm, id=11900, stack(0x0000002788200000,0x0000002788300000)]
  0x0000013cdef2c800 JavaThread "WorkerExecutor Queue Thread 4" [_thread_blocked, id=14500, stack(0x0000002788300000,0x0000002788400000)]
  0x0000013cdef33000 JavaThread "WorkerExecutor Queue Thread 5" [_thread_blocked, id=1208, stack(0x0000002788400000,0x0000002788500000)]
  0x0000013cdef2f000 JavaThread "C2 CompilerThread1" daemon [_thread_in_native, id=15472, stack(0x0000002788500000,0x0000002788600000)]

Other Threads:
  0x0000013cd8c63800 VMThread "VM Thread" [stack: 0x0000002784300000,0x0000002784400000] [id=13820]
  0x0000013cd9662000 WatcherThread [stack: 0x0000002784d00000,0x0000002784e00000] [id=1588]
  0x0000013cbf06b000 GCTaskThread "GC Thread#0" [stack: 0x0000002783e00000,0x0000002783f00000] [id=2124]
  0x0000013cd9e69800 GCTaskThread "GC Thread#1" [stack: 0x0000002784f00000,0x0000002785000000] [id=15060]
  0x0000013cd9c38000 GCTaskThread "GC Thread#2" [stack: 0x0000002785000000,0x0000002785100000] [id=14280]
  0x0000013cda169800 GCTaskThread "GC Thread#3" [stack: 0x0000002785100000,0x0000002785200000] [id=13580]
  0x0000013cbf09f800 ConcurrentGCThread "G1 Main Marker" [stack: 0x0000002783f00000,0x0000002784000000] [id=10444]
  0x0000013cbf0a1000 ConcurrentGCThread "G1 Conc#0" [stack: 0x0000002784000000,0x0000002784100000] [id=15608]
  0x0000013cd8ab6800 ConcurrentGCThread "G1 Refine#0" [stack: 0x0000002784100000,0x0000002784200000] [id=1332]
  0x0000013cdca0e000 ConcurrentGCThread "G1 Refine#1" [stack: 0x0000002787100000,0x0000002787200000] [id=14160]
  0x0000013cd8ab7800 ConcurrentGCThread "G1 Young RemSet Sampling" [stack: 0x0000002784200000,0x0000002784300000] [id=5548]

Threads with active compile tasks:
C2 CompilerThread0  37329 15903 %     4       com.android.tools.r8.internal.U6::a @ 3180 (4191 bytes)
C1 CompilerThread0  37329 15939       3       com.android.tools.r8.graph.G0::a (2521 bytes)
C2 CompilerThread1  37329 15533   !   4       java.io.ObjectOutputStream::writeObject0 (619 bytes)

VM state:not at safepoint (normal execution)

VM Mutex/Monitor currently owned by a thread: None

Heap address: 0x0000000080000000, size: 2048 MB, Compressed Oops mode: 32-bit
Narrow klass base: 0x0000000000000000, Narrow klass shift: 3
Compressed class space size: 1073741824 Address: 0x0000000100000000

Heap:
 garbage-first heap   total 284672K, used 188107K [0x0000000080000000, 0x0000000100000000)
  region size 1024K, 60 young (61440K), 4 survivors (4096K)
 Metaspace       used 121508K, capacity 124852K, committed 125000K, reserved 1157120K
  class space    used 15469K, capacity 16673K, committed 16792K, reserved 1048576K
Heap Regions: E=young(eden), S=young(survivor), O=old, HS=humongous(starts), HC=humongous(continues), CS=collection set, F=free, A=archive, TAMS=top-at-mark-start (previous, next)
|   0|0x0000000080000000, 0x0000000080100000, 0x0000000080100000|100%|HS|  |TAMS 0x0000000080100000, 0x0000000080000000| Complete 
|   1|0x0000000080100000, 0x0000000080200000, 0x0000000080200000|100%|HC|  |TAMS 0x0000000080200000, 0x0000000080100000| Complete 
|   2|0x0000000080200000, 0x0000000080300000, 0x0000000080300000|100%|HC|  |TAMS 0x0000000080300000, 0x0000000080200000| Complete 
|   3|0x0000000080300000, 0x0000000080400000, 0x0000000080400000|100%| O|  |TAMS 0x0000000080400000, 0x0000000080300000| Untracked 
|   4|0x0000000080400000, 0x0000000080500000, 0x0000000080500000|100%| O|  |TAMS 0x0000000080500000, 0x0000000080400000| Untracked 
|   5|0x0000000080500000, 0x0000000080600000, 0x0000000080600000|100%| O|  |TAMS 0x0000000080600000, 0x0000000080500000| Untracked 
|   6|0x0000000080600000, 0x0000000080700000, 0x0000000080700000|100%| O|  |TAMS 0x0000000080700000, 0x0000000080600000| Untracked 
|   7|0x0000000080700000, 0x0000000080800000, 0x0000000080800000|100%| O|  |TAMS 0x0000000080800000, 0x0000000080700000| Untracked 
|   8|0x0000000080800000, 0x0000000080900000, 0x0000000080900000|100%| O|  |TAMS 0x0000000080900000, 0x0000000080800000| Untracked 
|   9|0x0000000080900000, 0x0000000080a00000, 0x0000000080a00000|100%| O|  |TAMS 0x0000000080a00000, 0x0000000080900000| Untracked 
|  10|0x0000000080a00000, 0x0000000080b00000, 0x0000000080b00000|100%| O|  |TAMS 0x0000000080b00000, 0x0000000080a00000| Untracked 
|  11|0x0000000080b00000, 0x0000000080c00000, 0x0000000080c00000|100%| O|  |TAMS 0x0000000080c00000, 0x0000000080b00000| Untracked 
|  12|0x0000000080c00000, 0x0000000080d00000, 0x0000000080d00000|100%| O|  |TAMS 0x0000000080d00000, 0x0000000080c00000| Untracked 
|  13|0x0000000080d00000, 0x0000000080e00000, 0x0000000080e00000|100%| O|  |TAMS 0x0000000080e00000, 0x0000000080d00000| Untracked 
|  14|0x0000000080e00000, 0x0000000080f00000, 0x0000000080f00000|100%| O|  |TAMS 0x0000000080f00000, 0x0000000080e00000| Untracked 
|  15|0x0000000080f00000, 0x0000000081000000, 0x0000000081000000|100%|HS|  |TAMS 0x0000000081000000, 0x0000000080f00000| Complete 
|  16|0x0000000081000000, 0x0000000081100000, 0x0000000081100000|100%|HS|  |TAMS 0x0000000081100000, 0x0000000081000000| Complete 
|  17|0x0000000081100000, 0x0000000081200000, 0x0000000081200000|100%|HS|  |TAMS 0x0000000081200000, 0x0000000081100000| Complete 
|  18|0x0000000081200000, 0x0000000081300000, 0x0000000081300000|100%| O|  |TAMS 0x0000000081300000, 0x0000000081200000| Untracked 
|  19|0x0000000081300000, 0x0000000081400000, 0x0000000081400000|100%| O|  |TAMS 0x0000000081400000, 0x0000000081300000| Untracked 
|  20|0x0000000081400000, 0x0000000081500000, 0x0000000081500000|100%| O|  |TAMS 0x0000000081500000, 0x0000000081400000| Untracked 
|  21|0x0000000081500000, 0x0000000081600000, 0x0000000081600000|100%|HS|  |TAMS 0x0000000081600000, 0x0000000081500000| Complete 
|  22|0x0000000081600000, 0x0000000081700000, 0x0000000081700000|100%|HC|  |TAMS 0x0000000081700000, 0x0000000081600000| Complete 
|  23|0x0000000081700000, 0x0000000081800000, 0x0000000081800000|100%|HC|  |TAMS 0x0000000081800000, 0x0000000081700000| Complete 
|  24|0x0000000081800000, 0x0000000081900000, 0x0000000081900000|100%|HS|  |TAMS 0x0000000081900000, 0x0000000081800000| Complete 
|  25|0x0000000081900000, 0x0000000081a00000, 0x0000000081a00000|100%|HC|  |TAMS 0x0000000081a00000, 0x0000000081900000| Complete 
|  26|0x0000000081a00000, 0x0000000081b00000, 0x0000000081b00000|100%| O|  |TAMS 0x0000000081b00000, 0x0000000081a00000| Untracked 
|  27|0x0000000081b00000, 0x0000000081c00000, 0x0000000081c00000|100%| O|  |TAMS 0x0000000081c00000, 0x0000000081b00000| Untracked 
|  28|0x0000000081c00000, 0x0000000081d00000, 0x0000000081d00000|100%| O|  |TAMS 0x0000000081d00000, 0x0000000081c00000| Untracked 
|  29|0x0000000081d00000, 0x0000000081e00000, 0x0000000081e00000|100%| O|  |TAMS 0x0000000081e00000, 0x0000000081d00000| Untracked 
|  30|0x0000000081e00000, 0x0000000081f00000, 0x0000000081f00000|100%| O|  |TAMS 0x0000000081f00000, 0x0000000081e00000| Untracked 
|  31|0x0000000081f00000, 0x0000000082000000, 0x0000000082000000|100%| O|  |TAMS 0x0000000082000000, 0x0000000081f00000| Untracked 
|  32|0x0000000082000000, 0x0000000082100000, 0x0000000082100000|100%| O|  |TAMS 0x0000000082100000, 0x0000000082000000| Untracked 
|  33|0x0000000082100000, 0x0000000082200000, 0x0000000082200000|100%| O|  |TAMS 0x0000000082200000, 0x0000000082100000| Untracked 
|  34|0x0000000082200000, 0x0000000082300000, 0x0000000082300000|100%| O|  |TAMS 0x0000000082300000, 0x0000000082200000| Untracked 
|  35|0x0000000082300000, 0x0000000082400000, 0x0000000082400000|100%| O|  |TAMS 0x0000000082400000, 0x0000000082300000| Untracked 
|  36|0x0000000082400000, 0x0000000082500000, 0x0000000082500000|100%| O|  |TAMS 0x0000000082500000, 0x0000000082400000| Untracked 
|  37|0x0000000082500000, 0x0000000082600000, 0x0000000082600000|100%| O|  |TAMS 0x0000000082600000, 0x0000000082500000| Untracked 
|  38|0x0000000082600000, 0x0000000082700000, 0x0000000082700000|100%| O|  |TAMS 0x0000000082700000, 0x0000000082600000| Untracked 
|  39|0x0000000082700000, 0x0000000082800000, 0x0000000082800000|100%| O|  |TAMS 0x0000000082800000, 0x0000000082700000| Untracked 
|  40|0x0000000082800000, 0x0000000082900000, 0x0000000082900000|100%| O|  |TAMS 0x0000000082900000, 0x0000000082800000| Untracked 
|  41|0x0000000082900000, 0x0000000082a00000, 0x0000000082a00000|100%| O|  |TAMS 0x0000000082a00000, 0x0000000082900000| Untracked 
|  42|0x0000000082a00000, 0x0000000082b00000, 0x0000000082b00000|100%| O|  |TAMS 0x0000000082b00000, 0x0000000082a00000| Untracked 
|  43|0x0000000082b00000, 0x0000000082c00000, 0x0000000082c00000|100%| O|  |TAMS 0x0000000082c00000, 0x0000000082b00000| Untracked 
|  44|0x0000000082c00000, 0x0000000082d00000, 0x0000000082d00000|100%| O|  |TAMS 0x0000000082d00000, 0x0000000082c00000| Untracked 
|  45|0x0000000082d00000, 0x0000000082e00000, 0x0000000082e00000|100%| O|  |TAMS 0x0000000082e00000, 0x0000000082d00000| Untracked 
|  46|0x0000000082e00000, 0x0000000082f00000, 0x0000000082f00000|100%| O|  |TAMS 0x0000000082f00000, 0x0000000082e00000| Untracked 
|  47|0x0000000082f00000, 0x0000000083000000, 0x0000000083000000|100%| O|  |TAMS 0x0000000083000000, 0x0000000082f00000| Untracked 
|  48|0x0000000083000000, 0x0000000083100000, 0x0000000083100000|100%| O|  |TAMS 0x0000000083100000, 0x0000000083000000| Untracked 
|  49|0x0000000083100000, 0x0000000083200000, 0x0000000083200000|100%| O|  |TAMS 0x0000000083200000, 0x0000000083100000| Untracked 
|  50|0x0000000083200000, 0x0000000083300000, 0x0000000083300000|100%| O|  |TAMS 0x0000000083300000, 0x0000000083200000| Untracked 
|  51|0x0000000083300000, 0x0000000083400000, 0x0000000083400000|100%| O|  |TAMS 0x0000000083400000, 0x0000000083300000| Untracked 
|  52|0x0000000083400000, 0x0000000083500000, 0x0000000083500000|100%| O|  |TAMS 0x0000000083500000, 0x0000000083400000| Untracked 
|  53|0x0000000083500000, 0x0000000083600000, 0x0000000083600000|100%| O|  |TAMS 0x0000000083600000, 0x0000000083500000| Untracked 
|  54|0x0000000083600000, 0x0000000083700000, 0x0000000083700000|100%| O|  |TAMS 0x0000000083700000, 0x0000000083600000| Untracked 
|  55|0x0000000083700000, 0x0000000083800000, 0x0000000083800000|100%| O|  |TAMS 0x0000000083800000, 0x0000000083700000| Untracked 
|  56|0x0000000083800000, 0x0000000083900000, 0x0000000083900000|100%| O|  |TAMS 0x0000000083900000, 0x0000000083800000| Untracked 
|  57|0x0000000083900000, 0x0000000083a00000, 0x0000000083a00000|100%| O|  |TAMS 0x0000000083a00000, 0x0000000083900000| Untracked 
|  58|0x0000000083a00000, 0x0000000083b00000, 0x0000000083b00000|100%| O|  |TAMS 0x0000000083b00000, 0x0000000083a00000| Untracked 
|  59|0x0000000083b00000, 0x0000000083c00000, 0x0000000083c00000|100%| O|  |TAMS 0x0000000083c00000, 0x0000000083b00000| Untracked 
|  60|0x0000000083c00000, 0x0000000083d00000, 0x0000000083d00000|100%| O|  |TAMS 0x0000000083d00000, 0x0000000083c00000| Untracked 
|  61|0x0000000083d00000, 0x0000000083e00000, 0x0000000083e00000|100%| O|  |TAMS 0x0000000083e00000, 0x0000000083d00000| Untracked 
|  62|0x0000000083e00000, 0x0000000083f00000, 0x0000000083f00000|100%| O|  |TAMS 0x0000000083f00000, 0x0000000083e00000| Untracked 
|  63|0x0000000083f00000, 0x0000000084000000, 0x0000000084000000|100%| O|  |TAMS 0x0000000084000000, 0x0000000083f00000| Untracked 
|  64|0x0000000084000000, 0x0000000084100000, 0x0000000084100000|100%| O|  |TAMS 0x0000000084100000, 0x0000000084000000| Untracked 
|  65|0x0000000084100000, 0x0000000084200000, 0x0000000084200000|100%| O|  |TAMS 0x0000000084200000, 0x0000000084100000| Untracked 
|  66|0x0000000084200000, 0x0000000084300000, 0x0000000084300000|100%| O|  |TAMS 0x0000000084300000, 0x0000000084200000| Untracked 
|  67|0x0000000084300000, 0x0000000084400000, 0x0000000084400000|100%| O|  |TAMS 0x0000000084400000, 0x0000000084300000| Untracked 
|  68|0x0000000084400000, 0x0000000084500000, 0x0000000084500000|100%| O|  |TAMS 0x0000000084500000, 0x0000000084400000| Untracked 
|  69|0x0000000084500000, 0x0000000084600000, 0x0000000084600000|100%| O|  |TAMS 0x0000000084600000, 0x0000000084500000| Untracked 
|  70|0x0000000084600000, 0x0000000084700000, 0x0000000084700000|100%| O|  |TAMS 0x0000000084700000, 0x0000000084600000| Untracked 
|  71|0x0000000084700000, 0x0000000084800000, 0x0000000084800000|100%| O|  |TAMS 0x0000000084800000, 0x0000000084700000| Untracked 
|  72|0x0000000084800000, 0x0000000084900000, 0x0000000084900000|100%| O|  |TAMS 0x0000000084900000, 0x0000000084800000| Untracked 
|  73|0x0000000084900000, 0x0000000084a00000, 0x0000000084a00000|100%| O|  |TAMS 0x0000000084a00000, 0x0000000084900000| Untracked 
|  74|0x0000000084a00000, 0x0000000084b00000, 0x0000000084b00000|100%| O|  |TAMS 0x0000000084b00000, 0x0000000084a00000| Untracked 
|  75|0x0000000084b00000, 0x0000000084c00000, 0x0000000084c00000|100%| O|  |TAMS 0x0000000084c00000, 0x0000000084b00000| Untracked 
|  76|0x0000000084c00000, 0x0000000084d00000, 0x0000000084d00000|100%| O|  |TAMS 0x0000000084d00000, 0x0000000084c00000| Untracked 
|  77|0x0000000084d00000, 0x0000000084e00000, 0x0000000084e00000|100%| O|  |TAMS 0x0000000084e00000, 0x0000000084d00000| Untracked 
|  78|0x0000000084e00000, 0x0000000084f00000, 0x0000000084f00000|100%| O|  |TAMS 0x0000000084f00000, 0x0000000084e00000| Untracked 
|  79|0x0000000084f00000, 0x0000000085000000, 0x0000000085000000|100%| O|  |TAMS 0x0000000085000000, 0x0000000084f00000| Untracked 
|  80|0x0000000085000000, 0x0000000085100000, 0x0000000085100000|100%| O|  |TAMS 0x0000000085100000, 0x0000000085000000| Untracked 
|  81|0x0000000085100000, 0x0000000085200000, 0x0000000085200000|100%| O|  |TAMS 0x0000000085200000, 0x0000000085100000| Untracked 
|  82|0x0000000085200000, 0x0000000085300000, 0x0000000085300000|100%| O|  |TAMS 0x0000000085300000, 0x0000000085200000| Untracked 
|  83|0x0000000085300000, 0x0000000085400000, 0x0000000085400000|100%| O|  |TAMS 0x0000000085400000, 0x0000000085300000| Untracked 
|  84|0x0000000085400000, 0x0000000085500000, 0x0000000085500000|100%| O|  |TAMS 0x0000000085500000, 0x0000000085400000| Untracked 
|  85|0x0000000085500000, 0x0000000085600000, 0x0000000085600000|100%| O|  |TAMS 0x0000000085600000, 0x0000000085500000| Untracked 
|  86|0x0000000085600000, 0x0000000085700000, 0x0000000085700000|100%| O|  |TAMS 0x0000000085700000, 0x0000000085600000| Untracked 
|  87|0x0000000085700000, 0x0000000085800000, 0x0000000085800000|100%| O|  |TAMS 0x0000000085700000, 0x0000000085700000| Untracked 
|  88|0x0000000085800000, 0x0000000085900000, 0x0000000085900000|100%|HS|  |TAMS 0x0000000085900000, 0x0000000085800000| Complete 
|  89|0x0000000085900000, 0x0000000085a00000, 0x0000000085a00000|100%|HC|  |TAMS 0x0000000085a00000, 0x0000000085900000| Complete 
|  90|0x0000000085a00000, 0x0000000085b00000, 0x0000000085b00000|100%| O|  |TAMS 0x0000000085b00000, 0x0000000085a00000| Untracked 
|  91|0x0000000085b00000, 0x0000000085c00000, 0x0000000085c00000|100%| O|  |TAMS 0x0000000085c00000, 0x0000000085b00000| Untracked 
|  92|0x0000000085c00000, 0x0000000085d00000, 0x0000000085d00000|100%| O|  |TAMS 0x0000000085d00000, 0x0000000085c00000| Untracked 
|  93|0x0000000085d00000, 0x0000000085e00000, 0x0000000085e00000|100%| O|  |TAMS 0x0000000085d00000, 0x0000000085d00000| Untracked 
|  94|0x0000000085e00000, 0x0000000085f00000, 0x0000000085f00000|100%| O|  |TAMS 0x0000000085e00000, 0x0000000085e00000| Untracked 
|  95|0x0000000085f00000, 0x0000000086000000, 0x0000000086000000|100%| O|  |TAMS 0x0000000085f00000, 0x0000000085f00000| Untracked 
|  96|0x0000000086000000, 0x0000000086100000, 0x0000000086100000|100%| O|  |TAMS 0x0000000086000000, 0x0000000086000000| Untracked 
|  97|0x0000000086100000, 0x0000000086200000, 0x0000000086200000|100%| O|  |TAMS 0x0000000086100000, 0x0000000086100000| Untracked 
|  98|0x0000000086200000, 0x0000000086300000, 0x0000000086300000|100%| O|  |TAMS 0x0000000086200000, 0x0000000086200000| Untracked 
|  99|0x0000000086300000, 0x0000000086400000, 0x0000000086400000|100%| O|  |TAMS 0x0000000086300000, 0x0000000086300000| Untracked 
| 100|0x0000000086400000, 0x0000000086500000, 0x0000000086500000|100%| O|  |TAMS 0x0000000086400000, 0x0000000086400000| Untracked 
| 101|0x0000000086500000, 0x0000000086600000, 0x0000000086600000|100%| O|  |TAMS 0x0000000086500000, 0x0000000086500000| Untracked 
| 102|0x0000000086600000, 0x0000000086700000, 0x0000000086700000|100%| O|  |TAMS 0x0000000086600000, 0x0000000086600000| Untracked 
| 103|0x0000000086700000, 0x0000000086800000, 0x0000000086800000|100%| O|  |TAMS 0x0000000086700000, 0x0000000086700000| Untracked 
| 104|0x0000000086800000, 0x0000000086900000, 0x0000000086900000|100%|HS|  |TAMS 0x0000000086800000, 0x0000000086800000| Complete 
| 105|0x0000000086900000, 0x0000000086a00000, 0x0000000086a00000|100%|HC|  |TAMS 0x0000000086900000, 0x0000000086900000| Complete 
| 106|0x0000000086a00000, 0x0000000086b00000, 0x0000000086b00000|100%| O|  |TAMS 0x0000000086a00000, 0x0000000086a00000| Untracked 
| 107|0x0000000086b00000, 0x0000000086b70600, 0x0000000086c00000| 43%| O|  |TAMS 0x0000000086b00000, 0x0000000086b00000| Untracked 
| 108|0x0000000086c00000, 0x0000000086d00000, 0x0000000086d00000|100%| O|  |TAMS 0x0000000086c00000, 0x0000000086c00000| Untracked 
| 109|0x0000000086d00000, 0x0000000086e00000, 0x0000000086e00000|100%| O|  |TAMS 0x0000000086d00000, 0x0000000086d00000| Untracked 
| 110|0x0000000086e00000, 0x0000000086f00000, 0x0000000086f00000|100%| O|  |TAMS 0x0000000086e00000, 0x0000000086e00000| Untracked 
| 111|0x0000000086f00000, 0x0000000087000000, 0x0000000087000000|100%| O|  |TAMS 0x0000000086f00000, 0x0000000086f00000| Untracked 
| 112|0x0000000087000000, 0x0000000087000000, 0x0000000087100000|  0%| F|  |TAMS 0x0000000087000000, 0x0000000087000000| Untracked 
| 113|0x0000000087100000, 0x0000000087100000, 0x0000000087200000|  0%| F|  |TAMS 0x0000000087100000, 0x0000000087100000| Untracked 
| 114|0x0000000087200000, 0x0000000087200000, 0x0000000087300000|  0%| F|  |TAMS 0x0000000087200000, 0x0000000087200000| Untracked 
| 115|0x0000000087300000, 0x0000000087300000, 0x0000000087400000|  0%| F|  |TAMS 0x0000000087300000, 0x0000000087300000| Untracked 
| 116|0x0000000087400000, 0x0000000087400000, 0x0000000087500000|  0%| F|  |TAMS 0x0000000087400000, 0x0000000087400000| Untracked 
| 117|0x0000000087500000, 0x0000000087500000, 0x0000000087600000|  0%| F|  |TAMS 0x0000000087500000, 0x0000000087500000| Untracked 
| 118|0x0000000087600000, 0x0000000087700000, 0x0000000087700000|100%| O|  |TAMS 0x0000000087700000, 0x0000000087600000| Untracked 
| 119|0x0000000087700000, 0x0000000087800000, 0x0000000087800000|100%| O|  |TAMS 0x0000000087800000, 0x0000000087700000| Untracked 
| 120|0x0000000087800000, 0x0000000087900000, 0x0000000087900000|100%| O|  |TAMS 0x0000000087900000, 0x0000000087800000| Untracked 
| 121|0x0000000087900000, 0x0000000087a00000, 0x0000000087a00000|100%| O|  |TAMS 0x0000000087a00000, 0x0000000087900000| Untracked 
| 122|0x0000000087a00000, 0x0000000087b00000, 0x0000000087b00000|100%| O|  |TAMS 0x0000000087b00000, 0x0000000087a00000| Untracked 
| 123|0x0000000087b00000, 0x0000000087c00000, 0x0000000087c00000|100%| O|  |TAMS 0x0000000087c00000, 0x0000000087b00000| Untracked 
| 124|0x0000000087c00000, 0x0000000087c00000, 0x0000000087d00000|  0%| F|  |TAMS 0x0000000087c00000, 0x0000000087c00000| Untracked 
| 125|0x0000000087d00000, 0x0000000087e00000, 0x0000000087e00000|100%| O|  |TAMS 0x0000000087e00000, 0x0000000087d00000| Untracked 
| 126|0x0000000087e00000, 0x0000000087f00000, 0x0000000087f00000|100%| O|  |TAMS 0x0000000087f00000, 0x0000000087e00000| Untracked 
| 127|0x0000000087f00000, 0x0000000088000000, 0x0000000088000000|100%| O|  |TAMS 0x0000000088000000, 0x0000000087f00000| Untracked 
| 128|0x0000000088000000, 0x0000000088100000, 0x0000000088100000|100%| O|  |TAMS 0x0000000088100000, 0x0000000088000000| Untracked 
| 129|0x0000000088100000, 0x0000000088200000, 0x0000000088200000|100%| O|  |TAMS 0x0000000088200000, 0x0000000088100000| Untracked 
| 130|0x0000000088200000, 0x0000000088200000, 0x0000000088300000|  0%| F|  |TAMS 0x0000000088200000, 0x0000000088200000| Untracked 
| 131|0x0000000088300000, 0x0000000088400000, 0x0000000088400000|100%| O|  |TAMS 0x0000000088400000, 0x0000000088300000| Untracked 
| 132|0x0000000088400000, 0x0000000088500000, 0x0000000088500000|100%| O|  |TAMS 0x0000000088500000, 0x0000000088400000| Untracked 
| 133|0x0000000088500000, 0x0000000088500000, 0x0000000088600000|  0%| F|  |TAMS 0x0000000088500000, 0x0000000088500000| Untracked 
| 134|0x0000000088600000, 0x0000000088600000, 0x0000000088700000|  0%| F|  |TAMS 0x0000000088600000, 0x0000000088600000| Untracked 
| 135|0x0000000088700000, 0x0000000088700000, 0x0000000088800000|  0%| F|  |TAMS 0x0000000088700000, 0x0000000088700000| Untracked 
| 136|0x0000000088800000, 0x0000000088800000, 0x0000000088900000|  0%| F|  |TAMS 0x0000000088800000, 0x0000000088800000| Untracked 
| 137|0x0000000088900000, 0x0000000088900000, 0x0000000088a00000|  0%| F|  |TAMS 0x0000000088900000, 0x0000000088900000| Untracked 
| 138|0x0000000088a00000, 0x0000000088a00000, 0x0000000088b00000|  0%| F|  |TAMS 0x0000000088a00000, 0x0000000088a00000| Untracked 
| 139|0x0000000088b00000, 0x0000000088b00000, 0x0000000088c00000|  0%| F|  |TAMS 0x0000000088b00000, 0x0000000088b00000| Untracked 
| 140|0x0000000088c00000, 0x0000000088c00000, 0x0000000088d00000|  0%| F|  |TAMS 0x0000000088c00000, 0x0000000088c00000| Untracked 
| 141|0x0000000088d00000, 0x0000000088d00000, 0x0000000088e00000|  0%| F|  |TAMS 0x0000000088d00000, 0x0000000088d00000| Untracked 
| 142|0x0000000088e00000, 0x0000000088e00000, 0x0000000088f00000|  0%| F|  |TAMS 0x0000000088e00000, 0x0000000088e00000| Untracked 
| 143|0x0000000088f00000, 0x0000000088f00000, 0x0000000089000000|  0%| F|  |TAMS 0x0000000088f00000, 0x0000000088f00000| Untracked 
| 144|0x0000000089000000, 0x0000000089100000, 0x0000000089100000|100%| O|  |TAMS 0x0000000089100000, 0x0000000089000000| Untracked 
| 145|0x0000000089100000, 0x0000000089100000, 0x0000000089200000|  0%| F|  |TAMS 0x0000000089100000, 0x0000000089100000| Untracked 
| 146|0x0000000089200000, 0x0000000089200000, 0x0000000089300000|  0%| F|  |TAMS 0x0000000089200000, 0x0000000089200000| Untracked 
| 147|0x0000000089300000, 0x0000000089400000, 0x0000000089400000|100%| O|  |TAMS 0x0000000089400000, 0x0000000089300000| Untracked 
| 148|0x0000000089400000, 0x0000000089400000, 0x0000000089500000|  0%| F|  |TAMS 0x0000000089400000, 0x0000000089400000| Untracked 
| 149|0x0000000089500000, 0x0000000089500000, 0x0000000089600000|  0%| F|  |TAMS 0x0000000089500000, 0x0000000089500000| Untracked 
| 150|0x0000000089600000, 0x0000000089600000, 0x0000000089700000|  0%| F|  |TAMS 0x0000000089600000, 0x0000000089600000| Untracked 
| 151|0x0000000089700000, 0x0000000089700000, 0x0000000089800000|  0%| F|  |TAMS 0x0000000089700000, 0x0000000089700000| Untracked 
| 152|0x0000000089800000, 0x0000000089800000, 0x0000000089900000|  0%| F|  |TAMS 0x0000000089800000, 0x0000000089800000| Untracked 
| 153|0x0000000089900000, 0x0000000089900000, 0x0000000089a00000|  0%| F|  |TAMS 0x0000000089900000, 0x0000000089900000| Untracked 
| 154|0x0000000089a00000, 0x0000000089a00000, 0x0000000089b00000|  0%| F|  |TAMS 0x0000000089a00000, 0x0000000089a00000| Untracked 
| 155|0x0000000089b00000, 0x0000000089b00000, 0x0000000089c00000|  0%| F|  |TAMS 0x0000000089b00000, 0x0000000089b00000| Untracked 
| 156|0x0000000089c00000, 0x0000000089c00000, 0x0000000089d00000|  0%| F|  |TAMS 0x0000000089c00000, 0x0000000089c00000| Untracked 
| 157|0x0000000089d00000, 0x0000000089d00000, 0x0000000089e00000|  0%| F|  |TAMS 0x0000000089d00000, 0x0000000089d00000| Untracked 
| 158|0x0000000089e00000, 0x0000000089e00000, 0x0000000089f00000|  0%| F|  |TAMS 0x0000000089e00000, 0x0000000089e00000| Untracked 
| 159|0x0000000089f00000, 0x0000000089f00000, 0x000000008a000000|  0%| F|  |TAMS 0x0000000089f00000, 0x0000000089f00000| Untracked 
| 160|0x000000008a000000, 0x000000008a000000, 0x000000008a100000|  0%| F|  |TAMS 0x000000008a000000, 0x000000008a000000| Untracked 
| 161|0x000000008a100000, 0x000000008a100000, 0x000000008a200000|  0%| F|  |TAMS 0x000000008a100000, 0x000000008a100000| Untracked 
| 162|0x000000008a200000, 0x000000008a200000, 0x000000008a300000|  0%| F|  |TAMS 0x000000008a200000, 0x000000008a200000| Untracked 
| 163|0x000000008a300000, 0x000000008a300000, 0x000000008a400000|  0%| F|  |TAMS 0x000000008a300000, 0x000000008a300000| Untracked 
| 164|0x000000008a400000, 0x000000008a400000, 0x000000008a500000|  0%| F|  |TAMS 0x000000008a400000, 0x000000008a400000| Untracked 
| 165|0x000000008a500000, 0x000000008a500000, 0x000000008a600000|  0%| F|  |TAMS 0x000000008a500000, 0x000000008a500000| Untracked 
| 166|0x000000008a600000, 0x000000008a600000, 0x000000008a700000|  0%| F|  |TAMS 0x000000008a600000, 0x000000008a600000| Untracked 
| 167|0x000000008a700000, 0x000000008a700000, 0x000000008a800000|  0%| F|  |TAMS 0x000000008a700000, 0x000000008a700000| Untracked 
| 168|0x000000008a800000, 0x000000008a800000, 0x000000008a900000|  0%| F|  |TAMS 0x000000008a800000, 0x000000008a800000| Untracked 
| 169|0x000000008a900000, 0x000000008a900000, 0x000000008aa00000|  0%| F|  |TAMS 0x000000008a900000, 0x000000008a900000| Untracked 
| 170|0x000000008aa00000, 0x000000008aa00000, 0x000000008ab00000|  0%| F|  |TAMS 0x000000008aa00000, 0x000000008aa00000| Untracked 
| 171|0x000000008ab00000, 0x000000008ab00000, 0x000000008ac00000|  0%| F|  |TAMS 0x000000008ab00000, 0x000000008ab00000| Untracked 
| 172|0x000000008ac00000, 0x000000008ac00000, 0x000000008ad00000|  0%| F|  |TAMS 0x000000008ac00000, 0x000000008ac00000| Untracked 
| 173|0x000000008ad00000, 0x000000008ad00000, 0x000000008ae00000|  0%| F|  |TAMS 0x000000008ad00000, 0x000000008ad00000| Untracked 
| 174|0x000000008ae00000, 0x000000008ae00000, 0x000000008af00000|  0%| F|  |TAMS 0x000000008ae00000, 0x000000008ae00000| Untracked 
| 175|0x000000008af00000, 0x000000008af00000, 0x000000008b000000|  0%| F|  |TAMS 0x000000008af00000, 0x000000008af00000| Untracked 
| 176|0x000000008b000000, 0x000000008b000000, 0x000000008b100000|  0%| F|  |TAMS 0x000000008b000000, 0x000000008b000000| Untracked 
| 177|0x000000008b100000, 0x000000008b100000, 0x000000008b200000|  0%| F|  |TAMS 0x000000008b100000, 0x000000008b100000| Untracked 
| 178|0x000000008b200000, 0x000000008b200000, 0x000000008b300000|  0%| F|  |TAMS 0x000000008b200000, 0x000000008b200000| Untracked 
| 179|0x000000008b300000, 0x000000008b300000, 0x000000008b400000|  0%| F|  |TAMS 0x000000008b300000, 0x000000008b300000| Untracked 
| 180|0x000000008b400000, 0x000000008b400000, 0x000000008b500000|  0%| F|  |TAMS 0x000000008b400000, 0x000000008b400000| Untracked 
| 181|0x000000008b500000, 0x000000008b500000, 0x000000008b600000|  0%| F|  |TAMS 0x000000008b500000, 0x000000008b500000| Untracked 
| 182|0x000000008b600000, 0x000000008b600000, 0x000000008b700000|  0%| F|  |TAMS 0x000000008b600000, 0x000000008b600000| Untracked 
| 183|0x000000008b700000, 0x000000008b700000, 0x000000008b800000|  0%| F|  |TAMS 0x000000008b700000, 0x000000008b700000| Untracked 
| 184|0x000000008b800000, 0x000000008b800000, 0x000000008b900000|  0%| F|  |TAMS 0x000000008b800000, 0x000000008b800000| Untracked 
| 185|0x000000008b900000, 0x000000008b900000, 0x000000008ba00000|  0%| F|  |TAMS 0x000000008b900000, 0x000000008b900000| Untracked 
| 186|0x000000008ba00000, 0x000000008ba00000, 0x000000008bb00000|  0%| F|  |TAMS 0x000000008ba00000, 0x000000008ba00000| Untracked 
| 187|0x000000008bb00000, 0x000000008bb00000, 0x000000008bc00000|  0%| F|  |TAMS 0x000000008bb00000, 0x000000008bb00000| Untracked 
| 188|0x000000008bc00000, 0x000000008bc00000, 0x000000008bd00000|  0%| F|  |TAMS 0x000000008bc00000, 0x000000008bc00000| Untracked 
| 189|0x000000008bd00000, 0x000000008bd00000, 0x000000008be00000|  0%| F|  |TAMS 0x000000008bd00000, 0x000000008bd00000| Untracked 
| 190|0x000000008be00000, 0x000000008be00000, 0x000000008bf00000|  0%| F|  |TAMS 0x000000008be00000, 0x000000008be00000| Untracked 
| 191|0x000000008bf00000, 0x000000008bf00000, 0x000000008c000000|  0%| F|  |TAMS 0x000000008bf00000, 0x000000008bf00000| Untracked 
| 192|0x000000008c000000, 0x000000008c000000, 0x000000008c100000|  0%| F|  |TAMS 0x000000008c000000, 0x000000008c000000| Untracked 
| 193|0x000000008c100000, 0x000000008c100000, 0x000000008c200000|  0%| F|  |TAMS 0x000000008c100000, 0x000000008c100000| Untracked 
| 194|0x000000008c200000, 0x000000008c200000, 0x000000008c300000|  0%| F|  |TAMS 0x000000008c200000, 0x000000008c200000| Untracked 
| 195|0x000000008c300000, 0x000000008c300000, 0x000000008c400000|  0%| F|  |TAMS 0x000000008c300000, 0x000000008c300000| Untracked 
| 196|0x000000008c400000, 0x000000008c400000, 0x000000008c500000|  0%| F|  |TAMS 0x000000008c400000, 0x000000008c400000| Untracked 
| 197|0x000000008c500000, 0x000000008c500000, 0x000000008c600000|  0%| F|  |TAMS 0x000000008c500000, 0x000000008c500000| Untracked 
| 198|0x000000008c600000, 0x000000008c600000, 0x000000008c700000|  0%| F|  |TAMS 0x000000008c600000, 0x000000008c600000| Untracked 
| 199|0x000000008c700000, 0x000000008c700000, 0x000000008c800000|  0%| F|  |TAMS 0x000000008c700000, 0x000000008c700000| Untracked 
| 200|0x000000008c800000, 0x000000008c800000, 0x000000008c900000|  0%| F|  |TAMS 0x000000008c800000, 0x000000008c800000| Untracked 
| 201|0x000000008c900000, 0x000000008c900000, 0x000000008ca00000|  0%| F|  |TAMS 0x000000008c900000, 0x000000008c900000| Untracked 
| 202|0x000000008ca00000, 0x000000008ca00000, 0x000000008cb00000|  0%| F|  |TAMS 0x000000008ca00000, 0x000000008ca00000| Untracked 
| 203|0x000000008cb00000, 0x000000008cb00000, 0x000000008cc00000|  0%| F|  |TAMS 0x000000008cb00000, 0x000000008cb00000| Untracked 
| 204|0x000000008cc00000, 0x000000008cc00000, 0x000000008cd00000|  0%| F|  |TAMS 0x000000008cc00000, 0x000000008cc00000| Untracked 
| 205|0x000000008cd00000, 0x000000008cd00000, 0x000000008ce00000|  0%| F|  |TAMS 0x000000008cd00000, 0x000000008cd00000| Untracked 
| 206|0x000000008ce00000, 0x000000008ce00000, 0x000000008cf00000|  0%| F|  |TAMS 0x000000008ce00000, 0x000000008ce00000| Untracked 
| 207|0x000000008cf00000, 0x000000008cf00000, 0x000000008d000000|  0%| F|  |TAMS 0x000000008cf00000, 0x000000008cf00000| Untracked 
| 208|0x000000008d000000, 0x000000008d042778, 0x000000008d100000| 25%| S|CS|TAMS 0x000000008d000000, 0x000000008d000000| Complete 
| 209|0x000000008d100000, 0x000000008d200000, 0x000000008d200000|100%| S|CS|TAMS 0x000000008d100000, 0x000000008d100000| Complete 
| 210|0x000000008d200000, 0x000000008d200000, 0x000000008d300000|  0%| F|  |TAMS 0x000000008d200000, 0x000000008d200000| Untracked 
| 211|0x000000008d300000, 0x000000008d300000, 0x000000008d400000|  0%| F|  |TAMS 0x000000008d300000, 0x000000008d300000| Untracked 
| 212|0x000000008d400000, 0x000000008d400000, 0x000000008d500000|  0%| F|  |TAMS 0x000000008d400000, 0x000000008d400000| Untracked 
| 213|0x000000008d500000, 0x000000008d500000, 0x000000008d600000|  0%| F|  |TAMS 0x000000008d500000, 0x000000008d500000| Untracked 
| 214|0x000000008d600000, 0x000000008d600000, 0x000000008d700000|  0%| F|  |TAMS 0x000000008d600000, 0x000000008d600000| Untracked 
| 215|0x000000008d700000, 0x000000008d700000, 0x000000008d800000|  0%| F|  |TAMS 0x000000008d700000, 0x000000008d700000| Untracked 
| 216|0x000000008d800000, 0x000000008d800000, 0x000000008d900000|  0%| F|  |TAMS 0x000000008d800000, 0x000000008d800000| Untracked 
| 217|0x000000008d900000, 0x000000008d900000, 0x000000008da00000|  0%| F|  |TAMS 0x000000008d900000, 0x000000008d900000| Untracked 
| 218|0x000000008da00000, 0x000000008db00000, 0x000000008db00000|100%| S|CS|TAMS 0x000000008da00000, 0x000000008da00000| Complete 
| 219|0x000000008db00000, 0x000000008dc00000, 0x000000008dc00000|100%| S|CS|TAMS 0x000000008db00000, 0x000000008db00000| Complete 
| 220|0x000000008dc00000, 0x000000008dc00000, 0x000000008dd00000|  0%| F|  |TAMS 0x000000008dc00000, 0x000000008dc00000| Untracked 
| 221|0x000000008dd00000, 0x000000008dd00000, 0x000000008de00000|  0%| F|  |TAMS 0x000000008dd00000, 0x000000008dd00000| Untracked 
| 222|0x000000008de00000, 0x000000008de93e50, 0x000000008df00000| 57%| E|  |TAMS 0x000000008de00000, 0x000000008de00000| Complete 
| 223|0x000000008df00000, 0x000000008e000000, 0x000000008e000000|100%| E|CS|TAMS 0x000000008df00000, 0x000000008df00000| Complete 
| 224|0x000000008e000000, 0x000000008e100000, 0x000000008e100000|100%| E|CS|TAMS 0x000000008e000000, 0x000000008e000000| Complete 
| 225|0x000000008e100000, 0x000000008e200000, 0x000000008e200000|100%| E|CS|TAMS 0x000000008e100000, 0x000000008e100000| Complete 
| 226|0x000000008e200000, 0x000000008e300000, 0x000000008e300000|100%| E|CS|TAMS 0x000000008e200000, 0x000000008e200000| Complete 
| 227|0x000000008e300000, 0x000000008e400000, 0x000000008e400000|100%| E|CS|TAMS 0x000000008e300000, 0x000000008e300000| Complete 
| 228|0x000000008e400000, 0x000000008e500000, 0x000000008e500000|100%| E|CS|TAMS 0x000000008e400000, 0x000000008e400000| Complete 
| 229|0x000000008e500000, 0x000000008e600000, 0x000000008e600000|100%| E|CS|TAMS 0x000000008e500000, 0x000000008e500000| Complete 
| 230|0x000000008e600000, 0x000000008e700000, 0x000000008e700000|100%| E|CS|TAMS 0x000000008e600000, 0x000000008e600000| Complete 
| 231|0x000000008e700000, 0x000000008e800000, 0x000000008e800000|100%| E|CS|TAMS 0x000000008e700000, 0x000000008e700000| Complete 
| 232|0x000000008e800000, 0x000000008e900000, 0x000000008e900000|100%| E|CS|TAMS 0x000000008e800000, 0x000000008e800000| Complete 
| 233|0x000000008e900000, 0x000000008ea00000, 0x000000008ea00000|100%| E|CS|TAMS 0x000000008e900000, 0x000000008e900000| Complete 
| 234|0x000000008ea00000, 0x000000008eb00000, 0x000000008eb00000|100%| E|CS|TAMS 0x000000008ea00000, 0x000000008ea00000| Complete 
| 235|0x000000008eb00000, 0x000000008ec00000, 0x000000008ec00000|100%| E|CS|TAMS 0x000000008eb00000, 0x000000008eb00000| Complete 
| 236|0x000000008ec00000, 0x000000008ed00000, 0x000000008ed00000|100%| E|CS|TAMS 0x000000008ec00000, 0x000000008ec00000| Complete 
| 237|0x000000008ed00000, 0x000000008ee00000, 0x000000008ee00000|100%| E|CS|TAMS 0x000000008ed00000, 0x000000008ed00000| Complete 
| 238|0x000000008ee00000, 0x000000008ef00000, 0x000000008ef00000|100%| E|CS|TAMS 0x000000008ee00000, 0x000000008ee00000| Complete 
| 239|0x000000008ef00000, 0x000000008f000000, 0x000000008f000000|100%| E|CS|TAMS 0x000000008ef00000, 0x000000008ef00000| Complete 
| 240|0x000000008f000000, 0x000000008f100000, 0x000000008f100000|100%| E|CS|TAMS 0x000000008f000000, 0x000000008f000000| Complete 
| 241|0x000000008f100000, 0x000000008f200000, 0x000000008f200000|100%| E|CS|TAMS 0x000000008f100000, 0x000000008f100000| Complete 
| 242|0x000000008f200000, 0x000000008f300000, 0x000000008f300000|100%| E|CS|TAMS 0x000000008f200000, 0x000000008f200000| Complete 
| 243|0x000000008f300000, 0x000000008f400000, 0x000000008f400000|100%| E|CS|TAMS 0x000000008f300000, 0x000000008f300000| Complete 
| 244|0x000000008f400000, 0x000000008f500000, 0x000000008f500000|100%| E|CS|TAMS 0x000000008f400000, 0x000000008f400000| Complete 
| 245|0x000000008f500000, 0x000000008f600000, 0x000000008f600000|100%| E|CS|TAMS 0x000000008f500000, 0x000000008f500000| Complete 
| 246|0x000000008f600000, 0x000000008f700000, 0x000000008f700000|100%| E|CS|TAMS 0x000000008f600000, 0x000000008f600000| Complete 
| 247|0x000000008f700000, 0x000000008f800000, 0x000000008f800000|100%| E|CS|TAMS 0x000000008f700000, 0x000000008f700000| Complete 
| 248|0x000000008f800000, 0x000000008f900000, 0x000000008f900000|100%| E|CS|TAMS 0x000000008f800000, 0x000000008f800000| Complete 
| 249|0x000000008f900000, 0x000000008fa00000, 0x000000008fa00000|100%| E|CS|TAMS 0x000000008f900000, 0x000000008f900000| Complete 
| 250|0x000000008fa00000, 0x000000008fb00000, 0x000000008fb00000|100%| E|CS|TAMS 0x000000008fa00000, 0x000000008fa00000| Complete 
| 251|0x000000008fb00000, 0x000000008fc00000, 0x000000008fc00000|100%| E|CS|TAMS 0x000000008fb00000, 0x000000008fb00000| Complete 
| 252|0x000000008fc00000, 0x000000008fd00000, 0x000000008fd00000|100%| E|  |TAMS 0x000000008fc00000, 0x000000008fc00000| Complete 
| 253|0x000000008fd00000, 0x000000008fe00000, 0x000000008fe00000|100%| E|CS|TAMS 0x000000008fd00000, 0x000000008fd00000| Complete 
| 254|0x000000008fe00000, 0x000000008ff00000, 0x000000008ff00000|100%| E|CS|TAMS 0x000000008fe00000, 0x000000008fe00000| Complete 
| 255|0x000000008ff00000, 0x0000000090000000, 0x0000000090000000|100%| E|CS|TAMS 0x000000008ff00000, 0x000000008ff00000| Complete 
| 256|0x0000000090000000, 0x0000000090100000, 0x0000000090100000|100%| E|CS|TAMS 0x0000000090000000, 0x0000000090000000| Complete 
| 257|0x0000000090100000, 0x0000000090200000, 0x0000000090200000|100%| E|CS|TAMS 0x0000000090100000, 0x0000000090100000| Complete 
| 258|0x0000000090200000, 0x0000000090300000, 0x0000000090300000|100%| E|CS|TAMS 0x0000000090200000, 0x0000000090200000| Complete 
| 259|0x0000000090300000, 0x0000000090400000, 0x0000000090400000|100%| E|CS|TAMS 0x0000000090300000, 0x0000000090300000| Complete 
| 260|0x0000000090400000, 0x0000000090500000, 0x0000000090500000|100%| E|CS|TAMS 0x0000000090400000, 0x0000000090400000| Complete 
| 261|0x0000000090500000, 0x0000000090600000, 0x0000000090600000|100%| E|CS|TAMS 0x0000000090500000, 0x0000000090500000| Complete 
| 262|0x0000000090600000, 0x0000000090700000, 0x0000000090700000|100%| E|CS|TAMS 0x0000000090600000, 0x0000000090600000| Complete 
| 263|0x0000000090700000, 0x0000000090800000, 0x0000000090800000|100%| E|CS|TAMS 0x0000000090700000, 0x0000000090700000| Complete 
| 264|0x0000000090800000, 0x0000000090900000, 0x0000000090900000|100%| E|CS|TAMS 0x0000000090800000, 0x0000000090800000| Complete 
| 265|0x0000000090900000, 0x0000000090a00000, 0x0000000090a00000|100%| E|CS|TAMS 0x0000000090900000, 0x0000000090900000| Complete 
| 266|0x0000000090a00000, 0x0000000090b00000, 0x0000000090b00000|100%| E|CS|TAMS 0x0000000090a00000, 0x0000000090a00000| Complete 
| 267|0x0000000090b00000, 0x0000000090c00000, 0x0000000090c00000|100%| E|CS|TAMS 0x0000000090b00000, 0x0000000090b00000| Complete 
| 268|0x0000000090c00000, 0x0000000090d00000, 0x0000000090d00000|100%| E|CS|TAMS 0x0000000090c00000, 0x0000000090c00000| Complete 
| 269|0x0000000090d00000, 0x0000000090e00000, 0x0000000090e00000|100%| E|CS|TAMS 0x0000000090d00000, 0x0000000090d00000| Complete 
| 270|0x0000000090e00000, 0x0000000090f00000, 0x0000000090f00000|100%| E|CS|TAMS 0x0000000090e00000, 0x0000000090e00000| Complete 
| 271|0x0000000090f00000, 0x0000000091000000, 0x0000000091000000|100%| E|CS|TAMS 0x0000000090f00000, 0x0000000090f00000| Complete 
| 272|0x0000000091000000, 0x0000000091100000, 0x0000000091100000|100%| E|CS|TAMS 0x0000000091000000, 0x0000000091000000| Complete 
| 273|0x0000000091100000, 0x0000000091200000, 0x0000000091200000|100%| E|CS|TAMS 0x0000000091100000, 0x0000000091100000| Complete 
| 274|0x0000000091200000, 0x0000000091300000, 0x0000000091300000|100%| E|CS|TAMS 0x0000000091200000, 0x0000000091200000| Complete 
| 275|0x0000000091300000, 0x0000000091400000, 0x0000000091400000|100%| E|CS|TAMS 0x0000000091300000, 0x0000000091300000| Complete 
| 276|0x0000000091400000, 0x0000000091500000, 0x0000000091500000|100%| E|CS|TAMS 0x0000000091400000, 0x0000000091400000| Complete 
| 277|0x0000000091500000, 0x0000000091600000, 0x0000000091600000|100%| E|CS|TAMS 0x0000000091500000, 0x0000000091500000| Complete 

Card table byte_map: [0x0000013cd1f40000,0x0000013cd2340000] _byte_map_base: 0x0000013cd1b40000

Marking Bits (Prev, Next): (CMBitMap*) 0x0000013cbf096b70, (CMBitMap*) 0x0000013cbf096b38
 Prev Bits: [0x0000013cd4740000, 0x0000013cd6740000)
 Next Bits: [0x0000013cd2740000, 0x0000013cd4740000)

Polling page: 0x0000013cbce40000

Metaspace:

Usage:
  Non-class:    105.64 MB capacity,   103.55 MB ( 98%) used,     1.73 MB (  2%) free+waste,   365.75 KB ( <1%) overhead. 
      Class:     16.28 MB capacity,    15.11 MB ( 93%) used,     1.01 MB (  6%) free+waste,   165.94 KB ( <1%) overhead. 
       Both:    121.93 MB capacity,   118.66 MB ( 97%) used,     2.75 MB (  2%) free+waste,   531.69 KB ( <1%) overhead. 

Virtual space:
  Non-class space:      106.00 MB reserved,     105.67 MB (>99%) committed 
      Class space:        1.00 GB reserved,      16.40 MB (  2%) committed 
             Both:        1.10 GB reserved,     122.07 MB ( 11%) committed 

Chunk freelists:
   Non-Class:  29.00 KB
       Class:  0 bytes
        Both:  29.00 KB

MaxMetaspaceSize: 17179869184.00 GB
CompressedClassSpaceSize: 1.00 GB

CodeHeap 'non-profiled nmethods': size=120064Kb used=9404Kb max_used=9404Kb free=110659Kb
 bounds [0x0000013cca600000, 0x0000013ccaf30000, 0x0000013cd1b40000]
CodeHeap 'profiled nmethods': size=120000Kb used=34690Kb max_used=34690Kb free=85309Kb
 bounds [0x0000013cc30d0000, 0x0000013cc52c0000, 0x0000013cca600000]
CodeHeap 'non-nmethods': size=5696Kb used=2352Kb max_used=2421Kb free=3343Kb
 bounds [0x0000013cc2b40000, 0x0000013cc2db0000, 0x0000013cc30d0000]
 total_blobs=16680 nmethods=15700 adapters=891
 compilation: enabled
              stopped_count=0, restarted_count=0
 full_count=0

Compilation events (20 events):
Event: 37.192 Thread 0x0000013cd949c800 nmethod 15927 0x0000013cc52ac410 code [0x0000013cc52ac5c0, 0x0000013cc52ac6b8]
Event: 37.192 Thread 0x0000013cd949c800 15928       3       com.google.common.util.concurrent.AbstractFuture$UnsafeAtomicHelper::casListeners (13 bytes)
Event: 37.192 Thread 0x0000013cd949c800 nmethod 15928 0x0000013cc52ac790 code [0x0000013cc52ac940, 0x0000013cc52acb18]
Event: 37.192 Thread 0x0000013cd949c800 15932       3       com.google.common.util.concurrent.AbstractFuture::getDoneValue (55 bytes)
Event: 37.193 Thread 0x0000013cd949c800 nmethod 15932 0x0000013cc52acc10 code [0x0000013cc52ace40, 0x0000013cc52ad688]
Event: 37.193 Thread 0x0000013cd949c800 15929       3       com.google.common.util.concurrent.TrustedListenableFutureTask$TrustedFutureInterruptibleTask::afterRanInterruptibly (26 bytes)
Event: 37.194 Thread 0x0000013cd949c800 nmethod 15929 0x0000013cc52ad890 code [0x0000013cc52adae0, 0x0000013cc52ae3f8]
Event: 37.194 Thread 0x0000013cd949c800 15935       3       com.android.tools.r8.graph.i::Q (8 bytes)
Event: 37.194 Thread 0x0000013cd949c800 nmethod 15935 0x0000013cc52ae710 code [0x0000013cc52ae960, 0x0000013cc52af2f8]
Event: 37.194 Thread 0x0000013cd949c800 15936       2       com.android.tools.r8.graph.N0::S (12 bytes)
Event: 37.195 Thread 0x0000013cd949c800 nmethod 15936 0x0000013cc52af590 code [0x0000013cc52af740, 0x0000013cc52af858]
Event: 37.195 Thread 0x0000013cd949c800 15934       1       com.android.tools.r8.internal.t4::t (2 bytes)
Event: 37.195 Thread 0x0000013cd949c800 nmethod 15934 0x0000013ccaf2ee10 code [0x0000013ccaf2efc0, 0x0000013ccaf2f078]
Event: 37.195 Thread 0x0000013cd949c800 15937       3       com.android.tools.r8.internal.t4::<init> (5 bytes)
Event: 37.195 Thread 0x0000013cd949c800 nmethod 15937 0x0000013cc52af910 code [0x0000013cc52afac0, 0x0000013cc52afc18]
Event: 37.195 Thread 0x0000013cd949c800 15938       3       com.android.tools.r8.internal.t4::y (5 bytes)
Event: 37.195 Thread 0x0000013cd949c800 nmethod 15938 0x0000013cc52afd10 code [0x0000013cc52afec0, 0x0000013cc52b00b8]
Event: 37.195 Thread 0x0000013cd949c800 15930       3       com.google.common.util.concurrent.TrustedListenableFutureTask::afterDone (30 bytes)
Event: 37.196 Thread 0x0000013cd949c800 nmethod 15930 0x0000013cc52b0190 code [0x0000013cc52b0380, 0x0000013cc52b08c8]
Event: 37.196 Thread 0x0000013cd949c800 15939       3       com.android.tools.r8.graph.G0::a (2521 bytes)

GC Heap History (20 events):
Event: 24.733 GC heap before
{Heap before GC invocations=19 (full 0):
 garbage-first heap   total 284672K, used 120111K [0x0000000080000000, 0x0000000100000000)
  region size 1024K, 37 young (37888K), 10 survivors (10240K)
 Metaspace       used 97617K, capacity 100425K, committed 100608K, reserved 1136640K
  class space    used 12744K, capacity 13769K, committed 13900K, reserved 1048576K
}
Event: 24.755 GC heap after
{Heap after GC invocations=20 (full 0):
 garbage-first heap   total 284672K, used 96861K [0x0000000080000000, 0x0000000100000000)
  region size 1024K, 7 young (7168K), 7 survivors (7168K)
 Metaspace       used 97617K, capacity 100425K, committed 100608K, reserved 1136640K
  class space    used 12744K, capacity 13769K, committed 13900K, reserved 1048576K
}
Event: 27.034 GC heap before
{Heap before GC invocations=21 (full 0):
 garbage-first heap   total 284672K, used 212573K [0x0000000080000000, 0x0000000100000000)
  region size 1024K, 118 young (120832K), 7 survivors (7168K)
 Metaspace       used 107411K, capacity 110272K, committed 110536K, reserved 1144832K
  class space    used 13738K, capacity 14830K, committed 14872K, reserved 1048576K
}
Event: 27.098 GC heap after
{Heap after GC invocations=22 (full 0):
 garbage-first heap   total 284672K, used 135168K [0x0000000080000000, 0x0000000100000000)
  region size 1024K, 15 young (15360K), 15 survivors (15360K)
 Metaspace       used 107411K, capacity 110272K, committed 110536K, reserved 1144832K
  class space    used 13738K, capacity 14830K, committed 14872K, reserved 1048576K
}
Event: 28.401 GC heap before
{Heap before GC invocations=23 (full 0):
 garbage-first heap   total 284672K, used 210944K [0x0000000080000000, 0x0000000100000000)
  region size 1024K, 89 young (91136K), 15 survivors (15360K)
 Metaspace       used 112379K, capacity 115309K, committed 115528K, reserved 1148928K
  class space    used 14348K, capacity 15436K, committed 15512K, reserved 1048576K
}
Event: 28.451 GC heap after
{Heap after GC invocations=24 (full 0):
 garbage-first heap   total 284672K, used 159232K [0x0000000080000000, 0x0000000100000000)
  region size 1024K, 12 young (12288K), 12 survivors (12288K)
 Metaspace       used 112379K, capacity 115309K, committed 115528K, reserved 1148928K
  class space    used 14348K, capacity 15436K, committed 15512K, reserved 1048576K
}
Event: 28.641 GC heap before
{Heap before GC invocations=24 (full 0):
 garbage-first heap   total 284672K, used 209408K [0x0000000080000000, 0x0000000100000000)
  region size 1024K, 61 young (62464K), 12 survivors (12288K)
 Metaspace       used 112457K, capacity 115384K, committed 115528K, reserved 1148928K
  class space    used 14348K, capacity 15436K, committed 15512K, reserved 1048576K
}
Event: 28.694 GC heap after
{Heap after GC invocations=25 (full 0):
 garbage-first heap   total 284672K, used 195584K [0x0000000080000000, 0x0000000100000000)
  region size 1024K, 8 young (8192K), 8 survivors (8192K)
 Metaspace       used 112457K, capacity 115384K, committed 115528K, reserved 1148928K
  class space    used 14348K, capacity 15436K, committed 15512K, reserved 1048576K
}
Event: 29.908 GC heap before
{Heap before GC invocations=26 (full 0):
 garbage-first heap   total 284672K, used 196608K [0x0000000080000000, 0x0000000100000000)
  region size 1024K, 32 young (32768K), 8 survivors (8192K)
 Metaspace       used 113956K, capacity 117002K, committed 117192K, reserved 1150976K
  class space    used 14481K, capacity 15611K, committed 15640K, reserved 1048576K
}
Event: 29.928 GC heap after
{Heap after GC invocations=27 (full 0):
 garbage-first heap   total 284672K, used 177152K [0x0000000080000000, 0x0000000100000000)
  region size 1024K, 4 young (4096K), 4 survivors (4096K)
 Metaspace       used 113956K, capacity 117002K, committed 117192K, reserved 1150976K
  class space    used 14481K, capacity 15611K, committed 15640K, reserved 1048576K
}
Event: 30.827 GC heap before
{Heap before GC invocations=27 (full 0):
 garbage-first heap   total 284672K, used 209920K [0x0000000080000000, 0x0000000100000000)
  region size 1024K, 37 young (37888K), 4 survivors (4096K)
 Metaspace       used 114895K, capacity 117877K, committed 118088K, reserved 1150976K
  class space    used 14571K, capacity 15665K, committed 15768K, reserved 1048576K
}
Event: 30.841 GC heap after
{Heap after GC invocations=28 (full 0):
 garbage-first heap   total 284672K, used 182784K [0x0000000080000000, 0x0000000100000000)
  region size 1024K, 5 young (5120K), 5 survivors (5120K)
 Metaspace       used 114895K, capacity 117877K, committed 118088K, reserved 1150976K
  class space    used 14571K, capacity 15665K, committed 15768K, reserved 1048576K
}
Event: 31.509 GC heap before
{Heap before GC invocations=29 (full 0):
 garbage-first heap   total 284672K, used 168960K [0x0000000080000000, 0x0000000100000000)
  region size 1024K, 38 young (38912K), 5 survivors (5120K)
 Metaspace       used 115429K, capacity 118387K, committed 118600K, reserved 1153024K
  class space    used 14654K, capacity 15747K, committed 15768K, reserved 1048576K
}
Event: 31.521 GC heap after
{Heap after GC invocations=30 (full 0):
 garbage-first heap   total 284672K, used 139163K [0x0000000080000000, 0x0000000100000000)
  region size 1024K, 3 young (3072K), 3 survivors (3072K)
 Metaspace       used 115429K, capacity 118387K, committed 118600K, reserved 1153024K
  class space    used 14654K, capacity 15747K, committed 15768K, reserved 1048576K
}
Event: 31.728 GC heap before
{Heap before GC invocations=30 (full 0):
 garbage-first heap   total 284672K, used 148379K [0x0000000080000000, 0x0000000100000000)
  region size 1024K, 13 young (13312K), 3 survivors (3072K)
 Metaspace       used 115833K, capacity 118835K, committed 118984K, reserved 1153024K
  class space    used 14700K, capacity 15788K, committed 15896K, reserved 1048576K
}
Event: 31.736 GC heap after
{Heap after GC invocations=31 (full 0):
 garbage-first heap   total 284672K, used 118674K [0x0000000080000000, 0x0000000100000000)
  region size 1024K, 1 young (1024K), 1 survivors (1024K)
 Metaspace       used 115833K, capacity 118835K, committed 118984K, reserved 1153024K
  class space    used 14700K, capacity 15788K, committed 15896K, reserved 1048576K
}
Event: 35.420 GC heap before
{Heap before GC invocations=31 (full 0):
 garbage-first heap   total 284672K, used 184210K [0x0000000080000000, 0x0000000100000000)
  region size 1024K, 60 young (61440K), 1 survivors (1024K)
 Metaspace       used 117302K, capacity 120425K, committed 120776K, reserved 1155072K
  class space    used 14900K, capacity 16029K, committed 16152K, reserved 1048576K
}
Event: 35.433 GC heap after
{Heap after GC invocations=32 (full 0):
 garbage-first heap   total 284672K, used 131072K [0x0000000080000000, 0x0000000100000000)
  region size 1024K, 8 young (8192K), 8 survivors (8192K)
 Metaspace       used 117302K, capacity 120425K, committed 120776K, reserved 1155072K
  class space    used 14900K, capacity 16029K, committed 16152K, reserved 1048576K
}
Event: 36.665 GC heap before
{Heap before GC invocations=32 (full 0):
 garbage-first heap   total 284672K, used 189440K [0x0000000080000000, 0x0000000100000000)
  region size 1024K, 66 young (67584K), 8 survivors (8192K)
 Metaspace       used 120027K, capacity 123227K, committed 123464K, reserved 1157120K
  class space    used 15273K, capacity 16453K, committed 16536K, reserved 1048576K
}
Event: 36.677 GC heap after
{Heap after GC invocations=33 (full 0):
 garbage-first heap   total 284672K, used 132811K [0x0000000080000000, 0x0000000100000000)
  region size 1024K, 4 young (4096K), 4 survivors (4096K)
 Metaspace       used 120027K, capacity 123227K, committed 123464K, reserved 1157120K
  class space    used 15273K, capacity 16453K, committed 16536K, reserved 1048576K
}

Deoptimization events (20 events):
Event: 37.031 Thread 0x0000013cdef33000 Uncommon trap: trap_request=0xffffffbe fr.pc=0x0000013ccae20ab0 relative=0x00000000000016b0
Event: 37.031 Thread 0x0000013cdef33000 Uncommon trap: reason=profile_predicate action=maybe_recompile pc=0x0000013ccae20ab0 method=com.google.common.collect.MapMakerInternalMap$Segment.expand()V @ 56 c2
Event: 37.031 Thread 0x0000013cdef33000 DEOPT PACKING pc=0x0000013ccae20ab0 sp=0x00000027884fabd0
Event: 37.031 Thread 0x0000013cdef33000 DEOPT UNPACKING pc=0x0000013cc2b678af sp=0x00000027884fab98 mode 2
Event: 37.032 Thread 0x0000013cdef33000 Uncommon trap: trap_request=0xffffffbe fr.pc=0x0000013ccae20ab0 relative=0x00000000000016b0
Event: 37.032 Thread 0x0000013cdef33000 Uncommon trap: reason=profile_predicate action=maybe_recompile pc=0x0000013ccae20ab0 method=com.google.common.collect.MapMakerInternalMap$Segment.expand()V @ 56 c2
Event: 37.032 Thread 0x0000013cdef33000 DEOPT PACKING pc=0x0000013ccae20ab0 sp=0x00000027884fabd0
Event: 37.032 Thread 0x0000013cdef33000 DEOPT UNPACKING pc=0x0000013cc2b678af sp=0x00000027884fab98 mode 2
Event: 37.032 Thread 0x0000013cdef33000 Uncommon trap: trap_request=0xffffffbe fr.pc=0x0000013ccae20ab0 relative=0x00000000000016b0
Event: 37.032 Thread 0x0000013cdef33000 Uncommon trap: reason=profile_predicate action=maybe_recompile pc=0x0000013ccae20ab0 method=com.google.common.collect.MapMakerInternalMap$Segment.expand()V @ 56 c2
Event: 37.032 Thread 0x0000013cdef33000 DEOPT PACKING pc=0x0000013ccae20ab0 sp=0x00000027884fabd0
Event: 37.032 Thread 0x0000013cdef33000 DEOPT UNPACKING pc=0x0000013cc2b678af sp=0x00000027884fab98 mode 2
Event: 37.078 Thread 0x0000013cdef2e000 Uncommon trap: trap_request=0xffffff4d fr.pc=0x0000013ccaf2e3e0 relative=0x00000000000006a0
Event: 37.078 Thread 0x0000013cdef2e000 Uncommon trap: reason=unstable_if action=reinterpret pc=0x0000013ccaf2e3e0 method=com.android.tools.r8.internal.U6.b(I[C)Ljava/lang/Object; @ 22 c2
Event: 37.078 Thread 0x0000013cdef2e000 DEOPT PACKING pc=0x0000013ccaf2e3e0 sp=0x00000027856fc760
Event: 37.078 Thread 0x0000013cdef2e000 DEOPT UNPACKING pc=0x0000013cc2b678af sp=0x00000027856fc6f0 mode 2
Event: 37.187 Thread 0x0000013cdef2e000 Uncommon trap: trap_request=0xffffff4d fr.pc=0x0000013cca9cb7f0 relative=0x0000000000001190
Event: 37.187 Thread 0x0000013cdef2e000 Uncommon trap: reason=unstable_if action=reinterpret pc=0x0000013cca9cb7f0 method=java.util.WeakHashMap.remove(Ljava/lang/Object;)Ljava/lang/Object; @ 94 c2
Event: 37.187 Thread 0x0000013cdef2e000 DEOPT PACKING pc=0x0000013cca9cb7f0 sp=0x00000027856f9fb0
Event: 37.187 Thread 0x0000013cdef2e000 DEOPT UNPACKING pc=0x0000013cc2b678af sp=0x00000027856f9e88 mode 2

Classes redefined (0 events):
No events

Internal exceptions (20 events):
Event: 36.112 Thread 0x0000013cdef27800 Exception <a 'java/lang/NoSuchMethodError'{0x0000000090c9de58}: 'void java.lang.invoke.DirectMethodHandle$Holder.invokeStatic(java.lang.Object, java.lang.Object, java.lang.Object, int)'> (0x0000000090c9de58) thrown at [./src/hotspot/share/interpreter/linkResolver.cpp, line 773]
Event: 36.221 Thread 0x0000013cdef2c800 Exception <a 'java/lang/NoSuchMethodError'{0x000000008f1ac430}: 'java.lang.Object java.lang.invoke.DirectMethodHandle$Holder.invokeStatic(java.lang.Object, java.lang.Object, java.lang.Object, java.lang.Object, java.lang.Object, java.lang.Object, java.lang.Object, java.lang.Object, java.lang.Object, java.lang.Object, java.lang.Object, java.lang.Object, java.lang.Object, java.lang.Object, java.lang.Object, java.lang.Object, java.lang.Object, java.lang.Object, int, java.lang.Object)'> (0x000000008f1ac430) thr
Event: 36.221 Thread 0x0000013cdef2c800 Exception <a 'java/lang/NoSuchMethodError'{0x000000008f1b1f68}: 'java.lang.Object java.lang.invoke.DirectMethodHandle$Holder.invokeStaticInit(java.lang.Object, java.lang.Object, java.lang.Object, java.lang.Object, java.lang.Object, java.lang.Object, java.lang.Object, java.lang.Object, java.lang.Object, java.lang.Object, java.lang.Object, java.lang.Object, java.lang.Object, java.lang.Object, java.lang.Object, java.lang.Object, java.lang.Object, java.lang.Object, int, java.lang.Object)'> (0x000000008f1b1f68)
Event: 36.316 Thread 0x0000013cdef2c800 Exception <a 'java/lang/IncompatibleClassChangeError'{0x000000008e517490}: Found class java.lang.Object, but interface was expected> (0x000000008e517490) thrown at [./src/hotspot/share/interpreter/linkResolver.cpp, line 839]
Event: 36.316 Thread 0x0000013cdef2e000 Exception <a 'java/lang/IncompatibleClassChangeError'{0x000000008f20c360}: Found class java.lang.Object, but interface was expected> (0x000000008f20c360) thrown at [./src/hotspot/share/interpreter/linkResolver.cpp, line 839]
Event: 36.316 Thread 0x0000013cdef32000 Exception <a 'java/lang/IncompatibleClassChangeError'{0x000000008e52e060}: Found class java.lang.Object, but interface was expected> (0x000000008e52e060) thrown at [./src/hotspot/share/interpreter/linkResolver.cpp, line 839]
Event: 36.570 Thread 0x0000013cdef2c800 Exception <a 'java/lang/NoSuchMethodError'{0x000000008e3c8e60}: 'java.lang.Object java.lang.invoke.DirectMethodHandle$Holder.invokeStatic(java.lang.Object, long)'> (0x000000008e3c8e60) thrown at [./src/hotspot/share/interpreter/linkResolver.cpp, line 773]
Event: 36.570 Thread 0x0000013cdef2c800 Exception <a 'java/lang/NoSuchMethodError'{0x000000008e3ea838}: 'java.lang.Object java.lang.invoke.Invokers$Holder.linkToTargetMethod(long, java.lang.Object)'> (0x000000008e3ea838) thrown at [./src/hotspot/share/interpreter/linkResolver.cpp, line 773]
Event: 36.570 Thread 0x0000013cdef32000 Exception <a 'java/lang/NoSuchMethodError'{0x000000008e3ceae8}: 'java.lang.Object java.lang.invoke.Invokers$Holder.linkToTargetMethod(long, java.lang.Object)'> (0x000000008e3ceae8) thrown at [./src/hotspot/share/interpreter/linkResolver.cpp, line 773]
Event: 36.878 Thread 0x0000013cdef2c800 Exception <a 'java/lang/NoSuchMethodError'{0x000000008fd5b528}: 'long java.lang.invoke.DirectMethodHandle$Holder.invokeStatic(java.lang.Object, java.lang.Object)'> (0x000000008fd5b528) thrown at [./src/hotspot/share/interpreter/linkResolver.cpp, line 773]
Event: 37.015 Thread 0x0000013cdef2c800 Exception <a 'java/lang/IncompatibleClassChangeError'{0x000000008eae24c0}: Found class java.lang.Object, but interface was expected> (0x000000008eae24c0) thrown at [./src/hotspot/share/interpreter/linkResolver.cpp, line 839]
Event: 37.016 Thread 0x0000013cdef2c800 Exception <a 'java/lang/NoSuchMethodError'{0x000000008eae84c8}: 'java.lang.Object java.lang.invoke.DirectMethodHandle$Holder.newInvokeSpecial(java.lang.Object, int)'> (0x000000008eae84c8) thrown at [./src/hotspot/share/interpreter/linkResolver.cpp, line 773]
Event: 37.016 Thread 0x0000013cdef32000 Exception <a 'java/lang/NoSuchMethodError'{0x000000008ec5c7a0}: 'java.lang.Object java.lang.invoke.DirectMethodHandle$Holder.newInvokeSpecial(java.lang.Object, int)'> (0x000000008ec5c7a0) thrown at [./src/hotspot/share/interpreter/linkResolver.cpp, line 773]
Event: 37.016 Thread 0x0000013cdef2e000 Exception <a 'java/lang/NoSuchMethodError'{0x000000008eacb878}: 'java.lang.Object java.lang.invoke.DirectMethodHandle$Holder.newInvokeSpecial(java.lang.Object, int)'> (0x000000008eacb878) thrown at [./src/hotspot/share/interpreter/linkResolver.cpp, line 773]
Event: 37.017 Thread 0x0000013cdef33000 Exception <a 'java/lang/NoSuchMethodError'{0x000000008eaf80e8}: 'java.lang.Object java.lang.invoke.DirectMethodHandle$Holder.newInvokeSpecial(java.lang.Object, int)'> (0x000000008eaf80e8) thrown at [./src/hotspot/share/interpreter/linkResolver.cpp, line 773]
Event: 37.018 Thread 0x0000013cdef2c800 Exception <a 'java/lang/IncompatibleClassChangeError'{0x000000008eaf22f0}: Found class java.lang.Object, but interface was expected> (0x000000008eaf22f0) thrown at [./src/hotspot/share/interpreter/linkResolver.cpp, line 839]
Event: 37.018 Thread 0x0000013cdef2e000 Exception <a 'java/lang/IncompatibleClassChangeError'{0x000000008ead0750}: Found class java.lang.Object, but interface was expected> (0x000000008ead0750) thrown at [./src/hotspot/share/interpreter/linkResolver.cpp, line 839]
Event: 37.019 Thread 0x0000013cdef33000 Exception <a 'java/lang/IncompatibleClassChangeError'{0x000000008e914bb8}: Found class java.lang.Object, but interface was expected> (0x000000008e914bb8) thrown at [./src/hotspot/share/interpreter/linkResolver.cpp, line 839]
Event: 37.019 Thread 0x0000013cdef2c800 Exception <a 'java/lang/IncompatibleClassChangeError'{0x000000008eaf3088}: Found class java.lang.Object, but interface was expected> (0x000000008eaf3088) thrown at [./src/hotspot/share/interpreter/linkResolver.cpp, line 839]
Event: 37.133 Thread 0x0000013cdef2c800 Exception <a 'java/lang/IncompatibleClassChangeError'{0x000000008e55e6a0}: Found class java.lang.Object, but interface was expected> (0x000000008e55e6a0) thrown at [./src/hotspot/share/interpreter/linkResolver.cpp, line 839]

Events (20 events):
Event: 37.189 loading class com/android/tools/r8/internal/g9
Event: 37.189 loading class com/android/tools/r8/internal/g9 done
Event: 37.189 loading class com/android/tools/r8/graph/i$a
Event: 37.189 loading class com/android/tools/r8/graph/i$a done
Event: 37.190 loading class com/android/tools/r8/internal/Z4
Event: 37.190 loading class com/android/tools/r8/internal/Z4 done
Event: 37.190 loading class com/android/tools/r8/internal/Z4$b
Event: 37.190 loading class com/android/tools/r8/internal/Z4$b done
Event: 37.190 loading class com/android/tools/r8/internal/R3
Event: 37.190 loading class com/android/tools/r8/internal/l4$b
Event: 37.190 loading class com/android/tools/r8/internal/R3 done
Event: 37.190 loading class com/android/tools/r8/internal/l4$b done
Event: 37.191 loading class com/android/tools/r8/internal/S4
Event: 37.191 loading class com/android/tools/r8/internal/S4 done
Event: 37.191 loading class com/android/tools/r8/internal/Tq
Event: 37.191 loading class com/android/tools/r8/internal/Tq done
Event: 37.191 loading class com/android/tools/r8/internal/l4$d
Event: 37.191 loading class com/android/tools/r8/internal/l4$d done
Event: 37.192 loading class com/android/tools/r8/ir/conversion/k
Event: 37.192 loading class com/android/tools/r8/ir/conversion/k done


Dynamic libraries:
0x00007ff6e9fa0000 - 0x00007ff6e9faa000 	C:\Program Files\Android\Android Studio1\jre\bin\java.exe
0x00007fffa2190000 - 0x00007fffa2385000 	C:\WINDOWS\SYSTEM32\ntdll.dll
0x00007fff831a0000 - 0x00007fff831b6000 	C:\Program Files\AVAST Software\Avast\aswhook.dll
0x00007fffa2090000 - 0x00007fffa214e000 	C:\WINDOWS\System32\KERNEL32.DLL
0x00007fff9fa90000 - 0x00007fff9fd58000 	C:\WINDOWS\System32\KERNELBASE.dll
0x00007fff9f8b0000 - 0x00007fff9f9b0000 	C:\WINDOWS\System32\ucrtbase.dll
0x00007fff97810000 - 0x00007fff97827000 	C:\Program Files\Android\Android Studio1\jre\bin\VCRUNTIME140.dll
0x00007fff95610000 - 0x00007fff95629000 	C:\Program Files\Android\Android Studio1\jre\bin\jli.dll
0x00007fffa1d60000 - 0x00007fffa1f01000 	C:\WINDOWS\System32\USER32.dll
0x00007fff9fa60000 - 0x00007fff9fa82000 	C:\WINDOWS\System32\win32u.dll
0x00007fff94fe0000 - 0x00007fff9527a000 	C:\WINDOWS\WinSxS\amd64_microsoft.windows.common-controls_6595b64144ccf1df_6.0.19041.1110_none_60b5254171f9507e\COMCTL32.dll
0x00007fffa0700000 - 0x00007fffa072b000 	C:\WINDOWS\System32\GDI32.dll
0x00007fffa01e0000 - 0x00007fffa027e000 	C:\WINDOWS\System32\msvcrt.dll
0x00007fffa00d0000 - 0x00007fffa01db000 	C:\WINDOWS\System32\gdi32full.dll
0x00007fffa0030000 - 0x00007fffa00cd000 	C:\WINDOWS\System32\msvcp_win.dll
0x00007fffa0f20000 - 0x00007fffa0f50000 	C:\WINDOWS\System32\IMM32.DLL
0x00007fff82600000 - 0x00007fff8269d000 	C:\Program Files\Android\Android Studio1\jre\bin\msvcp140.dll
0x00007fff2fa80000 - 0x00007fff3054f000 	C:\Program Files\Android\Android Studio1\jre\bin\server\jvm.dll
0x00007fffa0730000 - 0x00007fffa07dc000 	C:\WINDOWS\System32\ADVAPI32.dll
0x00007fffa1920000 - 0x00007fffa19bb000 	C:\WINDOWS\System32\sechost.dll
0x00007fffa0840000 - 0x00007fffa096a000 	C:\WINDOWS\System32\RPCRT4.dll
0x00007fffa1a20000 - 0x00007fffa1a28000 	C:\WINDOWS\System32\PSAPI.DLL
0x00007fff94e40000 - 0x00007fff94e67000 	C:\WINDOWS\SYSTEM32\WINMM.dll
0x00007fff92270000 - 0x00007fff92279000 	C:\WINDOWS\SYSTEM32\WSOCK32.dll
0x00007fff977e0000 - 0x00007fff977ea000 	C:\WINDOWS\SYSTEM32\VERSION.dll
0x00007fffa10a0000 - 0x00007fffa110b000 	C:\WINDOWS\System32\WS2_32.dll
0x00007fff9e510000 - 0x00007fff9e522000 	C:\WINDOWS\SYSTEM32\kernel.appcore.dll
0x00007fff89050000 - 0x00007fff89061000 	C:\Program Files\Android\Android Studio1\jre\bin\verify.dll
0x00007fff9de50000 - 0x00007fff9e034000 	C:\WINDOWS\SYSTEM32\DBGHELP.DLL
0x00007fff967f0000 - 0x00007fff9681c000 	C:\WINDOWS\SYSTEM32\dbgcore.DLL
0x00007fff9ffa0000 - 0x00007fffa0023000 	C:\WINDOWS\System32\bcryptPrimitives.dll
0x00007fff89020000 - 0x00007fff89049000 	C:\Program Files\Android\Android Studio1\jre\bin\java.dll
0x00007fff98d00000 - 0x00007fff98d0b000 	C:\Program Files\Android\Android Studio1\jre\bin\jimage.dll
0x00007fff89000000 - 0x00007fff89018000 	C:\Program Files\Android\Android Studio1\jre\bin\zip.dll
0x00007fffa11e0000 - 0x00007fffa191f000 	C:\WINDOWS\System32\SHELL32.dll
0x00007fff9d5a0000 - 0x00007fff9dd30000 	C:\WINDOWS\SYSTEM32\windows.storage.dll
0x00007fffa03a0000 - 0x00007fffa06f5000 	C:\WINDOWS\System32\combase.dll
0x00007fff9f300000 - 0x00007fff9f32e000 	C:\WINDOWS\SYSTEM32\Wldp.dll
0x00007fffa1a30000 - 0x00007fffa1add000 	C:\WINDOWS\System32\SHCORE.dll
0x00007fffa19c0000 - 0x00007fffa1a15000 	C:\WINDOWS\System32\shlwapi.dll
0x00007fff9f7f0000 - 0x00007fff9f80f000 	C:\WINDOWS\SYSTEM32\profapi.dll
0x00007fff88fe0000 - 0x00007fff88ffa000 	C:\Program Files\Android\Android Studio1\jre\bin\net.dll
0x00007fff966e0000 - 0x00007fff967ec000 	C:\WINDOWS\SYSTEM32\WINHTTP.dll
0x00007fff9ef90000 - 0x00007fff9effa000 	C:\WINDOWS\system32\mswsock.dll
0x00007fff88fc0000 - 0x00007fff88fd4000 	C:\Program Files\Android\Android Studio1\jre\bin\nio.dll
0x00007fff837e0000 - 0x00007fff83807000 	C:\Users\tukta\Documents\GitHub\material-components-android-examples\MaterialThemeBuilder\.gradle\native\8bec1ad78214c89d9ad589b4d07fe93259594b29d510b10fafb7a158f7737e5d\windows-amd64\native-platform.dll
0x00007fff45020000 - 0x00007fff4515d000 	C:\Users\tukta\Documents\GitHub\material-components-android-examples\MaterialThemeBuilder\.gradle\native\53dbd7edfb1c66fb8903c78663c9afc45aea4f116125fa6feffd364cf09443e8\windows-amd64\native-platform-file-events.dll
0x00007fff98710000 - 0x00007fff9871a000 	C:\Program Files\Android\Android Studio1\jre\bin\management.dll
0x00007fff95b00000 - 0x00007fff95b0c000 	C:\Program Files\Android\Android Studio1\jre\bin\management_ext.dll
0x00007fff9f180000 - 0x00007fff9f198000 	C:\WINDOWS\SYSTEM32\CRYPTSP.dll
0x00007fff9e910000 - 0x00007fff9e944000 	C:\WINDOWS\system32\rsaenh.dll
0x00007fff9fd60000 - 0x00007fff9fd87000 	C:\WINDOWS\System32\bcrypt.dll
0x00007fff9f770000 - 0x00007fff9f79e000 	C:\WINDOWS\SYSTEM32\USERENV.dll
0x00007fff9f1a0000 - 0x00007fff9f1ac000 	C:\WINDOWS\SYSTEM32\CRYPTBASE.dll
0x00007fff9ec80000 - 0x00007fff9ecbb000 	C:\WINDOWS\SYSTEM32\IPHLPAPI.DLL
0x00007fffa0300000 - 0x00007fffa0308000 	C:\WINDOWS\System32\NSI.dll
0x00007fff98000000 - 0x00007fff98017000 	C:\WINDOWS\SYSTEM32\dhcpcsvc6.DLL
0x00007fff981f0000 - 0x00007fff9820d000 	C:\WINDOWS\SYSTEM32\dhcpcsvc.DLL
0x00007fff9ecc0000 - 0x00007fff9ed8b000 	C:\WINDOWS\SYSTEM32\DNSAPI.dll
0x00007fff95770000 - 0x00007fff95778000 	C:\Program Files\Android\Android Studio1\jre\bin\rmi.dll

dbghelp: loaded successfully - version: 4.0.5 - missing functions: none
symbol engine: initialized successfully - sym options: 0x614 - pdb path: .;C:\Program Files\Android\Android Studio1\jre\bin;C:\WINDOWS\SYSTEM32;C:\Program Files\AVAST Software\Avast;C:\WINDOWS\WinSxS\amd64_microsoft.windows.common-controls_6595b64144ccf1df_6.0.19041.1110_none_60b5254171f9507e;C:\Program Files\Android\Android Studio1\jre\bin\server;C:\Users\tukta\Documents\GitHub\material-components-android-examples\MaterialThemeBuilder\.gradle\native\8bec1ad78214c89d9ad589b4d07fe93259594b29d510b10fafb7a158f7737e5d\windows-amd64;C:\Users\tukta\Documents\GitHub\material-components-android-examples\MaterialThemeBuilder\.gradle\native\53dbd7edfb1c66fb8903c78663c9afc45aea4f116125fa6feffd364cf09443e8\windows-amd64

VM Arguments:
jvm_args: --add-opens=java.base/java.util=ALL-UNNAMED --add-opens=java.base/java.lang=ALL-UNNAMED --add-opens=java.base/java.lang.invoke=ALL-UNNAMED --add-opens=java.base/java.util=ALL-UNNAMED --add-opens=java.prefs/java.util.prefs=ALL-UNNAMED --add-opens=java.prefs/java.util.prefs=ALL-UNNAMED --add-opens=java.base/java.nio.charset=ALL-UNNAMED --add-opens=java.base/java.net=ALL-UNNAMED --add-opens=java.base/java.util.concurrent.atomic=ALL-UNNAMED -Xmx2048m -Dfile.encoding=UTF-8 -Duser.country=RU -Duser.language=ru -Duser.variant 
java_command: org.gradle.launcher.daemon.bootstrap.GradleDaemon 7.0.2
java_class_path (initial): C:\Users\tukta\Documents\GitHub\material-components-android-examples\MaterialThemeBuilder\.gradle\wrapper\dists\gradle-7.0.2-bin\857tjihv64xamwrf0h14cai3r\gradle-7.0.2\lib\gradle-launcher-7.0.2.jar
Launcher Type: SUN_STANDARD

[Global flags]
     intx CICompilerCount                          = 3                                         {product} {ergonomic}
     uint ConcGCThreads                            = 1                                         {product} {ergonomic}
     uint G1ConcRefinementThreads                  = 4                                         {product} {ergonomic}
   size_t G1HeapRegionSize                         = 1048576                                   {product} {ergonomic}
    uintx GCDrainStackTargetSize                   = 64                                        {product} {ergonomic}
   size_t InitialHeapSize                          = 201326592                                 {product} {ergonomic}
   size_t MarkStackSize                            = 4194304                                   {product} {ergonomic}
   size_t MaxHeapSize                              = 2147483648                                {product} {command line}
   size_t MaxNewSize                               = 1287651328                                {product} {ergonomic}
   size_t MinHeapDeltaBytes                        = 1048576                                   {product} {ergonomic}
    uintx NonNMethodCodeHeapSize                   = 5830732                                {pd product} {ergonomic}
    uintx NonProfiledCodeHeapSize                  = 122913754                              {pd product} {ergonomic}
    uintx ProfiledCodeHeapSize                     = 122913754                              {pd product} {ergonomic}
    uintx ReservedCodeCacheSize                    = 251658240                              {pd product} {ergonomic}
     bool SegmentedCodeCache                       = true                                      {product} {ergonomic}
     bool UseCompressedClassPointers               = true                                 {lp64_product} {ergonomic}
     bool UseCompressedOops                        = true                                 {lp64_product} {ergonomic}
     bool UseG1GC                                  = true                                      {product} {ergonomic}
     bool UseLargePagesIndividualAllocation        = false                                  {pd product} {ergonomic}

Logging:
Log output configuration:
 #0: stdout all=warning uptime,level,tags
 #1: stderr all=off uptime,level,tags

Environment Variables:
PATH=C:\Program Files (x86)\Intel\iCLS Client\;C:\Program Files\Intel\iCLS Client\;C:\Program Files (x86)\Common Files\Oracle\Java\javapath;C:\ProgramData\Oracle\Java\javapath;C:\Program Files\Broadcom\Broadcom 802.11 Network Adapter;C:\WINDOWS\system32;C:\WINDOWS;C:\WINDOWS\System32\Wbem;C:\WINDOWS\System32\WindowsPowerShell\v1.0\;C:\Program Files (x86)\GtkSharp\2.12\bin;C:\WINDOWS\System32\OpenSSH\;C:\webdrivers;C:\Program Files (x86)\Intel\Intel(R) Management Engine Components\DAL;C:\Program Files\Intel\Intel(R) Management Engine Components\DAL;C:\Program Files (x86)\Intel\Intel(R) Management Engine Components\IPT;C:\Program Files\Intel\Intel(R) Management Engine Components\IPT;C:\Program Files\Git\cmd;C:\Program Files\nodejs\;C:\Users\tukta\AppData\Local\Microsoft\WindowsApps;C:\Users\tukta\AppData\Local\GitHubDesktop\bin;C:\Users\tukta\AppData\Roaming\npm;C:\Users\tukta\AppData\Local\atom\bin;C:\Program Files\heroku\bin;C:\Program Files\PostgreSQL\9.6\bin;;%USERPROFILE%\AppData\Local\Microsoft\WindowsApps
USERNAME=tukta
OS=Windows_NT
PROCESSOR_IDENTIFIER=Intel64 Family 6 Model 78 Stepping 3, GenuineIntel



---------------  S Y S T E M  ---------------

OS: Windows 10 , 64 bit Build 19041 (10.0.19041.1348)
OS uptime: 8 days 19:54 hours

CPU:total 4 (initial active 4) (2 cores per cpu, 2 threads per core) family 6 model 78 stepping 3 microcode 0xcc, cmov, cx8, fxsr, mmx, sse, sse2, sse3, ssse3, sse4.1, sse4.2, popcnt, avx, avx2, aes, clmul, erms, 3dnowpref, lzcnt, ht, tsc, tscinvbit, bmi1, bmi2, adx, fma

Memory: 4k page, system-wide physical 12178M (2203M free)
TotalPageFile size 14226M (AvailPageFile size 0M)
current process WorkingSet (physical memory assigned to process): 611M, peak: 611M
current process commit charge ("private bytes"): 637M, peak: 637M

vm_info: OpenJDK 64-Bit Server VM (11.0.10+0-b96-7249189) for windows-amd64 JRE (11.0.10+0-b96-7249189), built on Mar 31 2021 21:44:00 by "builder" with MS VC++ 14.0 (VS2015)

END.
