#
# There is insufficient memory for the Java Runtime Environment to continue.
# Native memory allocation (mmap) failed to map 250609664 bytes for Failed to commit area from 0x0000000096c00000 to 0x00000000a5b00000 of length 250609664.
# Possible reasons:
#   The system is out of physical RAM or swap space
#   The process is running with CompressedOops enabled, and the Java Heap may be blocking the growth of the native heap
# Possible solutions:
#   Reduce memory load on the system
#   Increase physical memory or swap space
#   Check if swap backing store is full
#   Decrease Java heap size (-Xmx/-Xms)
#   Decrease number of Java threads
#   Decrease Java thread stack sizes (-Xss)
#   Set larger code cache with -XX:ReservedCodeCacheSize=
#   JVM is running with Unscaled Compressed Oops mode in which the Java heap is
#     placed in the first 4GB address space. The Java Heap base address is the
#     maximum limit for the native heap growth. Please use -XX:HeapBaseMinAddress
#     to set the Java Heap base and to place the Java Heap above 4GB virtual address.
# This output file may be truncated or incomplete.
#
#  Out of Memory Error (./src/hotspot/os/windows/os_windows.cpp:3301), pid=10688, tid=14396
#
# JRE version: OpenJDK Runtime Environment (11.0.10) (build 11.0.10+0-b96-7249189)
# Java VM: OpenJDK 64-Bit Server VM (11.0.10+0-b96-7249189, mixed mode, tiered, compressed oops, g1 gc, windows-amd64)
# No core dump will be written. Minidumps are not enabled by default on client versions of Windows
#

---------------  S U M M A R Y ------------

Command Line: --add-opens=java.base/java.util=ALL-UNNAMED --add-opens=java.base/java.lang=ALL-UNNAMED --add-opens=java.base/java.lang.invoke=ALL-UNNAMED --add-opens=java.base/java.util=ALL-UNNAMED --add-opens=java.prefs/java.util.prefs=ALL-UNNAMED --add-opens=java.prefs/java.util.prefs=ALL-UNNAMED --add-opens=java.base/java.nio.charset=ALL-UNNAMED --add-opens=java.base/java.net=ALL-UNNAMED --add-opens=java.base/java.util.concurrent.atomic=ALL-UNNAMED -Xmx2048m -Dfile.encoding=UTF-8 -Duser.country=RU -Duser.language=ru -Duser.variant org.gradle.launcher.daemon.bootstrap.GradleDaemon 7.0.2

Host: Intel(R) Core(TM) i5-6200U CPU @ 2.30GHz, 4 cores, 11G,  Windows 10 , 64 bit Build 19041 (10.0.19041.1348)
Time: Thu Dec  9 19:46:50 2021 RTZ 2 (зима) elapsed time: 101.518079 seconds (0d 0h 1m 41s)

---------------  T H R E A D  ---------------

Current thread (0x0000027ed0835000):  VMThread "VM Thread" [stack: 0x00000091ef000000,0x00000091ef100000] [id=14396]

Stack: [0x00000091ef000000,0x00000091ef100000]
[error occurred during error reporting (printing stack bounds), id 0xc0000005, EXCEPTION_ACCESS_VIOLATION (0xc0000005) at pc=0x0000027eb9f00f2d]

Native frames: (J=compiled Java code, j=interpreted, Vv=VM code, C=native code)
V  [jvm.dll+0x5ecfaa]
V  [jvm.dll+0x722bd5]
V  [jvm.dll+0x72412d]
V  [jvm.dll+0x724745]
V  [jvm.dll+0x7246fb]
V  [jvm.dll+0x5ec348]
V  [jvm.dll+0x5ecad8]
C  [ntdll.dll+0xa20cf]
C  [ntdll.dll+0x51454]
C  [ntdll.dll+0xa0bfe]
C  0x0000027eb9f00f2d

VM_Operation (0x00000091f29fcb50): G1CollectForAllocation, mode: safepoint, requested by thread 0x0000027ed4866800


---------------  P R O C E S S  ---------------

Threads class SMR info:
_java_thread_list=0x0000027edea019e0, length=66, elements={
0x0000027eb6413000, 0x0000027ed000f000, 0x0000027ed0012800, 0x0000027ed084d800,
0x0000027ed084f000, 0x0000027ed0850000, 0x0000027ed0854800, 0x0000027ed08ac000,
0x0000027ed08af800, 0x0000027ed09fc000, 0x0000027ed243c000, 0x0000027ed2d08800,
0x0000027ed2e1f800, 0x0000027ed1b57800, 0x0000027ed18c4000, 0x0000027ed356f000,
0x0000027ed3572800, 0x0000027ed3570000, 0x0000027ed3571800, 0x0000027ed3575000,
0x0000027ed3195800, 0x0000027ed3197000, 0x0000027ed3198800, 0x0000027ed3194800,
0x0000027ed319e800, 0x0000027ed31a1000, 0x0000027ed319d800, 0x0000027ed3193000,
0x0000027ed3199800, 0x0000027ed319c000, 0x0000027ed319a800, 0x0000027ed319c800,
0x0000027ed319f000, 0x0000027ed319b000, 0x0000027ed31a0000, 0x0000027ed31a1800,
0x0000027ed3571000, 0x0000027ed3573000, 0x0000027ed3574000, 0x0000027ed3575800,
0x0000027ed8a76800, 0x0000027ed8a74000, 0x0000027ed8a74800, 0x0000027ed8a77000,
0x0000027ed8a75800, 0x0000027ed8a78000, 0x0000027ed8a73000, 0x0000027ed4866800,
0x0000027ed486b800, 0x0000027ed486c800, 0x0000027ed486d000, 0x0000027ed4867800,
0x0000027ed4868000, 0x0000027ed4869000, 0x0000027ed486a800, 0x0000027ed8a72800,
0x0000027edb181000, 0x0000027edb186000, 0x0000027edb185000, 0x0000027edb184800,
0x0000027edde8d800, 0x0000027edb183800, 0x0000027edb186800, 0x0000027edb187800,
0x0000027edb182000, 0x0000027edb188800
}

Java Threads: ( => current thread )
  0x0000027eb6413000 JavaThread "main" [_thread_blocked, id=8976, stack(0x00000091eea00000,0x00000091eeb00000)]
  0x0000027ed000f000 JavaThread "Reference Handler" daemon [_thread_blocked, id=17932, stack(0x00000091ef100000,0x00000091ef200000)]
  0x0000027ed0012800 JavaThread "Finalizer" daemon [_thread_blocked, id=15644, stack(0x00000091ef200000,0x00000091ef300000)]
  0x0000027ed084d800 JavaThread "Signal Dispatcher" daemon [_thread_blocked, id=3836, stack(0x00000091ef300000,0x00000091ef400000)]
  0x0000027ed084f000 JavaThread "Attach Listener" daemon [_thread_blocked, id=2604, stack(0x00000091ef400000,0x00000091ef500000)]
  0x0000027ed0850000 JavaThread "Service Thread" daemon [_thread_blocked, id=5812, stack(0x00000091ef500000,0x00000091ef600000)]
  0x0000027ed0854800 JavaThread "C2 CompilerThread0" daemon [_thread_in_native, id=3228, stack(0x00000091ef600000,0x00000091ef700000)]
  0x0000027ed08ac000 JavaThread "C1 CompilerThread0" daemon [_thread_blocked, id=15548, stack(0x00000091ef700000,0x00000091ef800000)]
  0x0000027ed08af800 JavaThread "Sweeper thread" daemon [_thread_blocked, id=14088, stack(0x00000091ef800000,0x00000091ef900000)]
  0x0000027ed09fc000 JavaThread "Common-Cleaner" daemon [_thread_blocked, id=10704, stack(0x00000091ef900000,0x00000091efa00000)]
  0x0000027ed243c000 JavaThread "Daemon health stats" [_thread_blocked, id=19144, stack(0x00000091eff00000,0x00000091f0000000)]
  0x0000027ed2d08800 JavaThread "Incoming local TCP Connector on port 54811" [_thread_in_native, id=13428, stack(0x00000091efb00000,0x00000091efc00000)]
  0x0000027ed2e1f800 JavaThread "Daemon periodic checks" [_thread_blocked, id=13400, stack(0x00000091f0000000,0x00000091f0100000)]
  0x0000027ed1b57800 JavaThread "Daemon" [_thread_blocked, id=15928, stack(0x00000091f0100000,0x00000091f0200000)]
  0x0000027ed18c4000 JavaThread "Daemon worker" [_thread_blocked, id=17440, stack(0x00000091f0400000,0x00000091f0500000)]
  0x0000027ed356f000 JavaThread "Cache worker for file hash cache (C:\Users\tukta\Documents\GitHub\material-components-android-examples\MaterialThemeBuilder\.gradle\caches\7.0.2\fileHashes)" [_thread_blocked, id=18584, stack(0x00000091f0900000,0x00000091f0a00000)]
  0x0000027ed3572800 JavaThread "File lock request listener" [_thread_in_native, id=2880, stack(0x00000091f0a00000,0x00000091f0b00000)]
  0x0000027ed3570000 JavaThread "Cache worker for journal cache (C:\Users\tukta\Documents\GitHub\material-components-android-examples\MaterialThemeBuilder\.gradle\caches\journal-1)" [_thread_blocked, id=18664, stack(0x00000091f0b00000,0x00000091f0c00000)]
  0x0000027ed3571800 JavaThread "File watcher server" daemon [_thread_blocked, id=9016, stack(0x00000091f0d00000,0x00000091f0e00000)]
  0x0000027ed3575000 JavaThread "File watcher consumer" daemon [_thread_blocked, id=2900, stack(0x00000091f0e00000,0x00000091f0f00000)]
  0x0000027ed3195800 JavaThread "Cache worker for execution history cache (C:\Users\tukta\Documents\GitHub\material-components-android-examples\MaterialThemeBuilder\.gradle\caches\7.0.2\executionHistory)" [_thread_blocked, id=1212, stack(0x00000091f1200000,0x00000091f1300000)]
  0x0000027ed3197000 JavaThread "jar transforms" [_thread_blocked, id=6368, stack(0x00000091f1300000,0x00000091f1400000)]
  0x0000027ed3198800 JavaThread "jar transforms Thread 2" [_thread_blocked, id=9872, stack(0x00000091f1400000,0x00000091f1500000)]
  0x0000027ed3194800 JavaThread "Cache worker for file content cache (C:\Users\tukta\Documents\GitHub\material-components-android-examples\MaterialThemeBuilder\.gradle\caches\7.0.2\fileContent)" [_thread_blocked, id=11736, stack(0x00000091f1500000,0x00000091f1600000)]
  0x0000027ed319e800 JavaThread "jar transforms Thread 3" [_thread_blocked, id=13128, stack(0x00000091f1700000,0x00000091f1800000)]
  0x0000027ed31a1000 JavaThread "jar transforms Thread 4" [_thread_blocked, id=400, stack(0x00000091f1d00000,0x00000091f1e00000)]
  0x0000027ed319d800 JavaThread "Memory manager" [_thread_blocked, id=11728, stack(0x00000091f1e00000,0x00000091f1f00000)]
  0x0000027ed3193000 JavaThread "Handler for socket connection from /127.0.0.1:54811 to /127.0.0.1:54818" [_thread_in_native, id=17756, stack(0x00000091f0200000,0x00000091f0300000)]
  0x0000027ed3199800 JavaThread "Cancel handler" [_thread_blocked, id=8392, stack(0x00000091f0300000,0x00000091f0400000)]
  0x0000027ed319c000 JavaThread "Asynchronous log dispatcher for DefaultDaemonConnection: socket connection from /127.0.0.1:54811 to /127.0.0.1:54818" [_thread_blocked, id=5860, stack(0x00000091f0500000,0x00000091f0600000)]
  0x0000027ed319a800 JavaThread "Daemon client event forwarder" [_thread_blocked, id=14808, stack(0x00000091f0700000,0x00000091f0800000)]
  0x0000027ed319c800 JavaThread "Cache worker for file hash cache (C:\Users\tukta\AndroidStudioProjects\FocusTasks\.gradle\7.0.2\fileHashes)" [_thread_blocked, id=18468, stack(0x00000091f0800000,0x00000091f0900000)]
  0x0000027ed319f000 JavaThread "Cache worker for checksums cache (C:\Users\tukta\AndroidStudioProjects\FocusTasks\.gradle\checksums)" [_thread_blocked, id=12292, stack(0x00000091f0c00000,0x00000091f0d00000)]
  0x0000027ed319b000 JavaThread "Cache worker for cache directory md-supplier (C:\Users\tukta\Documents\GitHub\material-components-android-examples\MaterialThemeBuilder\.gradle\caches\7.0.2\md-supplier)" [_thread_blocked, id=11236, stack(0x00000091f0f00000,0x00000091f1000000)]
  0x0000027ed31a0000 JavaThread "Cache worker for cache directory md-rule (C:\Users\tukta\Documents\GitHub\material-components-android-examples\MaterialThemeBuilder\.gradle\caches\7.0.2\md-rule)" [_thread_blocked, id=18524, stack(0x00000091f1000000,0x00000091f1100000)]
  0x0000027ed31a1800 JavaThread "Cache worker for dependencies-accessors (C:\Users\tukta\AndroidStudioProjects\FocusTasks\.gradle\7.0.2\dependencies-accessors)" [_thread_blocked, id=8516, stack(0x00000091f1100000,0x00000091f1200000)]
  0x0000027ed3571000 JavaThread "Cache worker for Build Output Cleanup Cache (C:\Users\tukta\AndroidStudioProjects\FocusTasks\.gradle\buildOutputCleanup)" [_thread_blocked, id=11328, stack(0x00000091f1600000,0x00000091f1700000)]
  0x0000027ed3573000 JavaThread "Build operations" [_thread_blocked, id=16772, stack(0x00000091f1900000,0x00000091f1a00000)]
  0x0000027ed3574000 JavaThread "Build operations Thread 2" [_thread_blocked, id=14520, stack(0x00000091f1a00000,0x00000091f1b00000)]
  0x0000027ed3575800 JavaThread "Build operations Thread 3" [_thread_blocked, id=12664, stack(0x00000091f1b00000,0x00000091f1c00000)]
  0x0000027ed8a76800 JavaThread "Build operations Thread 4" [_thread_blocked, id=2124, stack(0x00000091f1c00000,0x00000091f1d00000)]
  0x0000027ed8a74000 JavaThread "build event listener" [_thread_blocked, id=1332, stack(0x00000091f1f00000,0x00000091f2000000)]
  0x0000027ed8a74800 JavaThread "Execution worker for ':'" [_thread_blocked, id=5548, stack(0x00000091f2000000,0x00000091f2100000)]
  0x0000027ed8a77000 JavaThread "Execution worker for ':' Thread 2" [_thread_blocked, id=13820, stack(0x00000091f2100000,0x00000091f2200000)]
  0x0000027ed8a75800 JavaThread "Execution worker for ':' Thread 3" [_thread_blocked, id=11140, stack(0x00000091f2200000,0x00000091f2300000)]
  0x0000027ed8a78000 JavaThread "Cache worker for execution history cache (C:\Users\tukta\AndroidStudioProjects\FocusTasks\.gradle\7.0.2\executionHistory)" [_thread_blocked, id=11956, stack(0x00000091f2300000,0x00000091f2400000)]
  0x0000027ed8a73000 JavaThread "WorkerExecutor Queue Thread 3" [_thread_blocked, id=15916, stack(0x00000091f2700000,0x00000091f2800000)]
  0x0000027ed4866800 JavaThread "WorkerExecutor Queue Thread 4" [_thread_blocked, id=8188, stack(0x00000091f2900000,0x00000091f2a00000)]
  0x0000027ed486b800 JavaThread "Java2D Disposer" daemon [_thread_blocked, id=5956, stack(0x00000091f2a00000,0x00000091f2b00000)]
  0x0000027ed486c800 JavaThread "pool-4-thread-1" [_thread_blocked, id=10264, stack(0x00000091f2b00000,0x00000091f2c00000)]
  0x0000027ed486d000 JavaThread "stderr" [_thread_in_native, id=19072, stack(0x00000091f2c00000,0x00000091f2d00000)]
  0x0000027ed4867800 JavaThread "stdout" [_thread_in_native, id=3488, stack(0x00000091f2d00000,0x00000091f2e00000)]
  0x0000027ed4868000 JavaThread "WorkerExecutor Queue Thread 5" [_thread_blocked, id=18568, stack(0x00000091f2e00000,0x00000091f2f00000)]
  0x0000027ed4869000 JavaThread "RMI Scheduler(0)" daemon [_thread_blocked, id=14012, stack(0x00000091f2400000,0x00000091f2500000)]
  0x0000027ed486a800 JavaThread "RMI GC Daemon" daemon [_thread_blocked, id=8804, stack(0x00000091f2f00000,0x00000091f3000000)]
  0x0000027ed8a72800 JavaThread "RMI TCP Accept-0" daemon [_thread_in_native, id=17376, stack(0x00000091f3000000,0x00000091f3100000)]
  0x0000027edb181000 JavaThread "RMI Reaper" [_thread_blocked, id=14540, stack(0x00000091f3100000,0x00000091f3200000)]
  0x0000027edb186000 JavaThread "RMI TCP Connection(1)-127.0.0.1" daemon [_thread_in_native, id=18044, stack(0x00000091f3300000,0x00000091f3400000)]
  0x0000027edb185000 JavaThread "Cache worker for Java compile cache (C:\Users\tukta\Documents\GitHub\material-components-android-examples\MaterialThemeBuilder\.gradle\caches\7.0.2\javaCompile)" [_thread_blocked, id=484, stack(0x00000091f0600000,0x00000091f0700000)]
  0x0000027edb184800 JavaThread "Cache worker for Java compile cache (C:\Users\tukta\AndroidStudioProjects\FocusTasks\.gradle\7.0.2\javaCompile)" [_thread_blocked, id=248, stack(0x00000091f3400000,0x00000091f3500000)]
  0x0000027edde8d800 JavaThread "C2 CompilerThread1" daemon [_thread_blocked, id=10880, stack(0x00000091ee700000,0x00000091ee800000)]
  0x0000027edb183800 JavaThread "WorkerExecutor Queue Thread 6" [_thread_blocked, id=16192, stack(0x00000091ee800000,0x00000091ee900000)]
  0x0000027edb186800 JavaThread "ForkJoinPool-2-worker-3" daemon [_thread_blocked, id=18304, stack(0x00000091ee900000,0x00000091eea00000)]
  0x0000027edb187800 JavaThread "ForkJoinPool-2-worker-5" daemon [_thread_blocked, id=6808, stack(0x00000091f2800000,0x00000091f2900000)]
  0x0000027edb182000 JavaThread "ForkJoinPool-2-worker-7" daemon [_thread_blocked, id=3852, stack(0x00000091f3500000,0x00000091f3600000)]
  0x0000027edb188800 JavaThread "ForkJoinPool-2-worker-1" daemon [_thread_blocked, id=8696, stack(0x00000091f3600000,0x00000091f3700000)]

Other Threads:
=>0x0000027ed0835000 VMThread "VM Thread" [stack: 0x00000091ef000000,0x00000091ef100000] [id=14396]
  0x0000027ed0a2a800 WatcherThread [stack: 0x00000091efa00000,0x00000091efb00000] [id=5452]
  0x0000027eb642c800 GCTaskThread "GC Thread#0" [stack: 0x00000091eeb00000,0x00000091eec00000] [id=4992]
  0x0000027ed0e01800 GCTaskThread "GC Thread#1" [stack: 0x00000091efc00000,0x00000091efd00000] [id=17848]
  0x0000027ed0fe6000 GCTaskThread "GC Thread#2" [stack: 0x00000091efd00000,0x00000091efe00000] [id=14432]
  0x0000027ed1320000 GCTaskThread "GC Thread#3" [stack: 0x00000091efe00000,0x00000091eff00000] [id=18176]
  0x0000027eb645d000 ConcurrentGCThread "G1 Main Marker" [stack: 0x00000091eec00000,0x00000091eed00000] [id=18264]
  0x0000027eb645e800 ConcurrentGCThread "G1 Conc#0" [stack: 0x00000091eed00000,0x00000091eee00000] [id=19376]
  0x0000027ecfe68800 ConcurrentGCThread "G1 Refine#0" [stack: 0x00000091eee00000,0x00000091eef00000] [id=2792]
  0x0000027eddd84800 ConcurrentGCThread "G1 Refine#1" [stack: 0x00000091f3200000,0x00000091f3300000] [id=9760]
  0x0000027eb64ed000 ConcurrentGCThread "G1 Young RemSet Sampling" [stack: 0x00000091eef00000,0x00000091ef000000] [id=16132]

Threads with active compile tasks:
C2 CompilerThread0 101550 26033 %     4       com.android.tools.r8.code.w1::a @ 20 (4137 bytes)
C2 CompilerThread1 101550 26100       4       com.android.tools.r8.graph.X$$Lambda$1234/0x0000000100e91040::a (5 bytes)

VM state:at safepoint (normal execution)

VM Mutex/Monitor currently owned by a thread:  ([mutex/lock_event])
[0x0000027eb640f450] Threads_lock - owner thread: 0x0000027ed0835000
[0x0000027eb640e400] Heap_lock - owner thread: 0x0000027ed4866800

Heap address: 0x0000000080000000, size: 2048 MB, Compressed Oops mode: 32-bit
Narrow klass base: 0x0000000000000000, Narrow klass shift: 3
Compressed class space size: 1073741824 Address: 0x0000000100000000

Heap:
 garbage-first heap   total 617472K, used 246106K [0x0000000080000000, 0x0000000100000000)
  region size 1024K, 2 young (2048K), 2 survivors (2048K)
 Metaspace       used 150618K, capacity 155004K, committed 155340K, reserved 1183744K
  class space    used 18617K, capacity 20310K, committed 20428K, reserved 1048576K
Heap Regions: E=young(eden), S=young(survivor), O=old, HS=humongous(starts), HC=humongous(continues), CS=collection set, F=free, A=archive, TAMS=top-at-mark-start (previous, next)
|   0|0x0000000080000000, 0x0000000080100000, 0x0000000080100000|100%|HS|  |TAMS 0x0000000080100000, 0x0000000080000000| Complete 
|   1|0x0000000080100000, 0x0000000080200000, 0x0000000080200000|100%|HC|  |TAMS 0x0000000080200000, 0x0000000080100000| Complete 
|   2|0x0000000080200000, 0x0000000080300000, 0x0000000080300000|100%|HC|  |TAMS 0x0000000080300000, 0x0000000080200000| Complete 
|   3|0x0000000080300000, 0x0000000080400000, 0x0000000080400000|100%| O|  |TAMS 0x0000000080400000, 0x0000000080300000| Untracked 
|   4|0x0000000080400000, 0x0000000080500000, 0x0000000080500000|100%| O|  |TAMS 0x0000000080500000, 0x0000000080400000| Untracked 
|   5|0x0000000080500000, 0x0000000080600000, 0x0000000080600000|100%| O|  |TAMS 0x0000000080600000, 0x0000000080500000| Untracked 
|   6|0x0000000080600000, 0x0000000080700000, 0x0000000080700000|100%| O|  |TAMS 0x0000000080700000, 0x0000000080600000| Untracked 
|   7|0x0000000080700000, 0x0000000080800000, 0x0000000080800000|100%| O|  |TAMS 0x0000000080800000, 0x0000000080700000| Untracked 
|   8|0x0000000080800000, 0x0000000080900000, 0x0000000080900000|100%| O|  |TAMS 0x0000000080900000, 0x0000000080800000| Untracked 
|   9|0x0000000080900000, 0x0000000080a00000, 0x0000000080a00000|100%| O|  |TAMS 0x0000000080a00000, 0x0000000080900000| Untracked 
|  10|0x0000000080a00000, 0x0000000080b00000, 0x0000000080b00000|100%| O|  |TAMS 0x0000000080b00000, 0x0000000080a00000| Untracked 
|  11|0x0000000080b00000, 0x0000000080c00000, 0x0000000080c00000|100%| O|  |TAMS 0x0000000080c00000, 0x0000000080b00000| Untracked 
|  12|0x0000000080c00000, 0x0000000080d00000, 0x0000000080d00000|100%| O|  |TAMS 0x0000000080d00000, 0x0000000080c00000| Complete 
|  13|0x0000000080d00000, 0x0000000080e00000, 0x0000000080e00000|100%| O|  |TAMS 0x0000000080e00000, 0x0000000080d00000| Untracked 
|  14|0x0000000080e00000, 0x0000000080f00000, 0x0000000080f00000|100%| O|  |TAMS 0x0000000080f00000, 0x0000000080e00000| Complete 
|  15|0x0000000080f00000, 0x0000000081000000, 0x0000000081000000|100%|HS|  |TAMS 0x0000000081000000, 0x0000000080f00000| Complete 
|  16|0x0000000081000000, 0x0000000081100000, 0x0000000081100000|100%|HS|  |TAMS 0x0000000081100000, 0x0000000081000000| Complete 
|  17|0x0000000081100000, 0x0000000081200000, 0x0000000081200000|100%|HS|  |TAMS 0x0000000081200000, 0x0000000081100000| Complete 
|  18|0x0000000081200000, 0x0000000081300000, 0x0000000081300000|100%| O|  |TAMS 0x0000000081300000, 0x0000000081200000| Untracked 
|  19|0x0000000081300000, 0x0000000081400000, 0x0000000081400000|100%| O|  |TAMS 0x0000000081400000, 0x0000000081300000| Untracked 
|  20|0x0000000081400000, 0x0000000081500000, 0x0000000081500000|100%| O|  |TAMS 0x0000000081500000, 0x0000000081400000| Untracked 
|  21|0x0000000081500000, 0x0000000081600000, 0x0000000081600000|100%|HS|  |TAMS 0x0000000081600000, 0x0000000081500000| Complete 
|  22|0x0000000081600000, 0x0000000081700000, 0x0000000081700000|100%|HC|  |TAMS 0x0000000081700000, 0x0000000081600000| Complete 
|  23|0x0000000081700000, 0x0000000081800000, 0x0000000081800000|100%|HC|  |TAMS 0x0000000081800000, 0x0000000081700000| Complete 
|  24|0x0000000081800000, 0x0000000081900000, 0x0000000081900000|100%|HS|  |TAMS 0x0000000081900000, 0x0000000081800000| Complete 
|  25|0x0000000081900000, 0x0000000081a00000, 0x0000000081a00000|100%|HC|  |TAMS 0x0000000081a00000, 0x0000000081900000| Complete 
|  26|0x0000000081a00000, 0x0000000081b00000, 0x0000000081b00000|100%| O|  |TAMS 0x0000000081b00000, 0x0000000081a00000| Untracked 
|  27|0x0000000081b00000, 0x0000000081c00000, 0x0000000081c00000|100%| O|  |TAMS 0x0000000081c00000, 0x0000000081b00000| Untracked 
|  28|0x0000000081c00000, 0x0000000081d00000, 0x0000000081d00000|100%| O|  |TAMS 0x0000000081d00000, 0x0000000081c00000| Untracked 
|  29|0x0000000081d00000, 0x0000000081e00000, 0x0000000081e00000|100%| O|  |TAMS 0x0000000081e00000, 0x0000000081d00000| Complete 
|  30|0x0000000081e00000, 0x0000000081f00000, 0x0000000081f00000|100%| O|  |TAMS 0x0000000081f00000, 0x0000000081e00000| Complete 
|  31|0x0000000081f00000, 0x0000000081f00000, 0x0000000082000000|  0%| F|  |TAMS 0x0000000081f00000, 0x0000000081f00000| Untracked 
|  32|0x0000000082000000, 0x0000000082100000, 0x0000000082100000|100%| O|  |TAMS 0x0000000082100000, 0x0000000082000000| Untracked 
|  33|0x0000000082100000, 0x0000000082200000, 0x0000000082200000|100%| O|  |TAMS 0x0000000082200000, 0x0000000082100000| Untracked 
|  34|0x0000000082200000, 0x0000000082300000, 0x0000000082300000|100%| O|  |TAMS 0x0000000082300000, 0x0000000082200000| Complete 
|  35|0x0000000082300000, 0x0000000082400000, 0x0000000082400000|100%| O|  |TAMS 0x0000000082400000, 0x0000000082300000| Untracked 
|  36|0x0000000082400000, 0x0000000082500000, 0x0000000082500000|100%| O|  |TAMS 0x0000000082500000, 0x0000000082400000| Untracked 
|  37|0x0000000082500000, 0x0000000082600000, 0x0000000082600000|100%| O|  |TAMS 0x0000000082600000, 0x0000000082500000| Untracked 
|  38|0x0000000082600000, 0x0000000082700000, 0x0000000082700000|100%| O|  |TAMS 0x0000000082700000, 0x0000000082600000| Untracked 
|  39|0x0000000082700000, 0x0000000082800000, 0x0000000082800000|100%| O|  |TAMS 0x0000000082800000, 0x0000000082700000| Untracked 
|  40|0x0000000082800000, 0x0000000082900000, 0x0000000082900000|100%| O|  |TAMS 0x0000000082900000, 0x0000000082800000| Untracked 
|  41|0x0000000082900000, 0x0000000082900000, 0x0000000082a00000|  0%| F|  |TAMS 0x0000000082900000, 0x0000000082900000| Untracked 
|  42|0x0000000082a00000, 0x0000000082b00000, 0x0000000082b00000|100%| O|  |TAMS 0x0000000082b00000, 0x0000000082a00000| Untracked 
|  43|0x0000000082b00000, 0x0000000082c00000, 0x0000000082c00000|100%| O|  |TAMS 0x0000000082c00000, 0x0000000082b00000| Complete 
|  44|0x0000000082c00000, 0x0000000082d00000, 0x0000000082d00000|100%| O|  |TAMS 0x0000000082d00000, 0x0000000082c00000| Complete 
|  45|0x0000000082d00000, 0x0000000082e00000, 0x0000000082e00000|100%| O|  |TAMS 0x0000000082e00000, 0x0000000082d00000| Untracked 
|  46|0x0000000082e00000, 0x0000000082f00000, 0x0000000082f00000|100%| O|  |TAMS 0x0000000082f00000, 0x0000000082e00000| Untracked 
|  47|0x0000000082f00000, 0x0000000083000000, 0x0000000083000000|100%| O|  |TAMS 0x0000000083000000, 0x0000000082f00000| Untracked 
|  48|0x0000000083000000, 0x0000000083100000, 0x0000000083100000|100%| O|  |TAMS 0x0000000083100000, 0x0000000083000000| Untracked 
|  49|0x0000000083100000, 0x0000000083200000, 0x0000000083200000|100%| O|  |TAMS 0x0000000083200000, 0x0000000083100000| Untracked 
|  50|0x0000000083200000, 0x0000000083300000, 0x0000000083300000|100%| O|  |TAMS 0x0000000083300000, 0x0000000083200000| Complete 
|  51|0x0000000083300000, 0x0000000083400000, 0x0000000083400000|100%| O|  |TAMS 0x0000000083400000, 0x0000000083300000| Untracked 
|  52|0x0000000083400000, 0x0000000083500000, 0x0000000083500000|100%| O|  |TAMS 0x0000000083500000, 0x0000000083400000| Untracked 
|  53|0x0000000083500000, 0x0000000083600000, 0x0000000083600000|100%| O|  |TAMS 0x0000000083600000, 0x0000000083500000| Untracked 
|  54|0x0000000083600000, 0x0000000083700000, 0x0000000083700000|100%| O|  |TAMS 0x0000000083700000, 0x0000000083600000| Untracked 
|  55|0x0000000083700000, 0x0000000083800000, 0x0000000083800000|100%| O|  |TAMS 0x0000000083800000, 0x0000000083700000| Untracked 
|  56|0x0000000083800000, 0x0000000083900000, 0x0000000083900000|100%| O|  |TAMS 0x0000000083900000, 0x0000000083800000| Untracked 
|  57|0x0000000083900000, 0x0000000083a00000, 0x0000000083a00000|100%| O|  |TAMS 0x0000000083a00000, 0x0000000083900000| Complete 
|  58|0x0000000083a00000, 0x0000000083b00000, 0x0000000083b00000|100%| O|  |TAMS 0x0000000083b00000, 0x0000000083a00000| Untracked 
|  59|0x0000000083b00000, 0x0000000083c00000, 0x0000000083c00000|100%| O|  |TAMS 0x0000000083c00000, 0x0000000083b00000| Untracked 
|  60|0x0000000083c00000, 0x0000000083d00000, 0x0000000083d00000|100%| O|  |TAMS 0x0000000083d00000, 0x0000000083c00000| Complete 
|  61|0x0000000083d00000, 0x0000000083e00000, 0x0000000083e00000|100%| O|  |TAMS 0x0000000083e00000, 0x0000000083d00000| Complete 
|  62|0x0000000083e00000, 0x0000000083f00000, 0x0000000083f00000|100%| O|  |TAMS 0x0000000083f00000, 0x0000000083e00000| Untracked 
|  63|0x0000000083f00000, 0x0000000084000000, 0x0000000084000000|100%| O|  |TAMS 0x0000000084000000, 0x0000000083f00000| Complete 
|  64|0x0000000084000000, 0x0000000084100000, 0x0000000084100000|100%| O|  |TAMS 0x0000000084000000, 0x0000000084000000| Untracked 
|  65|0x0000000084100000, 0x0000000084200000, 0x0000000084200000|100%| O|  |TAMS 0x0000000084200000, 0x0000000084100000| Untracked 
|  66|0x0000000084200000, 0x0000000084300000, 0x0000000084300000|100%| O|  |TAMS 0x0000000084300000, 0x0000000084200000| Complete 
|  67|0x0000000084300000, 0x0000000084400000, 0x0000000084400000|100%| O|  |TAMS 0x0000000084400000, 0x0000000084300000| Complete 
|  68|0x0000000084400000, 0x0000000084500000, 0x0000000084500000|100%| O|  |TAMS 0x0000000084500000, 0x0000000084400000| Untracked 
|  69|0x0000000084500000, 0x0000000084600000, 0x0000000084600000|100%| O|  |TAMS 0x0000000084600000, 0x0000000084500000| Untracked 
|  70|0x0000000084600000, 0x0000000084700000, 0x0000000084700000|100%| O|  |TAMS 0x0000000084700000, 0x0000000084600000| Untracked 
|  71|0x0000000084700000, 0x0000000084800000, 0x0000000084800000|100%| O|  |TAMS 0x0000000084800000, 0x0000000084700000| Complete 
|  72|0x0000000084800000, 0x0000000084900000, 0x0000000084900000|100%| O|  |TAMS 0x0000000084900000, 0x0000000084800000| Untracked 
|  73|0x0000000084900000, 0x0000000084a00000, 0x0000000084a00000|100%| O|  |TAMS 0x0000000084a00000, 0x0000000084900000| Untracked 
|  74|0x0000000084a00000, 0x0000000084b00000, 0x0000000084b00000|100%| O|  |TAMS 0x0000000084b00000, 0x0000000084a00000| Untracked 
|  75|0x0000000084b00000, 0x0000000084c00000, 0x0000000084c00000|100%| O|  |TAMS 0x0000000084c00000, 0x0000000084b00000| Untracked 
|  76|0x0000000084c00000, 0x0000000084d00000, 0x0000000084d00000|100%| O|  |TAMS 0x0000000084d00000, 0x0000000084c00000| Complete 
|  77|0x0000000084d00000, 0x0000000084e00000, 0x0000000084e00000|100%| O|  |TAMS 0x0000000084e00000, 0x0000000084d00000| Untracked 
|  78|0x0000000084e00000, 0x0000000084f00000, 0x0000000084f00000|100%| O|  |TAMS 0x0000000084f00000, 0x0000000084e00000| Untracked 
|  79|0x0000000084f00000, 0x0000000085000000, 0x0000000085000000|100%| O|  |TAMS 0x0000000085000000, 0x0000000084f00000| Untracked 
|  80|0x0000000085000000, 0x0000000085100000, 0x0000000085100000|100%| O|  |TAMS 0x0000000085100000, 0x0000000085000000| Complete 
|  81|0x0000000085100000, 0x0000000085200000, 0x0000000085200000|100%| O|  |TAMS 0x0000000085200000, 0x0000000085100000| Untracked 
|  82|0x0000000085200000, 0x0000000085300000, 0x0000000085300000|100%| O|  |TAMS 0x0000000085300000, 0x0000000085200000| Untracked 
|  83|0x0000000085300000, 0x0000000085400000, 0x0000000085400000|100%| O|  |TAMS 0x0000000085400000, 0x0000000085300000| Untracked 
|  84|0x0000000085400000, 0x0000000085500000, 0x0000000085500000|100%| O|  |TAMS 0x0000000085500000, 0x0000000085400000| Untracked 
|  85|0x0000000085500000, 0x0000000085600000, 0x0000000085600000|100%| O|  |TAMS 0x0000000085600000, 0x0000000085500000| Untracked 
|  86|0x0000000085600000, 0x0000000085700000, 0x0000000085700000|100%| O|  |TAMS 0x0000000085700000, 0x0000000085600000| Untracked 
|  87|0x0000000085700000, 0x0000000085800000, 0x0000000085800000|100%| O|  |TAMS 0x0000000085800000, 0x0000000085700000| Untracked 
|  88|0x0000000085800000, 0x0000000085900000, 0x0000000085900000|100%| O|  |TAMS 0x0000000085900000, 0x0000000085800000| Untracked 
|  89|0x0000000085900000, 0x0000000085a00000, 0x0000000085a00000|100%| O|  |TAMS 0x0000000085a00000, 0x0000000085900000| Untracked 
|  90|0x0000000085a00000, 0x0000000085b00000, 0x0000000085b00000|100%| O|  |TAMS 0x0000000085b00000, 0x0000000085a00000| Complete 
|  91|0x0000000085b00000, 0x0000000085c00000, 0x0000000085c00000|100%| O|  |TAMS 0x0000000085c00000, 0x0000000085b00000| Untracked 
|  92|0x0000000085c00000, 0x0000000085d00000, 0x0000000085d00000|100%| O|  |TAMS 0x0000000085d00000, 0x0000000085c00000| Untracked 
|  93|0x0000000085d00000, 0x0000000085e00000, 0x0000000085e00000|100%| O|  |TAMS 0x0000000085e00000, 0x0000000085d00000| Untracked 
|  94|0x0000000085e00000, 0x0000000085f00000, 0x0000000085f00000|100%| O|  |TAMS 0x0000000085f00000, 0x0000000085e00000| Untracked 
|  95|0x0000000085f00000, 0x0000000085f00000, 0x0000000086000000|  0%| F|  |TAMS 0x0000000085f00000, 0x0000000085f00000| Untracked 
|  96|0x0000000086000000, 0x0000000086100000, 0x0000000086100000|100%| O|  |TAMS 0x0000000086100000, 0x0000000086000000| Untracked 
|  97|0x0000000086100000, 0x0000000086200000, 0x0000000086200000|100%| O|  |TAMS 0x0000000086200000, 0x0000000086100000| Untracked 
|  98|0x0000000086200000, 0x0000000086300000, 0x0000000086300000|100%| O|  |TAMS 0x0000000086300000, 0x0000000086200000| Complete 
|  99|0x0000000086300000, 0x0000000086300000, 0x0000000086400000|  0%| F|  |TAMS 0x0000000086300000, 0x0000000086300000| Untracked 
| 100|0x0000000086400000, 0x0000000086500000, 0x0000000086500000|100%| O|  |TAMS 0x0000000086500000, 0x0000000086400000| Complete 
| 101|0x0000000086500000, 0x0000000086600000, 0x0000000086600000|100%| O|  |TAMS 0x0000000086600000, 0x0000000086500000| Complete 
| 102|0x0000000086600000, 0x0000000086700000, 0x0000000086700000|100%| O|  |TAMS 0x0000000086700000, 0x0000000086600000| Complete 
| 103|0x0000000086700000, 0x0000000086800000, 0x0000000086800000|100%| O|  |TAMS 0x0000000086800000, 0x0000000086700000| Untracked 
| 104|0x0000000086800000, 0x0000000086800000, 0x0000000086900000|  0%| F|  |TAMS 0x0000000086800000, 0x0000000086800000| Untracked 
| 105|0x0000000086900000, 0x0000000086a00000, 0x0000000086a00000|100%| O|  |TAMS 0x0000000086a00000, 0x0000000086900000| Untracked 
| 106|0x0000000086a00000, 0x0000000086a00000, 0x0000000086b00000|  0%| F|  |TAMS 0x0000000086a00000, 0x0000000086a00000| Untracked 
| 107|0x0000000086b00000, 0x0000000086c00000, 0x0000000086c00000|100%| O|  |TAMS 0x0000000086c00000, 0x0000000086b00000| Untracked 
| 108|0x0000000086c00000, 0x0000000086d00000, 0x0000000086d00000|100%| O|  |TAMS 0x0000000086d00000, 0x0000000086c00000| Untracked 
| 109|0x0000000086d00000, 0x0000000086d00000, 0x0000000086e00000|  0%| F|  |TAMS 0x0000000086d00000, 0x0000000086d00000| Untracked 
| 110|0x0000000086e00000, 0x0000000086f00000, 0x0000000086f00000|100%| O|  |TAMS 0x0000000086f00000, 0x0000000086e00000| Complete 
| 111|0x0000000086f00000, 0x0000000087000000, 0x0000000087000000|100%| O|  |TAMS 0x0000000087000000, 0x0000000086f00000| Complete 
| 112|0x0000000087000000, 0x0000000087100000, 0x0000000087100000|100%| O|  |TAMS 0x0000000087100000, 0x0000000087000000| Untracked 
| 113|0x0000000087100000, 0x0000000087200000, 0x0000000087200000|100%|HS|  |TAMS 0x0000000087200000, 0x0000000087100000| Complete 
| 114|0x0000000087200000, 0x0000000087300000, 0x0000000087300000|100%| O|  |TAMS 0x0000000087200000, 0x0000000087200000| Untracked 
| 115|0x0000000087300000, 0x0000000087400000, 0x0000000087400000|100%| O|  |TAMS 0x0000000087300000, 0x0000000087300000| Untracked 
| 116|0x0000000087400000, 0x0000000087500000, 0x0000000087500000|100%| O|  |TAMS 0x0000000087500000, 0x0000000087400000| Untracked 
| 117|0x0000000087500000, 0x0000000087600000, 0x0000000087600000|100%|HS|  |TAMS 0x0000000087600000, 0x0000000087500000| Complete 
| 118|0x0000000087600000, 0x0000000087600000, 0x0000000087700000|  0%| F|  |TAMS 0x0000000087600000, 0x0000000087600000| Untracked 
| 119|0x0000000087700000, 0x0000000087800000, 0x0000000087800000|100%|HS|  |TAMS 0x0000000087800000, 0x0000000087700000| Complete 
| 120|0x0000000087800000, 0x0000000087800000, 0x0000000087900000|  0%| F|  |TAMS 0x0000000087800000, 0x0000000087800000| Untracked 
| 121|0x0000000087900000, 0x0000000087a00000, 0x0000000087a00000|100%| O|  |TAMS 0x0000000087a00000, 0x0000000087900000| Untracked 
| 122|0x0000000087a00000, 0x0000000087a00000, 0x0000000087b00000|  0%| F|  |TAMS 0x0000000087a00000, 0x0000000087a00000| Untracked 
| 123|0x0000000087b00000, 0x0000000087c00000, 0x0000000087c00000|100%| O|  |TAMS 0x0000000087b00000, 0x0000000087b00000| Untracked 
| 124|0x0000000087c00000, 0x0000000087d00000, 0x0000000087d00000|100%| O|  |TAMS 0x0000000087d00000, 0x0000000087c00000| Untracked 
| 125|0x0000000087d00000, 0x0000000087e00000, 0x0000000087e00000|100%| O|  |TAMS 0x0000000087e00000, 0x0000000087d00000| Untracked 
| 126|0x0000000087e00000, 0x0000000087f00000, 0x0000000087f00000|100%| O|  |TAMS 0x0000000087f00000, 0x0000000087e00000| Complete 
| 127|0x0000000087f00000, 0x0000000087f00000, 0x0000000088000000|  0%| F|  |TAMS 0x0000000087f00000, 0x0000000087f00000| Untracked 
| 128|0x0000000088000000, 0x0000000088000000, 0x0000000088100000|  0%| F|  |TAMS 0x0000000088000000, 0x0000000088000000| Untracked 
| 129|0x0000000088100000, 0x0000000088100000, 0x0000000088200000|  0%| F|  |TAMS 0x0000000088100000, 0x0000000088100000| Untracked 
| 130|0x0000000088200000, 0x0000000088200000, 0x0000000088300000|  0%| F|  |TAMS 0x0000000088200000, 0x0000000088200000| Untracked 
| 131|0x0000000088300000, 0x0000000088300000, 0x0000000088400000|  0%| F|  |TAMS 0x0000000088300000, 0x0000000088300000| Untracked 
| 132|0x0000000088400000, 0x0000000088500000, 0x0000000088500000|100%| O|  |TAMS 0x0000000088500000, 0x0000000088400000| Complete 
| 133|0x0000000088500000, 0x0000000088600000, 0x0000000088600000|100%| O|  |TAMS 0x0000000088600000, 0x0000000088500000| Complete 
| 134|0x0000000088600000, 0x0000000088700000, 0x0000000088700000|100%| O|  |TAMS 0x0000000088700000, 0x0000000088600000| Complete 
| 135|0x0000000088700000, 0x0000000088700000, 0x0000000088800000|  0%| F|  |TAMS 0x0000000088700000, 0x0000000088700000| Untracked 
| 136|0x0000000088800000, 0x0000000088900000, 0x0000000088900000|100%| O|  |TAMS 0x0000000088900000, 0x0000000088800000| Complete 
| 137|0x0000000088900000, 0x0000000088a00000, 0x0000000088a00000|100%| O|  |TAMS 0x0000000088a00000, 0x0000000088900000| Complete 
| 138|0x0000000088a00000, 0x0000000088b00000, 0x0000000088b00000|100%| O|  |TAMS 0x0000000088b00000, 0x0000000088a00000| Untracked 
| 139|0x0000000088b00000, 0x0000000088c00000, 0x0000000088c00000|100%| O|  |TAMS 0x0000000088c00000, 0x0000000088b00000| Untracked 
| 140|0x0000000088c00000, 0x0000000088d00000, 0x0000000088d00000|100%| O|  |TAMS 0x0000000088d00000, 0x0000000088c00000| Complete 
| 141|0x0000000088d00000, 0x0000000088e00000, 0x0000000088e00000|100%| O|  |TAMS 0x0000000088e00000, 0x0000000088d00000| Untracked 
| 142|0x0000000088e00000, 0x0000000088f00000, 0x0000000088f00000|100%| O|  |TAMS 0x0000000088ed5800, 0x0000000088e00000| Complete 
| 143|0x0000000088f00000, 0x0000000088f00000, 0x0000000089000000|  0%| F|  |TAMS 0x0000000088f00000, 0x0000000088f00000| Untracked 
| 144|0x0000000089000000, 0x0000000089100000, 0x0000000089100000|100%|HS|  |TAMS 0x0000000089000000, 0x0000000089000000| Complete 
| 145|0x0000000089100000, 0x0000000089200000, 0x0000000089200000|100%|HS|  |TAMS 0x0000000089100000, 0x0000000089100000| Complete 
| 146|0x0000000089200000, 0x0000000089300000, 0x0000000089300000|100%| O|  |TAMS 0x0000000089200000, 0x0000000089200000| Untracked 
| 147|0x0000000089300000, 0x0000000089400000, 0x0000000089400000|100%| O|  |TAMS 0x0000000089300000, 0x0000000089300000| Untracked 
| 148|0x0000000089400000, 0x0000000089500000, 0x0000000089500000|100%| O|  |TAMS 0x0000000089500000, 0x0000000089400000| Complete 
| 149|0x0000000089500000, 0x0000000089600000, 0x0000000089600000|100%|HS|  |TAMS 0x0000000089600000, 0x0000000089500000| Complete 
| 150|0x0000000089600000, 0x0000000089700000, 0x0000000089700000|100%|HC|  |TAMS 0x0000000089700000, 0x0000000089600000| Complete 
| 151|0x0000000089700000, 0x0000000089800000, 0x0000000089800000|100%|HC|  |TAMS 0x0000000089800000, 0x0000000089700000| Complete 
| 152|0x0000000089800000, 0x0000000089900000, 0x0000000089900000|100%|HC|  |TAMS 0x0000000089900000, 0x0000000089800000| Complete 
| 153|0x0000000089900000, 0x0000000089a00000, 0x0000000089a00000|100%|HC|  |TAMS 0x0000000089a00000, 0x0000000089900000| Complete 
| 154|0x0000000089a00000, 0x0000000089b00000, 0x0000000089b00000|100%|HC|  |TAMS 0x0000000089b00000, 0x0000000089a00000| Complete 
| 155|0x0000000089b00000, 0x0000000089c00000, 0x0000000089c00000|100%|HC|  |TAMS 0x0000000089c00000, 0x0000000089b00000| Complete 
| 156|0x0000000089c00000, 0x0000000089d00000, 0x0000000089d00000|100%|HC|  |TAMS 0x0000000089d00000, 0x0000000089c00000| Complete 
| 157|0x0000000089d00000, 0x0000000089e00000, 0x0000000089e00000|100%|HC|  |TAMS 0x0000000089e00000, 0x0000000089d00000| Complete 
| 158|0x0000000089e00000, 0x0000000089f00000, 0x0000000089f00000|100%|HC|  |TAMS 0x0000000089f00000, 0x0000000089e00000| Complete 
| 159|0x0000000089f00000, 0x0000000089f00000, 0x000000008a000000|  0%| F|  |TAMS 0x0000000089f00000, 0x0000000089f00000| Untracked 
| 160|0x000000008a000000, 0x000000008a100000, 0x000000008a100000|100%| O|  |TAMS 0x000000008a000000, 0x000000008a000000| Untracked 
| 161|0x000000008a100000, 0x000000008a200000, 0x000000008a200000|100%| O|  |TAMS 0x000000008a100000, 0x000000008a100000| Untracked 
| 162|0x000000008a200000, 0x000000008a300000, 0x000000008a300000|100%| O|  |TAMS 0x000000008a200000, 0x000000008a200000| Untracked 
| 163|0x000000008a300000, 0x000000008a400000, 0x000000008a400000|100%| O|  |TAMS 0x000000008a300000, 0x000000008a300000| Untracked 
| 164|0x000000008a400000, 0x000000008a500000, 0x000000008a500000|100%| O|  |TAMS 0x000000008a400000, 0x000000008a400000| Untracked 
| 165|0x000000008a500000, 0x000000008a500000, 0x000000008a600000|  0%| F|  |TAMS 0x000000008a500000, 0x000000008a500000| Untracked 
| 166|0x000000008a600000, 0x000000008a600000, 0x000000008a700000|  0%| F|  |TAMS 0x000000008a600000, 0x000000008a600000| Untracked 
| 167|0x000000008a700000, 0x000000008a800000, 0x000000008a800000|100%| O|  |TAMS 0x000000008a800000, 0x000000008a700000| Complete 
| 168|0x000000008a800000, 0x000000008a900000, 0x000000008a900000|100%| O|  |TAMS 0x000000008a900000, 0x000000008a800000| Complete 
| 169|0x000000008a900000, 0x000000008aa00000, 0x000000008aa00000|100%| O|  |TAMS 0x000000008a900000, 0x000000008a900000| Untracked 
| 170|0x000000008aa00000, 0x000000008ab00000, 0x000000008ab00000|100%| O|  |TAMS 0x000000008aa00000, 0x000000008aa00000| Untracked 
| 171|0x000000008ab00000, 0x000000008ac00000, 0x000000008ac00000|100%| O|  |TAMS 0x000000008ac00000, 0x000000008ab00000| Complete 
| 172|0x000000008ac00000, 0x000000008ad00000, 0x000000008ad00000|100%| O|  |TAMS 0x000000008ac00000, 0x000000008ac00000| Untracked 
| 173|0x000000008ad00000, 0x000000008ae00000, 0x000000008ae00000|100%| O|  |TAMS 0x000000008ad00000, 0x000000008ad00000| Untracked 
| 174|0x000000008ae00000, 0x000000008af00000, 0x000000008af00000|100%| O|  |TAMS 0x000000008af00000, 0x000000008ae00000| Complete 
| 175|0x000000008af00000, 0x000000008b000000, 0x000000008b000000|100%| O|  |TAMS 0x000000008b000000, 0x000000008af00000| Complete 
| 176|0x000000008b000000, 0x000000008b100000, 0x000000008b100000|100%| O|  |TAMS 0x000000008b100000, 0x000000008b000000| Complete 
| 177|0x000000008b100000, 0x000000008b200000, 0x000000008b200000|100%| O|  |TAMS 0x000000008b200000, 0x000000008b100000| Complete 
| 178|0x000000008b200000, 0x000000008b300000, 0x000000008b300000|100%| O|  |TAMS 0x000000008b300000, 0x000000008b200000| Complete 
| 179|0x000000008b300000, 0x000000008b400000, 0x000000008b400000|100%| O|  |TAMS 0x000000008b400000, 0x000000008b300000| Complete 
| 180|0x000000008b400000, 0x000000008b500000, 0x000000008b500000|100%| O|  |TAMS 0x000000008b500000, 0x000000008b400000| Complete 
| 181|0x000000008b500000, 0x000000008b500000, 0x000000008b600000|  0%| F|  |TAMS 0x000000008b500000, 0x000000008b500000| Untracked 
| 182|0x000000008b600000, 0x000000008b600000, 0x000000008b700000|  0%| F|  |TAMS 0x000000008b600000, 0x000000008b600000| Untracked 
| 183|0x000000008b700000, 0x000000008b700000, 0x000000008b800000|  0%| F|  |TAMS 0x000000008b700000, 0x000000008b700000| Untracked 
| 184|0x000000008b800000, 0x000000008b800000, 0x000000008b900000|  0%| F|  |TAMS 0x000000008b800000, 0x000000008b800000| Untracked 
| 185|0x000000008b900000, 0x000000008b900000, 0x000000008ba00000|  0%| F|  |TAMS 0x000000008b900000, 0x000000008b900000| Untracked 
| 186|0x000000008ba00000, 0x000000008ba00000, 0x000000008bb00000|  0%| F|  |TAMS 0x000000008ba00000, 0x000000008ba00000| Untracked 
| 187|0x000000008bb00000, 0x000000008bb00000, 0x000000008bc00000|  0%| F|  |TAMS 0x000000008bb00000, 0x000000008bb00000| Untracked 
| 188|0x000000008bc00000, 0x000000008bc00000, 0x000000008bd00000|  0%| F|  |TAMS 0x000000008bc00000, 0x000000008bc00000| Untracked 
| 189|0x000000008bd00000, 0x000000008bd00000, 0x000000008be00000|  0%| F|  |TAMS 0x000000008bd00000, 0x000000008bd00000| Untracked 
| 190|0x000000008be00000, 0x000000008bf00000, 0x000000008bf00000|100%| O|  |TAMS 0x000000008be00000, 0x000000008be00000| Untracked 
| 191|0x000000008bf00000, 0x000000008bf00000, 0x000000008c000000|  0%| F|  |TAMS 0x000000008bf00000, 0x000000008bf00000| Untracked 
| 192|0x000000008c000000, 0x000000008c000000, 0x000000008c100000|  0%| F|  |TAMS 0x000000008c000000, 0x000000008c000000| Untracked 
| 193|0x000000008c100000, 0x000000008c100000, 0x000000008c200000|  0%| F|  |TAMS 0x000000008c100000, 0x000000008c100000| Untracked 
| 194|0x000000008c200000, 0x000000008c200000, 0x000000008c300000|  0%| F|  |TAMS 0x000000008c200000, 0x000000008c200000| Untracked 
| 195|0x000000008c300000, 0x000000008c300000, 0x000000008c400000|  0%| F|  |TAMS 0x000000008c300000, 0x000000008c300000| Untracked 
| 196|0x000000008c400000, 0x000000008c400000, 0x000000008c500000|  0%| F|  |TAMS 0x000000008c400000, 0x000000008c400000| Untracked 
| 197|0x000000008c500000, 0x000000008c600000, 0x000000008c600000|100%| O|  |TAMS 0x000000008c500000, 0x000000008c500000| Untracked 
| 198|0x000000008c600000, 0x000000008c700000, 0x000000008c700000|100%| O|  |TAMS 0x000000008c600000, 0x000000008c600000| Untracked 
| 199|0x000000008c700000, 0x000000008c800000, 0x000000008c800000|100%| O|  |TAMS 0x000000008c700000, 0x000000008c700000| Untracked 
| 200|0x000000008c800000, 0x000000008c900000, 0x000000008c900000|100%| O|  |TAMS 0x000000008c800000, 0x000000008c800000| Untracked 
| 201|0x000000008c900000, 0x000000008ca00000, 0x000000008ca00000|100%| O|  |TAMS 0x000000008c900000, 0x000000008c900000| Untracked 
| 202|0x000000008ca00000, 0x000000008cb00000, 0x000000008cb00000|100%| O|  |TAMS 0x000000008cb00000, 0x000000008ca00000| Complete 
| 203|0x000000008cb00000, 0x000000008cc00000, 0x000000008cc00000|100%| O|  |TAMS 0x000000008cc00000, 0x000000008cb00000| Complete 
| 204|0x000000008cc00000, 0x000000008cd00000, 0x000000008cd00000|100%| O|  |TAMS 0x000000008cd00000, 0x000000008cc00000| Complete 
| 205|0x000000008cd00000, 0x000000008ce00000, 0x000000008ce00000|100%| O|  |TAMS 0x000000008ce00000, 0x000000008cd00000| Complete 
| 206|0x000000008ce00000, 0x000000008cf00000, 0x000000008cf00000|100%| O|  |TAMS 0x000000008ce00000, 0x000000008ce00000| Untracked 
| 207|0x000000008cf00000, 0x000000008d000000, 0x000000008d000000|100%| O|  |TAMS 0x000000008cf00000, 0x000000008cf00000| Untracked 
| 208|0x000000008d000000, 0x000000008d100000, 0x000000008d100000|100%| O|  |TAMS 0x000000008d000000, 0x000000008d000000| Untracked 
| 209|0x000000008d100000, 0x000000008d200000, 0x000000008d200000|100%| O|  |TAMS 0x000000008d100000, 0x000000008d100000| Untracked 
| 210|0x000000008d200000, 0x000000008d300000, 0x000000008d300000|100%| O|  |TAMS 0x000000008d200000, 0x000000008d200000| Untracked 
| 211|0x000000008d300000, 0x000000008d400000, 0x000000008d400000|100%| O|  |TAMS 0x000000008d300000, 0x000000008d300000| Untracked 
| 212|0x000000008d400000, 0x000000008d500000, 0x000000008d500000|100%| O|  |TAMS 0x000000008d500000, 0x000000008d400000| Complete 
| 213|0x000000008d500000, 0x000000008d600000, 0x000000008d600000|100%| O|  |TAMS 0x000000008d500000, 0x000000008d500000| Untracked 
| 214|0x000000008d600000, 0x000000008d700000, 0x000000008d700000|100%| O|  |TAMS 0x000000008d600000, 0x000000008d600000| Untracked 
| 215|0x000000008d700000, 0x000000008d800000, 0x000000008d800000|100%| O|  |TAMS 0x000000008d700000, 0x000000008d700000| Untracked 
| 216|0x000000008d800000, 0x000000008d900000, 0x000000008d900000|100%| O|  |TAMS 0x000000008d800000, 0x000000008d800000| Untracked 
| 217|0x000000008d900000, 0x000000008da00000, 0x000000008da00000|100%|HS|  |TAMS 0x000000008d900000, 0x000000008d900000| Complete 
| 218|0x000000008da00000, 0x000000008db00000, 0x000000008db00000|100%|HS|  |TAMS 0x000000008da00000, 0x000000008da00000| Complete 
| 219|0x000000008db00000, 0x000000008dc00000, 0x000000008dc00000|100%| O|  |TAMS 0x000000008db00000, 0x000000008db00000| Untracked 
| 220|0x000000008dc00000, 0x000000008dd00000, 0x000000008dd00000|100%| O|  |TAMS 0x000000008dc00000, 0x000000008dc00000| Untracked 
| 221|0x000000008dd00000, 0x000000008de00000, 0x000000008de00000|100%| O|  |TAMS 0x000000008dd00000, 0x000000008dd00000| Untracked 
| 222|0x000000008de00000, 0x000000008df00000, 0x000000008df00000|100%| O|  |TAMS 0x000000008de00000, 0x000000008de00000| Untracked 
| 223|0x000000008df00000, 0x000000008e000000, 0x000000008e000000|100%| O|  |TAMS 0x000000008df00000, 0x000000008df00000| Untracked 
| 224|0x000000008e000000, 0x000000008e100000, 0x000000008e100000|100%| O|  |TAMS 0x000000008e000000, 0x000000008e000000| Untracked 
| 225|0x000000008e100000, 0x000000008e200000, 0x000000008e200000|100%| O|  |TAMS 0x000000008e100000, 0x000000008e100000| Untracked 
| 226|0x000000008e200000, 0x000000008e300000, 0x000000008e300000|100%| O|  |TAMS 0x000000008e200000, 0x000000008e200000| Untracked 
| 227|0x000000008e300000, 0x000000008e400000, 0x000000008e400000|100%| O|  |TAMS 0x000000008e300000, 0x000000008e300000| Untracked 
| 228|0x000000008e400000, 0x000000008e500000, 0x000000008e500000|100%| O|  |TAMS 0x000000008e400000, 0x000000008e400000| Untracked 
| 229|0x000000008e500000, 0x000000008e600000, 0x000000008e600000|100%| O|  |TAMS 0x000000008e500000, 0x000000008e500000| Untracked 
| 230|0x000000008e600000, 0x000000008e700000, 0x000000008e700000|100%| O|  |TAMS 0x000000008e600000, 0x000000008e600000| Untracked 
| 231|0x000000008e700000, 0x000000008e800000, 0x000000008e800000|100%| O|  |TAMS 0x000000008e700000, 0x000000008e700000| Untracked 
| 232|0x000000008e800000, 0x000000008e900000, 0x000000008e900000|100%| O|  |TAMS 0x000000008e900000, 0x000000008e800000| Complete 
| 233|0x000000008e900000, 0x000000008ea00000, 0x000000008ea00000|100%| O|  |TAMS 0x000000008e900000, 0x000000008e900000| Untracked 
| 234|0x000000008ea00000, 0x000000008eb00000, 0x000000008eb00000|100%| O|  |TAMS 0x000000008ea00000, 0x000000008ea00000| Untracked 
| 235|0x000000008eb00000, 0x000000008eb00000, 0x000000008ec00000|  0%| F|  |TAMS 0x000000008eb00000, 0x000000008eb00000| Untracked 
| 236|0x000000008ec00000, 0x000000008ed00000, 0x000000008ed00000|100%|HS|  |TAMS 0x000000008ed00000, 0x000000008ec00000| Complete 
| 237|0x000000008ed00000, 0x000000008ee00000, 0x000000008ee00000|100%|HC|  |TAMS 0x000000008ee00000, 0x000000008ed00000| Complete 
| 238|0x000000008ee00000, 0x000000008ef00000, 0x000000008ef00000|100%|HC|  |TAMS 0x000000008ef00000, 0x000000008ee00000| Complete 
| 239|0x000000008ef00000, 0x000000008f000000, 0x000000008f000000|100%|HC|  |TAMS 0x000000008f000000, 0x000000008ef00000| Complete 
| 240|0x000000008f000000, 0x000000008f100000, 0x000000008f100000|100%|HC|  |TAMS 0x000000008f100000, 0x000000008f000000| Complete 
| 241|0x000000008f100000, 0x000000008f200000, 0x000000008f200000|100%|HC|  |TAMS 0x000000008f200000, 0x000000008f100000| Complete 
| 242|0x000000008f200000, 0x000000008f300000, 0x000000008f300000|100%|HC|  |TAMS 0x000000008f300000, 0x000000008f200000| Complete 
| 243|0x000000008f300000, 0x000000008f400000, 0x000000008f400000|100%|HC|  |TAMS 0x000000008f400000, 0x000000008f300000| Complete 
| 244|0x000000008f400000, 0x000000008f500000, 0x000000008f500000|100%|HC|  |TAMS 0x000000008f500000, 0x000000008f400000| Complete 
| 245|0x000000008f500000, 0x000000008f600000, 0x000000008f600000|100%|HC|  |TAMS 0x000000008f600000, 0x000000008f500000| Complete 
| 246|0x000000008f600000, 0x000000008f700000, 0x000000008f700000|100%| O|  |TAMS 0x000000008f600000, 0x000000008f600000| Untracked 
| 247|0x000000008f700000, 0x000000008f800000, 0x000000008f800000|100%| O|  |TAMS 0x000000008f700000, 0x000000008f700000| Untracked 
| 248|0x000000008f800000, 0x000000008f900000, 0x000000008f900000|100%| O|  |TAMS 0x000000008f800000, 0x000000008f800000| Untracked 
| 249|0x000000008f900000, 0x000000008fa00000, 0x000000008fa00000|100%| O|  |TAMS 0x000000008f900000, 0x000000008f900000| Untracked 
| 250|0x000000008fa00000, 0x000000008fb00000, 0x000000008fb00000|100%| O|  |TAMS 0x000000008fa00000, 0x000000008fa00000| Untracked 
| 251|0x000000008fb00000, 0x000000008fc00000, 0x000000008fc00000|100%| O|  |TAMS 0x000000008fc00000, 0x000000008fb00000| Complete 
| 252|0x000000008fc00000, 0x000000008fd00000, 0x000000008fd00000|100%| O|  |TAMS 0x000000008fc00000, 0x000000008fc00000| Untracked 
| 253|0x000000008fd00000, 0x000000008fe00000, 0x000000008fe00000|100%| O|  |TAMS 0x000000008fd00000, 0x000000008fd00000| Untracked 
| 254|0x000000008fe00000, 0x000000008ff00000, 0x000000008ff00000|100%| O|  |TAMS 0x000000008fe00000, 0x000000008fe00000| Untracked 
| 255|0x000000008ff00000, 0x0000000090000000, 0x0000000090000000|100%| O|  |TAMS 0x000000008ff00000, 0x000000008ff00000| Untracked 
| 256|0x0000000090000000, 0x0000000090100000, 0x0000000090100000|100%| O|  |TAMS 0x0000000090000000, 0x0000000090000000| Untracked 
| 257|0x0000000090100000, 0x0000000090200000, 0x0000000090200000|100%| O|  |TAMS 0x0000000090100000, 0x0000000090100000| Untracked 
| 258|0x0000000090200000, 0x0000000090300000, 0x0000000090300000|100%| O|  |TAMS 0x0000000090200000, 0x0000000090200000| Untracked 
| 259|0x0000000090300000, 0x0000000090400000, 0x0000000090400000|100%| O|  |TAMS 0x0000000090300000, 0x0000000090300000| Untracked 
| 260|0x0000000090400000, 0x0000000090500000, 0x0000000090500000|100%| O|  |TAMS 0x0000000090400000, 0x0000000090400000| Untracked 
| 261|0x0000000090500000, 0x0000000090600000, 0x0000000090600000|100%| O|  |TAMS 0x0000000090500000, 0x0000000090500000| Untracked 
| 262|0x0000000090600000, 0x0000000090700000, 0x0000000090700000|100%| O|  |TAMS 0x0000000090600000, 0x0000000090600000| Untracked 
| 263|0x0000000090700000, 0x0000000090800000, 0x0000000090800000|100%| O|  |TAMS 0x0000000090700000, 0x0000000090700000| Untracked 
| 264|0x0000000090800000, 0x0000000090900000, 0x0000000090900000|100%| O|  |TAMS 0x0000000090800000, 0x0000000090800000| Untracked 
| 265|0x0000000090900000, 0x0000000090a00000, 0x0000000090a00000|100%| O|  |TAMS 0x0000000090900000, 0x0000000090900000| Untracked 
| 266|0x0000000090a00000, 0x0000000090b00000, 0x0000000090b00000|100%| O|  |TAMS 0x0000000090a00000, 0x0000000090a00000| Untracked 
| 267|0x0000000090b00000, 0x0000000090c00000, 0x0000000090c00000|100%| O|  |TAMS 0x0000000090b00000, 0x0000000090b00000| Untracked 
| 268|0x0000000090c00000, 0x0000000090d00000, 0x0000000090d00000|100%| O|  |TAMS 0x0000000090c00000, 0x0000000090c00000| Untracked 
| 269|0x0000000090d00000, 0x0000000090e00000, 0x0000000090e00000|100%| O|  |TAMS 0x0000000090d00000, 0x0000000090d00000| Untracked 
| 270|0x0000000090e00000, 0x0000000090f00000, 0x0000000090f00000|100%| O|  |TAMS 0x0000000090e00000, 0x0000000090e00000| Untracked 
| 271|0x0000000090f00000, 0x0000000091000000, 0x0000000091000000|100%| O|  |TAMS 0x0000000090f00000, 0x0000000090f00000| Untracked 
| 272|0x0000000091000000, 0x0000000091100000, 0x0000000091100000|100%| O|  |TAMS 0x0000000091000000, 0x0000000091000000| Untracked 
| 273|0x0000000091100000, 0x0000000091200000, 0x0000000091200000|100%| O|  |TAMS 0x0000000091100000, 0x0000000091100000| Untracked 
| 274|0x0000000091200000, 0x0000000091280000, 0x0000000091300000| 50%| O|  |TAMS 0x0000000091200000, 0x0000000091200000| Untracked 
| 275|0x0000000091300000, 0x0000000091300000, 0x0000000091400000|  0%| F|  |TAMS 0x0000000091300000, 0x0000000091300000| Untracked 
| 276|0x0000000091400000, 0x0000000091400000, 0x0000000091500000|  0%| F|  |TAMS 0x0000000091400000, 0x0000000091400000| Untracked 
| 277|0x0000000091500000, 0x0000000091500000, 0x0000000091600000|  0%| F|  |TAMS 0x0000000091500000, 0x0000000091500000| Untracked 
| 278|0x0000000091600000, 0x0000000091600000, 0x0000000091700000|  0%| F|  |TAMS 0x0000000091600000, 0x0000000091600000| Untracked 
| 279|0x0000000091700000, 0x0000000091700000, 0x0000000091800000|  0%| F|  |TAMS 0x0000000091700000, 0x0000000091700000| Untracked 
| 280|0x0000000091800000, 0x0000000091800000, 0x0000000091900000|  0%| F|  |TAMS 0x0000000091800000, 0x0000000091800000| Untracked 
| 281|0x0000000091900000, 0x0000000091900000, 0x0000000091a00000|  0%| F|  |TAMS 0x0000000091900000, 0x0000000091900000| Untracked 
| 282|0x0000000091a00000, 0x0000000091a00000, 0x0000000091b00000|  0%| F|  |TAMS 0x0000000091a00000, 0x0000000091a00000| Untracked 
| 283|0x0000000091b00000, 0x0000000091b00000, 0x0000000091c00000|  0%| F|  |TAMS 0x0000000091b00000, 0x0000000091b00000| Untracked 
| 284|0x0000000091c00000, 0x0000000091c00000, 0x0000000091d00000|  0%| F|  |TAMS 0x0000000091c00000, 0x0000000091c00000| Untracked 
| 285|0x0000000091d00000, 0x0000000091d00000, 0x0000000091e00000|  0%| F|  |TAMS 0x0000000091d00000, 0x0000000091d00000| Untracked 
| 286|0x0000000091e00000, 0x0000000091e00000, 0x0000000091f00000|  0%| F|  |TAMS 0x0000000091e00000, 0x0000000091e00000| Untracked 
| 287|0x0000000091f00000, 0x0000000091f00000, 0x0000000092000000|  0%| F|  |TAMS 0x0000000091f00000, 0x0000000091f00000| Untracked 
| 288|0x0000000092000000, 0x0000000092000000, 0x0000000092100000|  0%| F|  |TAMS 0x0000000092000000, 0x0000000092000000| Untracked 
| 289|0x0000000092100000, 0x0000000092100000, 0x0000000092200000|  0%| F|  |TAMS 0x0000000092100000, 0x0000000092100000| Untracked 
| 290|0x0000000092200000, 0x0000000092200000, 0x0000000092300000|  0%| F|  |TAMS 0x0000000092200000, 0x0000000092200000| Untracked 
| 291|0x0000000092300000, 0x0000000092300000, 0x0000000092400000|  0%| F|  |TAMS 0x0000000092300000, 0x0000000092300000| Untracked 
| 292|0x0000000092400000, 0x0000000092400000, 0x0000000092500000|  0%| F|  |TAMS 0x0000000092400000, 0x0000000092400000| Untracked 
| 293|0x0000000092500000, 0x0000000092500000, 0x0000000092600000|  0%| F|  |TAMS 0x0000000092500000, 0x0000000092500000| Untracked 
| 294|0x0000000092600000, 0x0000000092600000, 0x0000000092700000|  0%| F|  |TAMS 0x0000000092600000, 0x0000000092600000| Untracked 
| 295|0x0000000092700000, 0x0000000092700000, 0x0000000092800000|  0%| F|  |TAMS 0x0000000092700000, 0x0000000092700000| Untracked 
| 296|0x0000000092800000, 0x0000000092800000, 0x0000000092900000|  0%| F|  |TAMS 0x0000000092800000, 0x0000000092800000| Untracked 
| 297|0x0000000092900000, 0x0000000092900000, 0x0000000092a00000|  0%| F|  |TAMS 0x0000000092900000, 0x0000000092900000| Untracked 
| 298|0x0000000092a00000, 0x0000000092a00000, 0x0000000092b00000|  0%| F|  |TAMS 0x0000000092a00000, 0x0000000092a00000| Untracked 
| 299|0x0000000092b00000, 0x0000000092b00000, 0x0000000092c00000|  0%| F|  |TAMS 0x0000000092b00000, 0x0000000092b00000| Untracked 
| 300|0x0000000092c00000, 0x0000000092c00000, 0x0000000092d00000|  0%| F|  |TAMS 0x0000000092c00000, 0x0000000092c00000| Untracked 
| 301|0x0000000092d00000, 0x0000000092d00000, 0x0000000092e00000|  0%| F|  |TAMS 0x0000000092d00000, 0x0000000092d00000| Untracked 
| 302|0x0000000092e00000, 0x0000000092e00000, 0x0000000092f00000|  0%| F|  |TAMS 0x0000000092e00000, 0x0000000092e00000| Untracked 
| 303|0x0000000092f00000, 0x0000000092f00000, 0x0000000093000000|  0%| F|  |TAMS 0x0000000092f00000, 0x0000000092f00000| Untracked 
| 304|0x0000000093000000, 0x0000000093000000, 0x0000000093100000|  0%| F|  |TAMS 0x0000000093000000, 0x0000000093000000| Untracked 
| 305|0x0000000093100000, 0x0000000093100000, 0x0000000093200000|  0%| F|  |TAMS 0x0000000093100000, 0x0000000093100000| Untracked 
| 306|0x0000000093200000, 0x0000000093200000, 0x0000000093300000|  0%| F|  |TAMS 0x0000000093200000, 0x0000000093200000| Untracked 
| 307|0x0000000093300000, 0x0000000093300000, 0x0000000093400000|  0%| F|  |TAMS 0x0000000093300000, 0x0000000093300000| Untracked 
| 308|0x0000000093400000, 0x0000000093400000, 0x0000000093500000|  0%| F|  |TAMS 0x0000000093400000, 0x0000000093400000| Untracked 
| 309|0x0000000093500000, 0x0000000093500000, 0x0000000093600000|  0%| F|  |TAMS 0x0000000093500000, 0x0000000093500000| Untracked 
| 310|0x0000000093600000, 0x0000000093600000, 0x0000000093700000|  0%| F|  |TAMS 0x0000000093600000, 0x0000000093600000| Untracked 
| 311|0x0000000093700000, 0x0000000093700000, 0x0000000093800000|  0%| F|  |TAMS 0x0000000093700000, 0x0000000093700000| Untracked 
| 312|0x0000000093800000, 0x0000000093800000, 0x0000000093900000|  0%| F|  |TAMS 0x0000000093800000, 0x0000000093800000| Untracked 
| 313|0x0000000093900000, 0x0000000093900000, 0x0000000093a00000|  0%| F|  |TAMS 0x0000000093900000, 0x0000000093900000| Untracked 
| 314|0x0000000093a00000, 0x0000000093a00000, 0x0000000093b00000|  0%| F|  |TAMS 0x0000000093a00000, 0x0000000093a00000| Untracked 
| 315|0x0000000093b00000, 0x0000000093b00000, 0x0000000093c00000|  0%| F|  |TAMS 0x0000000093b00000, 0x0000000093b00000| Untracked 
| 316|0x0000000093c00000, 0x0000000093c00000, 0x0000000093d00000|  0%| F|  |TAMS 0x0000000093c00000, 0x0000000093c00000| Untracked 
| 317|0x0000000093d00000, 0x0000000093d00000, 0x0000000093e00000|  0%| F|  |TAMS 0x0000000093d00000, 0x0000000093d00000| Untracked 
| 318|0x0000000093e00000, 0x0000000093e00000, 0x0000000093f00000|  0%| F|  |TAMS 0x0000000093e00000, 0x0000000093e00000| Untracked 
| 319|0x0000000093f00000, 0x0000000093f00000, 0x0000000094000000|  0%| F|  |TAMS 0x0000000093f00000, 0x0000000093f00000| Untracked 
| 320|0x0000000094000000, 0x0000000094000000, 0x0000000094100000|  0%| F|  |TAMS 0x0000000094000000, 0x0000000094000000| Untracked 
| 321|0x0000000094100000, 0x0000000094100000, 0x0000000094200000|  0%| F|  |TAMS 0x0000000094100000, 0x0000000094100000| Untracked 
| 322|0x0000000094200000, 0x0000000094200000, 0x0000000094300000|  0%| F|  |TAMS 0x0000000094200000, 0x0000000094200000| Untracked 
| 323|0x0000000094300000, 0x0000000094300000, 0x0000000094400000|  0%| F|  |TAMS 0x0000000094300000, 0x0000000094300000| Untracked 
| 324|0x0000000094400000, 0x0000000094400000, 0x0000000094500000|  0%| F|  |TAMS 0x0000000094400000, 0x0000000094400000| Untracked 
| 325|0x0000000094500000, 0x0000000094500000, 0x0000000094600000|  0%| F|  |TAMS 0x0000000094500000, 0x0000000094500000| Untracked 
| 326|0x0000000094600000, 0x0000000094600000, 0x0000000094700000|  0%| F|  |TAMS 0x0000000094600000, 0x0000000094600000| Untracked 
| 327|0x0000000094700000, 0x0000000094700000, 0x0000000094800000|  0%| F|  |TAMS 0x0000000094700000, 0x0000000094700000| Untracked 
| 328|0x0000000094800000, 0x0000000094800000, 0x0000000094900000|  0%| F|  |TAMS 0x0000000094800000, 0x0000000094800000| Untracked 
| 329|0x0000000094900000, 0x0000000094900000, 0x0000000094a00000|  0%| F|  |TAMS 0x0000000094900000, 0x0000000094900000| Untracked 
| 330|0x0000000094a00000, 0x0000000094a00000, 0x0000000094b00000|  0%| F|  |TAMS 0x0000000094a00000, 0x0000000094a00000| Untracked 
| 331|0x0000000094b00000, 0x0000000094b00000, 0x0000000094c00000|  0%| F|  |TAMS 0x0000000094b00000, 0x0000000094b00000| Untracked 
| 332|0x0000000094c00000, 0x0000000094c00000, 0x0000000094d00000|  0%| F|  |TAMS 0x0000000094c00000, 0x0000000094c00000| Untracked 
| 333|0x0000000094d00000, 0x0000000094d00000, 0x0000000094e00000|  0%| F|  |TAMS 0x0000000094d00000, 0x0000000094d00000| Untracked 
| 334|0x0000000094e00000, 0x0000000094e00000, 0x0000000094f00000|  0%| F|  |TAMS 0x0000000094e00000, 0x0000000094e00000| Untracked 
| 335|0x0000000094f00000, 0x0000000094f00000, 0x0000000095000000|  0%| F|  |TAMS 0x0000000094f00000, 0x0000000094f00000| Untracked 
| 336|0x0000000095000000, 0x0000000095000000, 0x0000000095100000|  0%| F|  |TAMS 0x0000000095000000, 0x0000000095000000| Untracked 
| 337|0x0000000095100000, 0x0000000095100000, 0x0000000095200000|  0%| F|  |TAMS 0x0000000095100000, 0x0000000095100000| Untracked 
| 338|0x0000000095200000, 0x0000000095200000, 0x0000000095300000|  0%| F|  |TAMS 0x0000000095200000, 0x0000000095200000| Untracked 
| 339|0x0000000095300000, 0x0000000095300000, 0x0000000095400000|  0%| F|  |TAMS 0x0000000095300000, 0x0000000095300000| Untracked 
| 340|0x0000000095400000, 0x0000000095400000, 0x0000000095500000|  0%| F|  |TAMS 0x0000000095400000, 0x0000000095400000| Untracked 
| 341|0x0000000095500000, 0x0000000095500000, 0x0000000095600000|  0%| F|  |TAMS 0x0000000095500000, 0x0000000095500000| Untracked 
| 342|0x0000000095600000, 0x0000000095600000, 0x0000000095700000|  0%| F|  |TAMS 0x0000000095600000, 0x0000000095600000| Untracked 
| 343|0x0000000095700000, 0x0000000095700000, 0x0000000095800000|  0%| F|  |TAMS 0x0000000095700000, 0x0000000095700000| Untracked 
| 344|0x0000000095800000, 0x0000000095800000, 0x0000000095900000|  0%| F|  |TAMS 0x0000000095800000, 0x0000000095800000| Untracked 
| 345|0x0000000095900000, 0x0000000095900000, 0x0000000095a00000|  0%| F|  |TAMS 0x0000000095900000, 0x0000000095900000| Untracked 
| 346|0x0000000095a00000, 0x0000000095a00000, 0x0000000095b00000|  0%| F|  |TAMS 0x0000000095a00000, 0x0000000095a00000| Untracked 
| 347|0x0000000095b00000, 0x0000000095b00000, 0x0000000095c00000|  0%| F|  |TAMS 0x0000000095b00000, 0x0000000095b00000| Untracked 
| 348|0x0000000095c00000, 0x0000000095c00000, 0x0000000095d00000|  0%| F|  |TAMS 0x0000000095c00000, 0x0000000095c00000| Untracked 
| 349|0x0000000095d00000, 0x0000000095dd6850, 0x0000000095e00000| 83%| S|CS|TAMS 0x0000000095d00000, 0x0000000095d00000| Complete 
| 350|0x0000000095e00000, 0x0000000095f00000, 0x0000000095f00000|100%| S|CS|TAMS 0x0000000095e00000, 0x0000000095e00000| Complete 
| 351|0x0000000095f00000, 0x0000000095f00000, 0x0000000096000000|  0%| F|  |TAMS 0x0000000095f00000, 0x0000000095f00000| Untracked 
| 352|0x0000000096000000, 0x0000000096000000, 0x0000000096100000|  0%| F|  |TAMS 0x0000000096000000, 0x0000000096000000| Untracked 
| 353|0x0000000096100000, 0x0000000096100000, 0x0000000096200000|  0%| F|  |TAMS 0x0000000096100000, 0x0000000096100000| Untracked 
| 354|0x0000000096200000, 0x0000000096200000, 0x0000000096300000|  0%| F|  |TAMS 0x0000000096200000, 0x0000000096200000| Untracked 
| 355|0x0000000096300000, 0x0000000096300000, 0x0000000096400000|  0%| F|  |TAMS 0x0000000096300000, 0x0000000096300000| Untracked 
| 356|0x0000000096400000, 0x0000000096400000, 0x0000000096500000|  0%| F|  |TAMS 0x0000000096400000, 0x0000000096400000| Untracked 
| 357|0x0000000096500000, 0x0000000096500000, 0x0000000096600000|  0%| F|  |TAMS 0x0000000096500000, 0x0000000096500000| Untracked 
| 358|0x0000000096600000, 0x0000000096600000, 0x0000000096700000|  0%| F|  |TAMS 0x0000000096600000, 0x0000000096600000| Untracked 
| 359|0x0000000096700000, 0x0000000096700000, 0x0000000096800000|  0%| F|  |TAMS 0x0000000096700000, 0x0000000096700000| Untracked 
| 360|0x0000000096800000, 0x0000000096800000, 0x0000000096900000|  0%| F|  |TAMS 0x0000000096800000, 0x0000000096800000| Untracked 
| 361|0x0000000096900000, 0x0000000096900000, 0x0000000096a00000|  0%| F|  |TAMS 0x0000000096900000, 0x0000000096900000| Untracked 
| 362|0x0000000096a00000, 0x0000000096a00000, 0x0000000096b00000|  0%| F|  |TAMS 0x0000000096a00000, 0x0000000096a00000| Untracked 
| 363|0x0000000096b00000, 0x0000000096b00000, 0x0000000096c00000|  0%| F|  |TAMS 0x0000000096b00000, 0x0000000096b00000| Untracked 

Card table byte_map: [0x0000027ec9300000,0x0000027ec9700000] _byte_map_base: 0x0000027ec8f00000

Marking Bits (Prev, Next): (CMBitMap*) 0x0000027eb64541f0, (CMBitMap*) 0x0000027eb64541b8
 Prev Bits: [0x0000027ecbb00000, 0x0000027ecdb00000)
 Next Bits: [0x0000027ec9b00000, 0x0000027ecbb00000)

Polling page: 0x0000027eb45c0000

Metaspace:

Usage:
  Non-class:    131.54 MB capacity,   128.91 MB ( 98%) used,     2.14 MB (  2%) free+waste,   498.44 KB ( <1%) overhead. 
      Class:     19.83 MB capacity,    18.18 MB ( 92%) used,     1.44 MB (  7%) free+waste,   219.94 KB (  1%) overhead. 
       Both:    151.37 MB capacity,   147.09 MB ( 97%) used,     3.58 MB (  2%) free+waste,   718.38 KB ( <1%) overhead. 

Virtual space:
  Non-class space:      132.00 MB reserved,     131.75 MB (>99%) committed 
      Class space:        1.00 GB reserved,      19.95 MB (  2%) committed 
             Both:        1.13 GB reserved,     151.70 MB ( 13%) committed 

Chunk freelists:
   Non-Class:  154.00 KB
       Class:  93.00 KB
        Both:  247.00 KB

MaxMetaspaceSize: 17179869184.00 GB
CompressedClassSpaceSize: 1.00 GB

CodeHeap 'non-profiled nmethods': size=120064Kb used=14812Kb max_used=14812Kb free=105251Kb
 bounds [0x0000027ec19c0000, 0x0000027ec2840000, 0x0000027ec8f00000]
CodeHeap 'profiled nmethods': size=120000Kb used=52374Kb max_used=52374Kb free=67625Kb
 bounds [0x0000027eba490000, 0x0000027ebd7e0000, 0x0000027ec19c0000]
CodeHeap 'non-nmethods': size=5696Kb used=2450Kb max_used=2508Kb free=3245Kb
 bounds [0x0000027eb9f00000, 0x0000027eba180000, 0x0000027eba490000]
 total_blobs=24433 nmethods=23308 adapters=1034
 compilation: enabled
              stopped_count=0, restarted_count=0
 full_count=0

Compilation events (20 events):
Event: 101.347 Thread 0x0000027ed08ac000 26104       1       com.android.tools.r8.synthesis.d::c (5 bytes)
Event: 101.347 Thread 0x0000027ed08ac000 nmethod 26104 0x0000027ec2836f90 code [0x0000027ec2837140, 0x0000027ec28371f8]
Event: 101.388 Thread 0x0000027ed08ac000 26105       2       com.android.tools.r8.graph.Z0::a (98 bytes)
Event: 101.389 Thread 0x0000027edde8d800 nmethod 26096 0x0000027ec2837290 code [0x0000027ec2837560, 0x0000027ec2838290]
Event: 101.389 Thread 0x0000027edde8d800 26100       4       com.android.tools.r8.graph.X$$Lambda$1234/0x0000000100e91040::a (5 bytes)
Event: 101.389 Thread 0x0000027ed08ac000 nmethod 26105 0x0000027ebd7d2810 code [0x0000027ebd7d2a60, 0x0000027ebd7d3018]
Event: 101.397 Thread 0x0000027ed08ac000 26107       3       com.android.tools.r8.graph.Z0::a (105 bytes)
Event: 101.398 Thread 0x0000027ed08ac000 nmethod 26107 0x0000027ebd7d3410 code [0x0000027ebd7d36a0, 0x0000027ebd7d46b8]
Event: 101.403 Thread 0x0000027ed08ac000 26108       2       com.android.tools.r8.internal.qr$$Lambda$1435/0x0000000100f82840::iterator (8 bytes)
Event: 101.404 Thread 0x0000027ed08ac000 nmethod 26108 0x0000027ebd7d4a90 code [0x0000027ebd7d4c80, 0x0000027ebd7d5178]
Event: 101.404 Thread 0x0000027ed08ac000 26109       2       com.android.tools.r8.internal.qr::l (25 bytes)
Event: 101.405 Thread 0x0000027ed08ac000 nmethod 26109 0x0000027ebd7d5390 code [0x0000027ebd7d5580, 0x0000027ebd7d5a58]
Event: 101.405 Thread 0x0000027ed08ac000 26110       2       com.android.tools.r8.internal.qr$$Lambda$1437/0x0000000100f83040::get$Lambda (9 bytes)
Event: 101.405 Thread 0x0000027ed08ac000 nmethod 26110 0x0000027ebd7d5c10 code [0x0000027ebd7d5dc0, 0x0000027ebd7d5f38]
Event: 101.441 Thread 0x0000027ed08ac000 26112       2       com.android.tools.r8.internal.qr::f (11 bytes)
Event: 101.442 Thread 0x0000027ed08ac000 nmethod 26112 0x0000027ebd7d6010 code [0x0000027ebd7d61c0, 0x0000027ebd7d6388]
Event: 101.442 Thread 0x0000027ed08ac000 26113       2       com.android.tools.r8.internal.qr$$Lambda$1436/0x0000000100f82c40::get$Lambda (9 bytes)
Event: 101.442 Thread 0x0000027ed08ac000 nmethod 26113 0x0000027ebd7d6490 code [0x0000027ebd7d6640, 0x0000027ebd7d67b8]
Event: 101.442 Thread 0x0000027ed08ac000 26114       2       com.android.tools.r8.internal.qr$$Lambda$1436/0x0000000100f82c40::<init> (10 bytes)
Event: 101.442 Thread 0x0000027ed08ac000 nmethod 26114 0x0000027ebd7d6890 code [0x0000027ebd7d6a40, 0x0000027ebd7d6b78]

GC Heap History (20 events):
Event: 96.677 GC heap after
{Heap after GC invocations=60 (full 0):
 garbage-first heap   total 372736K, used 212140K [0x0000000080000000, 0x0000000100000000)
  region size 1024K, 12 young (12288K), 12 survivors (12288K)
 Metaspace       used 148065K, capacity 152491K, committed 152652K, reserved 1181696K
  class space    used 18512K, capacity 20222K, committed 20300K, reserved 1048576K
}
Event: 97.858 GC heap before
{Heap before GC invocations=60 (full 0):
 garbage-first heap   total 372736K, used 286892K [0x0000000080000000, 0x0000000100000000)
  region size 1024K, 85 young (87040K), 12 survivors (12288K)
 Metaspace       used 149600K, capacity 154062K, committed 154316K, reserved 1183744K
  class space    used 18601K, capacity 20303K, committed 20428K, reserved 1048576K
}
Event: 97.891 GC heap after
{Heap after GC invocations=61 (full 0):
 garbage-first heap   total 372736K, used 217084K [0x0000000080000000, 0x0000000100000000)
  region size 1024K, 5 young (5120K), 5 survivors (5120K)
 Metaspace       used 149600K, capacity 154062K, committed 154316K, reserved 1183744K
  class space    used 18601K, capacity 20303K, committed 20428K, reserved 1048576K
}
Event: 98.974 GC heap before
{Heap before GC invocations=62 (full 0):
 garbage-first heap   total 372736K, used 275452K [0x0000000080000000, 0x0000000100000000)
  region size 1024K, 79 young (80896K), 5 survivors (5120K)
 Metaspace       used 150419K, capacity 154866K, committed 155084K, reserved 1183744K
  class space    used 18650K, capacity 20387K, committed 20428K, reserved 1048576K
}
Event: 98.990 GC heap after
{Heap after GC invocations=63 (full 0):
 garbage-first heap   total 372736K, used 204038K [0x0000000080000000, 0x0000000100000000)
  region size 1024K, 9 young (9216K), 9 survivors (9216K)
 Metaspace       used 150419K, capacity 154866K, committed 155084K, reserved 1183744K
  class space    used 18650K, capacity 20387K, committed 20428K, reserved 1048576K
}
Event: 99.052 GC heap before
{Heap before GC invocations=63 (full 0):
 garbage-first heap   total 372736K, used 212230K [0x0000000080000000, 0x0000000100000000)
  region size 1024K, 18 young (18432K), 9 survivors (9216K)
 Metaspace       used 150455K, capacity 154941K, committed 155084K, reserved 1183744K
  class space    used 18651K, capacity 20387K, committed 20428K, reserved 1048576K
}
Event: 99.070 GC heap after
{Heap after GC invocations=64 (full 0):
 garbage-first heap   total 372736K, used 170121K [0x0000000080000000, 0x0000000100000000)
  region size 1024K, 3 young (3072K), 3 survivors (3072K)
 Metaspace       used 150455K, capacity 154941K, committed 155084K, reserved 1183744K
  class space    used 18651K, capacity 20387K, committed 20428K, reserved 1048576K
}
Event: 99.159 GC heap before
{Heap before GC invocations=64 (full 0):
 garbage-first heap   total 372736K, used 185481K [0x0000000080000000, 0x0000000100000000)
  region size 1024K, 18 young (18432K), 3 survivors (3072K)
 Metaspace       used 150480K, capacity 154945K, committed 155084K, reserved 1183744K
  class space    used 18651K, capacity 20387K, committed 20428K, reserved 1048576K
}
Event: 99.180 GC heap after
{Heap after GC invocations=65 (full 0):
 garbage-first heap   total 372736K, used 171734K [0x0000000080000000, 0x0000000100000000)
  region size 1024K, 3 young (3072K), 3 survivors (3072K)
 Metaspace       used 150480K, capacity 154945K, committed 155084K, reserved 1183744K
  class space    used 18651K, capacity 20387K, committed 20428K, reserved 1048576K
}
Event: 100.205 GC heap before
{Heap before GC invocations=65 (full 0):
 garbage-first heap   total 372736K, used 308950K [0x0000000080000000, 0x0000000100000000)
  region size 1024K, 96 young (98304K), 3 survivors (3072K)
 Metaspace       used 150748K, capacity 155215K, committed 155340K, reserved 1183744K
  class space    used 18669K, capacity 20403K, committed 20428K, reserved 1048576K
}
Event: 100.225 GC heap after
{Heap after GC invocations=66 (full 0):
 garbage-first heap   total 372736K, used 205019K [0x0000000080000000, 0x0000000100000000)
  region size 1024K, 12 young (12288K), 12 survivors (12288K)
 Metaspace       used 150748K, capacity 155215K, committed 155340K, reserved 1183744K
  class space    used 18669K, capacity 20403K, committed 20428K, reserved 1048576K
}
Event: 100.278 GC heap before
{Heap before GC invocations=66 (full 0):
 garbage-first heap   total 372736K, used 219355K [0x0000000080000000, 0x0000000100000000)
  region size 1024K, 27 young (27648K), 12 survivors (12288K)
 Metaspace       used 150748K, capacity 155215K, committed 155340K, reserved 1183744K
  class space    used 18669K, capacity 20403K, committed 20428K, reserved 1048576K
}
Event: 100.328 GC heap after
{Heap after GC invocations=67 (full 0):
 garbage-first heap   total 372736K, used 213245K [0x0000000080000000, 0x0000000100000000)
  region size 1024K, 8 young (8192K), 8 survivors (8192K)
 Metaspace       used 150748K, capacity 155215K, committed 155340K, reserved 1183744K
  class space    used 18669K, capacity 20403K, committed 20428K, reserved 1048576K
}
Event: 100.659 GC heap before
{Heap before GC invocations=67 (full 0):
 garbage-first heap   total 372736K, used 270589K [0x0000000080000000, 0x0000000100000000)
  region size 1024K, 63 young (64512K), 8 survivors (8192K)
 Metaspace       used 150753K, capacity 155215K, committed 155340K, reserved 1183744K
  class space    used 18669K, capacity 20403K, committed 20428K, reserved 1048576K
}
Event: 100.727 GC heap after
{Heap after GC invocations=68 (full 0):
 garbage-first heap   total 372736K, used 243712K [0x0000000080000000, 0x0000000100000000)
  region size 1024K, 8 young (8192K), 8 survivors (8192K)
 Metaspace       used 150753K, capacity 155215K, committed 155340K, reserved 1183744K
  class space    used 18669K, capacity 20403K, committed 20428K, reserved 1048576K
}
Event: 101.020 GC heap before
{Heap before GC invocations=68 (full 0):
 garbage-first heap   total 372736K, used 281600K [0x0000000080000000, 0x0000000100000000)
  region size 1024K, 48 young (49152K), 8 survivors (8192K)
 Metaspace       used 150611K, capacity 155000K, committed 155340K, reserved 1183744K
  class space    used 18617K, capacity 20310K, committed 20428K, reserved 1048576K
}
Event: 101.100 GC heap after
{Heap after GC invocations=69 (full 0):
 garbage-first heap   total 372736K, used 264192K [0x0000000080000000, 0x0000000100000000)
  region size 1024K, 6 young (6144K), 6 survivors (6144K)
 Metaspace       used 150611K, capacity 155000K, committed 155340K, reserved 1183744K
  class space    used 18617K, capacity 20310K, committed 20428K, reserved 1048576K
}
Event: 101.348 GC heap before
{Heap before GC invocations=70 (full 0):
 garbage-first heap   total 372736K, used 295935K [0x0000000080000000, 0x0000000100000000)
  region size 1024K, 37 young (37888K), 6 survivors (6144K)
 Metaspace       used 150615K, capacity 155002K, committed 155340K, reserved 1183744K
  class space    used 18617K, capacity 20310K, committed 20428K, reserved 1048576K
}
Event: 101.386 GC heap after
{Heap after GC invocations=71 (full 0):
 garbage-first heap   total 372736K, used 272896K [0x0000000080000000, 0x0000000100000000)
  region size 1024K, 5 young (5120K), 5 survivors (5120K)
 Metaspace       used 150615K, capacity 155002K, committed 155340K, reserved 1183744K
  class space    used 18617K, capacity 20310K, committed 20428K, reserved 1048576K
}
Event: 101.477 GC heap before
{Heap before GC invocations=71 (full 0):
 garbage-first heap   total 372736K, used 286208K [0x0000000080000000, 0x0000000100000000)
  region size 1024K, 18 young (18432K), 5 survivors (5120K)
 Metaspace       used 150618K, capacity 155004K, committed 155340K, reserved 1183744K
  class space    used 18617K, capacity 20310K, committed 20428K, reserved 1048576K
}

Deoptimization events (20 events):
Event: 100.411 Thread 0x0000027edb187800 DEOPT PACKING pc=0x0000027ebd7a3108 sp=0x00000091f28fec60
Event: 100.417 Thread 0x0000027edb187800 DEOPT UNPACKING pc=0x0000027eb9f276ce sp=0x00000091f28fe300 mode 0
Event: 100.439 Thread 0x0000027edb187800 DEOPT PACKING pc=0x0000027ebc8a2117 sp=0x00000091f28fe4e0
Event: 100.439 Thread 0x0000027edb187800 DEOPT UNPACKING pc=0x0000027eb9f276ce sp=0x00000091f28fda38 mode 0
Event: 100.458 Thread 0x0000027edb182000 DEOPT PACKING pc=0x0000027ebc8aa5be sp=0x00000091f35fe310
Event: 100.458 Thread 0x0000027edb182000 DEOPT UNPACKING pc=0x0000027eb9f276ce sp=0x00000091f35fd788 mode 0
Event: 100.461 Thread 0x0000027edb182000 DEOPT PACKING pc=0x0000027ebc8a9e0a sp=0x00000091f35fdb20
Event: 100.461 Thread 0x0000027edb182000 DEOPT UNPACKING pc=0x0000027eb9f276ce sp=0x00000091f35fd060 mode 0
Event: 100.936 Thread 0x0000027edb187800 DEOPT PACKING pc=0x0000027ebc89f617 sp=0x00000091f28fe4e0
Event: 100.936 Thread 0x0000027edb187800 DEOPT UNPACKING pc=0x0000027eb9f276ce sp=0x00000091f28fda38 mode 0
Event: 101.171 Thread 0x0000027edb188800 DEOPT PACKING pc=0x0000027ebc8f8c31 sp=0x00000091f36ff270
Event: 101.171 Thread 0x0000027edb188800 DEOPT UNPACKING pc=0x0000027eb9f276ce sp=0x00000091f36fe748 mode 0
Event: 101.238 Thread 0x0000027edb186800 DEOPT PACKING pc=0x0000027ebd7288cd sp=0x00000091ee9fe8a0
Event: 101.238 Thread 0x0000027edb186800 DEOPT UNPACKING pc=0x0000027eb9f276ce sp=0x00000091ee9fdeb0 mode 0
Event: 101.287 Thread 0x0000027edb188800 DEOPT PACKING pc=0x0000027ebd7288cd sp=0x00000091f36fee60
Event: 101.287 Thread 0x0000027edb188800 DEOPT UNPACKING pc=0x0000027eb9f276ce sp=0x00000091f36fe470 mode 0
Event: 101.304 Thread 0x0000027edb182000 DEOPT PACKING pc=0x0000027ebd7288cd sp=0x00000091f35fe410
Event: 101.304 Thread 0x0000027edb182000 DEOPT UNPACKING pc=0x0000027eb9f276ce sp=0x00000091f35fda20 mode 0
Event: 101.429 Thread 0x0000027ed4866800 DEOPT PACKING pc=0x0000027ebd7d2f17 sp=0x00000091f29fd040
Event: 101.429 Thread 0x0000027ed4866800 DEOPT UNPACKING pc=0x0000027eb9f276ce sp=0x00000091f29fc528 mode 0

Classes redefined (0 events):
No events

Internal exceptions (20 events):
Event: 99.408 Thread 0x0000027ed8a73000 Exception <a 'sun/nio/fs/WindowsException'{0x00000000951388e0}> (0x00000000951388e0) thrown at [./src/hotspot/share/prims/jni.cpp, line 615]
Event: 99.414 Thread 0x0000027ed4866800 Exception <a 'sun/nio/fs/WindowsException'{0x00000000950f4e50}> (0x00000000950f4e50) thrown at [./src/hotspot/share/prims/jni.cpp, line 615]
Event: 99.417 Thread 0x0000027ed8a73000 Exception <a 'sun/nio/fs/WindowsException'{0x0000000094b4f8b8}> (0x0000000094b4f8b8) thrown at [./src/hotspot/share/prims/jni.cpp, line 615]
Event: 99.419 Thread 0x0000027ed4866800 Exception <a 'sun/nio/fs/WindowsException'{0x0000000094ac51e8}> (0x0000000094ac51e8) thrown at [./src/hotspot/share/prims/jni.cpp, line 615]
Event: 99.430 Thread 0x0000027ed8a73000 Exception <a 'sun/nio/fs/WindowsException'{0x0000000094b57058}> (0x0000000094b57058) thrown at [./src/hotspot/share/prims/jni.cpp, line 615]
Event: 99.434 Thread 0x0000027ed4866800 Exception <a 'sun/nio/fs/WindowsException'{0x0000000094ad2930}> (0x0000000094ad2930) thrown at [./src/hotspot/share/prims/jni.cpp, line 615]
Event: 99.439 Thread 0x0000027ed8a73000 Exception <a 'sun/nio/fs/WindowsException'{0x0000000094b609b8}> (0x0000000094b609b8) thrown at [./src/hotspot/share/prims/jni.cpp, line 615]
Event: 99.461 Thread 0x0000027ed4866800 Exception <a 'sun/nio/fs/WindowsException'{0x0000000094ade568}> (0x0000000094ade568) thrown at [./src/hotspot/share/prims/jni.cpp, line 615]
Event: 99.487 Thread 0x0000027ed8a73000 Exception <a 'sun/nio/fs/WindowsException'{0x0000000094b6ce08}> (0x0000000094b6ce08) thrown at [./src/hotspot/share/prims/jni.cpp, line 615]
Event: 99.489 Thread 0x0000027ed4866800 Exception <a 'sun/nio/fs/WindowsException'{0x0000000094ae4240}> (0x0000000094ae4240) thrown at [./src/hotspot/share/prims/jni.cpp, line 615]
Event: 99.495 Thread 0x0000027ed8a73000 Exception <a 'sun/nio/fs/WindowsException'{0x000000009418a9b8}> (0x000000009418a9b8) thrown at [./src/hotspot/share/prims/jni.cpp, line 615]
Event: 99.497 Thread 0x0000027ed4866800 Exception <a 'sun/nio/fs/WindowsException'{0x0000000094aeee90}> (0x0000000094aeee90) thrown at [./src/hotspot/share/prims/jni.cpp, line 615]
Event: 99.505 Thread 0x0000027ed8a73000 Exception <a 'sun/nio/fs/WindowsException'{0x00000000941921d0}> (0x00000000941921d0) thrown at [./src/hotspot/share/prims/jni.cpp, line 615]
Event: 99.510 Thread 0x0000027ed4866800 Exception <a 'sun/nio/fs/WindowsException'{0x0000000094af8050}> (0x0000000094af8050) thrown at [./src/hotspot/share/prims/jni.cpp, line 615]
Event: 99.519 Thread 0x0000027ed8a73000 Exception <a 'sun/nio/fs/WindowsException'{0x0000000094197f10}> (0x0000000094197f10) thrown at [./src/hotspot/share/prims/jni.cpp, line 615]
Event: 99.541 Thread 0x0000027ed4866800 Exception <a 'sun/nio/fs/WindowsException'{0x0000000093e0a268}> (0x0000000093e0a268) thrown at [./src/hotspot/share/prims/jni.cpp, line 615]
Event: 99.549 Thread 0x0000027ed8a73000 Exception <a 'sun/nio/fs/WindowsException'{0x000000009419ffe8}> (0x000000009419ffe8) thrown at [./src/hotspot/share/prims/jni.cpp, line 615]
Event: 99.565 Thread 0x0000027ed4866800 Exception <a 'sun/nio/fs/WindowsException'{0x0000000093e11240}> (0x0000000093e11240) thrown at [./src/hotspot/share/prims/jni.cpp, line 615]
Event: 99.566 Thread 0x0000027ed8a73000 Exception <a 'sun/nio/fs/WindowsException'{0x00000000941a6130}> (0x00000000941a6130) thrown at [./src/hotspot/share/prims/jni.cpp, line 615]
Event: 100.109 Thread 0x0000027ed4866800 Exception <a 'sun/nio/fs/WindowsException'{0x00000000924f13f8}> (0x00000000924f13f8) thrown at [./src/hotspot/share/prims/jni.cpp, line 615]

Events (20 events):
Event: 101.265 Executing VM operation: RevokeBias done
Event: 101.265 Executing VM operation: RevokeBias
Event: 101.266 Executing coalesced safepoint VM operation: RevokeBias
Event: 101.266 Executing coalesced safepoint VM operation: RevokeBias done
Event: 101.266 Executing coalesced safepoint VM operation: RevokeBias
Event: 101.266 Executing coalesced safepoint VM operation: RevokeBias done
Event: 101.266 Executing VM operation: RevokeBias done
Event: 101.266 Executing VM operation: RevokeBias
Event: 101.266 Executing coalesced safepoint VM operation: RevokeBias
Event: 101.266 Executing coalesced safepoint VM operation: RevokeBias done
Event: 101.266 Executing VM operation: RevokeBias done
Event: 101.266 Executing VM operation: RevokeBias
Event: 101.266 Executing coalesced safepoint VM operation: BulkRevokeBias
Event: 101.271 Executing coalesced safepoint VM operation: BulkRevokeBias done
Event: 101.271 Executing coalesced safepoint VM operation: RevokeBias
Event: 101.271 Executing coalesced safepoint VM operation: RevokeBias done
Event: 101.271 Executing VM operation: RevokeBias done
Event: 101.348 Executing VM operation: G1CollectForAllocation
Event: 101.386 Executing VM operation: G1CollectForAllocation done
Event: 101.477 Executing VM operation: G1CollectForAllocation


Dynamic libraries:
0x00007ff6e9fa0000 - 0x00007ff6e9faa000 	C:\Program Files\Android\Android Studio1\jre\bin\java.exe
0x00007fffa2190000 - 0x00007fffa2385000 	C:\WINDOWS\SYSTEM32\ntdll.dll
0x00007fff831a0000 - 0x00007fff831b6000 	C:\Program Files\AVAST Software\Avast\aswhook.dll
0x00007fffa2090000 - 0x00007fffa214e000 	C:\WINDOWS\System32\KERNEL32.DLL
0x00007fff9fa90000 - 0x00007fff9fd58000 	C:\WINDOWS\System32\KERNELBASE.dll
0x00007fff9f8b0000 - 0x00007fff9f9b0000 	C:\WINDOWS\System32\ucrtbase.dll
0x00007fff97810000 - 0x00007fff97827000 	C:\Program Files\Android\Android Studio1\jre\bin\VCRUNTIME140.dll
0x00007fff95610000 - 0x00007fff95629000 	C:\Program Files\Android\Android Studio1\jre\bin\jli.dll
0x00007fffa1d60000 - 0x00007fffa1f01000 	C:\WINDOWS\System32\USER32.dll
0x00007fff94fe0000 - 0x00007fff9527a000 	C:\WINDOWS\WinSxS\amd64_microsoft.windows.common-controls_6595b64144ccf1df_6.0.19041.1110_none_60b5254171f9507e\COMCTL32.dll
0x00007fff9fa60000 - 0x00007fff9fa82000 	C:\WINDOWS\System32\win32u.dll
0x00007fffa01e0000 - 0x00007fffa027e000 	C:\WINDOWS\System32\msvcrt.dll
0x00007fffa0700000 - 0x00007fffa072b000 	C:\WINDOWS\System32\GDI32.dll
0x00007fffa00d0000 - 0x00007fffa01db000 	C:\WINDOWS\System32\gdi32full.dll
0x00007fffa0030000 - 0x00007fffa00cd000 	C:\WINDOWS\System32\msvcp_win.dll
0x00007fffa0f20000 - 0x00007fffa0f50000 	C:\WINDOWS\System32\IMM32.DLL
0x00007fff82600000 - 0x00007fff8269d000 	C:\Program Files\Android\Android Studio1\jre\bin\msvcp140.dll
0x00007fff2fa80000 - 0x00007fff3054f000 	C:\Program Files\Android\Android Studio1\jre\bin\server\jvm.dll
0x00007fffa0730000 - 0x00007fffa07dc000 	C:\WINDOWS\System32\ADVAPI32.dll
0x00007fffa1920000 - 0x00007fffa19bb000 	C:\WINDOWS\System32\sechost.dll
0x00007fffa0840000 - 0x00007fffa096a000 	C:\WINDOWS\System32\RPCRT4.dll
0x00007fffa1a20000 - 0x00007fffa1a28000 	C:\WINDOWS\System32\PSAPI.DLL
0x00007fff94e40000 - 0x00007fff94e67000 	C:\WINDOWS\SYSTEM32\WINMM.dll
0x00007fff92270000 - 0x00007fff92279000 	C:\WINDOWS\SYSTEM32\WSOCK32.dll
0x00007fffa10a0000 - 0x00007fffa110b000 	C:\WINDOWS\System32\WS2_32.dll
0x00007fff977e0000 - 0x00007fff977ea000 	C:\WINDOWS\SYSTEM32\VERSION.dll
0x00007fff9e510000 - 0x00007fff9e522000 	C:\WINDOWS\SYSTEM32\kernel.appcore.dll
0x00007fff89050000 - 0x00007fff89061000 	C:\Program Files\Android\Android Studio1\jre\bin\verify.dll
0x00007fff9de50000 - 0x00007fff9e034000 	C:\WINDOWS\SYSTEM32\DBGHELP.DLL
0x00007fff967f0000 - 0x00007fff9681c000 	C:\WINDOWS\SYSTEM32\dbgcore.DLL
0x00007fff9ffa0000 - 0x00007fffa0023000 	C:\WINDOWS\System32\bcryptPrimitives.dll
0x00007fff89020000 - 0x00007fff89049000 	C:\Program Files\Android\Android Studio1\jre\bin\java.dll
0x00007fff98d00000 - 0x00007fff98d0b000 	C:\Program Files\Android\Android Studio1\jre\bin\jimage.dll
0x00007fff89000000 - 0x00007fff89018000 	C:\Program Files\Android\Android Studio1\jre\bin\zip.dll
0x00007fffa11e0000 - 0x00007fffa191f000 	C:\WINDOWS\System32\SHELL32.dll
0x00007fff9d5a0000 - 0x00007fff9dd30000 	C:\WINDOWS\SYSTEM32\windows.storage.dll
0x00007fffa03a0000 - 0x00007fffa06f5000 	C:\WINDOWS\System32\combase.dll
0x00007fff9f300000 - 0x00007fff9f32e000 	C:\WINDOWS\SYSTEM32\Wldp.dll
0x00007fffa1a30000 - 0x00007fffa1add000 	C:\WINDOWS\System32\SHCORE.dll
0x00007fffa19c0000 - 0x00007fffa1a15000 	C:\WINDOWS\System32\shlwapi.dll
0x00007fff9f7f0000 - 0x00007fff9f80f000 	C:\WINDOWS\SYSTEM32\profapi.dll
0x00007fff88fe0000 - 0x00007fff88ffa000 	C:\Program Files\Android\Android Studio1\jre\bin\net.dll
0x00007fff966e0000 - 0x00007fff967ec000 	C:\WINDOWS\SYSTEM32\WINHTTP.dll
0x00007fff9ef90000 - 0x00007fff9effa000 	C:\WINDOWS\system32\mswsock.dll
0x00007fff88fc0000 - 0x00007fff88fd4000 	C:\Program Files\Android\Android Studio1\jre\bin\nio.dll
0x00007fff837e0000 - 0x00007fff83807000 	C:\Users\tukta\Documents\GitHub\material-components-android-examples\MaterialThemeBuilder\.gradle\native\8bec1ad78214c89d9ad589b4d07fe93259594b29d510b10fafb7a158f7737e5d\windows-amd64\native-platform.dll
0x00007fff45020000 - 0x00007fff4515d000 	C:\Users\tukta\Documents\GitHub\material-components-android-examples\MaterialThemeBuilder\.gradle\native\53dbd7edfb1c66fb8903c78663c9afc45aea4f116125fa6feffd364cf09443e8\windows-amd64\native-platform-file-events.dll
0x00007fff98710000 - 0x00007fff9871a000 	C:\Program Files\Android\Android Studio1\jre\bin\management.dll
0x00007fff95b00000 - 0x00007fff95b0c000 	C:\Program Files\Android\Android Studio1\jre\bin\management_ext.dll
0x00007fff9f180000 - 0x00007fff9f198000 	C:\WINDOWS\SYSTEM32\CRYPTSP.dll
0x00007fff9e910000 - 0x00007fff9e944000 	C:\WINDOWS\system32\rsaenh.dll
0x00007fff9fd60000 - 0x00007fff9fd87000 	C:\WINDOWS\System32\bcrypt.dll
0x00007fff9f770000 - 0x00007fff9f79e000 	C:\WINDOWS\SYSTEM32\USERENV.dll
0x00007fff9f1a0000 - 0x00007fff9f1ac000 	C:\WINDOWS\SYSTEM32\CRYPTBASE.dll
0x00007fff9ec80000 - 0x00007fff9ecbb000 	C:\WINDOWS\SYSTEM32\IPHLPAPI.DLL
0x00007fffa0300000 - 0x00007fffa0308000 	C:\WINDOWS\System32\NSI.dll
0x00007fff98000000 - 0x00007fff98017000 	C:\WINDOWS\SYSTEM32\dhcpcsvc6.DLL
0x00007fff981f0000 - 0x00007fff9820d000 	C:\WINDOWS\SYSTEM32\dhcpcsvc.DLL
0x00007fff9ecc0000 - 0x00007fff9ed8b000 	C:\WINDOWS\SYSTEM32\DNSAPI.dll
0x00007fff9e5a0000 - 0x00007fff9e5d3000 	C:\WINDOWS\SYSTEM32\ntmarta.dll
0x00007fff6a7d0000 - 0x00007fff6a974000 	C:\Program Files\Android\Android Studio1\jre\bin\awt.dll
0x00007fffa1c90000 - 0x00007fffa1d5d000 	C:\WINDOWS\System32\OLEAUT32.dll
0x00007fff9d1c0000 - 0x00007fff9d1ef000 	C:\WINDOWS\SYSTEM32\dwmapi.dll
0x00007fff9c920000 - 0x00007fff9c9b0000 	C:\WINDOWS\SYSTEM32\apphelp.dll
0x00007fff9ce30000 - 0x00007fff9cece000 	C:\WINDOWS\system32\uxtheme.dll
0x00007fff95770000 - 0x00007fff95778000 	C:\Program Files\Android\Android Studio1\jre\bin\rmi.dll

dbghelp: loaded successfully - version: 4.0.5 - missing functions: none
symbol engine: initialized successfully - sym options: 0x614 - pdb path: .;C:\Program Files\Android\Android Studio1\jre\bin;C:\WINDOWS\SYSTEM32;C:\Program Files\AVAST Software\Avast;C:\WINDOWS\WinSxS\amd64_microsoft.windows.common-controls_6595b64144ccf1df_6.0.19041.1110_none_60b5254171f9507e;C:\Program Files\Android\Android Studio1\jre\bin\server;C:\Users\tukta\Documents\GitHub\material-components-android-examples\MaterialThemeBuilder\.gradle\native\8bec1ad78214c89d9ad589b4d07fe93259594b29d510b10fafb7a158f7737e5d\windows-amd64;C:\Users\tukta\Documents\GitHub\material-components-android-examples\MaterialThemeBuilder\.gradle\native\53dbd7edfb1c66fb8903c78663c9afc45aea4f116125fa6feffd364cf09443e8\windows-amd64

VM Arguments:
jvm_args: --add-opens=java.base/java.util=ALL-UNNAMED --add-opens=java.base/java.lang=ALL-UNNAMED --add-opens=java.base/java.lang.invoke=ALL-UNNAMED --add-opens=java.base/java.util=ALL-UNNAMED --add-opens=java.prefs/java.util.prefs=ALL-UNNAMED --add-opens=java.prefs/java.util.prefs=ALL-UNNAMED --add-opens=java.base/java.nio.charset=ALL-UNNAMED --add-opens=java.base/java.net=ALL-UNNAMED --add-opens=java.base/java.util.concurrent.atomic=ALL-UNNAMED -Xmx2048m -Dfile.encoding=UTF-8 -Duser.country=RU -Duser.language=ru -Duser.variant 
java_command: org.gradle.launcher.daemon.bootstrap.GradleDaemon 7.0.2
java_class_path (initial): C:\Users\tukta\Documents\GitHub\material-components-android-examples\MaterialThemeBuilder\.gradle\wrapper\dists\gradle-7.0.2-bin\857tjihv64xamwrf0h14cai3r\gradle-7.0.2\lib\gradle-launcher-7.0.2.jar
Launcher Type: SUN_STANDARD

[Global flags]
     intx CICompilerCount                          = 3                                         {product} {ergonomic}
     uint ConcGCThreads                            = 1                                         {product} {ergonomic}
     uint G1ConcRefinementThreads                  = 4                                         {product} {ergonomic}
   size_t G1HeapRegionSize                         = 1048576                                   {product} {ergonomic}
    uintx GCDrainStackTargetSize                   = 64                                        {product} {ergonomic}
   size_t InitialHeapSize                          = 201326592                                 {product} {ergonomic}
   size_t MarkStackSize                            = 4194304                                   {product} {ergonomic}
   size_t MaxHeapSize                              = 2147483648                                {product} {command line}
   size_t MaxNewSize                               = 1287651328                                {product} {ergonomic}
   size_t MinHeapDeltaBytes                        = 1048576                                   {product} {ergonomic}
    uintx NonNMethodCodeHeapSize                   = 5830732                                {pd product} {ergonomic}
    uintx NonProfiledCodeHeapSize                  = 122913754                              {pd product} {ergonomic}
    uintx ProfiledCodeHeapSize                     = 122913754                              {pd product} {ergonomic}
    uintx ReservedCodeCacheSize                    = 251658240                              {pd product} {ergonomic}
     bool SegmentedCodeCache                       = true                                      {product} {ergonomic}
     bool UseCompressedClassPointers               = true                                 {lp64_product} {ergonomic}
     bool UseCompressedOops                        = true                                 {lp64_product} {ergonomic}
     bool UseG1GC                                  = true                                      {product} {ergonomic}
     bool UseLargePagesIndividualAllocation        = false                                  {pd product} {ergonomic}

Logging:
Log output configuration:
 #0: stdout all=warning uptime,level,tags
 #1: stderr all=off uptime,level,tags

Environment Variables:
PATH=C:\Program Files (x86)\Intel\iCLS Client\;C:\Program Files\Intel\iCLS Client\;C:\Program Files (x86)\Common Files\Oracle\Java\javapath;C:\ProgramData\Oracle\Java\javapath;C:\Program Files\Broadcom\Broadcom 802.11 Network Adapter;C:\WINDOWS\system32;C:\WINDOWS;C:\WINDOWS\System32\Wbem;C:\WINDOWS\System32\WindowsPowerShell\v1.0\;C:\Program Files (x86)\GtkSharp\2.12\bin;C:\WINDOWS\System32\OpenSSH\;C:\webdrivers;C:\Program Files (x86)\Intel\Intel(R) Management Engine Components\DAL;C:\Program Files\Intel\Intel(R) Management Engine Components\DAL;C:\Program Files (x86)\Intel\Intel(R) Management Engine Components\IPT;C:\Program Files\Intel\Intel(R) Management Engine Components\IPT;C:\Program Files\Git\cmd;C:\Program Files\nodejs\;C:\Users\tukta\AppData\Local\Microsoft\WindowsApps;C:\Users\tukta\AppData\Local\GitHubDesktop\bin;C:\Users\tukta\AppData\Roaming\npm;C:\Users\tukta\AppData\Local\atom\bin;C:\Program Files\heroku\bin;C:\Program Files\PostgreSQL\9.6\bin;;%USERPROFILE%\AppData\Local\Microsoft\WindowsApps
USERNAME=tukta
OS=Windows_NT
PROCESSOR_IDENTIFIER=Intel64 Family 6 Model 78 Stepping 3, GenuineIntel



---------------  S Y S T E M  ---------------

OS: Windows 10 , 64 bit Build 19041 (10.0.19041.1348)
OS uptime: 8 days 19:58 hours

CPU:total 4 (initial active 4) (2 cores per cpu, 2 threads per core) family 6 model 78 stepping 3 microcode 0xcc, cmov, cx8, fxsr, mmx, sse, sse2, sse3, ssse3, sse4.1, sse4.2, popcnt, avx, avx2, aes, clmul, erms, 3dnowpref, lzcnt, ht, tsc, tscinvbit, bmi1, bmi2, adx, fma

Memory: 4k page, system-wide physical 12178M (2164M free)
TotalPageFile size 14226M (AvailPageFile size 152M)
current process WorkingSet (physical memory assigned to process): 775M, peak: 795M
current process commit charge ("private bytes"): 803M, peak: 1038M

vm_info: OpenJDK 64-Bit Server VM (11.0.10+0-b96-7249189) for windows-amd64 JRE (11.0.10+0-b96-7249189), built on Mar 31 2021 21:44:00 by "builder" with MS VC++ 14.0 (VS2015)

END.
