#
# There is insufficient memory for the Java Runtime Environment to continue.
# Native memory allocation (mmap) failed to map 201326592 bytes for Failed to commit area from 0x0000000741a00000 to 0x000000074da00000 of length 201326592.
# Possible reasons:
#   The system is out of physical RAM or swap space
#   The process is running with CompressedOops enabled, and the Java Heap may be blocking the growth of the native heap
# Possible solutions:
#   Reduce memory load on the system
#   Increase physical memory or swap space
#   Check if swap backing store is full
#   Decrease Java heap size (-Xmx/-Xms)
#   Decrease number of Java threads
#   Decrease Java thread stack sizes (-Xss)
#   Set larger code cache with -XX:ReservedCodeCacheSize=
# This output file may be truncated or incomplete.
#
#  Out of Memory Error (./src/hotspot/os/windows/os_windows.cpp:3303), pid=16980, tid=7564
#
# JRE version:  (11.0.8+10) (build )
# Java VM: OpenJDK 64-Bit Server VM (11.0.8+10-b944.6842174, mixed mode, sharing, tiered, compressed oops, g1 gc, windows-amd64)
# No core dump will be written. Minidumps are not enabled by default on client versions of Windows
#

---------------  S U M M A R Y ------------

Command Line: org.jetbrains.kotlin.cli.jvm.K2JVMCompiler @C:\Users\tukta\AndroidStudioProjects\FocusTasks\app\build\20211024_15137240914173352280.compiler.options

Host: Intel(R) Core(TM) i5-6200U CPU @ 2.30GHz, 4 cores, 11G,  Windows 10 , 64 bit Build 19041 (10.0.19041.1202)
Time: Sun Oct 24 16:12:48 2021 RTZ 2 (зима) elapsed time: 0 seconds (0d 0h 0m 0s)

---------------  T H R E A D  ---------------

Current thread (0x000002b00f665000):  JavaThread "Unknown thread" [_thread_in_vm, id=7564, stack(0x000000d531b00000,0x000000d531c00000)]

Stack: [0x000000d531b00000,0x000000d531c00000]
Native frames: (J=compiled Java code, j=interpreted, Vv=VM code, C=native code)
V  [jvm.dll+0x5de50a]
V  [jvm.dll+0x7122f5]
V  [jvm.dll+0x71384d]
V  [jvm.dll+0x713f03]
V  [jvm.dll+0x23e728]
V  [jvm.dll+0x5db9a4]
V  [jvm.dll+0x5d0ae5]
V  [jvm.dll+0x2fb20b]
V  [jvm.dll+0x2fb17a]
V  [jvm.dll+0x2fb052]
V  [jvm.dll+0x2fff16]
V  [jvm.dll+0x348743]
V  [jvm.dll+0x348e46]
V  [jvm.dll+0x348843]
V  [jvm.dll+0x2d5d68]
V  [jvm.dll+0x2d6f07]
V  [jvm.dll+0x6f11f7]
V  [jvm.dll+0x6f29ec]
V  [jvm.dll+0x355cb9]
V  [jvm.dll+0x6d4ade]
V  [jvm.dll+0x3bdfe3]
V  [jvm.dll+0x3c0201]
C  [jli.dll+0x5373]
C  [ucrtbase.dll+0x21bb2]
C  [KERNEL32.DLL+0x17034]
C  [ntdll.dll+0x52651]


---------------  P R O C E S S  ---------------

Threads class SMR info:
_java_thread_list=0x000002b00d526dd0, length=0, elements={
}

Java Threads: ( => current thread )

Other Threads:
  0x000002b00f67c800 GCTaskThread "GC Thread#0" [stack: 0x000000d531c00000,0x000000d531d00000] [id=5320]
  0x000002b00f6c2000 ConcurrentGCThread "G1 Main Marker" [stack: 0x000000d531d00000,0x000000d531e00000] [id=7308]
  0x000002b00f6c3800 ConcurrentGCThread "G1 Conc#0" [stack: 0x000000d531e00000,0x000000d531f00000] [id=3444]

[error occurred during error reporting (printing all threads), id 0xc0000005, EXCEPTION_ACCESS_VIOLATION (0xc0000005) at pc=0x00007ff9a35a6357]

VM state:not at safepoint (not fully initialized)

VM Mutex/Monitor currently owned by a thread:  ([mutex/lock_event])
[0x000002b00f65fe10] Heap_lock - owner thread: 0x000002b00f665000

Heap address: 0x0000000741a00000, size: 3046 MB, Compressed Oops mode: Non-zero based: 0x0000000741a00000
Narrow klass base: 0x0000000000000000, Narrow klass shift: 0

GC Heap History (0 events):
No events

Deoptimization events (0 events):
No events

Classes redefined (0 events):
No events

Internal exceptions (0 events):
No events

Events (1 events):
Event: 0.011 Loaded shared library C:\Program Files\Android\Android Studio1\jre\bin\zip.dll


Dynamic libraries:
0x00007ff6d7ea0000 - 0x00007ff6d7eaa000 	C:\Program Files\Android\Android Studio1\jre\bin\java.exe
0x00007ff9f6370000 - 0x00007ff9f6565000 	C:\WINDOWS\SYSTEM32\ntdll.dll
0x00007ff9d1ce0000 - 0x00007ff9d1cf5000 	C:\Program Files\AVAST Software\Avast\aswhook.dll
0x00007ff9f5190000 - 0x00007ff9f524e000 	C:\WINDOWS\System32\KERNEL32.DLL
0x00007ff9f3ef0000 - 0x00007ff9f41b9000 	C:\WINDOWS\System32\KERNELBASE.dll
0x00007ff9f3a90000 - 0x00007ff9f3b90000 	C:\WINDOWS\System32\ucrtbase.dll
0x00007ff9ecc30000 - 0x00007ff9ecc49000 	C:\Program Files\Android\Android Studio1\jre\bin\jli.dll
0x00007ff9ebcd0000 - 0x00007ff9ebce7000 	C:\Program Files\Android\Android Studio1\jre\bin\VCRUNTIME140.dll
0x00007ff9f45a0000 - 0x00007ff9f4741000 	C:\WINDOWS\System32\USER32.dll
0x00007ff9f3da0000 - 0x00007ff9f3dc2000 	C:\WINDOWS\System32\win32u.dll
0x00007ff9e71d0000 - 0x00007ff9e746a000 	C:\WINDOWS\WinSxS\amd64_microsoft.windows.common-controls_6595b64144ccf1df_6.0.19041.1110_none_60b5254171f9507e\COMCTL32.dll
0x00007ff9f5fa0000 - 0x00007ff9f5fcb000 	C:\WINDOWS\System32\GDI32.dll
0x00007ff9f5260000 - 0x00007ff9f52fe000 	C:\WINDOWS\System32\msvcrt.dll
0x00007ff9f41c0000 - 0x00007ff9f42cb000 	C:\WINDOWS\System32\gdi32full.dll
0x00007ff9f4320000 - 0x00007ff9f43bd000 	C:\WINDOWS\System32\msvcp_win.dll
0x00007ff9f5f70000 - 0x00007ff9f5fa0000 	C:\WINDOWS\System32\IMM32.DLL
0x00007ff9cc930000 - 0x00007ff9cc9cd000 	C:\Program Files\Android\Android Studio1\jre\bin\msvcp140.dll
0x00007ff9a32c0000 - 0x00007ff9a3d7c000 	C:\Program Files\Android\Android Studio1\jre\bin\server\jvm.dll
0x00007ff9f4c60000 - 0x00007ff9f4d0c000 	C:\WINDOWS\System32\ADVAPI32.dll
0x00007ff9f5fd0000 - 0x00007ff9f606b000 	C:\WINDOWS\System32\sechost.dll
0x00007ff9f5650000 - 0x00007ff9f577a000 	C:\WINDOWS\System32\RPCRT4.dll
0x00007ff9f4bd0000 - 0x00007ff9f4bd8000 	C:\WINDOWS\System32\PSAPI.DLL
0x00007ff9e0130000 - 0x00007ff9e0139000 	C:\WINDOWS\SYSTEM32\WSOCK32.dll
0x00007ff9ec010000 - 0x00007ff9ec01a000 	C:\WINDOWS\SYSTEM32\VERSION.dll
0x00007ff9e6f70000 - 0x00007ff9e6f97000 	C:\WINDOWS\SYSTEM32\WINMM.dll
0x00007ff9f5300000 - 0x00007ff9f536b000 	C:\WINDOWS\System32\WS2_32.dll
0x00007ff9f2390000 - 0x00007ff9f23a2000 	C:\WINDOWS\SYSTEM32\kernel.appcore.dll
0x00007ff9ea3e0000 - 0x00007ff9ea3f1000 	C:\Program Files\Android\Android Studio1\jre\bin\verify.dll
0x00007ff9f1fe0000 - 0x00007ff9f21c4000 	C:\WINDOWS\SYSTEM32\DBGHELP.DLL
0x00007ff9dfeb0000 - 0x00007ff9dfedc000 	C:\WINDOWS\SYSTEM32\dbgcore.DLL
0x00007ff9f3e30000 - 0x00007ff9f3eb3000 	C:\WINDOWS\System32\bcryptPrimitives.dll
0x00007ff9e9af0000 - 0x00007ff9e9b19000 	C:\Program Files\Android\Android Studio1\jre\bin\java.dll
0x00007ff9eeb10000 - 0x00007ff9eeb1b000 	C:\Program Files\Android\Android Studio1\jre\bin\jimage.dll
0x00007ff9e9ad0000 - 0x00007ff9e9ae8000 	C:\Program Files\Android\Android Studio1\jre\bin\zip.dll

dbghelp: loaded successfully - version: 4.0.5 - missing functions: none
symbol engine: initialized successfully - sym options: 0x614 - pdb path: .;C:\Program Files\Android\Android Studio1\jre\bin;C:\WINDOWS\SYSTEM32;C:\Program Files\AVAST Software\Avast;C:\WINDOWS\WinSxS\amd64_microsoft.windows.common-controls_6595b64144ccf1df_6.0.19041.1110_none_60b5254171f9507e;C:\Program Files\Android\Android Studio1\jre\bin\server

VM Arguments:
java_command: org.jetbrains.kotlin.cli.jvm.K2JVMCompiler @C:\Users\tukta\AndroidStudioProjects\FocusTasks\app\build\20211024_15137240914173352280.compiler.options
java_class_path (initial): C:\Users\tukta\Documents\GitHub\material-components-android-examples\MaterialThemeBuilder\.gradle\caches\modules-2\files-2.1\org.jetbrains.kotlin\kotlin-compiler-embeddable\1.5.21\40ddbcae9ff100473f95370c2d589ba3fc48eed5\kotlin-compiler-embeddable-1.5.21.jar;C:\Users\tukta\Documents\GitHub\material-components-android-examples\MaterialThemeBuilder\.gradle\caches\modules-2\files-2.1\org.jetbrains.kotlin\kotlin-reflect\1.5.21\802f1f39735ae1eb2b75714a40fa19bb2e687e96\kotlin-reflect-1.5.21.jar;C:\Users\tukta\Documents\GitHub\material-components-android-examples\MaterialThemeBuilder\.gradle\caches\modules-2\files-2.1\org.jetbrains.kotlin\kotlin-stdlib\1.5.21\2f537cad7e9eeb9da73738c8812e1e4cf9b62e4e\kotlin-stdlib-1.5.21.jar;C:\Users\tukta\Documents\GitHub\material-components-android-examples\MaterialThemeBuilder\.gradle\caches\modules-2\files-2.1\org.jetbrains.kotlin\kotlin-script-runtime\1.5.21\96d49e89873fde985750af354b6eabb60cfa999b\kotlin-script-runtime-1.5.21.jar;C:\Users\tukta\Documents\GitHub\material-components-android-examples\MaterialThemeBuilder\.gradle\caches\modules-2\files-2.1\org.jetbrains.kotlin\kotlin-daemon-embeddable\1.5.21\17255809e66a940dfdf6289bccbdfb5a09f3145\kotlin-daemon-embeddable-1.5.21.jar;C:\Users\tukta\Documents\GitHub\material-components-android-examples\MaterialThemeBuilder\.gradle\caches\modules-2\files-2.1\org.jetbrains.intellij.deps\trove4j\1.0.20181211\216c2e14b070f334479d800987affe4054cd563f\trove4j-1.0.20181211.jar;C:\Users\tukta\Documents\GitHub\material-components-android-examples\MaterialThemeBuilder\.gradle\caches\modules-2\files-2.1\org.jetbrains\annotations\13.0\919f0dfe192fb4e063e7dacadee7f8bb9a2672a9\annotations-13.0.jar;C:\Users\tukta\Documents\GitHub\material-components-android-examples\MaterialThemeBuilder\.gradle\caches\modules-2\files-2.1\org.jetbrains.kotlin\kotlin-stdlib-common\1.5.21\cc8bf3586fd2ebcf234058b9440bb406e62dfacb\kotlin-stdlib-common-1.5.21.jar
Launcher Type: SUN_STANDARD

[Global flags]
     intx CICompilerCount                          = 3                                         {product} {ergonomic}
     uint ConcGCThreads                            = 1                                         {product} {ergonomic}
     uint G1ConcRefinementThreads                  = 4                                         {product} {ergonomic}
   size_t G1HeapRegionSize                         = 1048576                                   {product} {ergonomic}
    uintx GCDrainStackTargetSize                   = 64                                        {product} {ergonomic}
   size_t InitialHeapSize                          = 201326592                                 {product} {ergonomic}
   size_t MarkStackSize                            = 4194304                                   {product} {ergonomic}
   size_t MaxHeapSize                              = 3193962496                                {product} {ergonomic}
   size_t MinHeapDeltaBytes                        = 1048576                                   {product} {ergonomic}
    uintx NonNMethodCodeHeapSize                   = 5830732                                {pd product} {ergonomic}
    uintx NonProfiledCodeHeapSize                  = 122913754                              {pd product} {ergonomic}
    uintx ProfiledCodeHeapSize                     = 122913754                              {pd product} {ergonomic}
    uintx ReservedCodeCacheSize                    = 251658240                              {pd product} {ergonomic}
     bool SegmentedCodeCache                       = true                                      {product} {ergonomic}
     bool UseCompressedClassPointers               = true                                 {lp64_product} {ergonomic}
     bool UseCompressedOops                        = true                                 {lp64_product} {ergonomic}
     bool UseG1GC                                  = true                                      {product} {ergonomic}
     bool UseLargePagesIndividualAllocation        = false                                  {pd product} {ergonomic}

Logging:
Log output configuration:
 #0: stdout all=warning uptime,level,tags
 #1: stderr all=off uptime,level,tags

Environment Variables:
PATH=C:\Program Files (x86)\Intel\iCLS Client\;C:\Program Files\Intel\iCLS Client\;C:\Program Files (x86)\Common Files\Oracle\Java\javapath;C:\ProgramData\Oracle\Java\javapath;C:\Program Files\Broadcom\Broadcom 802.11 Network Adapter;C:\WINDOWS\system32;C:\WINDOWS;C:\WINDOWS\System32\Wbem;C:\WINDOWS\System32\WindowsPowerShell\v1.0\;C:\Program Files (x86)\GtkSharp\2.12\bin;C:\WINDOWS\System32\OpenSSH\;C:\webdrivers;C:\Program Files (x86)\Intel\Intel(R) Management Engine Components\DAL;C:\Program Files\Intel\Intel(R) Management Engine Components\DAL;C:\Program Files (x86)\Intel\Intel(R) Management Engine Components\IPT;C:\Program Files\Intel\Intel(R) Management Engine Components\IPT;C:\Program Files\Git\cmd;C:\Program Files\nodejs\;C:\Users\tukta\AppData\Local\Microsoft\WindowsApps;C:\Users\tukta\AppData\Local\GitHubDesktop\bin;C:\Users\tukta\AppData\Roaming\npm;C:\Users\tukta\AppData\Local\atom\bin;C:\Program Files\heroku\bin;C:\Program Files\PostgreSQL\9.6\bin;;%USERPROFILE%\AppData\Local\Microsoft\WindowsApps
USERNAME=tukta
OS=Windows_NT
PROCESSOR_IDENTIFIER=Intel64 Family 6 Model 78 Stepping 3, GenuineIntel



---------------  S Y S T E M  ---------------

OS: Windows 10 , 64 bit Build 19041 (10.0.19041.1202)
OS uptime: 4 days 1:44 hours

CPU:total 4 (initial active 4) (2 cores per cpu, 2 threads per core) family 6 model 78 stepping 3, cmov, cx8, fxsr, mmx, sse, sse2, sse3, ssse3, sse4.1, sse4.2, popcnt, avx, avx2, aes, clmul, erms, 3dnowpref, lzcnt, ht, tsc, tscinvbit, bmi1, bmi2, adx, fma

Memory: 4k page, system-wide physical 12178M (2742M free)
TotalPageFile size 14226M (AvailPageFile size 194M)
current process WorkingSet (physical memory assigned to process): 10M, peak: 10M
current process commit charge ("private bytes"): 51M, peak: 243M

vm_info: OpenJDK 64-Bit Server VM (11.0.8+10-b944.6842174) for windows-amd64 JRE (11.0.8+10-b944.6842174), built on Sep 19 2020 01:11:42 by "builder" with MS VC++ 14.0 (VS2015)

END.
