#
# There is insufficient memory for the Java Runtime Environment to continue.
# Native memory allocation (malloc) failed to allocate 32744 bytes for ChunkPool::allocate
# Possible reasons:
#   The system is out of physical RAM or swap space
#   The process is running with CompressedOops enabled, and the Java Heap may be blocking the growth of the native heap
# Possible solutions:
#   Reduce memory load on the system
#   Increase physical memory or swap space
#   Check if swap backing store is full
#   Decrease Java heap size (-Xmx/-Xms)
#   Decrease number of Java threads
#   Decrease Java thread stack sizes (-Xss)
#   Set larger code cache with -XX:ReservedCodeCacheSize=
#   JVM is running with Zero Based Compressed Oops mode in which the Java heap is
#     placed in the first 32GB address space. The Java Heap base address is the
#     maximum limit for the native heap growth. Please use -XX:HeapBaseMinAddress
#     to set the Java Heap base and to place the Java Heap above 32GB virtual address.
# This output file may be truncated or incomplete.
#
#  Out of Memory Error (./src/hotspot/share/memory/arena.cpp:81), pid=17524, tid=252
#
# JRE version: OpenJDK Runtime Environment (11.0.8+10) (build 11.0.8+10-b944.6842174)
# Java VM: OpenJDK 64-Bit Server VM (11.0.8+10-b944.6842174, mixed mode, tiered, compressed oops, g1 gc, windows-amd64)
# No core dump will be written. Minidumps are not enabled by default on client versions of Windows
#

---------------  S U M M A R Y ------------

Command Line: org.jetbrains.kotlin.cli.jvm.K2JVMCompiler @C:\Users\tukta\AndroidStudioProjects\FocusTasks\app\build\20211024_9655015359144872932.compiler.options

Host: Intel(R) Core(TM) i5-6200U CPU @ 2.30GHz, 4 cores, 11G,  Windows 10 , 64 bit Build 19041 (10.0.19041.1202)
Time: Sun Oct 24 16:15:14 2021 RTZ 2 (зима) elapsed time: 2 seconds (0d 0h 0m 2s)

---------------  T H R E A D  ---------------

Current thread (0x000001a24f111800):  JavaThread "C2 CompilerThread1" daemon [_thread_in_native, id=252, stack(0x0000005716c00000,0x0000005716d00000)]


Current CompileTask:
C2:   2795 1980   !   4       jdk.internal.loader.BuiltinClassLoader::loadClassOrNull (143 bytes)

Stack: [0x0000005716c00000,0x0000005716d00000]
Native frames: (J=compiled Java code, j=interpreted, Vv=VM code, C=native code)
V  [jvm.dll+0x5de50a]
V  [jvm.dll+0x7122f5]
V  [jvm.dll+0x71384d]
V  [jvm.dll+0x713f03]
V  [jvm.dll+0x23e728]
V  [jvm.dll+0xb8beb]
V  [jvm.dll+0xb8e9c]
V  [jvm.dll+0xb8a98]
V  [jvm.dll+0x5be3b0]
V  [jvm.dll+0x60eabe]
V  [jvm.dll+0x193f88]
V  [jvm.dll+0x1f780e]
V  [jvm.dll+0x1f68d4]
V  [jvm.dll+0x17f32c]
V  [jvm.dll+0x205047]
V  [jvm.dll+0x203891]
V  [jvm.dll+0x6dad3f]
V  [jvm.dll+0x6d3895]
V  [jvm.dll+0x5dd4a6]
C  [ucrtbase.dll+0x21bb2]
C  [KERNEL32.DLL+0x17034]
C  [ntdll.dll+0x52651]


---------------  P R O C E S S  ---------------

Threads class SMR info:
_java_thread_list=0x000001a24fca9c10, length=11, elements={
0x000001a22fe0c000, 0x000001a24dd68000, 0x000001a24dd6b800, 0x000001a24e5fc000,
0x000001a24e600000, 0x000001a24e601000, 0x000001a24e604000, 0x000001a24e613800,
0x000001a24e774000, 0x000001a24e77f000, 0x000001a24f111800
}

Java Threads: ( => current thread )
  0x000001a22fe0c000 JavaThread "main" [_thread_in_native, id=15012, stack(0x0000005715b00000,0x0000005715c00000)]
  0x000001a24dd68000 JavaThread "Reference Handler" daemon [_thread_blocked, id=16524, stack(0x0000005716200000,0x0000005716300000)]
  0x000001a24dd6b800 JavaThread "Finalizer" daemon [_thread_blocked, id=11972, stack(0x0000005716300000,0x0000005716400000)]
  0x000001a24e5fc000 JavaThread "Signal Dispatcher" daemon [_thread_blocked, id=16540, stack(0x0000005716400000,0x0000005716500000)]
  0x000001a24e600000 JavaThread "Attach Listener" daemon [_thread_blocked, id=15820, stack(0x0000005716500000,0x0000005716600000)]
  0x000001a24e601000 JavaThread "C2 CompilerThread0" daemon [_thread_in_native, id=14992, stack(0x0000005716600000,0x0000005716700000)]
  0x000001a24e604000 JavaThread "C1 CompilerThread0" daemon [_thread_in_vm, id=17808, stack(0x0000005716700000,0x0000005716800000)]
  0x000001a24e613800 JavaThread "Sweeper thread" daemon [_thread_blocked, id=16976, stack(0x0000005716800000,0x0000005716900000)]
  0x000001a24e774000 JavaThread "Service Thread" daemon [_thread_blocked, id=16176, stack(0x0000005716900000,0x0000005716a00000)]
  0x000001a24e77f000 JavaThread "Common-Cleaner" daemon [_thread_blocked, id=4192, stack(0x0000005716b00000,0x0000005716c00000)]
=>0x000001a24f111800 JavaThread "C2 CompilerThread1" daemon [_thread_in_native, id=252, stack(0x0000005716c00000,0x0000005716d00000)]

Other Threads:
  0x000001a24e5a5000 VMThread "VM Thread" [stack: 0x0000005716100000,0x0000005716200000] [id=12444]
  0x000001a24e779000 WatcherThread [stack: 0x0000005716a00000,0x0000005716b00000] [id=6976]
  0x000001a22fe4c800 GCTaskThread "GC Thread#0" [stack: 0x0000005715c00000,0x0000005715d00000] [id=13720]
  0x000001a24ec42800 GCTaskThread "GC Thread#1" [stack: 0x0000005716d00000,0x0000005716e00000] [id=14800]
  0x000001a24ecd0800 GCTaskThread "GC Thread#2" [stack: 0x0000005716e00000,0x0000005716f00000] [id=14092]
  0x000001a24ec7e800 GCTaskThread "GC Thread#3" [stack: 0x0000005716f00000,0x0000005717000000] [id=9136]
  0x000001a22fe91000 ConcurrentGCThread "G1 Main Marker" [stack: 0x0000005715d00000,0x0000005715e00000] [id=13372]
  0x000001a22fe93800 ConcurrentGCThread "G1 Conc#0" [stack: 0x0000005715e00000,0x0000005715f00000] [id=14260]
  0x000001a24dbd2000 ConcurrentGCThread "G1 Refine#0" [stack: 0x0000005715f00000,0x0000005716000000] [id=12796]
  0x000001a24dbd3000 ConcurrentGCThread "G1 Young RemSet Sampling" [stack: 0x0000005716000000,0x0000005716100000] [id=15432]

Threads with active compile tasks:
C2 CompilerThread0   2909 2134       4       org.jetbrains.kotlin.com.intellij.openapi.vfs.impl.jar.CoreJarHandler::getOrCreateFile (106 bytes)
C1 CompilerThread0   2910 2130       3       sun.nio.fs.NativeBuffers::getNativeBufferFromCache (51 bytes)
C2 CompilerThread1   2910 1980   !   4       jdk.internal.loader.BuiltinClassLoader::loadClassOrNull (143 bytes)

VM state:not at safepoint (normal execution)

VM Mutex/Monitor currently owned by a thread: None

Heap address: 0x0000000741a00000, size: 3046 MB, Compressed Oops mode: Zero based, Oop shift amount: 3
Narrow klass base: 0x0000000800000000, Narrow klass shift: 0
Compressed class space size: 1073741824 Address: 0x0000000800000000

Heap:
 garbage-first heap   total 196608K, used 48277K [0x0000000741a00000, 0x0000000800000000)
  region size 1024K, 40 young (40960K), 7 survivors (7168K)
 Metaspace       used 29362K, capacity 29728K, committed 30080K, reserved 1075200K
  class space    used 3466K, capacity 3598K, committed 3712K, reserved 1048576K
Heap Regions: E=young(eden), S=young(survivor), O=old, HS=humongous(starts), HC=humongous(continues), CS=collection set, F=free, A=archive, TAMS=top-at-mark-start (previous, next)
|   0|0x0000000741a00000, 0x0000000741b00000, 0x0000000741b00000|100%|HS|  |TAMS 0x0000000741b00000, 0x0000000741a00000| Complete 
|   1|0x0000000741b00000, 0x0000000741c00000, 0x0000000741c00000|100%|HC|  |TAMS 0x0000000741c00000, 0x0000000741b00000| Complete 
|   2|0x0000000741c00000, 0x0000000741d00000, 0x0000000741d00000|100%|HC|  |TAMS 0x0000000741d00000, 0x0000000741c00000| Complete 
|   3|0x0000000741d00000, 0x0000000741d00000, 0x0000000741e00000|  0%| F|  |TAMS 0x0000000741d00000, 0x0000000741d00000| Untracked 
|   4|0x0000000741e00000, 0x0000000741e0a000, 0x0000000741f00000|  3%| O|  |TAMS 0x0000000741e0a000, 0x0000000741e00000| Untracked 
|   5|0x0000000741f00000, 0x0000000742000000, 0x0000000742000000|100%|HS|  |TAMS 0x0000000741f00000, 0x0000000741f00000| Complete 
|   6|0x0000000742000000, 0x0000000742100000, 0x0000000742100000|100%|HC|  |TAMS 0x0000000742000000, 0x0000000742000000| Complete 
|   7|0x0000000742100000, 0x0000000742200000, 0x0000000742200000|100%|HC|  |TAMS 0x0000000742100000, 0x0000000742100000| Complete 
|   8|0x0000000742200000, 0x0000000742300000, 0x0000000742300000|100%|HS|  |TAMS 0x0000000742200000, 0x0000000742200000| Complete 
|   9|0x0000000742300000, 0x0000000742400000, 0x0000000742400000|100%|HC|  |TAMS 0x0000000742300000, 0x0000000742300000| Complete 
|  10|0x0000000742400000, 0x0000000742500000, 0x0000000742500000|100%|HC|  |TAMS 0x0000000742400000, 0x0000000742400000| Complete 
|  11|0x0000000742500000, 0x0000000742500000, 0x0000000742600000|  0%| F|  |TAMS 0x0000000742500000, 0x0000000742500000| Untracked 
|  12|0x0000000742600000, 0x0000000742600000, 0x0000000742700000|  0%| F|  |TAMS 0x0000000742600000, 0x0000000742600000| Untracked 
|  13|0x0000000742700000, 0x0000000742700000, 0x0000000742800000|  0%| F|  |TAMS 0x0000000742700000, 0x0000000742700000| Untracked 
|  14|0x0000000742800000, 0x0000000742800000, 0x0000000742900000|  0%| F|  |TAMS 0x0000000742800000, 0x0000000742800000| Untracked 
|  15|0x0000000742900000, 0x0000000742900000, 0x0000000742a00000|  0%| F|  |TAMS 0x0000000742900000, 0x0000000742900000| Untracked 
|  16|0x0000000742a00000, 0x0000000742a00000, 0x0000000742b00000|  0%| F|  |TAMS 0x0000000742a00000, 0x0000000742a00000| Untracked 
|  17|0x0000000742b00000, 0x0000000742b00000, 0x0000000742c00000|  0%| F|  |TAMS 0x0000000742b00000, 0x0000000742b00000| Untracked 
|  18|0x0000000742c00000, 0x0000000742c00000, 0x0000000742d00000|  0%| F|  |TAMS 0x0000000742c00000, 0x0000000742c00000| Untracked 
|  19|0x0000000742d00000, 0x0000000742d00000, 0x0000000742e00000|  0%| F|  |TAMS 0x0000000742d00000, 0x0000000742d00000| Untracked 
|  20|0x0000000742e00000, 0x0000000742e00000, 0x0000000742f00000|  0%| F|  |TAMS 0x0000000742e00000, 0x0000000742e00000| Untracked 
|  21|0x0000000742f00000, 0x0000000742f00000, 0x0000000743000000|  0%| F|  |TAMS 0x0000000742f00000, 0x0000000742f00000| Untracked 
|  22|0x0000000743000000, 0x0000000743000000, 0x0000000743100000|  0%| F|  |TAMS 0x0000000743000000, 0x0000000743000000| Untracked 
|  23|0x0000000743100000, 0x0000000743100000, 0x0000000743200000|  0%| F|  |TAMS 0x0000000743100000, 0x0000000743100000| Untracked 
|  24|0x0000000743200000, 0x0000000743200000, 0x0000000743300000|  0%| F|  |TAMS 0x0000000743200000, 0x0000000743200000| Untracked 
|  25|0x0000000743300000, 0x0000000743300000, 0x0000000743400000|  0%| F|  |TAMS 0x0000000743300000, 0x0000000743300000| Untracked 
|  26|0x0000000743400000, 0x0000000743400000, 0x0000000743500000|  0%| F|  |TAMS 0x0000000743400000, 0x0000000743400000| Untracked 
|  27|0x0000000743500000, 0x0000000743500000, 0x0000000743600000|  0%| F|  |TAMS 0x0000000743500000, 0x0000000743500000| Untracked 
|  28|0x0000000743600000, 0x0000000743600000, 0x0000000743700000|  0%| F|  |TAMS 0x0000000743600000, 0x0000000743600000| Untracked 
|  29|0x0000000743700000, 0x0000000743700000, 0x0000000743800000|  0%| F|  |TAMS 0x0000000743700000, 0x0000000743700000| Untracked 
|  30|0x0000000743800000, 0x0000000743800000, 0x0000000743900000|  0%| F|  |TAMS 0x0000000743800000, 0x0000000743800000| Untracked 
|  31|0x0000000743900000, 0x0000000743900000, 0x0000000743a00000|  0%| F|  |TAMS 0x0000000743900000, 0x0000000743900000| Untracked 
|  32|0x0000000743a00000, 0x0000000743a00000, 0x0000000743b00000|  0%| F|  |TAMS 0x0000000743a00000, 0x0000000743a00000| Untracked 
|  33|0x0000000743b00000, 0x0000000743b00000, 0x0000000743c00000|  0%| F|  |TAMS 0x0000000743b00000, 0x0000000743b00000| Untracked 
|  34|0x0000000743c00000, 0x0000000743c00000, 0x0000000743d00000|  0%| F|  |TAMS 0x0000000743c00000, 0x0000000743c00000| Untracked 
|  35|0x0000000743d00000, 0x0000000743d00000, 0x0000000743e00000|  0%| F|  |TAMS 0x0000000743d00000, 0x0000000743d00000| Untracked 
|  36|0x0000000743e00000, 0x0000000743e00000, 0x0000000743f00000|  0%| F|  |TAMS 0x0000000743e00000, 0x0000000743e00000| Untracked 
|  37|0x0000000743f00000, 0x0000000743f00000, 0x0000000744000000|  0%| F|  |TAMS 0x0000000743f00000, 0x0000000743f00000| Untracked 
|  38|0x0000000744000000, 0x0000000744000000, 0x0000000744100000|  0%| F|  |TAMS 0x0000000744000000, 0x0000000744000000| Untracked 
|  39|0x0000000744100000, 0x0000000744100000, 0x0000000744200000|  0%| F|  |TAMS 0x0000000744100000, 0x0000000744100000| Untracked 
|  40|0x0000000744200000, 0x0000000744200000, 0x0000000744300000|  0%| F|  |TAMS 0x0000000744200000, 0x0000000744200000| Untracked 
|  41|0x0000000744300000, 0x0000000744300000, 0x0000000744400000|  0%| F|  |TAMS 0x0000000744300000, 0x0000000744300000| Untracked 
|  42|0x0000000744400000, 0x0000000744400000, 0x0000000744500000|  0%| F|  |TAMS 0x0000000744400000, 0x0000000744400000| Untracked 
|  43|0x0000000744500000, 0x0000000744500000, 0x0000000744600000|  0%| F|  |TAMS 0x0000000744500000, 0x0000000744500000| Untracked 
|  44|0x0000000744600000, 0x0000000744600000, 0x0000000744700000|  0%| F|  |TAMS 0x0000000744600000, 0x0000000744600000| Untracked 
|  45|0x0000000744700000, 0x0000000744700000, 0x0000000744800000|  0%| F|  |TAMS 0x0000000744700000, 0x0000000744700000| Untracked 
|  46|0x0000000744800000, 0x0000000744800000, 0x0000000744900000|  0%| F|  |TAMS 0x0000000744800000, 0x0000000744800000| Untracked 
|  47|0x0000000744900000, 0x0000000744900000, 0x0000000744a00000|  0%| F|  |TAMS 0x0000000744900000, 0x0000000744900000| Untracked 
|  48|0x0000000744a00000, 0x0000000744a00000, 0x0000000744b00000|  0%| F|  |TAMS 0x0000000744a00000, 0x0000000744a00000| Untracked 
|  49|0x0000000744b00000, 0x0000000744b00000, 0x0000000744c00000|  0%| F|  |TAMS 0x0000000744b00000, 0x0000000744b00000| Untracked 
|  50|0x0000000744c00000, 0x0000000744c00000, 0x0000000744d00000|  0%| F|  |TAMS 0x0000000744c00000, 0x0000000744c00000| Untracked 
|  51|0x0000000744d00000, 0x0000000744d00000, 0x0000000744e00000|  0%| F|  |TAMS 0x0000000744d00000, 0x0000000744d00000| Untracked 
|  52|0x0000000744e00000, 0x0000000744e00000, 0x0000000744f00000|  0%| F|  |TAMS 0x0000000744e00000, 0x0000000744e00000| Untracked 
|  53|0x0000000744f00000, 0x0000000744f00000, 0x0000000745000000|  0%| F|  |TAMS 0x0000000744f00000, 0x0000000744f00000| Untracked 
|  54|0x0000000745000000, 0x0000000745000000, 0x0000000745100000|  0%| F|  |TAMS 0x0000000745000000, 0x0000000745000000| Untracked 
|  55|0x0000000745100000, 0x0000000745100000, 0x0000000745200000|  0%| F|  |TAMS 0x0000000745100000, 0x0000000745100000| Untracked 
|  56|0x0000000745200000, 0x0000000745200000, 0x0000000745300000|  0%| F|  |TAMS 0x0000000745200000, 0x0000000745200000| Untracked 
|  57|0x0000000745300000, 0x0000000745300000, 0x0000000745400000|  0%| F|  |TAMS 0x0000000745300000, 0x0000000745300000| Untracked 
|  58|0x0000000745400000, 0x0000000745400000, 0x0000000745500000|  0%| F|  |TAMS 0x0000000745400000, 0x0000000745400000| Untracked 
|  59|0x0000000745500000, 0x0000000745500000, 0x0000000745600000|  0%| F|  |TAMS 0x0000000745500000, 0x0000000745500000| Untracked 
|  60|0x0000000745600000, 0x0000000745600000, 0x0000000745700000|  0%| F|  |TAMS 0x0000000745600000, 0x0000000745600000| Untracked 
|  61|0x0000000745700000, 0x0000000745700000, 0x0000000745800000|  0%| F|  |TAMS 0x0000000745700000, 0x0000000745700000| Untracked 
|  62|0x0000000745800000, 0x0000000745800000, 0x0000000745900000|  0%| F|  |TAMS 0x0000000745800000, 0x0000000745800000| Untracked 
|  63|0x0000000745900000, 0x0000000745900000, 0x0000000745a00000|  0%| F|  |TAMS 0x0000000745900000, 0x0000000745900000| Untracked 
|  64|0x0000000745a00000, 0x0000000745a00000, 0x0000000745b00000|  0%| F|  |TAMS 0x0000000745a00000, 0x0000000745a00000| Untracked 
|  65|0x0000000745b00000, 0x0000000745b00000, 0x0000000745c00000|  0%| F|  |TAMS 0x0000000745b00000, 0x0000000745b00000| Untracked 
|  66|0x0000000745c00000, 0x0000000745c00000, 0x0000000745d00000|  0%| F|  |TAMS 0x0000000745c00000, 0x0000000745c00000| Untracked 
|  67|0x0000000745d00000, 0x0000000745d00000, 0x0000000745e00000|  0%| F|  |TAMS 0x0000000745d00000, 0x0000000745d00000| Untracked 
|  68|0x0000000745e00000, 0x0000000745e00000, 0x0000000745f00000|  0%| F|  |TAMS 0x0000000745e00000, 0x0000000745e00000| Untracked 
|  69|0x0000000745f00000, 0x0000000745f00000, 0x0000000746000000|  0%| F|  |TAMS 0x0000000745f00000, 0x0000000745f00000| Untracked 
|  70|0x0000000746000000, 0x0000000746000000, 0x0000000746100000|  0%| F|  |TAMS 0x0000000746000000, 0x0000000746000000| Untracked 
|  71|0x0000000746100000, 0x0000000746100000, 0x0000000746200000|  0%| F|  |TAMS 0x0000000746100000, 0x0000000746100000| Untracked 
|  72|0x0000000746200000, 0x0000000746200000, 0x0000000746300000|  0%| F|  |TAMS 0x0000000746200000, 0x0000000746200000| Untracked 
|  73|0x0000000746300000, 0x0000000746300000, 0x0000000746400000|  0%| F|  |TAMS 0x0000000746300000, 0x0000000746300000| Untracked 
|  74|0x0000000746400000, 0x0000000746400000, 0x0000000746500000|  0%| F|  |TAMS 0x0000000746400000, 0x0000000746400000| Untracked 
|  75|0x0000000746500000, 0x0000000746500000, 0x0000000746600000|  0%| F|  |TAMS 0x0000000746500000, 0x0000000746500000| Untracked 
|  76|0x0000000746600000, 0x0000000746600000, 0x0000000746700000|  0%| F|  |TAMS 0x0000000746600000, 0x0000000746600000| Untracked 
|  77|0x0000000746700000, 0x0000000746700000, 0x0000000746800000|  0%| F|  |TAMS 0x0000000746700000, 0x0000000746700000| Untracked 
|  78|0x0000000746800000, 0x0000000746800000, 0x0000000746900000|  0%| F|  |TAMS 0x0000000746800000, 0x0000000746800000| Untracked 
|  79|0x0000000746900000, 0x0000000746900000, 0x0000000746a00000|  0%| F|  |TAMS 0x0000000746900000, 0x0000000746900000| Untracked 
|  80|0x0000000746a00000, 0x0000000746a00000, 0x0000000746b00000|  0%| F|  |TAMS 0x0000000746a00000, 0x0000000746a00000| Untracked 
|  81|0x0000000746b00000, 0x0000000746b00000, 0x0000000746c00000|  0%| F|  |TAMS 0x0000000746b00000, 0x0000000746b00000| Untracked 
|  82|0x0000000746c00000, 0x0000000746c00000, 0x0000000746d00000|  0%| F|  |TAMS 0x0000000746c00000, 0x0000000746c00000| Untracked 
|  83|0x0000000746d00000, 0x0000000746d00000, 0x0000000746e00000|  0%| F|  |TAMS 0x0000000746d00000, 0x0000000746d00000| Untracked 
|  84|0x0000000746e00000, 0x0000000746e00000, 0x0000000746f00000|  0%| F|  |TAMS 0x0000000746e00000, 0x0000000746e00000| Untracked 
|  85|0x0000000746f00000, 0x0000000746f00000, 0x0000000747000000|  0%| F|  |TAMS 0x0000000746f00000, 0x0000000746f00000| Untracked 
|  86|0x0000000747000000, 0x0000000747000000, 0x0000000747100000|  0%| F|  |TAMS 0x0000000747000000, 0x0000000747000000| Untracked 
|  87|0x0000000747100000, 0x0000000747100000, 0x0000000747200000|  0%| F|  |TAMS 0x0000000747100000, 0x0000000747100000| Untracked 
|  88|0x0000000747200000, 0x0000000747200000, 0x0000000747300000|  0%| F|  |TAMS 0x0000000747200000, 0x0000000747200000| Untracked 
|  89|0x0000000747300000, 0x0000000747300000, 0x0000000747400000|  0%| F|  |TAMS 0x0000000747300000, 0x0000000747300000| Untracked 
|  90|0x0000000747400000, 0x0000000747400000, 0x0000000747500000|  0%| F|  |TAMS 0x0000000747400000, 0x0000000747400000| Untracked 
|  91|0x0000000747500000, 0x0000000747500000, 0x0000000747600000|  0%| F|  |TAMS 0x0000000747500000, 0x0000000747500000| Untracked 
|  92|0x0000000747600000, 0x0000000747600000, 0x0000000747700000|  0%| F|  |TAMS 0x0000000747600000, 0x0000000747600000| Untracked 
|  93|0x0000000747700000, 0x0000000747700000, 0x0000000747800000|  0%| F|  |TAMS 0x0000000747700000, 0x0000000747700000| Untracked 
|  94|0x0000000747800000, 0x0000000747800000, 0x0000000747900000|  0%| F|  |TAMS 0x0000000747800000, 0x0000000747800000| Untracked 
|  95|0x0000000747900000, 0x0000000747900000, 0x0000000747a00000|  0%| F|  |TAMS 0x0000000747900000, 0x0000000747900000| Untracked 
|  96|0x0000000747a00000, 0x0000000747a00000, 0x0000000747b00000|  0%| F|  |TAMS 0x0000000747a00000, 0x0000000747a00000| Untracked 
|  97|0x0000000747b00000, 0x0000000747b00000, 0x0000000747c00000|  0%| F|  |TAMS 0x0000000747b00000, 0x0000000747b00000| Untracked 
|  98|0x0000000747c00000, 0x0000000747c00000, 0x0000000747d00000|  0%| F|  |TAMS 0x0000000747c00000, 0x0000000747c00000| Untracked 
|  99|0x0000000747d00000, 0x0000000747d00000, 0x0000000747e00000|  0%| F|  |TAMS 0x0000000747d00000, 0x0000000747d00000| Untracked 
| 100|0x0000000747e00000, 0x0000000747e00000, 0x0000000747f00000|  0%| F|  |TAMS 0x0000000747e00000, 0x0000000747e00000| Untracked 
| 101|0x0000000747f00000, 0x0000000747f00000, 0x0000000748000000|  0%| F|  |TAMS 0x0000000747f00000, 0x0000000747f00000| Untracked 
| 102|0x0000000748000000, 0x0000000748000000, 0x0000000748100000|  0%| F|  |TAMS 0x0000000748000000, 0x0000000748000000| Untracked 
| 103|0x0000000748100000, 0x0000000748100000, 0x0000000748200000|  0%| F|  |TAMS 0x0000000748100000, 0x0000000748100000| Untracked 
| 104|0x0000000748200000, 0x0000000748200000, 0x0000000748300000|  0%| F|  |TAMS 0x0000000748200000, 0x0000000748200000| Untracked 
| 105|0x0000000748300000, 0x0000000748300000, 0x0000000748400000|  0%| F|  |TAMS 0x0000000748300000, 0x0000000748300000| Untracked 
| 106|0x0000000748400000, 0x0000000748400000, 0x0000000748500000|  0%| F|  |TAMS 0x0000000748400000, 0x0000000748400000| Untracked 
| 107|0x0000000748500000, 0x0000000748500000, 0x0000000748600000|  0%| F|  |TAMS 0x0000000748500000, 0x0000000748500000| Untracked 
| 108|0x0000000748600000, 0x0000000748600000, 0x0000000748700000|  0%| F|  |TAMS 0x0000000748600000, 0x0000000748600000| Untracked 
| 109|0x0000000748700000, 0x0000000748700000, 0x0000000748800000|  0%| F|  |TAMS 0x0000000748700000, 0x0000000748700000| Untracked 
| 110|0x0000000748800000, 0x0000000748800000, 0x0000000748900000|  0%| F|  |TAMS 0x0000000748800000, 0x0000000748800000| Untracked 
| 111|0x0000000748900000, 0x0000000748900000, 0x0000000748a00000|  0%| F|  |TAMS 0x0000000748900000, 0x0000000748900000| Untracked 
| 112|0x0000000748a00000, 0x0000000748a00000, 0x0000000748b00000|  0%| F|  |TAMS 0x0000000748a00000, 0x0000000748a00000| Untracked 
| 113|0x0000000748b00000, 0x0000000748b00000, 0x0000000748c00000|  0%| F|  |TAMS 0x0000000748b00000, 0x0000000748b00000| Untracked 
| 114|0x0000000748c00000, 0x0000000748c00000, 0x0000000748d00000|  0%| F|  |TAMS 0x0000000748c00000, 0x0000000748c00000| Untracked 
| 115|0x0000000748d00000, 0x0000000748d00000, 0x0000000748e00000|  0%| F|  |TAMS 0x0000000748d00000, 0x0000000748d00000| Untracked 
| 116|0x0000000748e00000, 0x0000000748e00000, 0x0000000748f00000|  0%| F|  |TAMS 0x0000000748e00000, 0x0000000748e00000| Untracked 
| 117|0x0000000748f00000, 0x0000000748f00000, 0x0000000749000000|  0%| F|  |TAMS 0x0000000748f00000, 0x0000000748f00000| Untracked 
| 118|0x0000000749000000, 0x0000000749000000, 0x0000000749100000|  0%| F|  |TAMS 0x0000000749000000, 0x0000000749000000| Untracked 
| 119|0x0000000749100000, 0x0000000749100000, 0x0000000749200000|  0%| F|  |TAMS 0x0000000749100000, 0x0000000749100000| Untracked 
| 120|0x0000000749200000, 0x0000000749200000, 0x0000000749300000|  0%| F|  |TAMS 0x0000000749200000, 0x0000000749200000| Untracked 
| 121|0x0000000749300000, 0x0000000749300000, 0x0000000749400000|  0%| F|  |TAMS 0x0000000749300000, 0x0000000749300000| Untracked 
| 122|0x0000000749400000, 0x0000000749400000, 0x0000000749500000|  0%| F|  |TAMS 0x0000000749400000, 0x0000000749400000| Untracked 
| 123|0x0000000749500000, 0x0000000749500000, 0x0000000749600000|  0%| F|  |TAMS 0x0000000749500000, 0x0000000749500000| Untracked 
| 124|0x0000000749600000, 0x0000000749600000, 0x0000000749700000|  0%| F|  |TAMS 0x0000000749600000, 0x0000000749600000| Untracked 
| 125|0x0000000749700000, 0x0000000749700000, 0x0000000749800000|  0%| F|  |TAMS 0x0000000749700000, 0x0000000749700000| Untracked 
| 126|0x0000000749800000, 0x0000000749800000, 0x0000000749900000|  0%| F|  |TAMS 0x0000000749800000, 0x0000000749800000| Untracked 
| 127|0x0000000749900000, 0x0000000749900000, 0x0000000749a00000|  0%| F|  |TAMS 0x0000000749900000, 0x0000000749900000| Untracked 
| 128|0x0000000749a00000, 0x0000000749a00000, 0x0000000749b00000|  0%| F|  |TAMS 0x0000000749a00000, 0x0000000749a00000| Untracked 
| 129|0x0000000749b00000, 0x0000000749b00000, 0x0000000749c00000|  0%| F|  |TAMS 0x0000000749b00000, 0x0000000749b00000| Untracked 
| 130|0x0000000749c00000, 0x0000000749c00000, 0x0000000749d00000|  0%| F|  |TAMS 0x0000000749c00000, 0x0000000749c00000| Untracked 
| 131|0x0000000749d00000, 0x0000000749d00000, 0x0000000749e00000|  0%| F|  |TAMS 0x0000000749d00000, 0x0000000749d00000| Untracked 
| 132|0x0000000749e00000, 0x0000000749e00000, 0x0000000749f00000|  0%| F|  |TAMS 0x0000000749e00000, 0x0000000749e00000| Untracked 
| 133|0x0000000749f00000, 0x0000000749f00000, 0x000000074a000000|  0%| F|  |TAMS 0x0000000749f00000, 0x0000000749f00000| Untracked 
| 134|0x000000074a000000, 0x000000074a000000, 0x000000074a100000|  0%| F|  |TAMS 0x000000074a000000, 0x000000074a000000| Untracked 
| 135|0x000000074a100000, 0x000000074a11b4d0, 0x000000074a200000| 10%| S|CS|TAMS 0x000000074a100000, 0x000000074a100000| Complete 
| 136|0x000000074a200000, 0x000000074a300000, 0x000000074a300000|100%| S|CS|TAMS 0x000000074a200000, 0x000000074a200000| Complete 
| 137|0x000000074a300000, 0x000000074a400000, 0x000000074a400000|100%| S|CS|TAMS 0x000000074a300000, 0x000000074a300000| Complete 
| 138|0x000000074a400000, 0x000000074a500000, 0x000000074a500000|100%| S|CS|TAMS 0x000000074a400000, 0x000000074a400000| Complete 
| 139|0x000000074a500000, 0x000000074a600000, 0x000000074a600000|100%| S|CS|TAMS 0x000000074a500000, 0x000000074a500000| Complete 
| 140|0x000000074a600000, 0x000000074a700000, 0x000000074a700000|100%| S|CS|TAMS 0x000000074a600000, 0x000000074a600000| Complete 
| 141|0x000000074a700000, 0x000000074a800000, 0x000000074a800000|100%| S|CS|TAMS 0x000000074a700000, 0x000000074a700000| Complete 
| 142|0x000000074a800000, 0x000000074a800000, 0x000000074a900000|  0%| F|  |TAMS 0x000000074a800000, 0x000000074a800000| Untracked 
| 143|0x000000074a900000, 0x000000074a900000, 0x000000074aa00000|  0%| F|  |TAMS 0x000000074a900000, 0x000000074a900000| Untracked 
| 144|0x000000074aa00000, 0x000000074aa00000, 0x000000074ab00000|  0%| F|  |TAMS 0x000000074aa00000, 0x000000074aa00000| Untracked 
| 145|0x000000074ab00000, 0x000000074ab00000, 0x000000074ac00000|  0%| F|  |TAMS 0x000000074ab00000, 0x000000074ab00000| Untracked 
| 146|0x000000074ac00000, 0x000000074ac00000, 0x000000074ad00000|  0%| F|  |TAMS 0x000000074ac00000, 0x000000074ac00000| Untracked 
| 147|0x000000074ad00000, 0x000000074ad00000, 0x000000074ae00000|  0%| F|  |TAMS 0x000000074ad00000, 0x000000074ad00000| Untracked 
| 148|0x000000074ae00000, 0x000000074ae00000, 0x000000074af00000|  0%| F|  |TAMS 0x000000074ae00000, 0x000000074ae00000| Untracked 
| 149|0x000000074af00000, 0x000000074af00000, 0x000000074b000000|  0%| F|  |TAMS 0x000000074af00000, 0x000000074af00000| Untracked 
| 150|0x000000074b000000, 0x000000074b000000, 0x000000074b100000|  0%| F|  |TAMS 0x000000074b000000, 0x000000074b000000| Untracked 
| 151|0x000000074b100000, 0x000000074b100000, 0x000000074b200000|  0%| F|  |TAMS 0x000000074b100000, 0x000000074b100000| Untracked 
| 152|0x000000074b200000, 0x000000074b200000, 0x000000074b300000|  0%| F|  |TAMS 0x000000074b200000, 0x000000074b200000| Untracked 
| 153|0x000000074b300000, 0x000000074b300000, 0x000000074b400000|  0%| F|  |TAMS 0x000000074b300000, 0x000000074b300000| Untracked 
| 154|0x000000074b400000, 0x000000074b400000, 0x000000074b500000|  0%| F|  |TAMS 0x000000074b400000, 0x000000074b400000| Untracked 
| 155|0x000000074b500000, 0x000000074b500000, 0x000000074b600000|  0%| F|  |TAMS 0x000000074b500000, 0x000000074b500000| Untracked 
| 156|0x000000074b600000, 0x000000074b600000, 0x000000074b700000|  0%| F|  |TAMS 0x000000074b600000, 0x000000074b600000| Untracked 
| 157|0x000000074b700000, 0x000000074b700000, 0x000000074b800000|  0%| F|  |TAMS 0x000000074b700000, 0x000000074b700000| Untracked 
| 158|0x000000074b800000, 0x000000074b800000, 0x000000074b900000|  0%| F|  |TAMS 0x000000074b800000, 0x000000074b800000| Untracked 
| 159|0x000000074b900000, 0x000000074b980800, 0x000000074ba00000| 50%| E|  |TAMS 0x000000074b900000, 0x000000074b900000| Complete 
| 160|0x000000074ba00000, 0x000000074bb00000, 0x000000074bb00000|100%| E|CS|TAMS 0x000000074ba00000, 0x000000074ba00000| Complete 
| 161|0x000000074bb00000, 0x000000074bc00000, 0x000000074bc00000|100%| E|CS|TAMS 0x000000074bb00000, 0x000000074bb00000| Complete 
| 162|0x000000074bc00000, 0x000000074bd00000, 0x000000074bd00000|100%| E|CS|TAMS 0x000000074bc00000, 0x000000074bc00000| Complete 
| 163|0x000000074bd00000, 0x000000074be00000, 0x000000074be00000|100%| E|CS|TAMS 0x000000074bd00000, 0x000000074bd00000| Complete 
| 164|0x000000074be00000, 0x000000074bf00000, 0x000000074bf00000|100%| E|CS|TAMS 0x000000074be00000, 0x000000074be00000| Complete 
| 165|0x000000074bf00000, 0x000000074c000000, 0x000000074c000000|100%| E|CS|TAMS 0x000000074bf00000, 0x000000074bf00000| Complete 
| 166|0x000000074c000000, 0x000000074c100000, 0x000000074c100000|100%| E|CS|TAMS 0x000000074c000000, 0x000000074c000000| Complete 
| 167|0x000000074c100000, 0x000000074c200000, 0x000000074c200000|100%| E|CS|TAMS 0x000000074c100000, 0x000000074c100000| Complete 
| 168|0x000000074c200000, 0x000000074c300000, 0x000000074c300000|100%| E|CS|TAMS 0x000000074c200000, 0x000000074c200000| Complete 
| 169|0x000000074c300000, 0x000000074c400000, 0x000000074c400000|100%| E|CS|TAMS 0x000000074c300000, 0x000000074c300000| Complete 
| 170|0x000000074c400000, 0x000000074c500000, 0x000000074c500000|100%| E|CS|TAMS 0x000000074c400000, 0x000000074c400000| Complete 
| 171|0x000000074c500000, 0x000000074c600000, 0x000000074c600000|100%| E|CS|TAMS 0x000000074c500000, 0x000000074c500000| Complete 
| 172|0x000000074c600000, 0x000000074c700000, 0x000000074c700000|100%| E|CS|TAMS 0x000000074c600000, 0x000000074c600000| Complete 
| 173|0x000000074c700000, 0x000000074c800000, 0x000000074c800000|100%| E|CS|TAMS 0x000000074c700000, 0x000000074c700000| Complete 
| 174|0x000000074c800000, 0x000000074c900000, 0x000000074c900000|100%| E|CS|TAMS 0x000000074c800000, 0x000000074c800000| Complete 
| 175|0x000000074c900000, 0x000000074ca00000, 0x000000074ca00000|100%| E|CS|TAMS 0x000000074c900000, 0x000000074c900000| Complete 
| 176|0x000000074ca00000, 0x000000074cb00000, 0x000000074cb00000|100%| E|CS|TAMS 0x000000074ca00000, 0x000000074ca00000| Complete 
| 177|0x000000074cb00000, 0x000000074cc00000, 0x000000074cc00000|100%| E|CS|TAMS 0x000000074cb00000, 0x000000074cb00000| Complete 
| 178|0x000000074cc00000, 0x000000074cd00000, 0x000000074cd00000|100%| E|CS|TAMS 0x000000074cc00000, 0x000000074cc00000| Complete 
| 179|0x000000074cd00000, 0x000000074ce00000, 0x000000074ce00000|100%| E|CS|TAMS 0x000000074cd00000, 0x000000074cd00000| Complete 
| 180|0x000000074ce00000, 0x000000074cf00000, 0x000000074cf00000|100%| E|CS|TAMS 0x000000074ce00000, 0x000000074ce00000| Complete 
| 181|0x000000074cf00000, 0x000000074d000000, 0x000000074d000000|100%| E|CS|TAMS 0x000000074cf00000, 0x000000074cf00000| Complete 
| 182|0x000000074d000000, 0x000000074d100000, 0x000000074d100000|100%| E|CS|TAMS 0x000000074d000000, 0x000000074d000000| Complete 
| 183|0x000000074d100000, 0x000000074d200000, 0x000000074d200000|100%| E|CS|TAMS 0x000000074d100000, 0x000000074d100000| Complete 
| 184|0x000000074d200000, 0x000000074d300000, 0x000000074d300000|100%| E|CS|TAMS 0x000000074d200000, 0x000000074d200000| Complete 
| 185|0x000000074d300000, 0x000000074d400000, 0x000000074d400000|100%| E|CS|TAMS 0x000000074d300000, 0x000000074d300000| Complete 
| 186|0x000000074d400000, 0x000000074d500000, 0x000000074d500000|100%| E|CS|TAMS 0x000000074d400000, 0x000000074d400000| Complete 
| 187|0x000000074d500000, 0x000000074d600000, 0x000000074d600000|100%| E|CS|TAMS 0x000000074d500000, 0x000000074d500000| Complete 
| 188|0x000000074d600000, 0x000000074d700000, 0x000000074d700000|100%| E|CS|TAMS 0x000000074d600000, 0x000000074d600000| Complete 
| 189|0x000000074d700000, 0x000000074d800000, 0x000000074d800000|100%| E|CS|TAMS 0x000000074d700000, 0x000000074d700000| Complete 
| 190|0x000000074d800000, 0x000000074d900000, 0x000000074d900000|100%| E|CS|TAMS 0x000000074d800000, 0x000000074d800000| Complete 
| 191|0x000000074d900000, 0x000000074da00000, 0x000000074da00000|100%| E|CS|TAMS 0x000000074d900000, 0x000000074d900000| Complete 

Card table byte_map: [0x000001a244c00000,0x000001a245200000] _byte_map_base: 0x000001a2411f3000

Marking Bits (Prev, Next): (CMBitMap*) 0x000001a22fe84610, (CMBitMap*) 0x000001a22fe845d8
 Prev Bits: [0x000001a2487a0000, 0x000001a24b738000)
 Next Bits: [0x000001a245800000, 0x000001a248798000)

Polling page: 0x000001a22fcc0000

Metaspace:

Usage:
  Non-class:     25.52 MB capacity,    25.29 MB (>99%) used,   190.05 KB ( <1%) free+waste,    43.69 KB ( <1%) overhead. 
      Class:      3.51 MB capacity,     3.39 MB ( 96%) used,   111.33 KB (  3%) free+waste,    20.00 KB ( <1%) overhead. 
       Both:     29.03 MB capacity,    28.67 MB ( 99%) used,   301.38 KB (  1%) free+waste,    63.69 KB ( <1%) overhead. 

Virtual space:
  Non-class space:       26.00 MB reserved,      25.75 MB (>99%) committed 
      Class space:        1.00 GB reserved,       3.63 MB ( <1%) committed 
             Both:        1.03 GB reserved,      29.38 MB (  3%) committed 

Chunk freelists:
   Non-Class:  46.00 KB
       Class:  18.00 KB
        Both:  64.00 KB

MaxMetaspaceSize: 17179869184.00 GB
CompressedClassSpaceSize: 1.00 GB

CodeHeap 'non-profiled nmethods': size=120064Kb used=690Kb max_used=690Kb free=119374Kb
 bounds [0x000001a23caa0000, 0x000001a23cd10000, 0x000001a243fe0000]
CodeHeap 'profiled nmethods': size=120000Kb used=4111Kb max_used=4111Kb free=115888Kb
 bounds [0x000001a235570000, 0x000001a235980000, 0x000001a23caa0000]
CodeHeap 'non-nmethods': size=5696Kb used=1168Kb max_used=1185Kb free=4528Kb
 bounds [0x000001a234fe0000, 0x000001a235250000, 0x000001a235570000]
 total_blobs=2632 nmethods=2129 adapters=414
 compilation: enabled
              stopped_count=0, restarted_count=0
 full_count=0

Compilation events (20 events):
Event: 2.720 Thread 0x000001a24e604000 2120       3       gnu.trove.TIterator::hasNext (13 bytes)
Event: 2.721 Thread 0x000001a24e604000 nmethod 2120 0x000001a23596bf10 code [0x000001a23596c0c0, 0x000001a23596c2e8]
Event: 2.757 Thread 0x000001a24e604000 2121       3       sun.nio.fs.WindowsPathParser::normalize (233 bytes)
Event: 2.761 Thread 0x000001a24e604000 nmethod 2121 0x000001a23596c390 code [0x000001a23596ca00, 0x000001a23596ff68]
Event: 2.768 Thread 0x000001a24e601000 2122       4       java.lang.String::indexOf (29 bytes)
Event: 2.768 Thread 0x000001a24e604000 2124       3       org.jetbrains.kotlin.com.intellij.util.containers.FactoryMap$1::create (11 bytes)
Event: 2.769 Thread 0x000001a24e604000 nmethod 2124 0x000001a235971310 code [0x000001a2359714c0, 0x000001a235971688]
Event: 2.769 Thread 0x000001a24e604000 2127       3       java.util.ArrayList::hashCodeRange (68 bytes)
Event: 2.769 Thread 0x000001a24e604000 nmethod 2127 0x000001a235971790 code [0x000001a235971980, 0x000001a235971dd8]
Event: 2.769 Thread 0x000001a24e604000 2126       3       gnu.trove.THashIterator::next (13 bytes)
Event: 2.769 Thread 0x000001a24e604000 nmethod 2126 0x000001a235971f90 code [0x000001a235972180, 0x000001a235972588]
Event: 2.769 Thread 0x000001a24e604000 2125       3       org.jetbrains.kotlin.com.intellij.openapi.vfs.impl.jar.CoreJarHandler$$Lambda$132/0x00000008002fe040::fun (8 bytes)
Event: 2.770 Thread 0x000001a24e604000 nmethod 2125 0x000001a235972710 code [0x000001a235972900, 0x000001a235972db8]
Event: 2.772 Thread 0x000001a24e601000 nmethod 2122 0x000001a23cb4b010 code [0x000001a23cb4b1a0, 0x000001a23cb4b418]
Event: 2.772 Thread 0x000001a24e601000 2123       4       org.jetbrains.kotlin.com.intellij.openapi.vfs.impl.ZipEntryMap::isTheOne (139 bytes)
Event: 2.780 Thread 0x000001a24e601000 nmethod 2123 0x000001a23cb4b590 code [0x000001a23cb4b7a0, 0x000001a23cb4be48]
Event: 2.790 Thread 0x000001a24e604000 2128       3       java.lang.String::toCharArray (25 bytes)
Event: 2.790 Thread 0x000001a24e604000 nmethod 2128 0x000001a235972f90 code [0x000001a235973180, 0x000001a235973658]
Event: 2.790 Thread 0x000001a24e604000 2129       3       java.lang.StringLatin1::toChars (16 bytes)
Event: 2.790 Thread 0x000001a24e604000 nmethod 2129 0x000001a235973810 code [0x000001a2359739e0, 0x000001a235973cd8]

GC Heap History (4 events):
Event: 0.585 GC heap before
{Heap before GC invocations=0 (full 0):
 garbage-first heap   total 196608K, used 17408K [0x0000000741a00000, 0x0000000800000000)
  region size 1024K, 14 young (14336K), 0 survivors (0K)
 Metaspace       used 9699K, capacity 9775K, committed 9856K, reserved 1058816K
  class space    used 822K, capacity 852K, committed 896K, reserved 1048576K
}
Event: 0.588 GC heap after
{Heap after GC invocations=1 (full 0):
 garbage-first heap   total 196608K, used 5160K [0x0000000741a00000, 0x0000000800000000)
  region size 1024K, 2 young (2048K), 2 survivors (2048K)
 Metaspace       used 9699K, capacity 9775K, committed 9856K, reserved 1058816K
  class space    used 822K, capacity 852K, committed 896K, reserved 1048576K
}
Event: 1.652 GC heap before
{Heap before GC invocations=1 (full 0):
 garbage-first heap   total 196608K, used 53288K [0x0000000741a00000, 0x0000000800000000)
  region size 1024K, 50 young (51200K), 2 survivors (2048K)
 Metaspace       used 20966K, capacity 21166K, committed 21248K, reserved 1069056K
  class space    used 2220K, capacity 2286K, committed 2304K, reserved 1048576K
}
Event: 1.667 GC heap after
{Heap after GC invocations=2 (full 0):
 garbage-first heap   total 196608K, used 9365K [0x0000000741a00000, 0x0000000800000000)
  region size 1024K, 7 young (7168K), 7 survivors (7168K)
 Metaspace       used 20966K, capacity 21166K, committed 21248K, reserved 1069056K
  class space    used 2220K, capacity 2286K, committed 2304K, reserved 1048576K
}

Deoptimization events (20 events):
Event: 2.379 Thread 0x000001a22fe0c000 Uncommon trap: trap_request=0xffffffde fr.pc=0x000001a23cb2a684 relative=0x0000000000000064
Event: 2.379 Thread 0x000001a22fe0c000 Uncommon trap: reason=class_check action=maybe_recompile pc=0x000001a23cb2a684 method=java.util.LinkedHashMap.afterNodeInsertion(Z)V @ 15 c2
Event: 2.379 Thread 0x000001a22fe0c000 DEOPT PACKING pc=0x000001a23cb2a684 sp=0x0000005715bfdc70
Event: 2.379 Thread 0x000001a22fe0c000 DEOPT UNPACKING pc=0x000001a23500772f sp=0x0000005715bfdbe8 mode 2
Event: 2.379 Thread 0x000001a22fe0c000 Uncommon trap: trap_request=0xffffffde fr.pc=0x000001a23cb2a684 relative=0x0000000000000064
Event: 2.379 Thread 0x000001a22fe0c000 Uncommon trap: reason=class_check action=maybe_recompile pc=0x000001a23cb2a684 method=java.util.LinkedHashMap.afterNodeInsertion(Z)V @ 15 c2
Event: 2.379 Thread 0x000001a22fe0c000 DEOPT PACKING pc=0x000001a23cb2a684 sp=0x0000005715bfdc70
Event: 2.379 Thread 0x000001a22fe0c000 DEOPT UNPACKING pc=0x000001a23500772f sp=0x0000005715bfdbe8 mode 2
Event: 2.385 Thread 0x000001a22fe0c000 Uncommon trap: trap_request=0xffffff4d fr.pc=0x000001a23cabba08 relative=0x00000000000009a8
Event: 2.385 Thread 0x000001a22fe0c000 Uncommon trap: reason=unstable_if action=reinterpret pc=0x000001a23cabba08 method=java.util.zip.ZipFile$Source.getEntryPos([BZ)I @ 156 c2
Event: 2.385 Thread 0x000001a22fe0c000 DEOPT PACKING pc=0x000001a23cabba08 sp=0x0000005715bfdf50
Event: 2.385 Thread 0x000001a22fe0c000 DEOPT UNPACKING pc=0x000001a23500772f sp=0x0000005715bfdef0 mode 2
Event: 2.399 Thread 0x000001a22fe0c000 Uncommon trap: trap_request=0xffffffde fr.pc=0x000001a23cb2a684 relative=0x0000000000000064
Event: 2.399 Thread 0x000001a22fe0c000 Uncommon trap: reason=class_check action=maybe_recompile pc=0x000001a23cb2a684 method=java.util.LinkedHashMap.afterNodeInsertion(Z)V @ 15 c2
Event: 2.399 Thread 0x000001a22fe0c000 DEOPT PACKING pc=0x000001a23cb2a684 sp=0x0000005715bfdc70
Event: 2.399 Thread 0x000001a22fe0c000 DEOPT UNPACKING pc=0x000001a23500772f sp=0x0000005715bfdbe8 mode 2
Event: 2.399 Thread 0x000001a22fe0c000 Uncommon trap: trap_request=0xffffffde fr.pc=0x000001a23cb2a684 relative=0x0000000000000064
Event: 2.399 Thread 0x000001a22fe0c000 Uncommon trap: reason=class_check action=maybe_recompile pc=0x000001a23cb2a684 method=java.util.LinkedHashMap.afterNodeInsertion(Z)V @ 15 c2
Event: 2.399 Thread 0x000001a22fe0c000 DEOPT PACKING pc=0x000001a23cb2a684 sp=0x0000005715bfdc70
Event: 2.399 Thread 0x000001a22fe0c000 DEOPT UNPACKING pc=0x000001a23500772f sp=0x0000005715bfdbe8 mode 2

Classes redefined (0 events):
No events

Internal exceptions (18 events):
Event: 1.377 Thread 0x000001a22fe0c000 Exception <a 'java/lang/NoSuchMethodError'{0x000000074b7593c0}: 'int java.lang.invoke.DirectMethodHandle$Holder.invokeSpecialIFC(java.lang.Object, java.lang.Object, int)'> (0x000000074b7593c0) thrown at [./src/hotspot/share/interpreter/linkResolver.cpp, line 773]
Event: 1.545 Thread 0x000001a22fe0c000 Exception <a 'java/lang/NoSuchMethodError'{0x000000074affb120}: 'java.lang.Object java.lang.invoke.DirectMethodHandle$Holder.invokeStaticInit(java.lang.Object, int)'> (0x000000074affb120) thrown at [./src/hotspot/share/interpreter/linkResolver.cpp, line 773]
Event: 1.572 Thread 0x000001a22fe0c000 Exception <a 'java/lang/NoSuchMethodError'{0x000000074ada0de0}: 'long java.lang.invoke.DirectMethodHandle$Holder.invokeStatic(java.lang.Object)'> (0x000000074ada0de0) thrown at [./src/hotspot/share/interpreter/linkResolver.cpp, line 773]
Event: 1.572 Thread 0x000001a22fe0c000 Exception <a 'java/lang/NoSuchMethodError'{0x000000074ada3c38}: 'long java.lang.invoke.DirectMethodHandle$Holder.invokeStaticInit(java.lang.Object)'> (0x000000074ada3c38) thrown at [./src/hotspot/share/interpreter/linkResolver.cpp, line 773]
Event: 1.626 Thread 0x000001a22fe0c000 Exception <a 'java/lang/NoSuchMethodError'{0x000000074a92ecc0}: 'int java.lang.invoke.DirectMethodHandle$Holder.invokeStaticInit(java.lang.Object, java.lang.Object, java.lang.Object)'> (0x000000074a92ecc0) thrown at [./src/hotspot/share/interpreter/linkResolver.cpp, line 773]
Event: 1.630 Thread 0x000001a22fe0c000 Exception <a 'java/lang/NoSuchMethodError'{0x000000074a95c290}: 'int java.lang.invoke.DirectMethodHandle$Holder.invokeStaticInit(java.lang.Object, java.lang.Object)'> (0x000000074a95c290) thrown at [./src/hotspot/share/interpreter/linkResolver.cpp, line 773]
Event: 1.927 Thread 0x000001a22fe0c000 Exception <a 'java/lang/NoSuchMethodError'{0x000000074d051180}: 'java.lang.Object java.lang.invoke.DirectMethodHandle$Holder.invokeStatic(java.lang.Object, java.lang.Object, java.lang.Object, java.lang.Object, java.lang.Object, java.lang.Object, java.lang.Object, java.lang.Object, java.lang.Object, java.lang.Object, java.lang.Object, java.lang.Object, java.lang.Object, java.lang.Object, java.lang.Object)'> (0x000000074d051180) thrown at [./src/hotspot/share/interpreter/linkResolver.cpp, line 773]
Event: 1.932 Thread 0x000001a22fe0c000 Exception <a 'java/lang/NoSuchMethodError'{0x000000074d05f558}: 'java.lang.Object java.lang.invoke.DirectMethodHandle$Holder.invokeStatic(java.lang.Object, java.lang.Object, java.lang.Object, java.lang.Object, java.lang.Object, java.lang.Object, java.lang.Object, java.lang.Object, java.lang.Object, java.lang.Object, java.lang.Object, java.lang.Object, java.lang.Object, java.lang.Object, java.lang.Object, java.lang.Object)'> (0x000000074d05f558) thrown at [./src/hotspot/share/interpreter/linkResolver.cpp, l
Event: 1.941 Thread 0x000001a22fe0c000 Exception <a 'java/lang/NoSuchMethodError'{0x000000074d06d470}: 'java.lang.Object java.lang.invoke.DirectMethodHandle$Holder.invokeSpecial(java.lang.Object, java.lang.Object, int, int, java.lang.Object, java.lang.Object, java.lang.Object)'> (0x000000074d06d470) thrown at [./src/hotspot/share/interpreter/linkResolver.cpp, line 773]
Event: 1.941 Thread 0x000001a22fe0c000 Exception <a 'java/lang/NoSuchMethodError'{0x000000074d070ca8}: 'java.lang.Object java.lang.invoke.DelegatingMethodHandle$Holder.reinvoke_L(java.lang.Object, int, int, java.lang.Object, java.lang.Object, java.lang.Object)'> (0x000000074d070ca8) thrown at [./src/hotspot/share/interpreter/linkResolver.cpp, line 773]
Event: 1.942 Thread 0x000001a22fe0c000 Exception <a 'java/lang/NoSuchMethodError'{0x000000074d075030}: 'java.lang.Object java.lang.invoke.DirectMethodHandle$Holder.invokeStatic(java.lang.Object, java.lang.Object, java.lang.Object, java.lang.Object, int)'> (0x000000074d075030) thrown at [./src/hotspot/share/interpreter/linkResolver.cpp, line 773]
Event: 1.997 Thread 0x000001a22fe0c000 Implicit null exception at 0x000001a23cb28bac to 0x000001a23cb28d5a
Event: 2.030 Thread 0x000001a22fe0c000 Exception <a 'java/lang/NoSuchMethodError'{0x000000074ca003b8}: 'void java.lang.invoke.DirectMethodHandle$Holder.invokeStatic(java.lang.Object, java.lang.Object, java.lang.Object, java.lang.Object)'> (0x000000074ca003b8) thrown at [./src/hotspot/share/interpreter/linkResolver.cpp, line 773]
Event: 2.054 Thread 0x000001a22fe0c000 Exception <a 'java/lang/NoSuchMethodError'{0x000000074c95f2c0}: 'void java.lang.invoke.DirectMethodHandle$Holder.invokeSpecial(java.lang.Object, java.lang.Object)'> (0x000000074c95f2c0) thrown at [./src/hotspot/share/interpreter/linkResolver.cpp, line 773]
Event: 2.094 Thread 0x000001a22fe0c000 Exception <a 'java/lang/NoSuchMethodError'{0x000000074c61a490}: 'void java.lang.invoke.DirectMethodHandle$Holder.invokeStaticInit(java.lang.Object, java.lang.Object)'> (0x000000074c61a490) thrown at [./src/hotspot/share/interpreter/linkResolver.cpp, line 773]
Event: 2.104 Thread 0x000001a22fe0c000 Exception <a 'java/lang/NoSuchMethodError'{0x000000074c65a788}: 'void java.lang.invoke.DirectMethodHandle$Holder.invokeInterface(java.lang.Object, java.lang.Object)'> (0x000000074c65a788) thrown at [./src/hotspot/share/interpreter/linkResolver.cpp, line 773]
Event: 2.186 Thread 0x000001a22fe0c000 Exception <a 'java/lang/NoSuchMethodError'{0x000000074c2a3400}: 'void java.lang.invoke.DirectMethodHandle$Holder.invokeVirtual(java.lang.Object, java.lang.Object)'> (0x000000074c2a3400) thrown at [./src/hotspot/share/interpreter/linkResolver.cpp, line 773]
Event: 2.198 Thread 0x000001a22fe0c000 Exception <a 'java/lang/NoSuchMethodError'{0x000000074c11fb58}: 'int java.lang.invoke.DirectMethodHandle$Holder.invokeVirtual(java.lang.Object, java.lang.Object)'> (0x000000074c11fb58) thrown at [./src/hotspot/share/interpreter/linkResolver.cpp, line 773]

Events (20 events):
Event: 2.392 loading class org/jetbrains/kotlin/com/intellij/util/containers/FactoryMap
Event: 2.392 loading class org/jetbrains/kotlin/com/intellij/util/containers/FactoryMap done
Event: 2.393 loading class org/jetbrains/kotlin/com/intellij/util/containers/FactoryMap$1
Event: 2.393 loading class org/jetbrains/kotlin/com/intellij/util/containers/FactoryMap$1 done
Event: 2.394 loading class org/jetbrains/kotlin/com/intellij/openapi/util/io/BufferExposingByteArrayInputStream
Event: 2.394 loading class org/jetbrains/kotlin/com/intellij/openapi/util/io/BufferExposingByteArrayInputStream done
Event: 2.394 loading class org/jetbrains/kotlin/com/intellij/util/io/UnsyncByteArrayInputStream
Event: 2.394 loading class org/jetbrains/kotlin/com/intellij/util/io/UnsyncByteArrayInputStream done
Event: 2.396 loading class gnu/trove/THashMap$EntryView
Event: 2.396 loading class gnu/trove/THashMap$EntryView done
Event: 2.397 loading class org/jetbrains/kotlin/com/intellij/util/Function
Event: 2.397 loading class org/jetbrains/kotlin/com/intellij/util/Function done
Event: 2.397 loading class gnu/trove/THashMap$EntryView$EntryIterator
Event: 2.397 loading class gnu/trove/THashMap$EntryView$EntryIterator done
Event: 2.397 loading class gnu/trove/THashMap$Entry
Event: 2.397 loading class gnu/trove/THashMap$Entry done
Event: 2.397 loading class java/util/AbstractMap$SimpleEntry
Event: 2.398 loading class java/util/AbstractMap$SimpleEntry done
Event: 2.595 loading class java/io/RandomAccessFile$1
Event: 2.595 loading class java/io/RandomAccessFile$1 done


Dynamic libraries:
0x00007ff6d7ea0000 - 0x00007ff6d7eaa000 	C:\Program Files\Android\Android Studio1\jre\bin\java.exe
0x00007ff9f6370000 - 0x00007ff9f6565000 	C:\WINDOWS\SYSTEM32\ntdll.dll
0x00007ff9d1ce0000 - 0x00007ff9d1cf5000 	C:\Program Files\AVAST Software\Avast\aswhook.dll
0x00007ff9f5190000 - 0x00007ff9f524e000 	C:\WINDOWS\System32\KERNEL32.DLL
0x00007ff9f3ef0000 - 0x00007ff9f41b9000 	C:\WINDOWS\System32\KERNELBASE.dll
0x00007ff9f3a90000 - 0x00007ff9f3b90000 	C:\WINDOWS\System32\ucrtbase.dll
0x00007ff9ebcd0000 - 0x00007ff9ebce7000 	C:\Program Files\Android\Android Studio1\jre\bin\VCRUNTIME140.dll
0x00007ff9ecc30000 - 0x00007ff9ecc49000 	C:\Program Files\Android\Android Studio1\jre\bin\jli.dll
0x00007ff9f45a0000 - 0x00007ff9f4741000 	C:\WINDOWS\System32\USER32.dll
0x00007ff9f3da0000 - 0x00007ff9f3dc2000 	C:\WINDOWS\System32\win32u.dll
0x00007ff9e71d0000 - 0x00007ff9e746a000 	C:\WINDOWS\WinSxS\amd64_microsoft.windows.common-controls_6595b64144ccf1df_6.0.19041.1110_none_60b5254171f9507e\COMCTL32.dll
0x00007ff9f5fa0000 - 0x00007ff9f5fcb000 	C:\WINDOWS\System32\GDI32.dll
0x00007ff9f5260000 - 0x00007ff9f52fe000 	C:\WINDOWS\System32\msvcrt.dll
0x00007ff9f41c0000 - 0x00007ff9f42cb000 	C:\WINDOWS\System32\gdi32full.dll
0x00007ff9f4320000 - 0x00007ff9f43bd000 	C:\WINDOWS\System32\msvcp_win.dll
0x00007ff9f5f70000 - 0x00007ff9f5fa0000 	C:\WINDOWS\System32\IMM32.DLL
0x00007ff9cc930000 - 0x00007ff9cc9cd000 	C:\Program Files\Android\Android Studio1\jre\bin\msvcp140.dll
0x00007ff9a32c0000 - 0x00007ff9a3d7c000 	C:\Program Files\Android\Android Studio1\jre\bin\server\jvm.dll
0x00007ff9f4c60000 - 0x00007ff9f4d0c000 	C:\WINDOWS\System32\ADVAPI32.dll
0x00007ff9f5fd0000 - 0x00007ff9f606b000 	C:\WINDOWS\System32\sechost.dll
0x00007ff9f5650000 - 0x00007ff9f577a000 	C:\WINDOWS\System32\RPCRT4.dll
0x00007ff9f4bd0000 - 0x00007ff9f4bd8000 	C:\WINDOWS\System32\PSAPI.DLL
0x00007ff9e0130000 - 0x00007ff9e0139000 	C:\WINDOWS\SYSTEM32\WSOCK32.dll
0x00007ff9e6f70000 - 0x00007ff9e6f97000 	C:\WINDOWS\SYSTEM32\WINMM.dll
0x00007ff9f5300000 - 0x00007ff9f536b000 	C:\WINDOWS\System32\WS2_32.dll
0x00007ff9ec010000 - 0x00007ff9ec01a000 	C:\WINDOWS\SYSTEM32\VERSION.dll
0x00007ff9f2390000 - 0x00007ff9f23a2000 	C:\WINDOWS\SYSTEM32\kernel.appcore.dll
0x00007ff9ea3e0000 - 0x00007ff9ea3f1000 	C:\Program Files\Android\Android Studio1\jre\bin\verify.dll
0x00007ff9f1fe0000 - 0x00007ff9f21c4000 	C:\WINDOWS\SYSTEM32\DBGHELP.DLL
0x00007ff9dfeb0000 - 0x00007ff9dfedc000 	C:\WINDOWS\SYSTEM32\dbgcore.DLL
0x00007ff9f3e30000 - 0x00007ff9f3eb3000 	C:\WINDOWS\System32\bcryptPrimitives.dll
0x00007ff9e9af0000 - 0x00007ff9e9b19000 	C:\Program Files\Android\Android Studio1\jre\bin\java.dll
0x00007ff9eeb10000 - 0x00007ff9eeb1b000 	C:\Program Files\Android\Android Studio1\jre\bin\jimage.dll
0x00007ff9e9ad0000 - 0x00007ff9e9ae8000 	C:\Program Files\Android\Android Studio1\jre\bin\zip.dll
0x00007ff9f5810000 - 0x00007ff9f5f4f000 	C:\WINDOWS\System32\SHELL32.dll
0x00007ff9f1840000 - 0x00007ff9f1fd0000 	C:\WINDOWS\SYSTEM32\windows.storage.dll
0x00007ff9f4750000 - 0x00007ff9f4aa5000 	C:\WINDOWS\System32\combase.dll
0x00007ff9f3470000 - 0x00007ff9f349c000 	C:\WINDOWS\SYSTEM32\Wldp.dll
0x00007ff9f61c0000 - 0x00007ff9f626d000 	C:\WINDOWS\System32\SHCORE.dll
0x00007ff9f62d0000 - 0x00007ff9f6325000 	C:\WINDOWS\System32\shlwapi.dll
0x00007ff9f39d0000 - 0x00007ff9f39ef000 	C:\WINDOWS\SYSTEM32\profapi.dll
0x00007ff9dd9d0000 - 0x00007ff9dd9ea000 	C:\Program Files\Android\Android Studio1\jre\bin\net.dll
0x00007ff9ead90000 - 0x00007ff9eae98000 	C:\WINDOWS\SYSTEM32\WINHTTP.dll
0x00007ff9f3170000 - 0x00007ff9f31da000 	C:\WINDOWS\system32\mswsock.dll
0x00007ff9db9b0000 - 0x00007ff9db9c4000 	C:\Program Files\Android\Android Studio1\jre\bin\nio.dll

dbghelp: loaded successfully - version: 4.0.5 - missing functions: none
symbol engine: initialized successfully - sym options: 0x614 - pdb path: .;C:\Program Files\Android\Android Studio1\jre\bin;C:\WINDOWS\SYSTEM32;C:\Program Files\AVAST Software\Avast;C:\WINDOWS\WinSxS\amd64_microsoft.windows.common-controls_6595b64144ccf1df_6.0.19041.1110_none_60b5254171f9507e;C:\Program Files\Android\Android Studio1\jre\bin\server

VM Arguments:
java_command: org.jetbrains.kotlin.cli.jvm.K2JVMCompiler @C:\Users\tukta\AndroidStudioProjects\FocusTasks\app\build\20211024_9655015359144872932.compiler.options
java_class_path (initial): C:\Users\tukta\Documents\GitHub\material-components-android-examples\MaterialThemeBuilder\.gradle\caches\modules-2\files-2.1\org.jetbrains.kotlin\kotlin-compiler-embeddable\1.5.21\40ddbcae9ff100473f95370c2d589ba3fc48eed5\kotlin-compiler-embeddable-1.5.21.jar;C:\Users\tukta\Documents\GitHub\material-components-android-examples\MaterialThemeBuilder\.gradle\caches\modules-2\files-2.1\org.jetbrains.kotlin\kotlin-reflect\1.5.21\802f1f39735ae1eb2b75714a40fa19bb2e687e96\kotlin-reflect-1.5.21.jar;C:\Users\tukta\Documents\GitHub\material-components-android-examples\MaterialThemeBuilder\.gradle\caches\modules-2\files-2.1\org.jetbrains.kotlin\kotlin-stdlib\1.5.21\2f537cad7e9eeb9da73738c8812e1e4cf9b62e4e\kotlin-stdlib-1.5.21.jar;C:\Users\tukta\Documents\GitHub\material-components-android-examples\MaterialThemeBuilder\.gradle\caches\modules-2\files-2.1\org.jetbrains.kotlin\kotlin-script-runtime\1.5.21\96d49e89873fde985750af354b6eabb60cfa999b\kotlin-script-runtime-1.5.21.jar;C:\Users\tukta\Documents\GitHub\material-components-android-examples\MaterialThemeBuilder\.gradle\caches\modules-2\files-2.1\org.jetbrains.kotlin\kotlin-daemon-embeddable\1.5.21\17255809e66a940dfdf6289bccbdfb5a09f3145\kotlin-daemon-embeddable-1.5.21.jar;C:\Users\tukta\Documents\GitHub\material-components-android-examples\MaterialThemeBuilder\.gradle\caches\modules-2\files-2.1\org.jetbrains.intellij.deps\trove4j\1.0.20181211\216c2e14b070f334479d800987affe4054cd563f\trove4j-1.0.20181211.jar;C:\Users\tukta\Documents\GitHub\material-components-android-examples\MaterialThemeBuilder\.gradle\caches\modules-2\files-2.1\org.jetbrains\annotations\13.0\919f0dfe192fb4e063e7dacadee7f8bb9a2672a9\annotations-13.0.jar;C:\Users\tukta\Documents\GitHub\material-components-android-examples\MaterialThemeBuilder\.gradle\caches\modules-2\files-2.1\org.jetbrains.kotlin\kotlin-stdlib-common\1.5.21\cc8bf3586fd2ebcf234058b9440bb406e62dfacb\kotlin-stdlib-common-1.5.21.jar
Launcher Type: SUN_STANDARD

[Global flags]
     intx CICompilerCount                          = 3                                         {product} {ergonomic}
     uint ConcGCThreads                            = 1                                         {product} {ergonomic}
     uint G1ConcRefinementThreads                  = 4                                         {product} {ergonomic}
   size_t G1HeapRegionSize                         = 1048576                                   {product} {ergonomic}
    uintx GCDrainStackTargetSize                   = 64                                        {product} {ergonomic}
   size_t InitialHeapSize                          = 201326592                                 {product} {ergonomic}
   size_t MarkStackSize                            = 4194304                                   {product} {ergonomic}
   size_t MaxHeapSize                              = 3193962496                                {product} {ergonomic}
   size_t MaxNewSize                               = 1915748352                                {product} {ergonomic}
   size_t MinHeapDeltaBytes                        = 1048576                                   {product} {ergonomic}
    uintx NonNMethodCodeHeapSize                   = 5830732                                {pd product} {ergonomic}
    uintx NonProfiledCodeHeapSize                  = 122913754                              {pd product} {ergonomic}
    uintx ProfiledCodeHeapSize                     = 122913754                              {pd product} {ergonomic}
    uintx ReservedCodeCacheSize                    = 251658240                              {pd product} {ergonomic}
     bool SegmentedCodeCache                       = true                                      {product} {ergonomic}
     bool UseCompressedClassPointers               = true                                 {lp64_product} {ergonomic}
     bool UseCompressedOops                        = true                                 {lp64_product} {ergonomic}
     bool UseG1GC                                  = true                                      {product} {ergonomic}
     bool UseLargePagesIndividualAllocation        = false                                  {pd product} {ergonomic}

Logging:
Log output configuration:
 #0: stdout all=warning uptime,level,tags
 #1: stderr all=off uptime,level,tags

Environment Variables:
PATH=C:\Program Files (x86)\Intel\iCLS Client\;C:\Program Files\Intel\iCLS Client\;C:\Program Files (x86)\Common Files\Oracle\Java\javapath;C:\ProgramData\Oracle\Java\javapath;C:\Program Files\Broadcom\Broadcom 802.11 Network Adapter;C:\WINDOWS\system32;C:\WINDOWS;C:\WINDOWS\System32\Wbem;C:\WINDOWS\System32\WindowsPowerShell\v1.0\;C:\Program Files (x86)\GtkSharp\2.12\bin;C:\WINDOWS\System32\OpenSSH\;C:\webdrivers;C:\Program Files (x86)\Intel\Intel(R) Management Engine Components\DAL;C:\Program Files\Intel\Intel(R) Management Engine Components\DAL;C:\Program Files (x86)\Intel\Intel(R) Management Engine Components\IPT;C:\Program Files\Intel\Intel(R) Management Engine Components\IPT;C:\Program Files\Git\cmd;C:\Program Files\nodejs\;C:\Users\tukta\AppData\Local\Microsoft\WindowsApps;C:\Users\tukta\AppData\Local\GitHubDesktop\bin;C:\Users\tukta\AppData\Roaming\npm;C:\Users\tukta\AppData\Local\atom\bin;C:\Program Files\heroku\bin;C:\Program Files\PostgreSQL\9.6\bin;;%USERPROFILE%\AppData\Local\Microsoft\WindowsApps
USERNAME=tukta
OS=Windows_NT
PROCESSOR_IDENTIFIER=Intel64 Family 6 Model 78 Stepping 3, GenuineIntel



---------------  S Y S T E M  ---------------

OS: Windows 10 , 64 bit Build 19041 (10.0.19041.1202)
OS uptime: 4 days 1:47 hours

CPU:total 4 (initial active 4) (2 cores per cpu, 2 threads per core) family 6 model 78 stepping 3, cmov, cx8, fxsr, mmx, sse, sse2, sse3, ssse3, sse4.1, sse4.2, popcnt, avx, avx2, aes, clmul, erms, 3dnowpref, lzcnt, ht, tsc, tscinvbit, bmi1, bmi2, adx, fma

Memory: 4k page, system-wide physical 12178M (2709M free)
TotalPageFile size 14226M (AvailPageFile size 3M)
current process WorkingSet (physical memory assigned to process): 188M, peak: 188M
current process commit charge ("private bytes"): 345M, peak: 345M

vm_info: OpenJDK 64-Bit Server VM (11.0.8+10-b944.6842174) for windows-amd64 JRE (11.0.8+10-b944.6842174), built on Sep 19 2020 01:11:42 by "builder" with MS VC++ 14.0 (VS2015)

END.
