#
# There is insufficient memory for the Java Runtime Environment to continue.
# Native memory allocation (mmap) failed to map 168820736 bytes for Failed to commit area from 0x000000008ea00000 to 0x0000000098b00000 of length 168820736.
# Possible reasons:
#   The system is out of physical RAM or swap space
#   The process is running with CompressedOops enabled, and the Java Heap may be blocking the growth of the native heap
# Possible solutions:
#   Reduce memory load on the system
#   Increase physical memory or swap space
#   Check if swap backing store is full
#   Decrease Java heap size (-Xmx/-Xms)
#   Decrease number of Java threads
#   Decrease Java thread stack sizes (-Xss)
#   Set larger code cache with -XX:ReservedCodeCacheSize=
#   JVM is running with Unscaled Compressed Oops mode in which the Java heap is
#     placed in the first 4GB address space. The Java Heap base address is the
#     maximum limit for the native heap growth. Please use -XX:HeapBaseMinAddress
#     to set the Java Heap base and to place the Java Heap above 4GB virtual address.
# This output file may be truncated or incomplete.
#
#  Out of Memory Error (./src/hotspot/os/windows/os_windows.cpp:3301), pid=6920, tid=1796
#
# JRE version: OpenJDK Runtime Environment (11.0.10) (build 11.0.10+0-b96-7249189)
# Java VM: OpenJDK 64-Bit Server VM (11.0.10+0-b96-7249189, mixed mode, tiered, compressed oops, g1 gc, windows-amd64)
# No core dump will be written. Minidumps are not enabled by default on client versions of Windows
#

---------------  S U M M A R Y ------------

Command Line: --add-opens=java.base/java.util=ALL-UNNAMED --add-opens=java.base/java.lang=ALL-UNNAMED --add-opens=java.base/java.lang.invoke=ALL-UNNAMED --add-opens=java.base/java.util=ALL-UNNAMED --add-opens=java.prefs/java.util.prefs=ALL-UNNAMED --add-opens=java.prefs/java.util.prefs=ALL-UNNAMED --add-opens=java.base/java.nio.charset=ALL-UNNAMED --add-opens=java.base/java.net=ALL-UNNAMED --add-opens=java.base/java.util.concurrent.atomic=ALL-UNNAMED -Xmx2048m -Dfile.encoding=UTF-8 -Duser.country=RU -Duser.language=ru -Duser.variant org.gradle.launcher.daemon.bootstrap.GradleDaemon 7.0.2

Host: Intel(R) Core(TM) i5-6200U CPU @ 2.30GHz, 4 cores, 11G,  Windows 10 , 64 bit Build 19041 (10.0.19041.1348)
Time: Thu Dec  9 19:42:07 2021 RTZ 2 (зима) elapsed time: 164.095301 seconds (0d 0h 2m 44s)

---------------  T H R E A D  ---------------

Current thread (0x000001ead81f2800):  VMThread "VM Thread" [stack: 0x000000dc4bb00000,0x000000dc4bc00000] [id=1796]

Stack: [0x000000dc4bb00000,0x000000dc4bc00000]
[error occurred during error reporting (printing stack bounds), id 0xc0000005, EXCEPTION_ACCESS_VIOLATION (0xc0000005) at pc=0x000001eac1990f2d]

Native frames: (J=compiled Java code, j=interpreted, Vv=VM code, C=native code)
V  [jvm.dll+0x5ecfaa]
V  [jvm.dll+0x722bd5]
V  [jvm.dll+0x72412d]
V  [jvm.dll+0x724745]
V  [jvm.dll+0x7246fb]
V  [jvm.dll+0x5ec348]
V  [jvm.dll+0x5ecad8]
C  [ntdll.dll+0xa20cf]
C  [ntdll.dll+0x51454]
C  [ntdll.dll+0xa0bfe]
C  0x000001eac1990f2d

VM_Operation (0x000000dc4eff8a20): G1CollectForAllocation, mode: safepoint, requested by thread 0x000001eadea31800


---------------  P R O C E S S  ---------------

Threads class SMR info:
_java_thread_list=0x000001eae01da380, length=62, elements={
0x000001eabc685000, 0x000001ead820b800, 0x000001ead820d000, 0x000001ead8a1e800,
0x000001ead8a20000, 0x000001ead8a21000, 0x000001ead8a24800, 0x000001ead8a7b000,
0x000001ead8a7e800, 0x000001ead8be2000, 0x000001eada5d7800, 0x000001ead991b000,
0x000001eada680800, 0x000001ead8f61800, 0x000001ead9df6000, 0x000001ead90aa800,
0x000001ead90ab000, 0x000001ead9df5000, 0x000001ead9042800, 0x000001ead9041800,
0x000001ead9043800, 0x000001ead9044000, 0x000001ead9045000, 0x000001ead9045800,
0x000001ead9046800, 0x000001ead9041000, 0x000001ead9047800, 0x000001eadcbff800,
0x000001eadcbfc000, 0x000001eadcbfd000, 0x000001eadcbfe000, 0x000001eadcc00000,
0x000001eadcbfa800, 0x000001eadcc04800, 0x000001eadcc02800, 0x000001eadcc02000,
0x000001eadcc01000, 0x000001eadcc07000, 0x000001eadcc07800, 0x000001eadcc08800,
0x000001eadcc09000, 0x000001eadcc05000, 0x000001eadcc06000, 0x000001eadea2e800,
0x000001eadea31800, 0x000001eadea32800, 0x000001eadea2f000, 0x000001eadea2c800,
0x000001eadea30000, 0x000001eadea33000, 0x000001eadea2d800, 0x000001eadea34000,
0x000001eadea35000, 0x000001eadea35800, 0x000001eadea36800, 0x000001eadea37800,
0x000001eadea3b800, 0x000001eadea38000, 0x000001eadea39000, 0x000001eadea3a800,
0x000001eadea39800, 0x000001eae34b1800
}

Java Threads: ( => current thread )
  0x000001eabc685000 JavaThread "main" [_thread_blocked, id=18300, stack(0x000000dc4b500000,0x000000dc4b600000)]
  0x000001ead820b800 JavaThread "Reference Handler" daemon [_thread_blocked, id=17296, stack(0x000000dc4bc00000,0x000000dc4bd00000)]
  0x000001ead820d000 JavaThread "Finalizer" daemon [_thread_blocked, id=15084, stack(0x000000dc4bd00000,0x000000dc4be00000)]
  0x000001ead8a1e800 JavaThread "Signal Dispatcher" daemon [_thread_blocked, id=16848, stack(0x000000dc4be00000,0x000000dc4bf00000)]
  0x000001ead8a20000 JavaThread "Attach Listener" daemon [_thread_blocked, id=19060, stack(0x000000dc4bf00000,0x000000dc4c000000)]
  0x000001ead8a21000 JavaThread "Service Thread" daemon [_thread_blocked, id=15200, stack(0x000000dc4c000000,0x000000dc4c100000)]
  0x000001ead8a24800 JavaThread "C2 CompilerThread0" daemon [_thread_blocked, id=15612, stack(0x000000dc4c100000,0x000000dc4c200000)]
  0x000001ead8a7b000 JavaThread "C1 CompilerThread0" daemon [_thread_blocked, id=19192, stack(0x000000dc4c200000,0x000000dc4c300000)]
  0x000001ead8a7e800 JavaThread "Sweeper thread" daemon [_thread_blocked, id=17016, stack(0x000000dc4c300000,0x000000dc4c400000)]
  0x000001ead8be2000 JavaThread "Common-Cleaner" daemon [_thread_blocked, id=8500, stack(0x000000dc4c400000,0x000000dc4c500000)]
  0x000001eada5d7800 JavaThread "Daemon health stats" [_thread_blocked, id=9364, stack(0x000000dc4ca00000,0x000000dc4cb00000)]
  0x000001ead991b000 JavaThread "Incoming local TCP Connector on port 52464" [_thread_in_native, id=10988, stack(0x000000dc4c900000,0x000000dc4ca00000)]
  0x000001eada680800 JavaThread "Daemon periodic checks" [_thread_blocked, id=13796, stack(0x000000dc4cb00000,0x000000dc4cc00000)]
  0x000001ead8f61800 JavaThread "Daemon" [_thread_blocked, id=15524, stack(0x000000dc4cc00000,0x000000dc4cd00000)]
  0x000001ead9df6000 JavaThread "Handler for socket connection from /127.0.0.1:52464 to /127.0.0.1:52465" [_thread_in_native, id=16152, stack(0x000000dc4cd00000,0x000000dc4ce00000)]
  0x000001ead90aa800 JavaThread "Cancel handler" [_thread_blocked, id=7308, stack(0x000000dc4ce00000,0x000000dc4cf00000)]
  0x000001ead90ab000 JavaThread "Daemon worker" [_thread_blocked, id=11440, stack(0x000000dc4cf00000,0x000000dc4d000000)]
  0x000001ead9df5000 JavaThread "Asynchronous log dispatcher for DefaultDaemonConnection: socket connection from /127.0.0.1:52464 to /127.0.0.1:52465" [_thread_blocked, id=18696, stack(0x000000dc4d000000,0x000000dc4d100000)]
  0x000001ead9042800 JavaThread "Daemon client event forwarder" [_thread_blocked, id=15860, stack(0x000000dc4d200000,0x000000dc4d300000)]
  0x000001ead9041800 JavaThread "Cache worker for file hash cache (C:\Users\tukta\Documents\GitHub\material-components-android-examples\MaterialThemeBuilder\.gradle\caches\7.0.2\fileHashes)" [_thread_blocked, id=8720, stack(0x000000dc4d300000,0x000000dc4d400000)]
  0x000001ead9043800 JavaThread "File lock request listener" [_thread_in_native, id=14552, stack(0x000000dc4d400000,0x000000dc4d500000)]
  0x000001ead9044000 JavaThread "Cache worker for journal cache (C:\Users\tukta\Documents\GitHub\material-components-android-examples\MaterialThemeBuilder\.gradle\caches\journal-1)" [_thread_blocked, id=5788, stack(0x000000dc4d500000,0x000000dc4d600000)]
  0x000001ead9045000 JavaThread "Cache worker for file hash cache (C:\Users\tukta\AndroidStudioProjects\FocusTasks\.gradle\7.0.2\fileHashes)" [_thread_blocked, id=15640, stack(0x000000dc4d600000,0x000000dc4d700000)]
  0x000001ead9045800 JavaThread "File watcher server" daemon [_thread_blocked, id=18616, stack(0x000000dc4d700000,0x000000dc4d800000)]
  0x000001ead9046800 JavaThread "File watcher consumer" daemon [_thread_blocked, id=16044, stack(0x000000dc4d800000,0x000000dc4d900000)]
  0x000001ead9041000 JavaThread "Cache worker for checksums cache (C:\Users\tukta\AndroidStudioProjects\FocusTasks\.gradle\checksums)" [_thread_blocked, id=6796, stack(0x000000dc4d900000,0x000000dc4da00000)]
  0x000001ead9047800 JavaThread "Cache worker for cache directory md-supplier (C:\Users\tukta\Documents\GitHub\material-components-android-examples\MaterialThemeBuilder\.gradle\caches\7.0.2\md-supplier)" [_thread_blocked, id=11528, stack(0x000000dc4da00000,0x000000dc4db00000)]
  0x000001eadcbff800 JavaThread "Cache worker for cache directory md-rule (C:\Users\tukta\Documents\GitHub\material-components-android-examples\MaterialThemeBuilder\.gradle\caches\7.0.2\md-rule)" [_thread_blocked, id=10156, stack(0x000000dc4db00000,0x000000dc4dc00000)]
  0x000001eadcbfc000 JavaThread "Cache worker for execution history cache (C:\Users\tukta\Documents\GitHub\material-components-android-examples\MaterialThemeBuilder\.gradle\caches\7.0.2\executionHistory)" [_thread_blocked, id=10948, stack(0x000000dc4dd00000,0x000000dc4de00000)]
  0x000001eadcbfd000 JavaThread "jar transforms" [_thread_blocked, id=12696, stack(0x000000dc4dc00000,0x000000dc4dd00000)]
  0x000001eadcbfe000 JavaThread "jar transforms Thread 2" [_thread_blocked, id=5348, stack(0x000000dc4de00000,0x000000dc4df00000)]
  0x000001eadcc00000 JavaThread "Cache worker for file content cache (C:\Users\tukta\Documents\GitHub\material-components-android-examples\MaterialThemeBuilder\.gradle\caches\7.0.2\fileContent)" [_thread_blocked, id=16364, stack(0x000000dc4e000000,0x000000dc4e100000)]
  0x000001eadcbfa800 JavaThread "Cache worker for dependencies-accessors (C:\Users\tukta\AndroidStudioProjects\FocusTasks\.gradle\7.0.2\dependencies-accessors)" [_thread_blocked, id=18144, stack(0x000000dc4e100000,0x000000dc4e200000)]
  0x000001eadcc04800 JavaThread "jar transforms Thread 3" [_thread_blocked, id=1920, stack(0x000000dc4e200000,0x000000dc4e300000)]
  0x000001eadcc02800 JavaThread "Cache worker for Build Output Cleanup Cache (C:\Users\tukta\AndroidStudioProjects\FocusTasks\.gradle\buildOutputCleanup)" [_thread_blocked, id=2596, stack(0x000000dc4e300000,0x000000dc4e400000)]
  0x000001eadcc02000 JavaThread "Build operations" [_thread_blocked, id=4744, stack(0x000000dc4df00000,0x000000dc4e000000)]
  0x000001eadcc01000 JavaThread "Build operations Thread 2" [_thread_blocked, id=6592, stack(0x000000dc4e400000,0x000000dc4e500000)]
  0x000001eadcc07000 JavaThread "Build operations Thread 3" [_thread_blocked, id=4692, stack(0x000000dc4e500000,0x000000dc4e600000)]
  0x000001eadcc07800 JavaThread "Build operations Thread 4" [_thread_blocked, id=12888, stack(0x000000dc4e600000,0x000000dc4e700000)]
  0x000001eadcc08800 JavaThread "jar transforms Thread 4" [_thread_blocked, id=2100, stack(0x000000dc4e700000,0x000000dc4e800000)]
  0x000001eadcc09000 JavaThread "Memory manager" [_thread_blocked, id=15520, stack(0x000000dc4e800000,0x000000dc4e900000)]
  0x000001eadcc05000 JavaThread "build event listener" [_thread_blocked, id=9280, stack(0x000000dc4ec00000,0x000000dc4ed00000)]
  0x000001eadcc06000 JavaThread "Execution worker for ':'" [_thread_blocked, id=2976, stack(0x000000dc4ed00000,0x000000dc4ee00000)]
  0x000001eadea2e800 JavaThread "Execution worker for ':' Thread 2" [_thread_blocked, id=7924, stack(0x000000dc4ee00000,0x000000dc4ef00000)]
  0x000001eadea31800 JavaThread "Execution worker for ':' Thread 3" [_thread_blocked, id=13860, stack(0x000000dc4ef00000,0x000000dc4f000000)]
  0x000001eadea32800 JavaThread "Cache worker for execution history cache (C:\Users\tukta\AndroidStudioProjects\FocusTasks\.gradle\7.0.2\executionHistory)" [_thread_blocked, id=19164, stack(0x000000dc4f000000,0x000000dc4f100000)]
  0x000001eadea2f000 JavaThread "WorkerExecutor Queue" [_thread_blocked, id=6768, stack(0x000000dc4b300000,0x000000dc4b400000)]
  0x000001eadea2c800 JavaThread "WorkerExecutor Queue Thread 2" [_thread_blocked, id=7248, stack(0x000000dc4b400000,0x000000dc4b500000)]
  0x000001eadea30000 JavaThread "WorkerExecutor Queue Thread 3" [_thread_blocked, id=7024, stack(0x000000dc4eb00000,0x000000dc4ec00000)]
  0x000001eadea33000 JavaThread "WorkerExecutor Queue Thread 4" [_thread_blocked, id=3132, stack(0x000000dc4f100000,0x000000dc4f200000)]
  0x000001eadea2d800 JavaThread "Java2D Disposer" daemon [_thread_blocked, id=17364, stack(0x000000dc4b200000,0x000000dc4b300000)]
  0x000001eadea34000 JavaThread "pool-3-thread-1" [_thread_blocked, id=17752, stack(0x000000dc4d100000,0x000000dc4d200000)]
  0x000001eadea35000 JavaThread "stderr" [_thread_in_native, id=1760, stack(0x000000dc4f500000,0x000000dc4f600000)]
  0x000001eadea35800 JavaThread "stdout" [_thread_in_native, id=18732, stack(0x000000dc4f600000,0x000000dc4f700000)]
  0x000001eadea36800 JavaThread "RMI Scheduler(0)" daemon [_thread_blocked, id=7780, stack(0x000000dc4f200000,0x000000dc4f300000)]
  0x000001eadea37800 JavaThread "RMI GC Daemon" daemon [_thread_blocked, id=10736, stack(0x000000dc4f400000,0x000000dc4f500000)]
  0x000001eadea3b800 JavaThread "RMI TCP Accept-0" daemon [_thread_in_native, id=14964, stack(0x000000dc4f800000,0x000000dc4f900000)]
  0x000001eadea38000 JavaThread "RMI Reaper" [_thread_blocked, id=11700, stack(0x000000dc4f900000,0x000000dc4fa00000)]
  0x000001eadea39000 JavaThread "RMI TCP Connection(2)-127.0.0.1" daemon [_thread_in_native, id=13700, stack(0x000000dc4fa00000,0x000000dc4fb00000)]
  0x000001eadea3a800 JavaThread "Cache worker for Java compile cache (C:\Users\tukta\Documents\GitHub\material-components-android-examples\MaterialThemeBuilder\.gradle\caches\7.0.2\javaCompile)" [_thread_blocked, id=5672, stack(0x000000dc4fb00000,0x000000dc4fc00000)]
  0x000001eadea39800 JavaThread "Cache worker for Java compile cache (C:\Users\tukta\AndroidStudioProjects\FocusTasks\.gradle\7.0.2\javaCompile)" [_thread_blocked, id=10468, stack(0x000000dc4fc00000,0x000000dc4fd00000)]
  0x000001eae34b1800 JavaThread "C2 CompilerThread1" daemon [_thread_blocked, id=14840, stack(0x000000dc4f300000,0x000000dc4f400000)]

Other Threads:
=>0x000001ead81f2800 VMThread "VM Thread" [stack: 0x000000dc4bb00000,0x000000dc4bc00000] [id=1796]
  0x000001ead8c07800 WatcherThread [stack: 0x000000dc4c500000,0x000000dc4c600000] [id=16292]
  0x000001eabc69d800 GCTaskThread "GC Thread#0" [stack: 0x000000dc4b600000,0x000000dc4b700000] [id=13300]
  0x000001ead8f3e800 GCTaskThread "GC Thread#1" [stack: 0x000000dc4c600000,0x000000dc4c700000] [id=8608]
  0x000001ead9032800 GCTaskThread "GC Thread#2" [stack: 0x000000dc4c700000,0x000000dc4c800000] [id=3048]
  0x000001ead8fa5000 GCTaskThread "GC Thread#3" [stack: 0x000000dc4c800000,0x000000dc4c900000] [id=11164]
  0x000001eabc6cd800 ConcurrentGCThread "G1 Main Marker" [stack: 0x000000dc4b700000,0x000000dc4b800000] [id=19052]
  0x000001eabc6ce800 ConcurrentGCThread "G1 Conc#0" [stack: 0x000000dc4b800000,0x000000dc4b900000] [id=15044]
  0x000001ead8048800 ConcurrentGCThread "G1 Refine#0" [stack: 0x000000dc4b900000,0x000000dc4ba00000] [id=7956]
  0x000001eabc75d800 ConcurrentGCThread "G1 Young RemSet Sampling" [stack: 0x000000dc4ba00000,0x000000dc4bb00000] [id=12332]

Threads with active compile tasks:
C2 CompilerThread0 164345 16614 %     4       android.databinding.tool.reflection.SdkUtil$ApiChecker::buildFullLookup @ 124 (252 bytes)
C2 CompilerThread1 164345 16635       4       org.apache.xerces.dom.DeferredDocumentImpl::getNodeObject (510 bytes)

VM state:at safepoint (normal execution)

VM Mutex/Monitor currently owned by a thread:  ([mutex/lock_event])
[0x000001eabc65b5f0] Threads_lock - owner thread: 0x000001ead81f2800
[0x000001eabc65ae10] Heap_lock - owner thread: 0x000001eadea31800

Heap address: 0x0000000080000000, size: 2048 MB, Compressed Oops mode: 32-bit
Narrow klass base: 0x0000000000000000, Narrow klass shift: 3
Compressed class space size: 1073741824 Address: 0x0000000100000000

Heap:
 garbage-first heap   total 404480K, used 217469K [0x0000000080000000, 0x0000000100000000)
  region size 1024K, 2 young (2048K), 2 survivors (2048K)
 Metaspace       used 125503K, capacity 128712K, committed 128844K, reserved 1161216K
  class space    used 15718K, capacity 16895K, committed 16972K, reserved 1048576K
Heap Regions: E=young(eden), S=young(survivor), O=old, HS=humongous(starts), HC=humongous(continues), CS=collection set, F=free, A=archive, TAMS=top-at-mark-start (previous, next)
|   0|0x0000000080000000, 0x0000000080100000, 0x0000000080100000|100%|HS|  |TAMS 0x0000000080100000, 0x0000000080100000| Complete 
|   1|0x0000000080100000, 0x0000000080200000, 0x0000000080200000|100%|HC|  |TAMS 0x0000000080200000, 0x0000000080200000| Complete 
|   2|0x0000000080200000, 0x0000000080300000, 0x0000000080300000|100%|HC|  |TAMS 0x0000000080300000, 0x0000000080300000| Complete 
|   3|0x0000000080300000, 0x0000000080400000, 0x0000000080400000|100%| O|  |TAMS 0x0000000080400000, 0x0000000080400000| Untracked 
|   4|0x0000000080400000, 0x0000000080500000, 0x0000000080500000|100%| O|  |TAMS 0x0000000080500000, 0x0000000080500000| Untracked 
|   5|0x0000000080500000, 0x0000000080600000, 0x0000000080600000|100%| O|  |TAMS 0x0000000080600000, 0x0000000080600000| Untracked 
|   6|0x0000000080600000, 0x0000000080700000, 0x0000000080700000|100%| O|  |TAMS 0x0000000080700000, 0x0000000080700000| Untracked 
|   7|0x0000000080700000, 0x0000000080800000, 0x0000000080800000|100%| O|  |TAMS 0x0000000080800000, 0x0000000080800000| Untracked 
|   8|0x0000000080800000, 0x0000000080900000, 0x0000000080900000|100%| O|  |TAMS 0x0000000080900000, 0x0000000080900000| Untracked 
|   9|0x0000000080900000, 0x0000000080a00000, 0x0000000080a00000|100%| O|  |TAMS 0x0000000080a00000, 0x0000000080a00000| Untracked 
|  10|0x0000000080a00000, 0x0000000080b00000, 0x0000000080b00000|100%| O|  |TAMS 0x0000000080b00000, 0x0000000080b00000| Untracked 
|  11|0x0000000080b00000, 0x0000000080c00000, 0x0000000080c00000|100%| O|  |TAMS 0x0000000080c00000, 0x0000000080c00000| Untracked 
|  12|0x0000000080c00000, 0x0000000080d00000, 0x0000000080d00000|100%| O|  |TAMS 0x0000000080d00000, 0x0000000080d00000| Untracked 
|  13|0x0000000080d00000, 0x0000000080e00000, 0x0000000080e00000|100%| O|  |TAMS 0x0000000080e00000, 0x0000000080e00000| Untracked 
|  14|0x0000000080e00000, 0x0000000080f00000, 0x0000000080f00000|100%| O|  |TAMS 0x0000000080f00000, 0x0000000080f00000| Untracked 
|  15|0x0000000080f00000, 0x0000000081000000, 0x0000000081000000|100%| O|  |TAMS 0x0000000081000000, 0x0000000081000000| Untracked 
|  16|0x0000000081000000, 0x0000000081100000, 0x0000000081100000|100%| O|  |TAMS 0x0000000081100000, 0x0000000081100000| Untracked 
|  17|0x0000000081100000, 0x0000000081200000, 0x0000000081200000|100%| O|  |TAMS 0x0000000081200000, 0x0000000081200000| Untracked 
|  18|0x0000000081200000, 0x0000000081300000, 0x0000000081300000|100%| O|  |TAMS 0x0000000081300000, 0x0000000081300000| Untracked 
|  19|0x0000000081300000, 0x0000000081400000, 0x0000000081400000|100%| O|  |TAMS 0x0000000081400000, 0x0000000081400000| Untracked 
|  20|0x0000000081400000, 0x0000000081500000, 0x0000000081500000|100%| O|  |TAMS 0x0000000081500000, 0x0000000081500000| Untracked 
|  21|0x0000000081500000, 0x0000000081600000, 0x0000000081600000|100%| O|  |TAMS 0x0000000081600000, 0x0000000081600000| Untracked 
|  22|0x0000000081600000, 0x0000000081700000, 0x0000000081700000|100%|HS|  |TAMS 0x0000000081700000, 0x0000000081700000| Complete 
|  23|0x0000000081700000, 0x0000000081800000, 0x0000000081800000|100%|HS|  |TAMS 0x0000000081800000, 0x0000000081800000| Complete 
|  24|0x0000000081800000, 0x0000000081900000, 0x0000000081900000|100%|HS|  |TAMS 0x0000000081900000, 0x0000000081900000| Complete 
|  25|0x0000000081900000, 0x0000000081a00000, 0x0000000081a00000|100%|HS|  |TAMS 0x0000000081a00000, 0x0000000081a00000| Complete 
|  26|0x0000000081a00000, 0x0000000081b00000, 0x0000000081b00000|100%|HC|  |TAMS 0x0000000081b00000, 0x0000000081b00000| Complete 
|  27|0x0000000081b00000, 0x0000000081c00000, 0x0000000081c00000|100%|HC|  |TAMS 0x0000000081c00000, 0x0000000081c00000| Complete 
|  28|0x0000000081c00000, 0x0000000081d00000, 0x0000000081d00000|100%|HS|  |TAMS 0x0000000081d00000, 0x0000000081d00000| Complete 
|  29|0x0000000081d00000, 0x0000000081e00000, 0x0000000081e00000|100%|HC|  |TAMS 0x0000000081e00000, 0x0000000081e00000| Complete 
|  30|0x0000000081e00000, 0x0000000081f00000, 0x0000000081f00000|100%| O|  |TAMS 0x0000000081f00000, 0x0000000081f00000| Untracked 
|  31|0x0000000081f00000, 0x0000000082000000, 0x0000000082000000|100%| O|  |TAMS 0x0000000082000000, 0x0000000082000000| Untracked 
|  32|0x0000000082000000, 0x0000000082100000, 0x0000000082100000|100%| O|  |TAMS 0x0000000082100000, 0x0000000082100000| Untracked 
|  33|0x0000000082100000, 0x0000000082200000, 0x0000000082200000|100%| O|  |TAMS 0x0000000082200000, 0x0000000082200000| Untracked 
|  34|0x0000000082200000, 0x0000000082300000, 0x0000000082300000|100%| O|  |TAMS 0x0000000082300000, 0x0000000082300000| Untracked 
|  35|0x0000000082300000, 0x0000000082400000, 0x0000000082400000|100%| O|  |TAMS 0x0000000082400000, 0x0000000082400000| Untracked 
|  36|0x0000000082400000, 0x0000000082500000, 0x0000000082500000|100%| O|  |TAMS 0x0000000082500000, 0x0000000082500000| Untracked 
|  37|0x0000000082500000, 0x0000000082600000, 0x0000000082600000|100%| O|  |TAMS 0x0000000082600000, 0x0000000082600000| Untracked 
|  38|0x0000000082600000, 0x0000000082700000, 0x0000000082700000|100%| O|  |TAMS 0x0000000082700000, 0x0000000082700000| Untracked 
|  39|0x0000000082700000, 0x0000000082800000, 0x0000000082800000|100%| O|  |TAMS 0x0000000082800000, 0x0000000082800000| Untracked 
|  40|0x0000000082800000, 0x0000000082900000, 0x0000000082900000|100%| O|  |TAMS 0x0000000082900000, 0x0000000082900000| Untracked 
|  41|0x0000000082900000, 0x0000000082a00000, 0x0000000082a00000|100%| O|  |TAMS 0x0000000082a00000, 0x0000000082a00000| Untracked 
|  42|0x0000000082a00000, 0x0000000082b00000, 0x0000000082b00000|100%| O|  |TAMS 0x0000000082b00000, 0x0000000082b00000| Untracked 
|  43|0x0000000082b00000, 0x0000000082c00000, 0x0000000082c00000|100%| O|  |TAMS 0x0000000082c00000, 0x0000000082c00000| Untracked 
|  44|0x0000000082c00000, 0x0000000082d00000, 0x0000000082d00000|100%| O|  |TAMS 0x0000000082d00000, 0x0000000082d00000| Untracked 
|  45|0x0000000082d00000, 0x0000000082e00000, 0x0000000082e00000|100%| O|  |TAMS 0x0000000082e00000, 0x0000000082e00000| Untracked 
|  46|0x0000000082e00000, 0x0000000082f00000, 0x0000000082f00000|100%| O|  |TAMS 0x0000000082f00000, 0x0000000082f00000| Untracked 
|  47|0x0000000082f00000, 0x0000000083000000, 0x0000000083000000|100%| O|  |TAMS 0x0000000083000000, 0x0000000083000000| Untracked 
|  48|0x0000000083000000, 0x0000000083100000, 0x0000000083100000|100%| O|  |TAMS 0x0000000083100000, 0x0000000083100000| Untracked 
|  49|0x0000000083100000, 0x0000000083200000, 0x0000000083200000|100%| O|  |TAMS 0x0000000083200000, 0x0000000083200000| Untracked 
|  50|0x0000000083200000, 0x0000000083300000, 0x0000000083300000|100%| O|  |TAMS 0x0000000083300000, 0x0000000083300000| Untracked 
|  51|0x0000000083300000, 0x0000000083400000, 0x0000000083400000|100%| O|  |TAMS 0x0000000083400000, 0x0000000083400000| Untracked 
|  52|0x0000000083400000, 0x0000000083500000, 0x0000000083500000|100%| O|  |TAMS 0x0000000083500000, 0x0000000083500000| Untracked 
|  53|0x0000000083500000, 0x0000000083600000, 0x0000000083600000|100%| O|  |TAMS 0x0000000083600000, 0x0000000083600000| Untracked 
|  54|0x0000000083600000, 0x0000000083700000, 0x0000000083700000|100%| O|  |TAMS 0x0000000083700000, 0x0000000083700000| Untracked 
|  55|0x0000000083700000, 0x0000000083800000, 0x0000000083800000|100%| O|  |TAMS 0x0000000083800000, 0x0000000083800000| Untracked 
|  56|0x0000000083800000, 0x0000000083900000, 0x0000000083900000|100%| O|  |TAMS 0x0000000083900000, 0x0000000083900000| Untracked 
|  57|0x0000000083900000, 0x0000000083a00000, 0x0000000083a00000|100%| O|  |TAMS 0x0000000083a00000, 0x0000000083a00000| Untracked 
|  58|0x0000000083a00000, 0x0000000083b00000, 0x0000000083b00000|100%| O|  |TAMS 0x0000000083b00000, 0x0000000083b00000| Untracked 
|  59|0x0000000083b00000, 0x0000000083c00000, 0x0000000083c00000|100%| O|  |TAMS 0x0000000083c00000, 0x0000000083c00000| Untracked 
|  60|0x0000000083c00000, 0x0000000083d00000, 0x0000000083d00000|100%| O|  |TAMS 0x0000000083d00000, 0x0000000083d00000| Untracked 
|  61|0x0000000083d00000, 0x0000000083e00000, 0x0000000083e00000|100%| O|  |TAMS 0x0000000083e00000, 0x0000000083e00000| Untracked 
|  62|0x0000000083e00000, 0x0000000083f00000, 0x0000000083f00000|100%| O|  |TAMS 0x0000000083f00000, 0x0000000083f00000| Untracked 
|  63|0x0000000083f00000, 0x0000000084000000, 0x0000000084000000|100%| O|  |TAMS 0x0000000084000000, 0x0000000084000000| Untracked 
|  64|0x0000000084000000, 0x0000000084100000, 0x0000000084100000|100%| O|  |TAMS 0x0000000084100000, 0x0000000084100000| Untracked 
|  65|0x0000000084100000, 0x0000000084200000, 0x0000000084200000|100%| O|  |TAMS 0x0000000084200000, 0x0000000084200000| Untracked 
|  66|0x0000000084200000, 0x0000000084300000, 0x0000000084300000|100%| O|  |TAMS 0x0000000084300000, 0x0000000084300000| Untracked 
|  67|0x0000000084300000, 0x0000000084400000, 0x0000000084400000|100%| O|  |TAMS 0x0000000084400000, 0x0000000084400000| Untracked 
|  68|0x0000000084400000, 0x0000000084500000, 0x0000000084500000|100%| O|  |TAMS 0x0000000084500000, 0x0000000084500000| Untracked 
|  69|0x0000000084500000, 0x0000000084600000, 0x0000000084600000|100%| O|  |TAMS 0x0000000084600000, 0x0000000084600000| Untracked 
|  70|0x0000000084600000, 0x0000000084700000, 0x0000000084700000|100%| O|  |TAMS 0x0000000084700000, 0x0000000084700000| Untracked 
|  71|0x0000000084700000, 0x0000000084800000, 0x0000000084800000|100%| O|  |TAMS 0x0000000084800000, 0x0000000084800000| Untracked 
|  72|0x0000000084800000, 0x0000000084900000, 0x0000000084900000|100%| O|  |TAMS 0x0000000084900000, 0x0000000084900000| Untracked 
|  73|0x0000000084900000, 0x0000000084a00000, 0x0000000084a00000|100%| O|  |TAMS 0x0000000084a00000, 0x0000000084a00000| Untracked 
|  74|0x0000000084a00000, 0x0000000084b00000, 0x0000000084b00000|100%| O|  |TAMS 0x0000000084b00000, 0x0000000084b00000| Untracked 
|  75|0x0000000084b00000, 0x0000000084c00000, 0x0000000084c00000|100%| O|  |TAMS 0x0000000084c00000, 0x0000000084c00000| Untracked 
|  76|0x0000000084c00000, 0x0000000084d00000, 0x0000000084d00000|100%| O|  |TAMS 0x0000000084d00000, 0x0000000084d00000| Untracked 
|  77|0x0000000084d00000, 0x0000000084e00000, 0x0000000084e00000|100%| O|  |TAMS 0x0000000084e00000, 0x0000000084e00000| Untracked 
|  78|0x0000000084e00000, 0x0000000084f00000, 0x0000000084f00000|100%| O|  |TAMS 0x0000000084f00000, 0x0000000084f00000| Untracked 
|  79|0x0000000084f00000, 0x0000000085000000, 0x0000000085000000|100%| O|  |TAMS 0x0000000085000000, 0x0000000085000000| Untracked 
|  80|0x0000000085000000, 0x0000000085100000, 0x0000000085100000|100%| O|  |TAMS 0x0000000085100000, 0x0000000085100000| Untracked 
|  81|0x0000000085100000, 0x0000000085200000, 0x0000000085200000|100%| O|  |TAMS 0x0000000085200000, 0x0000000085200000| Untracked 
|  82|0x0000000085200000, 0x0000000085300000, 0x0000000085300000|100%| O|  |TAMS 0x0000000085300000, 0x0000000085300000| Untracked 
|  83|0x0000000085300000, 0x0000000085400000, 0x0000000085400000|100%| O|  |TAMS 0x0000000085400000, 0x0000000085400000| Untracked 
|  84|0x0000000085400000, 0x0000000085500000, 0x0000000085500000|100%| O|  |TAMS 0x0000000085500000, 0x0000000085500000| Untracked 
|  85|0x0000000085500000, 0x0000000085600000, 0x0000000085600000|100%| O|  |TAMS 0x0000000085600000, 0x0000000085600000| Untracked 
|  86|0x0000000085600000, 0x0000000085700000, 0x0000000085700000|100%| O|  |TAMS 0x0000000085700000, 0x0000000085700000| Untracked 
|  87|0x0000000085700000, 0x0000000085800000, 0x0000000085800000|100%| O|  |TAMS 0x0000000085800000, 0x0000000085800000| Untracked 
|  88|0x0000000085800000, 0x0000000085900000, 0x0000000085900000|100%| O|  |TAMS 0x0000000085900000, 0x0000000085900000| Untracked 
|  89|0x0000000085900000, 0x0000000085a00000, 0x0000000085a00000|100%| O|  |TAMS 0x0000000085a00000, 0x0000000085a00000| Untracked 
|  90|0x0000000085a00000, 0x0000000085b00000, 0x0000000085b00000|100%| O|  |TAMS 0x0000000085b00000, 0x0000000085b00000| Untracked 
|  91|0x0000000085b00000, 0x0000000085c00000, 0x0000000085c00000|100%| O|  |TAMS 0x0000000085c00000, 0x0000000085c00000| Untracked 
|  92|0x0000000085c00000, 0x0000000085d00000, 0x0000000085d00000|100%| O|  |TAMS 0x0000000085d00000, 0x0000000085d00000| Untracked 
|  93|0x0000000085d00000, 0x0000000085e00000, 0x0000000085e00000|100%| O|  |TAMS 0x0000000085e00000, 0x0000000085e00000| Untracked 
|  94|0x0000000085e00000, 0x0000000085f00000, 0x0000000085f00000|100%| O|  |TAMS 0x0000000085f00000, 0x0000000085f00000| Untracked 
|  95|0x0000000085f00000, 0x0000000086000000, 0x0000000086000000|100%| O|  |TAMS 0x0000000086000000, 0x0000000086000000| Untracked 
|  96|0x0000000086000000, 0x0000000086100000, 0x0000000086100000|100%| O|  |TAMS 0x0000000086100000, 0x0000000086100000| Untracked 
|  97|0x0000000086100000, 0x0000000086200000, 0x0000000086200000|100%| O|  |TAMS 0x0000000086200000, 0x0000000086200000| Untracked 
|  98|0x0000000086200000, 0x0000000086300000, 0x0000000086300000|100%| O|  |TAMS 0x0000000086300000, 0x0000000086300000| Untracked 
|  99|0x0000000086300000, 0x0000000086400000, 0x0000000086400000|100%| O|  |TAMS 0x0000000086400000, 0x0000000086400000| Untracked 
| 100|0x0000000086400000, 0x0000000086500000, 0x0000000086500000|100%| O|  |TAMS 0x0000000086500000, 0x0000000086500000| Untracked 
| 101|0x0000000086500000, 0x0000000086600000, 0x0000000086600000|100%| O|  |TAMS 0x0000000086600000, 0x0000000086600000| Untracked 
| 102|0x0000000086600000, 0x0000000086700000, 0x0000000086700000|100%| O|  |TAMS 0x0000000086700000, 0x0000000086700000| Untracked 
| 103|0x0000000086700000, 0x0000000086800000, 0x0000000086800000|100%| O|  |TAMS 0x0000000086800000, 0x0000000086800000| Untracked 
| 104|0x0000000086800000, 0x0000000086900000, 0x0000000086900000|100%| O|  |TAMS 0x0000000086900000, 0x0000000086900000| Untracked 
| 105|0x0000000086900000, 0x0000000086a00000, 0x0000000086a00000|100%| O|  |TAMS 0x0000000086a00000, 0x0000000086a00000| Untracked 
| 106|0x0000000086a00000, 0x0000000086b00000, 0x0000000086b00000|100%| O|  |TAMS 0x0000000086b00000, 0x0000000086b00000| Untracked 
| 107|0x0000000086b00000, 0x0000000086c00000, 0x0000000086c00000|100%|HS|  |TAMS 0x0000000086c00000, 0x0000000086c00000| Complete 
| 108|0x0000000086c00000, 0x0000000086d00000, 0x0000000086d00000|100%|HC|  |TAMS 0x0000000086d00000, 0x0000000086d00000| Complete 
| 109|0x0000000086d00000, 0x0000000086e00000, 0x0000000086e00000|100%| O|  |TAMS 0x0000000086e00000, 0x0000000086e00000| Untracked 
| 110|0x0000000086e00000, 0x0000000086f00000, 0x0000000086f00000|100%| O|  |TAMS 0x0000000086f00000, 0x0000000086f00000| Untracked 
| 111|0x0000000086f00000, 0x0000000087000000, 0x0000000087000000|100%| O|  |TAMS 0x0000000087000000, 0x0000000087000000| Untracked 
| 112|0x0000000087000000, 0x0000000087100000, 0x0000000087100000|100%| O|  |TAMS 0x0000000087100000, 0x0000000087100000| Untracked 
| 113|0x0000000087100000, 0x0000000087200000, 0x0000000087200000|100%| O|  |TAMS 0x0000000087200000, 0x0000000087200000| Untracked 
| 114|0x0000000087200000, 0x0000000087300000, 0x0000000087300000|100%| O|  |TAMS 0x00000000872c7800, 0x0000000087300000| Untracked 
| 115|0x0000000087300000, 0x0000000087400000, 0x0000000087400000|100%| O|  |TAMS 0x0000000087400000, 0x0000000087400000| Untracked 
| 116|0x0000000087400000, 0x0000000087500000, 0x0000000087500000|100%| O|  |TAMS 0x0000000087500000, 0x0000000087500000| Untracked 
| 117|0x0000000087500000, 0x0000000087600000, 0x0000000087600000|100%| O|  |TAMS 0x0000000087600000, 0x0000000087600000| Untracked 
| 118|0x0000000087600000, 0x0000000087700000, 0x0000000087700000|100%| O|  |TAMS 0x0000000087700000, 0x0000000087700000| Untracked 
| 119|0x0000000087700000, 0x0000000087800000, 0x0000000087800000|100%| O|  |TAMS 0x0000000087800000, 0x0000000087800000| Untracked 
| 120|0x0000000087800000, 0x0000000087900000, 0x0000000087900000|100%| O|  |TAMS 0x0000000087800000, 0x0000000087900000| Untracked 
| 121|0x0000000087900000, 0x0000000087a00000, 0x0000000087a00000|100%| O|  |TAMS 0x0000000087a00000, 0x0000000087a00000| Untracked 
| 122|0x0000000087a00000, 0x0000000087b00000, 0x0000000087b00000|100%| O|  |TAMS 0x0000000087b00000, 0x0000000087b00000| Untracked 
| 123|0x0000000087b00000, 0x0000000087c00000, 0x0000000087c00000|100%| O|  |TAMS 0x0000000087c00000, 0x0000000087c00000| Untracked 
| 124|0x0000000087c00000, 0x0000000087d00000, 0x0000000087d00000|100%| O|  |TAMS 0x0000000087d00000, 0x0000000087d00000| Untracked 
| 125|0x0000000087d00000, 0x0000000087e00000, 0x0000000087e00000|100%| O|  |TAMS 0x0000000087e00000, 0x0000000087e00000| Untracked 
| 126|0x0000000087e00000, 0x0000000087f00000, 0x0000000087f00000|100%| O|  |TAMS 0x0000000087f00000, 0x0000000087f00000| Untracked 
| 127|0x0000000087f00000, 0x0000000088000000, 0x0000000088000000|100%| O|  |TAMS 0x0000000088000000, 0x0000000088000000| Untracked 
| 128|0x0000000088000000, 0x0000000088100000, 0x0000000088100000|100%| O|  |TAMS 0x0000000088100000, 0x0000000088100000| Untracked 
| 129|0x0000000088100000, 0x0000000088200000, 0x0000000088200000|100%| O|  |TAMS 0x0000000088200000, 0x0000000088200000| Untracked 
| 130|0x0000000088200000, 0x0000000088300000, 0x0000000088300000|100%| O|  |TAMS 0x0000000088300000, 0x0000000088300000| Untracked 
| 131|0x0000000088300000, 0x0000000088400000, 0x0000000088400000|100%| O|  |TAMS 0x0000000088400000, 0x0000000088400000| Untracked 
| 132|0x0000000088400000, 0x0000000088500000, 0x0000000088500000|100%| O|  |TAMS 0x0000000088500000, 0x0000000088500000| Untracked 
| 133|0x0000000088500000, 0x0000000088600000, 0x0000000088600000|100%| O|  |TAMS 0x0000000088600000, 0x0000000088600000| Untracked 
| 134|0x0000000088600000, 0x0000000088700000, 0x0000000088700000|100%| O|  |TAMS 0x0000000088700000, 0x0000000088700000| Untracked 
| 135|0x0000000088700000, 0x0000000088800000, 0x0000000088800000|100%| O|  |TAMS 0x0000000088800000, 0x0000000088800000| Untracked 
| 136|0x0000000088800000, 0x0000000088900000, 0x0000000088900000|100%| O|  |TAMS 0x0000000088900000, 0x0000000088900000| Untracked 
| 137|0x0000000088900000, 0x0000000088a00000, 0x0000000088a00000|100%| O|  |TAMS 0x0000000088a00000, 0x0000000088a00000| Untracked 
| 138|0x0000000088a00000, 0x0000000088b00000, 0x0000000088b00000|100%| O|  |TAMS 0x0000000088b00000, 0x0000000088b00000| Untracked 
| 139|0x0000000088b00000, 0x0000000088c00000, 0x0000000088c00000|100%| O|  |TAMS 0x0000000088c00000, 0x0000000088c00000| Untracked 
| 140|0x0000000088c00000, 0x0000000088d00000, 0x0000000088d00000|100%| O|  |TAMS 0x0000000088d00000, 0x0000000088d00000| Untracked 
| 141|0x0000000088d00000, 0x0000000088e00000, 0x0000000088e00000|100%| O|  |TAMS 0x0000000088e00000, 0x0000000088e00000| Untracked 
| 142|0x0000000088e00000, 0x0000000088f00000, 0x0000000088f00000|100%| O|  |TAMS 0x0000000088f00000, 0x0000000088f00000| Untracked 
| 143|0x0000000088f00000, 0x0000000089000000, 0x0000000089000000|100%| O|  |TAMS 0x0000000089000000, 0x0000000089000000| Untracked 
| 144|0x0000000089000000, 0x0000000089100000, 0x0000000089100000|100%| O|  |TAMS 0x0000000089100000, 0x0000000089100000| Untracked 
| 145|0x0000000089100000, 0x0000000089200000, 0x0000000089200000|100%| O|  |TAMS 0x0000000089200000, 0x0000000089200000| Untracked 
| 146|0x0000000089200000, 0x0000000089300000, 0x0000000089300000|100%| O|  |TAMS 0x0000000089300000, 0x0000000089300000| Untracked 
| 147|0x0000000089300000, 0x0000000089400000, 0x0000000089400000|100%| O|  |TAMS 0x0000000089300000, 0x0000000089400000| Untracked 
| 148|0x0000000089400000, 0x0000000089500000, 0x0000000089500000|100%| O|  |TAMS 0x0000000089500000, 0x0000000089500000| Untracked 
| 149|0x0000000089500000, 0x0000000089600000, 0x0000000089600000|100%| O|  |TAMS 0x0000000089600000, 0x0000000089600000| Untracked 
| 150|0x0000000089600000, 0x0000000089700000, 0x0000000089700000|100%| O|  |TAMS 0x0000000089700000, 0x0000000089700000| Untracked 
| 151|0x0000000089700000, 0x0000000089800000, 0x0000000089800000|100%| O|  |TAMS 0x0000000089800000, 0x0000000089800000| Untracked 
| 152|0x0000000089800000, 0x0000000089900000, 0x0000000089900000|100%| O|  |TAMS 0x0000000089900000, 0x0000000089900000| Untracked 
| 153|0x0000000089900000, 0x0000000089a00000, 0x0000000089a00000|100%| O|  |TAMS 0x0000000089a00000, 0x0000000089a00000| Untracked 
| 154|0x0000000089a00000, 0x0000000089b00000, 0x0000000089b00000|100%| O|  |TAMS 0x0000000089b00000, 0x0000000089b00000| Untracked 
| 155|0x0000000089b00000, 0x0000000089c00000, 0x0000000089c00000|100%| O|  |TAMS 0x0000000089c00000, 0x0000000089c00000| Untracked 
| 156|0x0000000089c00000, 0x0000000089d00000, 0x0000000089d00000|100%| O|  |TAMS 0x0000000089d00000, 0x0000000089d00000| Untracked 
| 157|0x0000000089d00000, 0x0000000089e00000, 0x0000000089e00000|100%| O|  |TAMS 0x0000000089d00000, 0x0000000089e00000| Untracked 
| 158|0x0000000089e00000, 0x0000000089f00000, 0x0000000089f00000|100%| O|  |TAMS 0x0000000089e00000, 0x0000000089f00000| Untracked 
| 159|0x0000000089f00000, 0x000000008a000000, 0x000000008a000000|100%| O|  |TAMS 0x0000000089f00000, 0x000000008a000000| Untracked 
| 160|0x000000008a000000, 0x000000008a100000, 0x000000008a100000|100%| O|  |TAMS 0x000000008a000000, 0x000000008a100000| Untracked 
| 161|0x000000008a100000, 0x000000008a200000, 0x000000008a200000|100%| O|  |TAMS 0x000000008a100000, 0x000000008a200000| Untracked 
| 162|0x000000008a200000, 0x000000008a300000, 0x000000008a300000|100%| O|  |TAMS 0x000000008a200000, 0x000000008a300000| Untracked 
| 163|0x000000008a300000, 0x000000008a400000, 0x000000008a400000|100%| O|  |TAMS 0x000000008a300000, 0x000000008a400000| Untracked 
| 164|0x000000008a400000, 0x000000008a500000, 0x000000008a500000|100%| O|  |TAMS 0x000000008a400000, 0x000000008a500000| Untracked 
| 165|0x000000008a500000, 0x000000008a600000, 0x000000008a600000|100%| O|  |TAMS 0x000000008a500000, 0x000000008a600000| Untracked 
| 166|0x000000008a600000, 0x000000008a700000, 0x000000008a700000|100%| O|  |TAMS 0x000000008a600000, 0x000000008a700000| Untracked 
| 167|0x000000008a700000, 0x000000008a800000, 0x000000008a800000|100%| O|  |TAMS 0x000000008a700000, 0x000000008a800000| Untracked 
| 168|0x000000008a800000, 0x000000008a900000, 0x000000008a900000|100%| O|  |TAMS 0x000000008a800000, 0x000000008a900000| Untracked 
| 169|0x000000008a900000, 0x000000008aa00000, 0x000000008aa00000|100%| O|  |TAMS 0x000000008a900000, 0x000000008aa00000| Untracked 
| 170|0x000000008aa00000, 0x000000008ab00000, 0x000000008ab00000|100%| O|  |TAMS 0x000000008aa00000, 0x000000008ab00000| Untracked 
| 171|0x000000008ab00000, 0x000000008ac00000, 0x000000008ac00000|100%| O|  |TAMS 0x000000008ab00000, 0x000000008ac00000| Untracked 
| 172|0x000000008ac00000, 0x000000008ad00000, 0x000000008ad00000|100%| O|  |TAMS 0x000000008ac00000, 0x000000008ad00000| Untracked 
| 173|0x000000008ad00000, 0x000000008ae00000, 0x000000008ae00000|100%| O|  |TAMS 0x000000008ad00000, 0x000000008ae00000| Untracked 
| 174|0x000000008ae00000, 0x000000008af00000, 0x000000008af00000|100%| O|  |TAMS 0x000000008ae00000, 0x000000008af00000| Untracked 
| 175|0x000000008af00000, 0x000000008b000000, 0x000000008b000000|100%| O|  |TAMS 0x000000008af00000, 0x000000008b000000| Untracked 
| 176|0x000000008b000000, 0x000000008b100000, 0x000000008b100000|100%| O|  |TAMS 0x000000008b000000, 0x000000008b100000| Untracked 
| 177|0x000000008b100000, 0x000000008b200000, 0x000000008b200000|100%| O|  |TAMS 0x000000008b100000, 0x000000008b200000| Untracked 
| 178|0x000000008b200000, 0x000000008b300000, 0x000000008b300000|100%| O|  |TAMS 0x000000008b200000, 0x000000008b300000| Untracked 
| 179|0x000000008b300000, 0x000000008b400000, 0x000000008b400000|100%| O|  |TAMS 0x000000008b300000, 0x000000008b400000| Untracked 
| 180|0x000000008b400000, 0x000000008b500000, 0x000000008b500000|100%| O|  |TAMS 0x000000008b400000, 0x000000008b500000| Untracked 
| 181|0x000000008b500000, 0x000000008b600000, 0x000000008b600000|100%| O|  |TAMS 0x000000008b500000, 0x000000008b600000| Untracked 
| 182|0x000000008b600000, 0x000000008b700000, 0x000000008b700000|100%| O|  |TAMS 0x000000008b600000, 0x000000008b700000| Untracked 
| 183|0x000000008b700000, 0x000000008b800000, 0x000000008b800000|100%| O|  |TAMS 0x000000008b700000, 0x000000008b800000| Untracked 
| 184|0x000000008b800000, 0x000000008b900000, 0x000000008b900000|100%| O|  |TAMS 0x000000008b800000, 0x000000008b900000| Untracked 
| 185|0x000000008b900000, 0x000000008ba00000, 0x000000008ba00000|100%| O|  |TAMS 0x000000008b900000, 0x000000008ba00000| Untracked 
| 186|0x000000008ba00000, 0x000000008bb00000, 0x000000008bb00000|100%| O|  |TAMS 0x000000008ba00000, 0x000000008bb00000| Untracked 
| 187|0x000000008bb00000, 0x000000008bc00000, 0x000000008bc00000|100%| O|  |TAMS 0x000000008bb00000, 0x000000008bc00000| Untracked 
| 188|0x000000008bc00000, 0x000000008bd00000, 0x000000008bd00000|100%| O|  |TAMS 0x000000008bc00000, 0x000000008bd00000| Untracked 
| 189|0x000000008bd00000, 0x000000008be00000, 0x000000008be00000|100%| O|  |TAMS 0x000000008bd00000, 0x000000008be00000| Untracked 
| 190|0x000000008be00000, 0x000000008bf00000, 0x000000008bf00000|100%| O|  |TAMS 0x000000008be00000, 0x000000008bf00000| Untracked 
| 191|0x000000008bf00000, 0x000000008c000000, 0x000000008c000000|100%| O|  |TAMS 0x000000008bf00000, 0x000000008c000000| Untracked 
| 192|0x000000008c000000, 0x000000008c100000, 0x000000008c100000|100%| O|  |TAMS 0x000000008c000000, 0x000000008c100000| Untracked 
| 193|0x000000008c100000, 0x000000008c200000, 0x000000008c200000|100%| O|  |TAMS 0x000000008c100000, 0x000000008c200000| Untracked 
| 194|0x000000008c200000, 0x000000008c300000, 0x000000008c300000|100%| O|  |TAMS 0x000000008c200000, 0x000000008c2e8000| Untracked 
| 195|0x000000008c300000, 0x000000008c400000, 0x000000008c400000|100%| O|  |TAMS 0x000000008c300000, 0x000000008c300000| Untracked 
| 196|0x000000008c400000, 0x000000008c500000, 0x000000008c500000|100%| O|  |TAMS 0x000000008c400000, 0x000000008c400000| Untracked 
| 197|0x000000008c500000, 0x000000008c600000, 0x000000008c600000|100%| O|  |TAMS 0x000000008c500000, 0x000000008c500000| Untracked 
| 198|0x000000008c600000, 0x000000008c700000, 0x000000008c700000|100%| O|  |TAMS 0x000000008c600000, 0x000000008c600000| Untracked 
| 199|0x000000008c700000, 0x000000008c800000, 0x000000008c800000|100%| O|  |TAMS 0x000000008c700000, 0x000000008c700000| Untracked 
| 200|0x000000008c800000, 0x000000008c900000, 0x000000008c900000|100%| O|  |TAMS 0x000000008c800000, 0x000000008c800000| Untracked 
| 201|0x000000008c900000, 0x000000008ca00000, 0x000000008ca00000|100%| O|  |TAMS 0x000000008c900000, 0x000000008c900000| Untracked 
| 202|0x000000008ca00000, 0x000000008cb00000, 0x000000008cb00000|100%| O|  |TAMS 0x000000008ca00000, 0x000000008ca00000| Untracked 
| 203|0x000000008cb00000, 0x000000008cc00000, 0x000000008cc00000|100%| O|  |TAMS 0x000000008cb00000, 0x000000008cb00000| Untracked 
| 204|0x000000008cc00000, 0x000000008cd00000, 0x000000008cd00000|100%| O|  |TAMS 0x000000008cc00000, 0x000000008cc00000| Untracked 
| 205|0x000000008cd00000, 0x000000008ce00000, 0x000000008ce00000|100%| O|  |TAMS 0x000000008cd00000, 0x000000008cd00000| Untracked 
| 206|0x000000008ce00000, 0x000000008cf00000, 0x000000008cf00000|100%| O|  |TAMS 0x000000008ce00000, 0x000000008ce00000| Untracked 
| 207|0x000000008cf00000, 0x000000008d000000, 0x000000008d000000|100%| O|  |TAMS 0x000000008cf00000, 0x000000008cf00000| Untracked 
| 208|0x000000008d000000, 0x000000008d100000, 0x000000008d100000|100%| O|  |TAMS 0x000000008d000000, 0x000000008d000000| Untracked 
| 209|0x000000008d100000, 0x000000008d200000, 0x000000008d200000|100%| O|  |TAMS 0x000000008d100000, 0x000000008d100000| Untracked 
| 210|0x000000008d200000, 0x000000008d25f400, 0x000000008d300000| 37%| O|  |TAMS 0x000000008d200000, 0x000000008d200000| Untracked 
| 211|0x000000008d300000, 0x000000008d300000, 0x000000008d400000|  0%| F|  |TAMS 0x000000008d300000, 0x000000008d300000| Untracked 
| 212|0x000000008d400000, 0x000000008d400000, 0x000000008d500000|  0%| F|  |TAMS 0x000000008d400000, 0x000000008d400000| Untracked 
| 213|0x000000008d500000, 0x000000008d500000, 0x000000008d600000|  0%| F|  |TAMS 0x000000008d500000, 0x000000008d500000| Untracked 
| 214|0x000000008d600000, 0x000000008d600000, 0x000000008d700000|  0%| F|  |TAMS 0x000000008d600000, 0x000000008d600000| Untracked 
| 215|0x000000008d700000, 0x000000008d700000, 0x000000008d800000|  0%| F|  |TAMS 0x000000008d700000, 0x000000008d700000| Untracked 
| 216|0x000000008d800000, 0x000000008d800000, 0x000000008d900000|  0%| F|  |TAMS 0x000000008d800000, 0x000000008d800000| Untracked 
| 217|0x000000008d900000, 0x000000008d900000, 0x000000008da00000|  0%| F|  |TAMS 0x000000008d900000, 0x000000008d900000| Untracked 
| 218|0x000000008da00000, 0x000000008da00000, 0x000000008db00000|  0%| F|  |TAMS 0x000000008da00000, 0x000000008da00000| Untracked 
| 219|0x000000008db00000, 0x000000008db00000, 0x000000008dc00000|  0%| F|  |TAMS 0x000000008db00000, 0x000000008db00000| Untracked 
| 220|0x000000008dc00000, 0x000000008dc00000, 0x000000008dd00000|  0%| F|  |TAMS 0x000000008dc00000, 0x000000008dc00000| Untracked 
| 221|0x000000008dd00000, 0x000000008de00000, 0x000000008de00000|100%| S|CS|TAMS 0x000000008dd00000, 0x000000008dd00000| Complete 
| 222|0x000000008de00000, 0x000000008df00000, 0x000000008df00000|100%| S|CS|TAMS 0x000000008de00000, 0x000000008de00000| Complete 
| 223|0x000000008df00000, 0x000000008df00000, 0x000000008e000000|  0%| F|  |TAMS 0x000000008df00000, 0x000000008df00000| Untracked 
| 224|0x000000008e000000, 0x000000008e000000, 0x000000008e100000|  0%| F|  |TAMS 0x000000008e000000, 0x000000008e000000| Untracked 
| 225|0x000000008e100000, 0x000000008e100000, 0x000000008e200000|  0%| F|  |TAMS 0x000000008e100000, 0x000000008e100000| Untracked 
| 226|0x000000008e200000, 0x000000008e200000, 0x000000008e300000|  0%| F|  |TAMS 0x000000008e200000, 0x000000008e200000| Untracked 
| 227|0x000000008e300000, 0x000000008e300000, 0x000000008e400000|  0%| F|  |TAMS 0x000000008e300000, 0x000000008e300000| Untracked 
| 228|0x000000008e400000, 0x000000008e400000, 0x000000008e500000|  0%| F|  |TAMS 0x000000008e400000, 0x000000008e400000| Untracked 
| 229|0x000000008e500000, 0x000000008e500000, 0x000000008e600000|  0%| F|  |TAMS 0x000000008e500000, 0x000000008e500000| Untracked 
| 230|0x000000008e600000, 0x000000008e600000, 0x000000008e700000|  0%| F|  |TAMS 0x000000008e600000, 0x000000008e600000| Untracked 
| 231|0x000000008e700000, 0x000000008e700000, 0x000000008e800000|  0%| F|  |TAMS 0x000000008e700000, 0x000000008e700000| Untracked 
| 232|0x000000008e800000, 0x000000008e800000, 0x000000008e900000|  0%| F|  |TAMS 0x000000008e800000, 0x000000008e800000| Untracked 
| 233|0x000000008e900000, 0x000000008e900000, 0x000000008ea00000|  0%| F|  |TAMS 0x000000008e900000, 0x000000008e900000| Untracked 

Card table byte_map: [0x000001ead13d0000,0x000001ead17d0000] _byte_map_base: 0x000001ead0fd0000

Marking Bits (Prev, Next): (CMBitMap*) 0x000001eabc6c46e8, (CMBitMap*) 0x000001eabc6c4720
 Prev Bits: [0x000001ead1bd0000, 0x000001ead3bd0000)
 Next Bits: [0x000001ead3bd0000, 0x000001ead5bd0000)

Polling page: 0x000001eabc4f0000

Metaspace:

Usage:
  Non-class:    109.20 MB capacity,   107.21 MB ( 98%) used,     1.64 MB (  2%) free+waste,   351.81 KB ( <1%) overhead. 
      Class:     16.50 MB capacity,    15.35 MB ( 93%) used,  1019.99 KB (  6%) free+waste,   156.56 KB ( <1%) overhead. 
       Both:    125.70 MB capacity,   122.56 MB ( 98%) used,     2.64 MB (  2%) free+waste,   508.38 KB ( <1%) overhead. 

Virtual space:
  Non-class space:      110.00 MB reserved,     109.25 MB (>99%) committed 
      Class space:        1.00 GB reserved,      16.57 MB (  2%) committed 
             Both:        1.11 GB reserved,     125.82 MB ( 11%) committed 

Chunk freelists:
   Non-Class:  55.00 KB
       Class:  1.00 KB
        Both:  56.00 KB

MaxMetaspaceSize: 17179869184.00 GB
CompressedClassSpaceSize: 1.00 GB

CodeHeap 'non-profiled nmethods': size=120064Kb used=10996Kb max_used=11474Kb free=109067Kb
 bounds [0x000001eac9450000, 0x000001eac9f90000, 0x000001ead0990000]
CodeHeap 'profiled nmethods': size=120000Kb used=35625Kb max_used=36028Kb free=84374Kb
 bounds [0x000001eac1f20000, 0x000001eac4280000, 0x000001eac9450000]
CodeHeap 'non-nmethods': size=5696Kb used=2419Kb max_used=2471Kb free=3276Kb
 bounds [0x000001eac1990000, 0x000001eac1c00000, 0x000001eac1f20000]
 total_blobs=16780 nmethods=15691 adapters=1000
 compilation: enabled
              stopped_count=0, restarted_count=0
 full_count=0

Compilation events (20 events):
Event: 163.897 Thread 0x000001ead8a7b000 16639       3       org.apache.xerces.dom.DeferredDocumentImpl::synchronizeChildren (167 bytes)
Event: 163.899 Thread 0x000001ead8a7b000 nmethod 16639 0x000001eac2402f90 code [0x000001eac2403240, 0x000001eac24041a8]
Event: 163.899 Thread 0x000001ead8a7b000 16640       3       org.apache.xerces.dom.AttrImpl::getNodeValue (5 bytes)
Event: 163.900 Thread 0x000001ead8a7b000 nmethod 16640 0x000001eac22b5710 code [0x000001eac22b58c0, 0x000001eac22b5a68]
Event: 163.900 Thread 0x000001ead8a7b000 16641       3       org.apache.xerces.dom.AttrImpl::getValue (176 bytes)
Event: 163.902 Thread 0x000001ead8a7b000 nmethod 16641 0x000001eac240c710 code [0x000001eac240ca60, 0x000001eac240e4a8]
Event: 163.902 Thread 0x000001eae34b1800 nmethod 16613% 0x000001eac94db510 code [0x000001eac94db6e0, 0x000001eac94dc308]
Event: 163.903 Thread 0x000001eae34b1800 16630       4       org.apache.xerces.dom.DeferredDocumentImpl::clearChunkIndex (57 bytes)
Event: 163.903 Thread 0x000001ead8a7b000 16643   !   3       android.databinding.tool.reflection.SdkUtil$ApiChecker::getSince (44 bytes)
Event: 163.904 Thread 0x000001ead8a7b000 nmethod 16643 0x000001eac2314090 code [0x000001eac23142a0, 0x000001eac23147f8]
Event: 163.905 Thread 0x000001eae34b1800 nmethod 16630 0x000001eac94cea90 code [0x000001eac94cec20, 0x000001eac94cedd8]
Event: 163.905 Thread 0x000001eae34b1800 16644       4       org.apache.xerces.dom.DeferredDocumentImpl::synchronizeChildren (127 bytes)
Event: 163.936 Thread 0x000001eae34b1800 nmethod 16644 0x000001eac94d9f90 code [0x000001eac94da160, 0x000001eac94dad28]
Event: 163.936 Thread 0x000001eae34b1800 16642       4       org.apache.xerces.dom.DeferredDocumentImpl::getPrevSibling (106 bytes)
Event: 163.942 Thread 0x000001eae34b1800 nmethod 16642 0x000001eac94d1a90 code [0x000001eac94d1c40, 0x000001eac94d1f98]
Event: 163.942 Thread 0x000001eae34b1800 16645       4       org.apache.xerces.dom.NodeImpl::isSpecified (28 bytes)
Event: 163.943 Thread 0x000001eae34b1800 nmethod 16645 0x000001eac94d9c90 code [0x000001eac94d9e20, 0x000001eac94d9eb8]
Event: 163.943 Thread 0x000001eae34b1800 16649       4       org.apache.xerces.dom.NodeImpl::hasStringValue (30 bytes)
Event: 163.944 Thread 0x000001eae34b1800 nmethod 16649 0x000001eac94d9990 code [0x000001eac94d9b20, 0x000001eac94d9bb8]
Event: 163.944 Thread 0x000001eae34b1800 16635       4       org.apache.xerces.dom.DeferredDocumentImpl::getNodeObject (510 bytes)

GC Heap History (20 events):
Event: 162.596 GC heap after
{Heap after GC invocations=53 (full 0):
 garbage-first heap   total 196608K, used 158520K [0x0000000080000000, 0x0000000100000000)
  region size 1024K, 2 young (2048K), 2 survivors (2048K)
 Metaspace       used 124179K, capacity 127312K, committed 127436K, reserved 1159168K
  class space    used 15611K, capacity 16757K, committed 16844K, reserved 1048576K
}
Event: 162.897 GC heap before
{Heap before GC invocations=53 (full 0):
 garbage-first heap   total 196608K, used 167736K [0x0000000080000000, 0x0000000100000000)
  region size 1024K, 11 young (11264K), 2 survivors (2048K)
 Metaspace       used 124622K, capacity 127773K, committed 127948K, reserved 1161216K
  class space    used 15659K, capacity 16824K, committed 16844K, reserved 1048576K
}
Event: 162.903 GC heap after
{Heap after GC invocations=54 (full 0):
 garbage-first heap   total 196608K, used 159279K [0x0000000080000000, 0x0000000100000000)
  region size 1024K, 1 young (1024K), 1 survivors (1024K)
 Metaspace       used 124622K, capacity 127773K, committed 127948K, reserved 1161216K
  class space    used 15659K, capacity 16824K, committed 16844K, reserved 1048576K
}
Event: 163.404 GC heap before
{Heap before GC invocations=54 (full 0):
 garbage-first heap   total 196608K, used 168495K [0x0000000080000000, 0x0000000100000000)
  region size 1024K, 10 young (10240K), 1 survivors (1024K)
 Metaspace       used 125445K, capacity 128709K, committed 128844K, reserved 1161216K
  class space    used 15718K, capacity 16895K, committed 16972K, reserved 1048576K
}
Event: 163.410 GC heap after
{Heap after GC invocations=55 (full 0):
 garbage-first heap   total 196608K, used 160043K [0x0000000080000000, 0x0000000100000000)
  region size 1024K, 2 young (2048K), 2 survivors (2048K)
 Metaspace       used 125445K, capacity 128709K, committed 128844K, reserved 1161216K
  class space    used 15718K, capacity 16895K, committed 16972K, reserved 1048576K
}
Event: 163.530 GC heap before
{Heap before GC invocations=55 (full 0):
 garbage-first heap   total 196608K, used 168235K [0x0000000080000000, 0x0000000100000000)
  region size 1024K, 11 young (11264K), 2 survivors (2048K)
 Metaspace       used 125454K, capacity 128709K, committed 128844K, reserved 1161216K
  class space    used 15718K, capacity 16895K, committed 16972K, reserved 1048576K
}
Event: 163.541 GC heap after
{Heap after GC invocations=56 (full 0):
 garbage-first heap   total 196608K, used 168694K [0x0000000080000000, 0x0000000100000000)
  region size 1024K, 2 young (2048K), 2 survivors (2048K)
 Metaspace       used 125454K, capacity 128709K, committed 128844K, reserved 1161216K
  class space    used 15718K, capacity 16895K, committed 16972K, reserved 1048576K
}
Event: 163.581 GC heap before
{Heap before GC invocations=56 (full 0):
 garbage-first heap   total 196608K, used 174838K [0x0000000080000000, 0x0000000100000000)
  region size 1024K, 9 young (9216K), 2 survivors (2048K)
 Metaspace       used 125454K, capacity 128709K, committed 128844K, reserved 1161216K
  class space    used 15718K, capacity 16895K, committed 16972K, reserved 1048576K
}
Event: 163.591 GC heap after
{Heap after GC invocations=57 (full 0):
 garbage-first heap   total 196608K, used 175543K [0x0000000080000000, 0x0000000100000000)
  region size 1024K, 2 young (2048K), 2 survivors (2048K)
 Metaspace       used 125454K, capacity 128709K, committed 128844K, reserved 1161216K
  class space    used 15718K, capacity 16895K, committed 16972K, reserved 1048576K
}
Event: 163.622 GC heap before
{Heap before GC invocations=57 (full 0):
 garbage-first heap   total 196608K, used 182711K [0x0000000080000000, 0x0000000100000000)
  region size 1024K, 9 young (9216K), 2 survivors (2048K)
 Metaspace       used 125454K, capacity 128709K, committed 128844K, reserved 1161216K
  class space    used 15718K, capacity 16895K, committed 16972K, reserved 1048576K
}
Event: 163.633 GC heap after
{Heap after GC invocations=58 (full 0):
 garbage-first heap   total 196608K, used 181248K [0x0000000080000000, 0x0000000100000000)
  region size 1024K, 2 young (2048K), 2 survivors (2048K)
 Metaspace       used 125454K, capacity 128709K, committed 128844K, reserved 1161216K
  class space    used 15718K, capacity 16895K, committed 16972K, reserved 1048576K
}
Event: 163.664 GC heap before
{Heap before GC invocations=59 (full 0):
 garbage-first heap   total 196608K, used 188416K [0x0000000080000000, 0x0000000100000000)
  region size 1024K, 9 young (9216K), 2 survivors (2048K)
 Metaspace       used 125454K, capacity 128709K, committed 128844K, reserved 1161216K
  class space    used 15718K, capacity 16895K, committed 16972K, reserved 1048576K
}
Event: 163.677 GC heap after
{Heap after GC invocations=60 (full 0):
 garbage-first heap   total 239616K, used 186908K [0x0000000080000000, 0x0000000100000000)
  region size 1024K, 2 young (2048K), 2 survivors (2048K)
 Metaspace       used 125454K, capacity 128709K, committed 128844K, reserved 1161216K
  class space    used 15718K, capacity 16895K, committed 16972K, reserved 1048576K
}
Event: 163.751 GC heap before
{Heap before GC invocations=60 (full 0):
 garbage-first heap   total 239616K, used 195100K [0x0000000080000000, 0x0000000100000000)
  region size 1024K, 11 young (11264K), 2 survivors (2048K)
 Metaspace       used 125502K, capacity 128712K, committed 128844K, reserved 1161216K
  class space    used 15718K, capacity 16895K, committed 16972K, reserved 1048576K
}
Event: 163.764 GC heap after
{Heap after GC invocations=61 (full 0):
 garbage-first heap   total 239616K, used 191998K [0x0000000080000000, 0x0000000100000000)
  region size 1024K, 2 young (2048K), 2 survivors (2048K)
 Metaspace       used 125502K, capacity 128712K, committed 128844K, reserved 1161216K
  class space    used 15718K, capacity 16895K, committed 16972K, reserved 1048576K
}
Event: 163.800 GC heap before
{Heap before GC invocations=61 (full 0):
 garbage-first heap   total 239616K, used 201214K [0x0000000080000000, 0x0000000100000000)
  region size 1024K, 11 young (11264K), 2 survivors (2048K)
 Metaspace       used 125503K, capacity 128712K, committed 128844K, reserved 1161216K
  class space    used 15718K, capacity 16895K, committed 16972K, reserved 1048576K
}
Event: 163.813 GC heap after
{Heap after GC invocations=62 (full 0):
 garbage-first heap   total 239616K, used 201632K [0x0000000080000000, 0x0000000100000000)
  region size 1024K, 2 young (2048K), 2 survivors (2048K)
 Metaspace       used 125503K, capacity 128712K, committed 128844K, reserved 1161216K
  class space    used 15718K, capacity 16895K, committed 16972K, reserved 1048576K
}
Event: 163.859 GC heap before
{Heap before GC invocations=62 (full 0):
 garbage-first heap   total 239616K, used 210848K [0x0000000080000000, 0x0000000100000000)
  region size 1024K, 11 young (11264K), 2 survivors (2048K)
 Metaspace       used 125503K, capacity 128712K, committed 128844K, reserved 1161216K
  class space    used 15718K, capacity 16895K, committed 16972K, reserved 1048576K
}
Event: 163.871 GC heap after
{Heap after GC invocations=63 (full 0):
 garbage-first heap   total 239616K, used 209920K [0x0000000080000000, 0x0000000100000000)
  region size 1024K, 2 young (2048K), 2 survivors (2048K)
 Metaspace       used 125503K, capacity 128712K, committed 128844K, reserved 1161216K
  class space    used 15718K, capacity 16895K, committed 16972K, reserved 1048576K
}
Event: 163.950 GC heap before
{Heap before GC invocations=63 (full 0):
 garbage-first heap   total 239616K, used 219136K [0x0000000080000000, 0x0000000100000000)
  region size 1024K, 11 young (11264K), 2 survivors (2048K)
 Metaspace       used 125503K, capacity 128712K, committed 128844K, reserved 1161216K
  class space    used 15718K, capacity 16895K, committed 16972K, reserved 1048576K
}

Deoptimization events (20 events):
Event: 163.521 Thread 0x000001eadea31800 DEOPT PACKING pc=0x000001eac41a3f78 sp=0x000000dc4eff86b0
Event: 163.521 Thread 0x000001eadea31800 DEOPT UNPACKING pc=0x000001eac19b76ce sp=0x000000dc4eff7bd0 mode 0
Event: 163.521 Thread 0x000001eadea31800 DEOPT PACKING pc=0x000001eac41a3f78 sp=0x000000dc4eff8730
Event: 163.521 Thread 0x000001eadea31800 DEOPT UNPACKING pc=0x000001eac19b76ce sp=0x000000dc4eff7c50 mode 0
Event: 163.570 Thread 0x000001eadea31800 Uncommon trap: trap_request=0xffffff4d fr.pc=0x000001eac9f39e48 relative=0x0000000000000488
Event: 163.570 Thread 0x000001eadea31800 Uncommon trap: reason=unstable_if action=reinterpret pc=0x000001eac9f39e48 method=org.apache.xerces.dom.ParentNode.nodeListItem(I)Lorg/w3c/dom/Node; @ 4 c2
Event: 163.570 Thread 0x000001eadea31800 DEOPT PACKING pc=0x000001eac9f39e48 sp=0x000000dc4eff8ce0
Event: 163.570 Thread 0x000001eadea31800 DEOPT UNPACKING pc=0x000001eac19b78af sp=0x000000dc4eff8c88 mode 2
Event: 163.603 Thread 0x000001eadea31800 DEOPT PACKING pc=0x000001eac4173fb5 sp=0x000000dc4eff8c60
Event: 163.603 Thread 0x000001eadea31800 DEOPT UNPACKING pc=0x000001eac19b76ce sp=0x000000dc4eff8158 mode 0
Event: 163.767 Thread 0x000001eadea31800 Uncommon trap: trap_request=0xffffffde fr.pc=0x000001eac9f366fc relative=0x00000000000032bc
Event: 163.767 Thread 0x000001eadea31800 Uncommon trap: reason=class_check action=maybe_recompile pc=0x000001eac9f366fc method=org.apache.xerces.impl.XMLDocumentFragmentScannerImpl.scanStartElement()Z @ 309 c2
Event: 163.767 Thread 0x000001eadea31800 DEOPT PACKING pc=0x000001eac9f366fc sp=0x000000dc4eff88d0
Event: 163.767 Thread 0x000001eadea31800 DEOPT UNPACKING pc=0x000001eac19b78af sp=0x000000dc4eff88b8 mode 2
Event: 163.909 Thread 0x000001eadea31800 DEOPT PACKING pc=0x000001eac418ab38 sp=0x000000dc4eff8cb0
Event: 163.909 Thread 0x000001eadea31800 DEOPT UNPACKING pc=0x000001eac19b76ce sp=0x000000dc4eff8158 mode 0
Event: 163.917 Thread 0x000001eadea31800 DEOPT PACKING pc=0x000001eac418ab38 sp=0x000000dc4eff8cb0
Event: 163.917 Thread 0x000001eadea31800 DEOPT UNPACKING pc=0x000001eac19b76ce sp=0x000000dc4eff8158 mode 0
Event: 163.931 Thread 0x000001eadea31800 DEOPT PACKING pc=0x000001eac418ab38 sp=0x000000dc4eff8cb0
Event: 163.931 Thread 0x000001eadea31800 DEOPT UNPACKING pc=0x000001eac19b76ce sp=0x000000dc4eff8158 mode 0

Classes redefined (0 events):
No events

Internal exceptions (20 events):
Event: 162.997 Thread 0x000001eadea31800 Exception <a 'sun/nio/fs/WindowsException'{0x000000008befcce8}> (0x000000008befcce8) thrown at [./src/hotspot/share/prims/jni.cpp, line 615]
Event: 163.022 Thread 0x000001eadea31800 Exception <a 'sun/nio/fs/WindowsException'{0x000000008bd6f440}> (0x000000008bd6f440) thrown at [./src/hotspot/share/prims/jni.cpp, line 615]
Event: 163.022 Thread 0x000001eadea31800 Exception <a 'sun/nio/fs/WindowsException'{0x000000008bd6f5b0}> (0x000000008bd6f5b0) thrown at [./src/hotspot/share/prims/jni.cpp, line 615]
Event: 163.024 Thread 0x000001eadea31800 Exception <a 'sun/nio/fs/WindowsException'{0x000000008bd871d0}> (0x000000008bd871d0) thrown at [./src/hotspot/share/prims/jni.cpp, line 615]
Event: 163.024 Thread 0x000001eadea31800 Exception <a 'sun/nio/fs/WindowsException'{0x000000008bd87358}> (0x000000008bd87358) thrown at [./src/hotspot/share/prims/jni.cpp, line 615]
Event: 163.046 Thread 0x000001eadea31800 Exception <a 'sun/nio/fs/WindowsException'{0x000000008bc364a0}> (0x000000008bc364a0) thrown at [./src/hotspot/share/prims/jni.cpp, line 615]
Event: 163.046 Thread 0x000001eadea31800 Exception <a 'sun/nio/fs/WindowsException'{0x000000008bc37b20}> (0x000000008bc37b20) thrown at [./src/hotspot/share/prims/jni.cpp, line 615]
Event: 163.046 Thread 0x000001eadea31800 Exception <a 'sun/nio/fs/WindowsException'{0x000000008bc38e28}> (0x000000008bc38e28) thrown at [./src/hotspot/share/prims/jni.cpp, line 615]
Event: 163.046 Thread 0x000001eadea31800 Exception <a 'sun/nio/fs/WindowsException'{0x000000008bc3a330}> (0x000000008bc3a330) thrown at [./src/hotspot/share/prims/jni.cpp, line 615]
Event: 163.046 Thread 0x000001eadea31800 Exception <a 'sun/nio/fs/WindowsException'{0x000000008bc3a4c0}> (0x000000008bc3a4c0) thrown at [./src/hotspot/share/prims/jni.cpp, line 615]
Event: 163.046 Thread 0x000001eadea31800 Exception <a 'sun/nio/fs/WindowsException'{0x000000008bc3cc78}> (0x000000008bc3cc78) thrown at [./src/hotspot/share/prims/jni.cpp, line 615]
Event: 163.050 Thread 0x000001eadea31800 Exception <a 'sun/nio/fs/WindowsException'{0x000000008bc49250}> (0x000000008bc49250) thrown at [./src/hotspot/share/prims/jni.cpp, line 615]
Event: 163.136 Thread 0x000001eadea31800 Exception <a 'sun/nio/fs/WindowsException'{0x000000008bb59e20}> (0x000000008bb59e20) thrown at [./src/hotspot/share/prims/jni.cpp, line 615]
Event: 163.141 Thread 0x000001eadea31800 Exception <a 'sun/nio/fs/WindowsException'{0x000000008bb79290}> (0x000000008bb79290) thrown at [./src/hotspot/share/prims/jni.cpp, line 615]
Event: 163.268 Thread 0x000001eadea31800 Exception <a 'sun/nio/fs/WindowsException'{0x000000008b86c7c8}> (0x000000008b86c7c8) thrown at [./src/hotspot/share/prims/jni.cpp, line 615]
Event: 163.268 Thread 0x000001eadea31800 Exception <a 'sun/nio/fs/WindowsException'{0x000000008b86c918}> (0x000000008b86c918) thrown at [./src/hotspot/share/prims/jni.cpp, line 615]
Event: 163.273 Thread 0x000001eadea31800 Exception <a 'sun/nio/fs/WindowsException'{0x000000008b8b2c40}> (0x000000008b8b2c40) thrown at [./src/hotspot/share/prims/jni.cpp, line 615]
Event: 163.273 Thread 0x000001eadea31800 Exception <a 'sun/nio/fs/WindowsException'{0x000000008b8b2d90}> (0x000000008b8b2d90) thrown at [./src/hotspot/share/prims/jni.cpp, line 615]
Event: 163.424 Thread 0x000001eadea31800 Implicit null exception at 0x000001eac9f3c195 to 0x000001eac9f3ef72
Event: 163.570 Thread 0x000001eadea31800 Implicit null exception at 0x000001eac9f399f5 to 0x000001eac9f39e2c

Events (20 events):
Event: 163.378 Executing VM operation: CGC_Operation done
Event: 163.403 Executing VM operation: G1CollectForAllocation
Event: 163.410 Executing VM operation: G1CollectForAllocation done
Event: 163.530 Executing VM operation: G1CollectForAllocation
Event: 163.541 Executing VM operation: G1CollectForAllocation done
Event: 163.581 Executing VM operation: G1CollectForAllocation
Event: 163.591 Executing VM operation: G1CollectForAllocation done
Event: 163.622 Executing VM operation: G1CollectForAllocation
Event: 163.634 Executing VM operation: G1CollectForAllocation done
Event: 163.662 Executing VM operation: CGC_Operation
Event: 163.662 Executing VM operation: CGC_Operation done
Event: 163.664 Executing VM operation: G1CollectForAllocation
Event: 163.677 Executing VM operation: G1CollectForAllocation done
Event: 163.751 Executing VM operation: G1CollectForAllocation
Event: 163.764 Executing VM operation: G1CollectForAllocation done
Event: 163.800 Executing VM operation: G1CollectForAllocation
Event: 163.813 Executing VM operation: G1CollectForAllocation done
Event: 163.859 Executing VM operation: G1CollectForAllocation
Event: 163.871 Executing VM operation: G1CollectForAllocation done
Event: 163.950 Executing VM operation: G1CollectForAllocation


Dynamic libraries:
0x00007ff6e9fa0000 - 0x00007ff6e9faa000 	C:\Program Files\Android\Android Studio1\jre\bin\java.exe
0x00007fffa2190000 - 0x00007fffa2385000 	C:\WINDOWS\SYSTEM32\ntdll.dll
0x00007fff831a0000 - 0x00007fff831b6000 	C:\Program Files\AVAST Software\Avast\aswhook.dll
0x00007fffa2090000 - 0x00007fffa214e000 	C:\WINDOWS\System32\KERNEL32.DLL
0x00007fff9fa90000 - 0x00007fff9fd58000 	C:\WINDOWS\System32\KERNELBASE.dll
0x00007fff9f8b0000 - 0x00007fff9f9b0000 	C:\WINDOWS\System32\ucrtbase.dll
0x00007fff95610000 - 0x00007fff95629000 	C:\Program Files\Android\Android Studio1\jre\bin\jli.dll
0x00007fffa1d60000 - 0x00007fffa1f01000 	C:\WINDOWS\System32\USER32.dll
0x00007fff9fa60000 - 0x00007fff9fa82000 	C:\WINDOWS\System32\win32u.dll
0x00007fff94fe0000 - 0x00007fff9527a000 	C:\WINDOWS\WinSxS\amd64_microsoft.windows.common-controls_6595b64144ccf1df_6.0.19041.1110_none_60b5254171f9507e\COMCTL32.dll
0x00007fffa0700000 - 0x00007fffa072b000 	C:\WINDOWS\System32\GDI32.dll
0x00007fffa00d0000 - 0x00007fffa01db000 	C:\WINDOWS\System32\gdi32full.dll
0x00007fffa01e0000 - 0x00007fffa027e000 	C:\WINDOWS\System32\msvcrt.dll
0x00007fffa0030000 - 0x00007fffa00cd000 	C:\WINDOWS\System32\msvcp_win.dll
0x00007fff97810000 - 0x00007fff97827000 	C:\Program Files\Android\Android Studio1\jre\bin\VCRUNTIME140.dll
0x00007fffa0f20000 - 0x00007fffa0f50000 	C:\WINDOWS\System32\IMM32.DLL
0x00007fff82600000 - 0x00007fff8269d000 	C:\Program Files\Android\Android Studio1\jre\bin\msvcp140.dll
0x00007fff2fa80000 - 0x00007fff3054f000 	C:\Program Files\Android\Android Studio1\jre\bin\server\jvm.dll
0x00007fffa0730000 - 0x00007fffa07dc000 	C:\WINDOWS\System32\ADVAPI32.dll
0x00007fffa1920000 - 0x00007fffa19bb000 	C:\WINDOWS\System32\sechost.dll
0x00007fffa0840000 - 0x00007fffa096a000 	C:\WINDOWS\System32\RPCRT4.dll
0x00007fffa1a20000 - 0x00007fffa1a28000 	C:\WINDOWS\System32\PSAPI.DLL
0x00007fff92270000 - 0x00007fff92279000 	C:\WINDOWS\SYSTEM32\WSOCK32.dll
0x00007fff977e0000 - 0x00007fff977ea000 	C:\WINDOWS\SYSTEM32\VERSION.dll
0x00007fff94e40000 - 0x00007fff94e67000 	C:\WINDOWS\SYSTEM32\WINMM.dll
0x00007fffa10a0000 - 0x00007fffa110b000 	C:\WINDOWS\System32\ws2_32.DLL
0x00007fff9e510000 - 0x00007fff9e522000 	C:\WINDOWS\SYSTEM32\kernel.appcore.dll
0x00007fff89050000 - 0x00007fff89061000 	C:\Program Files\Android\Android Studio1\jre\bin\verify.dll
0x00007fff9de50000 - 0x00007fff9e034000 	C:\WINDOWS\SYSTEM32\DBGHELP.DLL
0x00007fff967f0000 - 0x00007fff9681c000 	C:\WINDOWS\SYSTEM32\dbgcore.DLL
0x00007fff9ffa0000 - 0x00007fffa0023000 	C:\WINDOWS\System32\bcryptPrimitives.dll
0x00007fff89020000 - 0x00007fff89049000 	C:\Program Files\Android\Android Studio1\jre\bin\java.dll
0x00007fff98d00000 - 0x00007fff98d0b000 	C:\Program Files\Android\Android Studio1\jre\bin\jimage.dll
0x00007fff89000000 - 0x00007fff89018000 	C:\Program Files\Android\Android Studio1\jre\bin\zip.dll
0x00007fffa11e0000 - 0x00007fffa191f000 	C:\WINDOWS\System32\SHELL32.dll
0x00007fff9d5a0000 - 0x00007fff9dd30000 	C:\WINDOWS\SYSTEM32\windows.storage.dll
0x00007fffa03a0000 - 0x00007fffa06f5000 	C:\WINDOWS\System32\combase.dll
0x00007fff9f300000 - 0x00007fff9f32e000 	C:\WINDOWS\SYSTEM32\Wldp.dll
0x00007fffa1a30000 - 0x00007fffa1add000 	C:\WINDOWS\System32\SHCORE.dll
0x00007fffa19c0000 - 0x00007fffa1a15000 	C:\WINDOWS\System32\shlwapi.dll
0x00007fff9f7f0000 - 0x00007fff9f80f000 	C:\WINDOWS\SYSTEM32\profapi.dll
0x00007fff88fe0000 - 0x00007fff88ffa000 	C:\Program Files\Android\Android Studio1\jre\bin\net.dll
0x00007fff966e0000 - 0x00007fff967ec000 	C:\WINDOWS\SYSTEM32\WINHTTP.dll
0x00007fff9ef90000 - 0x00007fff9effa000 	C:\WINDOWS\system32\mswsock.dll
0x00007fff88fc0000 - 0x00007fff88fd4000 	C:\Program Files\Android\Android Studio1\jre\bin\nio.dll
0x00007fff837e0000 - 0x00007fff83807000 	C:\Users\tukta\Documents\GitHub\material-components-android-examples\MaterialThemeBuilder\.gradle\native\8bec1ad78214c89d9ad589b4d07fe93259594b29d510b10fafb7a158f7737e5d\windows-amd64\native-platform.dll
0x00007fff45020000 - 0x00007fff4515d000 	C:\Users\tukta\Documents\GitHub\material-components-android-examples\MaterialThemeBuilder\.gradle\native\53dbd7edfb1c66fb8903c78663c9afc45aea4f116125fa6feffd364cf09443e8\windows-amd64\native-platform-file-events.dll
0x00007fff98710000 - 0x00007fff9871a000 	C:\Program Files\Android\Android Studio1\jre\bin\management.dll
0x00007fff95b00000 - 0x00007fff95b0c000 	C:\Program Files\Android\Android Studio1\jre\bin\management_ext.dll
0x00007fff9f180000 - 0x00007fff9f198000 	C:\WINDOWS\SYSTEM32\CRYPTSP.dll
0x00007fff9e910000 - 0x00007fff9e944000 	C:\WINDOWS\system32\rsaenh.dll
0x00007fff9fd60000 - 0x00007fff9fd87000 	C:\WINDOWS\System32\bcrypt.dll
0x00007fff9f770000 - 0x00007fff9f79e000 	C:\WINDOWS\SYSTEM32\USERENV.dll
0x00007fff9f1a0000 - 0x00007fff9f1ac000 	C:\WINDOWS\SYSTEM32\CRYPTBASE.dll
0x00007fff9ec80000 - 0x00007fff9ecbb000 	C:\WINDOWS\SYSTEM32\IPHLPAPI.DLL
0x00007fffa0300000 - 0x00007fffa0308000 	C:\WINDOWS\System32\NSI.dll
0x00007fff98000000 - 0x00007fff98017000 	C:\WINDOWS\SYSTEM32\dhcpcsvc6.DLL
0x00007fff981f0000 - 0x00007fff9820d000 	C:\WINDOWS\SYSTEM32\dhcpcsvc.DLL
0x00007fff9ecc0000 - 0x00007fff9ed8b000 	C:\WINDOWS\SYSTEM32\DNSAPI.dll
0x00007fff6a7d0000 - 0x00007fff6a974000 	C:\Program Files\Android\Android Studio1\jre\bin\awt.dll
0x00007fffa1c90000 - 0x00007fffa1d5d000 	C:\WINDOWS\System32\OLEAUT32.dll
0x00007fff9d1c0000 - 0x00007fff9d1ef000 	C:\WINDOWS\SYSTEM32\dwmapi.dll
0x00007fff9c920000 - 0x00007fff9c9b0000 	C:\WINDOWS\SYSTEM32\apphelp.dll
0x00007fff9ce30000 - 0x00007fff9cece000 	C:\WINDOWS\system32\uxtheme.dll
0x00007fff98d10000 - 0x00007fff98d2e000 	C:\Users\tukta\AppData\Local\Temp\native-platform10982079165373617345dir\native-platform.dll
0x00007fff95770000 - 0x00007fff95778000 	C:\Program Files\Android\Android Studio1\jre\bin\rmi.dll

dbghelp: loaded successfully - version: 4.0.5 - missing functions: none
symbol engine: initialized successfully - sym options: 0x614 - pdb path: .;C:\Program Files\Android\Android Studio1\jre\bin;C:\WINDOWS\SYSTEM32;C:\Program Files\AVAST Software\Avast;C:\WINDOWS\WinSxS\amd64_microsoft.windows.common-controls_6595b64144ccf1df_6.0.19041.1110_none_60b5254171f9507e;C:\Program Files\Android\Android Studio1\jre\bin\server;C:\Users\tukta\Documents\GitHub\material-components-android-examples\MaterialThemeBuilder\.gradle\native\8bec1ad78214c89d9ad589b4d07fe93259594b29d510b10fafb7a158f7737e5d\windows-amd64;C:\Users\tukta\Documents\GitHub\material-components-android-examples\MaterialThemeBuilder\.gradle\native\53dbd7edfb1c66fb8903c78663c9afc45aea4f116125fa6feffd364cf09443e8\windows-amd64;C:\Users\tukta\AppData\Local\Temp\native-platform10982079165373617345dir

VM Arguments:
jvm_args: --add-opens=java.base/java.util=ALL-UNNAMED --add-opens=java.base/java.lang=ALL-UNNAMED --add-opens=java.base/java.lang.invoke=ALL-UNNAMED --add-opens=java.base/java.util=ALL-UNNAMED --add-opens=java.prefs/java.util.prefs=ALL-UNNAMED --add-opens=java.prefs/java.util.prefs=ALL-UNNAMED --add-opens=java.base/java.nio.charset=ALL-UNNAMED --add-opens=java.base/java.net=ALL-UNNAMED --add-opens=java.base/java.util.concurrent.atomic=ALL-UNNAMED -Xmx2048m -Dfile.encoding=UTF-8 -Duser.country=RU -Duser.language=ru -Duser.variant 
java_command: org.gradle.launcher.daemon.bootstrap.GradleDaemon 7.0.2
java_class_path (initial): C:\Users\tukta\Documents\GitHub\material-components-android-examples\MaterialThemeBuilder\.gradle\wrapper\dists\gradle-7.0.2-bin\857tjihv64xamwrf0h14cai3r\gradle-7.0.2\lib\gradle-launcher-7.0.2.jar
Launcher Type: SUN_STANDARD

[Global flags]
     intx CICompilerCount                          = 3                                         {product} {ergonomic}
     uint ConcGCThreads                            = 1                                         {product} {ergonomic}
     uint G1ConcRefinementThreads                  = 4                                         {product} {ergonomic}
   size_t G1HeapRegionSize                         = 1048576                                   {product} {ergonomic}
    uintx GCDrainStackTargetSize                   = 64                                        {product} {ergonomic}
   size_t InitialHeapSize                          = 201326592                                 {product} {ergonomic}
   size_t MarkStackSize                            = 4194304                                   {product} {ergonomic}
   size_t MaxHeapSize                              = 2147483648                                {product} {command line}
   size_t MaxNewSize                               = 1287651328                                {product} {ergonomic}
   size_t MinHeapDeltaBytes                        = 1048576                                   {product} {ergonomic}
    uintx NonNMethodCodeHeapSize                   = 5830732                                {pd product} {ergonomic}
    uintx NonProfiledCodeHeapSize                  = 122913754                              {pd product} {ergonomic}
    uintx ProfiledCodeHeapSize                     = 122913754                              {pd product} {ergonomic}
    uintx ReservedCodeCacheSize                    = 251658240                              {pd product} {ergonomic}
     bool SegmentedCodeCache                       = true                                      {product} {ergonomic}
     bool UseCompressedClassPointers               = true                                 {lp64_product} {ergonomic}
     bool UseCompressedOops                        = true                                 {lp64_product} {ergonomic}
     bool UseG1GC                                  = true                                      {product} {ergonomic}
     bool UseLargePagesIndividualAllocation        = false                                  {pd product} {ergonomic}

Logging:
Log output configuration:
 #0: stdout all=warning uptime,level,tags
 #1: stderr all=off uptime,level,tags

Environment Variables:
PATH=C:\Program Files (x86)\Intel\iCLS Client\;C:\Program Files\Intel\iCLS Client\;C:\Program Files (x86)\Common Files\Oracle\Java\javapath;C:\ProgramData\Oracle\Java\javapath;C:\Program Files\Broadcom\Broadcom 802.11 Network Adapter;C:\WINDOWS\system32;C:\WINDOWS;C:\WINDOWS\System32\Wbem;C:\WINDOWS\System32\WindowsPowerShell\v1.0\;C:\Program Files (x86)\GtkSharp\2.12\bin;C:\WINDOWS\System32\OpenSSH\;C:\webdrivers;C:\Program Files (x86)\Intel\Intel(R) Management Engine Components\DAL;C:\Program Files\Intel\Intel(R) Management Engine Components\DAL;C:\Program Files (x86)\Intel\Intel(R) Management Engine Components\IPT;C:\Program Files\Intel\Intel(R) Management Engine Components\IPT;C:\Program Files\Git\cmd;C:\Program Files\nodejs\;C:\Users\tukta\AppData\Local\Microsoft\WindowsApps;C:\Users\tukta\AppData\Local\GitHubDesktop\bin;C:\Users\tukta\AppData\Roaming\npm;C:\Users\tukta\AppData\Local\atom\bin;C:\Program Files\heroku\bin;C:\Program Files\PostgreSQL\9.6\bin;;%USERPROFILE%\AppData\Local\Microsoft\WindowsApps
USERNAME=tukta
OS=Windows_NT
PROCESSOR_IDENTIFIER=Intel64 Family 6 Model 78 Stepping 3, GenuineIntel



---------------  S Y S T E M  ---------------

OS: Windows 10 , 64 bit Build 19041 (10.0.19041.1348)
OS uptime: 8 days 19:53 hours

CPU:total 4 (initial active 4) (2 cores per cpu, 2 threads per core) family 6 model 78 stepping 3 microcode 0xcc, cmov, cx8, fxsr, mmx, sse, sse2, sse3, ssse3, sse4.1, sse4.2, popcnt, avx, avx2, aes, clmul, erms, 3dnowpref, lzcnt, ht, tsc, tscinvbit, bmi1, bmi2, adx, fma

Memory: 4k page, system-wide physical 12178M (2205M free)
TotalPageFile size 14226M (AvailPageFile size 38M)
current process WorkingSet (physical memory assigned to process): 551M, peak: 551M
current process commit charge ("private bytes"): 593M, peak: 754M

vm_info: OpenJDK 64-Bit Server VM (11.0.10+0-b96-7249189) for windows-amd64 JRE (11.0.10+0-b96-7249189), built on Mar 31 2021 21:44:00 by "builder" with MS VC++ 14.0 (VS2015)

END.
